Log file open, 10/29/15 15:08:51
LogInit:Display: Running engine for game: Minuit
LogInit: Version: 4.7.6-2513093+++depot+UE4-Releases+4.7
LogInit: API Version: 2455222
LogInit: Compiled (64-bit): Apr 15 2015 12:09:54
LogInit: Compiled with Visual C++: 18.00.21005.01
LogInit: Build Configuration: Development
LogInit: Branch Name: ++depot+UE4-Releases+4.7
LogInit: Command line:  
LogInit: Base directory: E:/Program Files/Unreal Engine/4.7/Engine/Binaries/Win64/
LogInit: Rocket: 1
[2015.10.29-19.08.51:729][  0]LogTaskGraph: Started task graph with 3 named threads and 6 total threads.
[2015.10.29-19.08.51:796][  0]LogOnline:Warning: No default platform service specified for OnlineSubsystem
[2015.10.29-19.08.51:903][  0]LogInit: Presizing for 0 objects not considered by GC, pre-allocating 0 bytes.
[2015.10.29-19.08.52:077][  0]LogInit: Object subsystem initialized
[2015.10.29-19.08.52:157][  0]LogConsoleResponse:Warning: Skipping Unknown console variable: 'TranslucentSortAxis = (X=0.000000,Y=-1.000000,Z=0.000000)'
[2015.10.29-19.08.52:157][  0]LogConsoleResponse:Warning:   Found in ini file 'E:/documents/3d/minuit/MinuitGame/Minuit/Saved/Config/Windows/Engine.ini', in section '[/Script/Engine.RendererSettings]'
[2015.10.29-19.08.52:157][  0]LogConsoleResponse:Warning: Skipping Unknown console variable: 'UIScaleRule = ShortestSide'
[2015.10.29-19.08.52:157][  0]LogConsoleResponse:Warning:   Found in ini file 'E:/documents/3d/minuit/MinuitGame/Minuit/Saved/Config/Windows/Engine.ini', in section '[/Script/Engine.RendererSettings]'
[2015.10.29-19.08.52:157][  0]LogConsoleResponse:Warning: Skipping Unknown console variable: 'UIScaleCurve = (EditorCurveData=(Keys=),ExternalCurve=None)'
[2015.10.29-19.08.52:157][  0]LogConsoleResponse:Warning:   Found in ini file 'E:/documents/3d/minuit/MinuitGame/Minuit/Saved/Config/Windows/Engine.ini', in section '[/Script/Engine.RendererSettings]'
[2015.10.29-19.08.52:199][  0]LogInit: Selected Device Profile: [Windows]
[2015.10.29-19.08.52:200][  0]LogInit: Applying CVar settings loaded from the selected device profile: [Windows]
[2015.10.29-19.08.52:311][  0]LogInit: Computer: ETT_
[2015.10.29-19.08.52:311][  0]LogInit: User: ETt
[2015.10.29-19.08.52:311][  0]LogInit: CPU Page size=4096, Cores=4
[2015.10.29-19.08.52:311][  0]LogInit: High frequency timer resolution =3.318417 MHz
[2015.10.29-19.08.52:311][  0]LogMemory: Memory total: Physical=7.9GB (8GB approx) Virtual=8192.0GB
[2015.10.29-19.08.52:311][  0]LogMemory: Platform Memory Stats for Windows
[2015.10.29-19.08.52:311][  0]LogMemory: Process Physical Memory: 47.86 MB used, 47.86 MB peak
[2015.10.29-19.08.52:311][  0]LogMemory: Process Virtual Memory: 26.00 MB used, 26.00 MB peak
[2015.10.29-19.08.52:311][  0]LogMemory: Physical Memory: 3819.59 MB used, 8130.77 MB total
[2015.10.29-19.08.52:311][  0]LogMemory: Virtual Memory: 279.06 MB used, 8388608.00 MB total
[2015.10.29-19.08.52:392][  0]LogD3D11RHI: Found D3D11 adapter 0: NVIDIA GeForce GTX 770 (Feature Level 11_0)
[2015.10.29-19.08.52:392][  0]LogD3D11RHI: Adapter has 1990MB of dedicated video memory, 0MB of dedicated system memory, and 2048MB of shared system memory, 2 output[s]
[2015.10.29-19.08.52:392][  0]LogD3D11RHI: Chosen D3D11 Adapter Id = 0
[2015.10.29-19.08.52:404][  0]LogRHI: Texture pool is 1361 MB (70% of 1945 MB)
[2015.10.29-19.08.52:414][  0]LogD3D11RHI: Async texture creation enabled
[2015.10.29-19.08.53:289][  0]LogTextLocalizationManager: The requested culture ('fr_FR') has no localization data; falling back to 'en' for localization and internationalization data.
[2015.10.29-19.08.53:440][  0]LogTextLocalizationManager:Warning: Loading localization resources contain conflicting entries for (Namespace:UICommands, Key:Save_ToolTip):
Resource: (E:/Program Files/Unreal Engine/4.7/Engine/Content/Localization/Editor/en/Editor.locres) Hash: (-29098895) String: (Saves the current level to disk)
Resource: (E:/Program Files/Unreal Engine/4.7/Engine/Content/Localization/Engine/en/Engine.locres) Hash: (-1280300587) String: (Save selected data to vlog file)
[2015.10.29-19.08.53:440][  0]LogTextLocalizationManager:Warning: Loading localization resources contain conflicting entries for (Namespace:ContentBrowser, Key:ImportAssetToolTip):
Resource: (E:/Program Files/Unreal Engine/4.7/Engine/Content/Localization/Editor/en/Editor.locres) Hash: (-630476809) String: (Import to {0}...)
Resource: (E:/Program Files/Unreal Engine/4.7/Engine/Content/Localization/Editor/en/Editor.locres) Hash: (1271782899) String: (Imports an asset from file to this folder.)
[2015.10.29-19.08.53:546][  0]LogContentStreaming: Texture pool size is 0.000000MB
[2015.10.29-19.08.57:624][  0]LogTargetPlatformManager:Display: Building Assets For Windows
[2015.10.29-19.08.58:502][  0]LogTargetPlatformManager:Display: Building Assets For Windows
[2015.10.29-19.08.58:612][  0]LogDerivedDataCache:Display: Max Cache Size: 512 MB
[2015.10.29-19.08.58:742][  0]LogDerivedDataCache: Loaded boot cache 0.13s 39MB C:/Users/ETt/AppData/Local/UnrealEngine/4.7/DerivedDataCache/Boot.ddc.
[2015.10.29-19.08.58:742][  0]LogDerivedDataCache:Display: Loaded Boot cache: C:/Users/ETt/AppData/Local/UnrealEngine/4.7/DerivedDataCache/Boot.ddc
[2015.10.29-19.08.58:742][  0]LogDerivedDataCache: FDerivedDataBackendGraph:  Pak pak cache file ../../../../../../documents/3d/minuit/MinuitGame/Minuit/DerivedDataCache/DDC.ddp not found, will not use a pak cache.
[2015.10.29-19.08.58:742][  0]LogDerivedDataCache: Unable to find inner node Pak for hierarchical cache Hierarchy.
[2015.10.29-19.08.58:911][  0]LogDerivedDataCache:Display: Pak cache opened for reading ../../../Engine/DerivedDataCache/Compressed.ddp.
[2015.10.29-19.08.58:922][  0]LogDerivedDataCache: Using Local data cache path C:/Users/ETt/AppData/Local/UnrealEngine/Common/DerivedDataCache: Writable
[2015.10.29-19.09.04:807][  0]LogMeshUtilities: No automatic mesh reduction module available
[2015.10.29-19.09.04:807][  0]LogMeshUtilities: No automatic mesh merging module available
[2015.10.29-19.09.07:540][  0]LogInit: WinSock: version 1.1 (2.2), MaxSocks=32767, MaxUdp=65467
[2015.10.29-19.09.07:868][  0]LogSlate:Warning: Failed to load font data from '../../../Engine/Content/Slate/Fonts/Roboto-Italic.ttf'
[2015.10.29-19.09.18:984][  0]UdpMessaging: Initializing bridge on interface 0.0.0.0:0 to multicast group 230.0.0.1:6666.
[2015.10.29-19.09.19:704][  0]SourceControl: Info Source control is disabled
[2015.10.29-19.09.19:711][  0]SourceControl: Info Source control is disabled
[2015.10.29-19.09.19:711][  0]SourceControl: Info Source control is disabled
[2015.10.29-19.09.19:711][  0]LogSourceControl: RunCommandInternalRaw: 'git version'
[2015.10.29-19.09.19:711][  0]LogSourceControl: RunCommandInternalRaw: ExecProcess ReturnCode=2 OutResults=''
[2015.10.29-19.09.19:721][  0]SourceControl: Info Source control is disabled
[2015.10.29-19.09.20:611][  0]LogObj: 24232 objects as part of root set at end of initial load.
[2015.10.29-19.09.20:611][  0]LogUObjectAllocator: 5137168 out of 0 bytes used by permanent object pool.
[2015.10.29-19.09.21:123][  0]LogEngine: Initializing Engine...
[2015.10.29-19.09.23:638][  0]LogInit: XAudio2 using 'Speakers (Realtek High Definition Audio)' : 2 channels at 48 kHz using 32 bits per sample (channel mask 0x3)
[2015.10.29-19.09.23:663][  0]LogInit: FAudioDevice initialized.
[2015.10.29-19.09.23:957][  0]LogAIModule: Creating AISystem for world NewWorld
[2015.10.29-19.09.24:028][  0]LogDerivedDataCache: Saved boot cache 0.02s 39MB C:/Users/ETt/AppData/Local/UnrealEngine/4.7/DerivedDataCache/Boot.ddc.
[2015.10.29-19.09.24:030][  0]LogInit: Texture streaming: Enabled
[2015.10.29-19.09.24:642][  0]LogAnalytics: Creating configured Analytics provider AnalyticsET
[2015.10.29-19.09.24:642][  0]LogAnalytics: ET APIKey = Rocket.Release. APIServer = http://et2.epicgames.com/ET2/. AppVersion = 4.7.6-2513093+++depot+UE4-Releases+4.7
[2015.10.29-19.09.24:642][  0]LogAnalytics: ET APIKey = Rocket.Release. DataRouterUploadURL = https://datarouter-public-service-gamedev.ol.epicgames.net/datarouter/api/v1/public/data. AppVersion = 4.7.6-2513093+++depot+UE4-Releases+4.7
[2015.10.29-19.09.24:642][  0]LogAnalytics: SetUserId 2d8f9b434cd97107b008209c3b4c51aa|e67cdf50177141fe8e020345bd104ee2|091128b7-7c0a-4bff-8890-6bc6add436c4
[2015.10.29-19.09.24:661][  0]LogAnalytics: AnalyticsET::StartSession [Rocket.Release]
[2015.10.29-19.09.24:848][  0]LogInit: Transaction tracking system initialized
[2015.10.29-19.09.28:096][  0]BlueprintLog: New page: Editor Load
[2015.10.29-19.09.28:351][  0]LogAssetRegistry: FAssetRegistry took 0.0748 seconds to start up
[2015.10.29-19.09.28:351][  0]LogDirectoryWatcher:Warning: Failed to begin reading directory changes for ../../../Engine/Plugins/Experimental/CharacterAI/Content/. Error: 0
[2015.10.29-19.09.32:582][  0]LogTargetPlatformManager:Display: Building Assets For Windows
[2015.10.29-19.09.33:238][  0]LogTargetPlatformManager:Display: Building Assets For Windows
[2015.10.29-19.09.36:037][  0]LogSlate:Warning: Failed to load font data from '../../../Engine/Content/Editor/Slate/Fonts/Roboto-Regular.ttf'
[2015.10.29-19.09.36:038][  0]LogSlate:Warning: Failed to load font data from '../../../Engine/Content/Editor/Slate/Fonts/Roboto-Bold.ttf'
[2015.10.29-19.09.36:191][  0]LogConsoleResponse:Display: 
[2015.10.29-19.09.39:076][  0]LogCook:Display: Done creating registry. It took  0.00s.
[2015.10.29-19.09.42:347][  0]SourceControl: Info Source control is disabled
[2015.10.29-19.09.42:471][  0]Cmd: MAP LOAD FILE="../../../../../../documents/3d/minuit/MinuitGame/Minuit/Content/StarterContent/Maps/M_Master.umap" TEMPLATE=0 SHOWPROGRESS=1 FEATURELEVEL=3
[2015.10.29-19.09.42:603][  0]LightingResults: New page: Lighting Build
[2015.10.29-19.09.43:004][  0]MapCheck: New page: Map Check
[2015.10.29-19.09.43:004][  0]LightingResults: New page: Lighting Build
[2015.10.29-19.09.43:404][  0]LogParticles: Destroying 0 GPU particle simulations for FXSystem 0x0000000011B4E980
[2015.10.29-19.09.47:875][  0]LogLinker:Warning: Asset '../../../Engine/Content/Functions/Engine_MaterialFunctions01/SpeedTree/SpeedTreeColorVariation.uasset' has been saved with empty engine version. The asset will be loaded but may be incompatible.
[2015.10.29-19.09.54:533][  0]LogMaterial:Warning: Material /Game/StarterContent/Materials/M_Grass.M_Grass needed to have new flag set bUsedWithInstancedStaticMeshes !
[2015.10.29-19.09.54:535][  0]LogMaterial: Missing cached shader map for material M_Grass, compiling. 
[2015.10.29-19.09.54:624][  0]LogMaterial: 0.000309 seconds spent updating 1 materials, 1 interfaces, 0 instances, 0 with static permutations.
[2015.10.29-19.09.54:628][  0]LogRenderer: Adding SpeedTree wind for static mesh Test
[2015.10.29-19.09.54:628][  0]LogRenderer: Adding SpeedTree wind for static mesh White_Birch2
[2015.10.29-19.09.54:628][  0]LogMaterial:Warning: Material /Game/StarterContent/Materials/M_Plante1.M_Plante1 needed to have new flag set bUsedWithInstancedStaticMeshes !
[2015.10.29-19.09.54:630][  0]LogMaterial: Missing cached shader map for material M_Plante1, compiling. 
[2015.10.29-19.09.54:645][  0]LogMaterial: 0.000249 seconds spent updating 1 materials, 1 interfaces, 0 instances, 0 with static permutations.
[2015.10.29-19.09.54:647][  0]LogRenderer: Adding SpeedTree wind for static mesh White_Birch
[2015.10.29-19.09.54:805][  0]LogEditorServer: Finished looking for orphan Actors (0.000 secs)
[2015.10.29-19.09.56:319][  0]LogAIModule: Creating AISystem for world M_Master
[2015.10.29-19.09.56:361][  0]Cmd: MAP CHECKDEP
[2015.10.29-19.09.56:379][  0]MapCheck: New page: M_Master - Oct 29, 2015, 11:09:56 AM
[2015.10.29-19.09.56:588][  0]MapCheck: Info Map check complete: 0 Error(s), 0 Warning(s), took 227.338ms to complete.
[2015.10.29-19.09.56:588][  0]LogFileHelpers: Loading map 'M_Master' took 14.185
[2015.10.29-19.10.02:603][  0]LogCollectionManager: Loaded 0 collections in 0.001927 seconds
[2015.10.29-19.10.02:709][  0]LogContentBrowser: Native class hierarchy populated in 0.0616 seconds. Added 1696 classes and 261 folders.
[2015.10.29-19.10.04:727][  0]LogContentBrowser: Native class hierarchy updated for 'SceneOutliner' in 0.0018 seconds. Added 1 classes and 2 folders.
[2015.10.29-19.10.07:356][  0]LogCrashTracker: Crashtracker disabled due to settings.
[2015.10.29-19.10.07:508][  0]LogSlate:Warning: Failed to load font data from 'Veranda'
[2015.10.29-19.10.07:669][  0]LogUObjectGlobals:Warning: Failed to find object 'Class None.'
[2015.10.29-19.10.07:740][  0]LogLoad: Full Startup: 84.09 seconds (BP compile: 0.40 seconds)
[2015.10.29-19.10.08:213][  0]LogContentBrowser:Verbose: The content browser source was changed by the sources view to '/Game/StarterContent/Materials'
[2015.10.29-19.10.08:940][  0]LogRenderer:Warning: Reallocating scene render targets to support 32x32 (Frame:2).
[2015.10.29-19.10.09:558][  0]LogRenderer:Warning: Reallocating scene render targets to support 1176x584 (Frame:3).
[2015.10.29-19.10.09:624][  1]Cmd: UpdateLandscapeEditorData -warnings
[2015.10.29-19.10.09:695][  1]Cmd: UpdateLandscapeEditorData
[2015.10.29-19.10.10:743][  4]LogAssetRegistry: Asset discovery search completed in 42.4667 seconds
[2015.10.29-19.10.49:899][366]LogContentBrowser:Verbose: The content browser source was changed by the sources view to '/Game/StarterContent/Maps'
[2015.10.29-19.10.51:330][478]LogContentBrowser:Verbose: The content browser source was changed by the sources view to '/Game/FirstPersonBP'
[2015.10.29-19.10.53:345][654]LogContentBrowser:Verbose: The content browser source was changed by the sources view to '/Game/FirstPersonBP/Meshes'
[2015.10.29-19.10.54:473][743]LogContentBrowser:Verbose: The content browser source was changed by the sources view to '/Game/FirstPersonBP/Meshes/Maison'
[2015.10.29-19.10.58:198][ 65]LogEditorFactories: Performing atomic reimport of [E:/documents/3d/2015/Minuit/3d/export/SM_Maison.FBX]
[2015.10.29-19.10.58:232][ 65]LogFbx: Loading FBX Scene from E:/documents/3d/2015/Minuit/3d/export/SM_Maison.FBX
[2015.10.29-19.10.58:258][ 65]LogFbx: FBX Scene Loaded Succesfully
[2015.10.29-19.10.58:329][ 65]LogFbx: == Initial material list:
[2015.10.29-19.10.58:329][ 65]LogFbx: 0: Material #28
[2015.10.29-19.10.58:329][ 65]LogFbx: 1: Material #145
[2015.10.29-19.10.58:329][ 65]LogFbx: 2: Material #157
[2015.10.29-19.10.58:329][ 65]LogFbx: == After sorting:
[2015.10.29-19.10.58:329][ 65]LogFbx: 0: Material #28
[2015.10.29-19.10.58:329][ 65]LogFbx: 1: Material #145
[2015.10.29-19.10.58:329][ 65]LogFbx: 2: Material #157
[2015.10.29-19.10.58:329][ 65]LogFbx: == Mapping table:
[2015.10.29-19.10.58:329][ 65]LogFbx:   sort 0 -> 0
[2015.10.29-19.10.58:329][ 65]LogFbx:   sort 1 -> 1
[2015.10.29-19.10.58:329][ 65]LogFbx:   sort 2 -> 2
[2015.10.29-19.10.58:393][ 65]LogStaticMesh: Building static mesh SM_Maison...
[2015.10.29-19.10.58:472][ 65]LogStaticMesh: Built static mesh [78.704094ms] /Game/FirstPersonBP/Meshes/Maison/SM_Maison.SM_Maison
[2015.10.29-19.10.58:499][ 65]LogStaticMesh:Warning: SM_Maison has degenerate tangent bases which will result in incorrect shading. 
[2015.10.29-19.10.59:613][ 65]LogEditorFactories: -- imported successfully
[2015.10.29-19.11.50:678][730]LogEditorViewport: Clicking on Actor (LMB): SpotLight (SpotLight)
[2015.10.29-19.11.56:313][242]LogEditorViewport: Clicking on Actor (LMB): SpotLight (SpotLight)
[2015.10.29-19.11.56:655][275]Cmd: DELETE
[2015.10.29-19.11.56:655][275]Cmd: ACTOR DELETE
[2015.10.29-19.11.56:676][275]LogEditorActor: Deleted Actor: SpotLight
[2015.10.29-19.11.56:719][275]LogEditorActor: Deleted 1 Actors (0.043 secs)
[2015.10.29-19.11.59:854][568]LogEditorViewport: Clicking on Actor (LMB): SpotLight (SpotLight3)
[2015.10.29-19.12.01:705][733]Cmd: DELETE
[2015.10.29-19.12.01:705][733]Cmd: ACTOR DELETE
[2015.10.29-19.12.01:706][733]LogEditorActor: Deleted Actor: SpotLight
[2015.10.29-19.12.01:728][733]LogEditorActor: Deleted 1 Actors (0.023 secs)
[2015.10.29-19.12.04:207][966]LogEditorViewport: Clicking on Actor (LMB): SpotLight (SpotLight2)
[2015.10.29-19.12.07:330][252]Cmd: DELETE
[2015.10.29-19.12.07:330][252]Cmd: ACTOR DELETE
[2015.10.29-19.12.07:330][252]LogEditorActor: Deleted Actor: SpotLight
[2015.10.29-19.12.07:343][252]LogEditorActor: Deleted 1 Actors (0.013 secs)
[2015.10.29-19.12.13:919][895]LogEditorViewport: Clicking on Actor (LMB): PointLight (PointLight4)
[2015.10.29-19.13.32:220][245]LogEditorViewport: Clicking on Actor (LMB): BP_Sky_Sphere_C (Sky Sphere)
[2015.10.29-19.13.35:445][603]LogEditorViewport: Clicking on Actor (LMB): BP_Sky_Sphere_C (Sky Sphere)
[2015.10.29-19.13.36:477][724]LogEditorViewport: Clicking on Actor (LMB): BP_Sky_Sphere_C (Sky Sphere)
[2015.10.29-19.14.54:063][534]LogContentBrowser:Verbose: The content browser source was changed by the sources view to '/Game/StarterContent/Blueprints'
[2015.10.29-19.15.03:192][609]LogContentBrowser:Verbose: The content browser source was changed by the sources view to '/Game/StarterContent/Blueprints/Assets'
[2015.10.29-19.15.10:817][474]LogRenderer:Warning: Reallocating scene render targets to support 1432x928 (Frame:21601).
[2015.10.29-19.15.23:973][ 13]LogEditorViewport: Clicking on Actor (LMB): BP_Sky_Sphere_C (Sky Sphere)
[2015.10.29-19.15.24:564][ 81]LogEditorViewport: Clicking on Actor (LMB): BP_Sky_Sphere_C (Sky Sphere)
[2015.10.29-19.18.06:360][522]LogMaterial: Missing cached shader map for material M_LightStage_Skybox_Master, compiling. 
[2015.10.29-19.18.06:362][522]LogMaterial: Missing cached shader map for material M_LightStage_Skybox_Master, compiling. 
[2015.10.29-19.18.06:523][522]LogActorComponent: UnregisterComponent: (/Engine/Transient.SkeletalMeshComponent_0) Not registered. Aborting.
[2015.10.29-19.18.06:575][522]LogActorComponent: UnregisterComponent: (/Engine/Transient.SkeletalMeshComponent_0) Not registered. Aborting.
[2015.10.29-19.18.06:575][522]LogActorComponent: RegisterComponentWithWorld: (/Engine/Transient.MaterialEditorMeshComponent_0) Already registered. Aborting.
[2015.10.29-19.18.06:627][522]LogRenderer:Warning: Reallocating scene render targets to support 1432x968 (Frame:28422).
[2015.10.29-19.18.15:017][197]LogActorComponent: UnregisterComponent: (/Engine/Transient.SkeletalMeshComponent_1) Not registered. Aborting.
[2015.10.29-19.18.15:052][197]LogActorComponent: UnregisterComponent: (/Engine/Transient.SkeletalMeshComponent_1) Not registered. Aborting.
[2015.10.29-19.18.15:052][197]LogActorComponent: RegisterComponentWithWorld: (/Engine/Transient.MaterialEditorMeshComponent_1) Already registered. Aborting.
[2015.10.29-19.18.25:049][809]LogActorComponent: UnregisterComponent: (/Engine/Transient.SkeletalMeshComponent_2) Not registered. Aborting.
[2015.10.29-19.18.25:076][809]LogActorComponent: UnregisterComponent: (/Engine/Transient.SkeletalMeshComponent_2) Not registered. Aborting.
[2015.10.29-19.18.25:076][809]LogActorComponent: RegisterComponentWithWorld: (/Engine/Transient.MaterialEditorMeshComponent_2) Already registered. Aborting.
[2015.10.29-19.19.10:672][416]LogEditorViewport: Clicking on Component (LMB): StaticMeshComponent (Sky Sphere mesh)
[2015.10.29-19.28.44:070][938]BlueprintLog: New page: Pre-PIE auto-recompile
[2015.10.29-19.28.44:076][938]LogPlayLevel: [PIE] Compiling BP_Sky_Sphere before PIE...
[2015.10.29-19.28.44:383][938]LogParticles: Destroying 0 GPU particle simulations for FXSystem 0x000000001B0B7100
[2015.10.29-19.28.44:384][938]LogParticles: Destroying 0 GPU particle simulations for FXSystem 0x00000000215F71A0
[2015.10.29-19.28.44:385][938]LogParticles: Destroying 0 GPU particle simulations for FXSystem 0x0000000022355C60
[2015.10.29-19.28.44:385][938]LogParticles: Destroying 0 GPU particle simulations for FXSystem 0x0000000029F81580
[2015.10.29-19.28.44:386][938]LogParticles: Destroying 0 GPU particle simulations for FXSystem 0x0000000029ECA980
[2015.10.29-19.28.44:450][938]LogPlayLevel: PIE:  Blueprint regeneration took 387 ms (1 blueprints)
[2015.10.29-19.28.44:461][938]PIE: New page: PIE session: M_Master (Oct 29, 2015, 11:28:44 AM)
[2015.10.29-19.28.44:548][938]LogPlayLevel: PIE: StaticDuplicateObject took: (0.087065s)
[2015.10.29-19.28.44:548][938]LogPlayLevel: PIE: World Init took: (0.000453s)
[2015.10.29-19.28.44:549][938]LogPlayLevel: PIE: Created PIE world by copying editor world from /Game/StarterContent/Maps/M_Master.M_Master to /Game/StarterContent/Maps/UEDPIE_0_M_Master.M_Master (0.087678s)
[2015.10.29-19.28.44:881][938]LogBlueprint:Warning: [compiler] Warning Input Axis Event references unknown Axis 'LookUpRate' for  InputAxis LookUpRate 
[2015.10.29-19.28.44:883][938]LogBlueprint:Warning: [compiler] Warning Input Axis Event references unknown Axis 'TurnRate' for  InputAxis TurnRate 
[2015.10.29-19.28.44:893][938]LogBlueprint:Warning: [compiler] Warning [1201.23] Compile of FirstPersonCharacter successful, but with 2 Warning(s) [in 52 ms]
[2015.10.29-19.28.44:893][938]LogBlueprint:Warning: [compiler] Warning [1201.23] Compile of FirstPersonCharacter successful, but with 3 Warning(s) [in 0 ms]
[2015.10.29-19.28.44:893][938]LogBlueprint:Warning: [compiler] Warning [1201.23] Compile of FirstPersonCharacter successful, but with 4 Warning(s) [in 0 ms]
[2015.10.29-19.28.44:893][938]LogBlueprint:Warning: [compiler] Warning [1201.23] Compile of FirstPersonCharacter successful, but with 5 Warning(s) [in 0 ms]
[2015.10.29-19.28.44:936][938]LogBlueprint:Warning: [compiler] Warning Input Axis Event references unknown Axis 'LookUpRate' for  InputAxis LookUpRate 
[2015.10.29-19.28.44:938][938]LogBlueprint:Warning: [compiler] Warning Input Axis Event references unknown Axis 'TurnRate' for  InputAxis TurnRate 
[2015.10.29-19.28.44:947][938]LogBlueprint:Warning: [compiler] Warning [1201.29] Compile of FirstPersonCharacter successful, but with 2 Warning(s) [in 37 ms]
[2015.10.29-19.28.44:947][938]LogBlueprint:Warning: [compiler] Warning [1201.29] Compile of FirstPersonCharacter successful, but with 3 Warning(s) [in 0 ms]
[2015.10.29-19.28.44:963][938]LogWorld: Game class is 'FirstPersonGameMode_C'
[2015.10.29-19.28.45:008][938]LogWorld: PIE: Copying PIE streaming level from /Game/StarterContent/Maps/M_Forest_Bas.M_Forest_Bas to /Game/StarterContent/Maps/UEDPIE_0_M_Forest_Bas.M_Forest_Bas. OwningWorld: /Game/StarterContent/Maps/UEDPIE_0_M_Master.M_Master
[2015.10.29-19.28.45:024][938]LogWorld: PIE: Copying PIE streaming level from /Game/StarterContent/Maps/M_Greybox.M_Greybox to /Game/StarterContent/Maps/UEDPIE_0_M_Greybox.M_Greybox. OwningWorld: /Game/StarterContent/Maps/UEDPIE_0_M_Master.M_Master
[2015.10.29-19.28.45:025][938]LogSelection:Warning: PIE object was selected: "BP_Sky_Sphere_C /Game/StarterContent/Maps/UEDPIE_0_M_Greybox.M_Greybox:PersistentLevel.SkySphere"
[2015.10.29-19.28.45:025][938]LogWorld: PIE: Copying PIE streaming level from /Game/StarterContent/Maps/M_Maison.M_Maison to /Game/StarterContent/Maps/UEDPIE_0_M_Maison.M_Maison. OwningWorld: /Game/StarterContent/Maps/UEDPIE_0_M_Master.M_Master
[2015.10.29-19.28.45:026][938]LogWorld: PIE: Copying PIE streaming level from /Game/StarterContent/Maps/M_Lighting.M_Lighting to /Game/StarterContent/Maps/UEDPIE_0_M_Lighting.M_Lighting. OwningWorld: /Game/StarterContent/Maps/UEDPIE_0_M_Master.M_Master
[2015.10.29-19.28.45:027][938]LogWorld: PIE: Copying PIE streaming level from /Game/StarterContent/Maps/M_Forest_Haut.M_Forest_Haut to /Game/StarterContent/Maps/UEDPIE_0_M_Forest_Haut.M_Forest_Haut. OwningWorld: /Game/StarterContent/Maps/UEDPIE_0_M_Master.M_Master
[2015.10.29-19.28.45:295][938]LogAIModule: Creating AISystem for world M_Master
[2015.10.29-19.28.45:495][938]LogRenderer: Adding SpeedTree wind for static mesh Test
[2015.10.29-19.28.45:495][938]LogRenderer: Adding SpeedTree wind for static mesh White_Birch
[2015.10.29-19.28.45:495][938]LogRenderer: Adding SpeedTree wind for static mesh White_Birch2
[2015.10.29-19.28.45:495][938]LogWorld: Bringing World /Game/StarterContent/Maps/UEDPIE_0_M_Master.M_Master up for play (max tick rate 0) at 2015.10.29-15.28.45
[2015.10.29-19.28.45:543][938]LogWorld: Bringing up level for play took: 0.247287
[2015.10.29-19.28.45:754][938]PIE: Info Play in editor start time for /Game/StarterContent/Maps/UEDPIE_0_M_Master 1.844
[2015.10.29-19.28.46:509][983]Cmd: LevelEditor.ToggleImmersive
[2015.10.29-19.28.46:663][984]LogRenderer:Warning: Reallocating scene render targets to support 1752x968 (Frame:43438).
[2015.10.29-19.28.46:729][985]LogRenderer:Warning: Reallocating scene render targets to support 1920x1040 (Frame:43440).
[2015.10.29-19.30.02:158][112]LogParticles: Destroying 0 GPU particle simulations for FXSystem 0x00000000373A0CC0
[2015.10.29-19.30.12:127][986]LogEditorViewport: Clicking on Actor (LMB): BP_Sky_Sphere_C (Sky Sphere)
[2015.10.29-19.30.44:895][804]Cmd: OBJ SAVEPACKAGE PACKAGE="/Engine/EngineSky/BP_Sky_Sphere" FILE="../../../Engine/Content/EngineSky/BP_Sky_Sphere.uasset" SILENT=true
[2015.10.29-19.30.45:402][804]LogSavePackage: Save=467.974335ms
[2015.10.29-19.30.45:402][804]LogSavePackage: Moving '../../../../../../documents/3d/minuit/MinuitGame/Minuit/Saved/BP_Sky_Sphere2FB5261641FD60EF022DEF8C4E6DBA5A.tmp' to '../../../Engine/Content/EngineSky/BP_Sky_Sphere.uasset'
[2015.10.29-19.31.09:180][570]LogEditorViewport: Clicking on Component (LMB): StaticMeshComponent (Sky Sphere mesh)
[2015.10.29-19.31.10:587][711]LogEditorViewport: Clicking on Component (LMB): StaticMeshComponent (Sky Sphere mesh)
[2015.10.29-19.31.11:085][767]LogEditorViewport: Clicking on Component (LMB): StaticMeshComponent (Sky Sphere mesh)
[2015.10.29-19.31.11:453][807]LogEditorViewport: Clicking on Actor (double click): BP_Sky_Sphere_C (Sky Sphere)
[2015.10.29-19.31.25:876][455]LogParticles: Destroying 0 GPU particle simulations for FXSystem 0x000000003ACABF60
[2015.10.29-19.31.35:022][456]Cmd: QUIT_EDITOR
[2015.10.29-19.31.35:530][456]LogExit: Preparing to exit.
[2015.10.29-19.31.36:515][456]LogExit: Editor shut down
[2015.10.29-19.31.36:516][456]LogExit: Transaction tracking system shut down
[2015.10.29-19.31.36:517][456]LogParticles: Destroying 0 GPU particle simulations for FXSystem 0x000000001A98DF80
[2015.10.29-19.31.36:522][456]LogParticles: Destroying 0 GPU particle simulations for FXSystem 0x0000000021BE28E0
[2015.10.29-19.31.36:522][456]LogParticles: Destroying 0 GPU particle simulations for FXSystem 0x00000000219A3240
[2015.10.29-19.31.36:522][456]LogParticles: Destroying 0 GPU particle simulations for FXSystem 0x00000000294C9260
[2015.10.29-19.31.36:524][456]LogParticles: Destroying 0 GPU particle simulations for FXSystem 0x0000000039F9D620
[2015.10.29-19.31.37:404][456]LogExit: Object subsystem successfully closed.
[2015.10.29-19.31.37:846][456]LogModuleManager: Shutting down and abandoning module MaterialEditor (179)
[2015.10.29-19.31.37:846][456]LogModuleManager: Shutting down and abandoning module StaticMeshEditor (178)
[2015.10.29-19.31.37:846][456]LogModuleManager: Shutting down and abandoning module CrashTracker (177)
[2015.10.29-19.31.37:846][456]LogModuleManager: Shutting down and abandoning module SuperSearch (176)
[2015.10.29-19.31.37:846][456]LogModuleManager: Shutting down and abandoning module SceneOutliner (175)
[2015.10.29-19.31.37:846][456]LogModuleManager: Shutting down and abandoning module EditorWidgets (174)
[2015.10.29-19.31.37:846][456]LogModuleManager: Shutting down and abandoning module CollectionManager (173)
[2015.10.29-19.31.37:859][456]LogModuleManager: Shutting down and abandoning module StatsViewer (172)
[2015.10.29-19.31.37:878][456]LogModuleManager: Shutting down and abandoning module FoliageEdit (171)
[2015.10.29-19.31.37:878][456]LogModuleManager: Shutting down and abandoning module LandscapeEditor (170)
[2015.10.29-19.31.37:879][456]LogModuleManager: Shutting down and abandoning module MeshPaint (169)
[2015.10.29-19.31.37:895][456]LogModuleManager: Shutting down and abandoning module ActorPickerMode (168)
[2015.10.29-19.31.37:895][456]LogModuleManager: Shutting down and abandoning module GeometryMode (167)
[2015.10.29-19.31.37:895][456]LogModuleManager: Shutting down and abandoning module TextureAlignMode (166)
[2015.10.29-19.31.37:895][456]LogModuleManager: Shutting down and abandoning module BspMode (165)
[2015.10.29-19.31.37:895][456]LogModuleManager: Shutting down and abandoning module PlacementMode (164)
[2015.10.29-19.31.37:895][456]LogModuleManager: Shutting down and abandoning module AutomationWorker (163)
[2015.10.29-19.31.37:895][456]LogModuleManager: Shutting down and abandoning module CharacterAI (162)
[2015.10.29-19.31.37:895][456]LogModuleManager: Shutting down and abandoning module SmartSnapping (161)
[2015.10.29-19.31.37:895][456]LogModuleManager: Shutting down and abandoning module ViewportSnapping (160)
[2015.10.29-19.31.37:895][456]LogModuleManager: Shutting down and abandoning module LogVisualizer (159)
[2015.10.29-19.31.37:936][456]LogModuleManager: Shutting down and abandoning module GameProjectGeneration (158)
[2015.10.29-19.31.37:950][456]LogModuleManager: Shutting down and abandoning module IntroTutorials (157)
[2015.10.29-19.31.38:002][456]LogModuleManager: Shutting down and abandoning module EditorLiveStreaming (156)
[2015.10.29-19.31.38:018][456]LogModuleManager: Shutting down and abandoning module HardwareTargeting (155)
[2015.10.29-19.31.38:018][456]LogModuleManager: Shutting down and abandoning module DeviceProfileEditor (154)
[2015.10.29-19.31.38:032][456]LogModuleManager: Shutting down and abandoning module UndoHistory (153)
[2015.10.29-19.31.38:043][456]LogModuleManager: Shutting down and abandoning module GameplayTagsEditor (152)
[2015.10.29-19.31.38:043][456]LogModuleManager: Shutting down and abandoning module UserFeedback (151)
[2015.10.29-19.31.38:043][456]LogModuleManager: Shutting down and abandoning module XmlParser (150)
[2015.10.29-19.31.38:059][456]LogModuleManager: Shutting down and abandoning module Blutility (149)
[2015.10.29-19.31.38:059][456]LogModuleManager: Shutting down and abandoning module IOSPlatformEditor (148)
[2015.10.29-19.31.38:059][456]LogModuleManager: Shutting down and abandoning module IOSRuntimeSettings (147)
[2015.10.29-19.31.38:059][456]LogModuleManager: Shutting down and abandoning module AndroidDeviceDetection (146)
[2015.10.29-19.31.38:290][456]LogModuleManager: Shutting down and abandoning module AndroidPlatformEditor (145)
[2015.10.29-19.31.38:290][456]LogModuleManager: Shutting down and abandoning module AndroidRuntimeSettings (144)
[2015.10.29-19.31.38:290][456]LogModuleManager: Shutting down and abandoning module ProjectTargetPlatformEditor (143)
[2015.10.29-19.31.38:307][456]LogModuleManager: Shutting down and abandoning module ProjectSettingsViewer (142)
[2015.10.29-19.31.38:307][456]LogModuleManager: Shutting down and abandoning module InputBindingEditor (141)
[2015.10.29-19.31.38:343][456]LogModuleManager: Shutting down and abandoning module EditorSettingsViewer (140)
[2015.10.29-19.31.38:343][456]LogModuleManager: Shutting down and abandoning module SettingsEditor (139)
[2015.10.29-19.31.38:350][456]LogModuleManager: Shutting down and abandoning module ProjectLauncher (138)
[2015.10.29-19.31.38:362][456]LogModuleManager: Shutting down and abandoning module SessionFrontend (137)
[2015.10.29-19.31.38:366][456]LogModuleManager: Shutting down and abandoning module ProfilerClient (136)
[2015.10.29-19.31.38:379][456]LogModuleManager: Shutting down and abandoning module TargetDeviceServices (135)
[2015.10.29-19.31.38:389][456]LogModuleManager: Shutting down and abandoning module DeviceManager (134)
[2015.10.29-19.31.38:399][456]LogModuleManager: Shutting down and abandoning module AutomationController (133)
[2015.10.29-19.31.38:411][456]LogModuleManager: Shutting down and abandoning module AutomationWindow (132)
[2015.10.29-19.31.38:424][456]LogModuleManager: Shutting down and abandoning module Layers (131)
[2015.10.29-19.31.38:454][456]LogModuleManager: Shutting down and abandoning module ComponentVisualizers (130)
[2015.10.29-19.31.38:454][456]LogModuleManager: Shutting down and abandoning module DetailCustomizations (129)
[2015.10.29-19.31.38:454][456]LogModuleManager: Shutting down and abandoning module PackagesDialog (128)
[2015.10.29-19.31.38:455][456]LogModuleManager: Shutting down and abandoning module AssetRegistry (127)
[2015.10.29-19.31.38:531][456]LogModuleManager: Shutting down and abandoning module Persona (126)
[2015.10.29-19.31.38:563][456]LogModuleManager: Shutting down and abandoning module SlateReflector (125)
[2015.10.29-19.31.38:585][456]LogModuleManager: Shutting down and abandoning module LevelEditor (124)
[2015.10.29-19.31.38:593][456]LogModuleManager: Shutting down and abandoning module Kismet (123)
[2015.10.29-19.31.38:593][456]LogModuleManager: Shutting down and abandoning module GraphEditor (122)
[2015.10.29-19.31.38:593][456]LogModuleManager: Shutting down and abandoning module ClassViewer (121)
[2015.10.29-19.31.38:593][456]LogModuleManager: Shutting down and abandoning module Toolbox (120)
[2015.10.29-19.31.38:593][456]LogModuleManager: Shutting down and abandoning module ModuleUI (119)
[2015.10.29-19.31.38:609][456]LogModuleManager: Shutting down and abandoning module MovieSceneTools (118)
[2015.10.29-19.31.38:650][456]LogModuleManager: Shutting down and abandoning module OutputLog (117)
[2015.10.29-19.31.38:650][456]LogModuleManager: Shutting down and abandoning module GammaUI (116)
[2015.10.29-19.31.38:670][456]LogModuleManager: Shutting down and abandoning module Documentation (115)
[2015.10.29-19.31.38:670][456]LogModuleManager: Shutting down and abandoning module GameLiveStreaming (114)
[2015.10.29-19.31.38:670][456]LogModuleManager: Shutting down and abandoning module StreamingPauseRendering (113)
[2015.10.29-19.31.38:681][456]LogModuleManager: Shutting down and abandoning module HTTP (112)
[2015.10.29-19.31.38:681][456]LogModuleManager: Shutting down and abandoning module AnalyticsET (111)
[2015.10.29-19.31.38:681][456]LogModuleManager: Shutting down and abandoning module Analytics (110)
[2015.10.29-19.31.38:681][456]LogModuleManager: Shutting down and abandoning module AITestSuite (109)
[2015.10.29-19.31.38:692][456]LogModuleManager: Shutting down and abandoning module GameplayDebugger (108)
[2015.10.29-19.31.38:692][456]LogModuleManager: Shutting down and abandoning module AIModule (107)
[2015.10.29-19.31.38:708][456]LogModuleManager: Shutting down and abandoning module ProfilerService (106)
[2015.10.29-19.31.38:833][456]LogModuleManager: Shutting down and abandoning module TaskGraph (105)
[2015.10.29-19.31.38:852][456]LogModuleManager: Shutting down and abandoning module SlateRemote (104)
[2015.10.29-19.31.38:852][456]LogModuleManager: Shutting down and abandoning module ScriptEditorPlugin (103)
[2015.10.29-19.31.38:852][456]LogModuleManager: Shutting down and abandoning module CustomMeshComponent (102)
[2015.10.29-19.31.38:852][456]LogModuleManager: Shutting down and abandoning module CableComponent (101)
[2015.10.29-19.31.38:863][456]LogModuleManager: Shutting down and abandoning module MessagingDebugger (100)
[2015.10.29-19.31.38:880][456]LogModuleManager: Shutting down and abandoning module MediaPlayerEditor (99)
[2015.10.29-19.31.38:891][456]LogModuleManager: Shutting down and abandoning module SpeedTreeImporter (98)
[2015.10.29-19.31.38:891][456]LogModuleManager: Shutting down and abandoning module PluginsEditor (97)
[2015.10.29-19.31.38:899][456]LogModuleManager: Shutting down and abandoning module MainFrame (96)
[2015.10.29-19.31.38:899][456]LogModuleManager: Shutting down and abandoning module EpicSurvey (95)
[2015.10.29-19.31.38:913][456]LogModuleManager: Shutting down and abandoning module DesktopPlatform (94)
[2015.10.29-19.31.38:937][456]LogModuleManager: Shutting down and abandoning module DirectoryWatcher (93)
[2015.10.29-19.31.38:937][456]LogModuleManager: Shutting down and abandoning module HotReload (92)
[2015.10.29-19.31.38:937][456]LogModuleManager: Shutting down and abandoning module VisualStudioSourceCodeAccess (91)
[2015.10.29-19.31.38:947][456]LogModuleManager: Shutting down and abandoning module UObjectPlugin (90)
[2015.10.29-19.31.38:947][456]LogModuleManager: Shutting down and abandoning module SubversionSourceControl (89)
[2015.10.29-19.31.38:958][456]LogModuleManager: Shutting down and abandoning module PerforceSourceControl (88)
[2015.10.29-19.31.38:977][456]LogModuleManager: Shutting down and abandoning module SourceControl (87)
[2015.10.29-19.31.38:986][456]LogModuleManager: Shutting down and abandoning module GitSourceControl (86)
[2015.10.29-19.31.38:995][456]LogModuleManager: Shutting down and abandoning module BlankPlugin (85)
[2015.10.29-19.31.38:995][456]LogModuleManager: Shutting down and abandoning module PaperTiledImporter (84)
[2015.10.29-19.31.38:995][456]LogModuleManager: Shutting down and abandoning module PaperJsonImporter (83)
[2015.10.29-19.31.39:000][456]LogModuleManager: Shutting down and abandoning module ContentBrowser (82)
[2015.10.29-19.31.39:001][456]LogModuleManager: Shutting down and abandoning module Paper2DEditor (81)
[2015.10.29-19.31.39:031][456]LogModuleManager: Shutting down and abandoning module ScriptPlugin (80)
[2015.10.29-19.31.39:040][456]LogModuleManager: Shutting down and abandoning module UdpMessaging (79)
[2015.10.29-19.31.39:140][456]LogModuleManager: Shutting down and abandoning module Paper2D (78)
[2015.10.29-19.31.39:160][456]LogModuleManager: Shutting down and abandoning module WindowsMoviePlayer (77)
[2015.10.29-19.31.39:174][456]LogModuleManager: Shutting down and abandoning module Media (76)
[2015.10.29-19.31.39:174][456]LogModuleManager: Shutting down and abandoning module WmfMedia (75)
[2015.10.29-19.31.39:175][456]LogModuleManager: Shutting down and abandoning module OnlineBlueprintSupport (74)
[2015.10.29-19.31.39:175][456]LogModuleManager: Shutting down and abandoning module PropertyEditor (73)
[2015.10.29-19.31.39:175][456]LogModuleManager: Shutting down and abandoning module BehaviorTreeEditor (72)
[2015.10.29-19.31.39:191][456]LogModuleManager: Shutting down and abandoning module FunctionalTesting (71)
[2015.10.29-19.31.39:202][456]LogModuleManager: Shutting down and abandoning module CollisionAnalyzer (70)
[2015.10.29-19.31.39:225][456]LogModuleManager: Shutting down and abandoning module WorkspaceMenuStructure (69)
[2015.10.29-19.31.39:225][456]LogModuleManager: Shutting down and abandoning module MessageLog (68)
[2015.10.29-19.31.39:225][456]LogModuleManager: Shutting down and abandoning module Sequencer (67)
[2015.10.29-19.31.39:238][456]LogModuleManager: Shutting down and abandoning module AssetTools (66)
[2015.10.29-19.31.39:268][456]LogModuleManager: Shutting down and abandoning module UMGEditor (65)
[2015.10.29-19.31.39:284][456]LogModuleManager: Shutting down and abandoning module UMG (64)
[2015.10.29-19.31.39:296][456]LogModuleManager: Shutting down and abandoning module Slate (63)
[2015.10.29-19.31.39:296][456]LogModuleManager: Shutting down and abandoning module EditorStyle (62)
[2015.10.29-19.31.39:299][456]LogModuleManager: Shutting down and abandoning module SessionServices (61)
[2015.10.29-19.31.39:300][456]LogModuleManager: Shutting down and abandoning module SourceCodeAccess (60)
[2015.10.29-19.31.39:300][456]LogModuleManager: Shutting down and abandoning module HeadMountedDisplay (59)
[2015.10.29-19.31.39:300][456]LogModuleManager: Shutting down and abandoning module XAudio2 (58)
[2015.10.29-19.31.39:300][456]LogModuleManager: Shutting down and abandoning module Networking (56)
[2015.10.29-19.31.39:300][456]LogModuleManager: Shutting down and abandoning module Core (55)
[2015.10.29-19.31.39:300][456]LogModuleManager: Shutting down and abandoning module KismetCompiler (54)
[2015.10.29-19.31.39:300][456]LogModuleManager: Shutting down and abandoning module PhysXFormats (53)
[2015.10.29-19.31.39:300][456]LogModuleManager: Shutting down and abandoning module MeshUtilities (52)
[2015.10.29-19.31.39:318][456]LogModuleManager: Shutting down and abandoning module DerivedDataCache (51)
[2015.10.29-19.31.39:406][456]LogDerivedDataCache: Shutdown
[2015.10.29-19.31.39:406][456]LogModuleManager: Shutting down and abandoning module ShaderFormatOpenGL (50)
[2015.10.29-19.31.39:418][456]LogModuleManager: Shutting down and abandoning module ShaderFormatD3D (49)
[2015.10.29-19.31.39:429][456]LogModuleManager: Shutting down and abandoning module MetalShaderFormat (48)
[2015.10.29-19.31.39:443][456]LogModuleManager: Shutting down and abandoning module TextureFormatUncompressed (47)
[2015.10.29-19.31.39:443][456]LogModuleManager: Shutting down and abandoning module TextureFormatPVR (46)
[2015.10.29-19.31.39:451][456]LogModuleManager: Shutting down and abandoning module TextureFormatIntelISPCTexComp (45)
[2015.10.29-19.31.39:464][456]LogModuleManager: Shutting down and abandoning module TextureFormatDXT (44)
[2015.10.29-19.31.39:473][456]LogModuleManager: Shutting down and abandoning module ImageWrapper (43)
[2015.10.29-19.31.39:473][456]LogModuleManager: Shutting down and abandoning module TextureFormatASTC (42)
[2015.10.29-19.31.39:486][456]LogModuleManager: Shutting down and abandoning module TextureFormatAndroid (41)
[2015.10.29-19.31.39:486][456]LogModuleManager: Shutting down and abandoning module AudioFormatOpus (40)
[2015.10.29-19.31.39:499][456]LogModuleManager: Shutting down and abandoning module AudioFormatOgg (39)
[2015.10.29-19.31.39:499][456]LogModuleManager: Shutting down and abandoning module AudioFormatADPCM (38)
[2015.10.29-19.31.39:499][456]LogModuleManager: Shutting down and abandoning module LinuxTargetPlatform (37)
[2015.10.29-19.31.39:499][456]LogModuleManager: Shutting down and abandoning module LinuxServerTargetPlatform (36)
[2015.10.29-19.31.39:510][456]LogModuleManager: Shutting down and abandoning module LinuxNoEditorTargetPlatform (35)
[2015.10.29-19.31.39:520][456]LogModuleManager: Shutting down and abandoning module Messaging (34)
[2015.10.29-19.31.39:520][456]LogModuleManager: Shutting down and abandoning module IOSTargetPlatform (33)
[2015.10.29-19.31.39:520][456]LogModuleManager: Shutting down and abandoning module HTML5TargetPlatform (32)
[2015.10.29-19.31.39:520][456]LogModuleManager: Shutting down and abandoning module Android_PVRTCTargetPlatform (31)
[2015.10.29-19.31.39:520][456]LogModuleManager: Shutting down and abandoning module Android_ETC2TargetPlatform (30)
[2015.10.29-19.31.39:520][456]LogModuleManager: Shutting down and abandoning module Android_ETC1TargetPlatform (29)
[2015.10.29-19.31.39:520][456]LogModuleManager: Shutting down and abandoning module Android_ES31TargetPlatform (28)
[2015.10.29-19.31.39:520][456]LogModuleManager: Shutting down and abandoning module Android_DXTTargetPlatform (27)
[2015.10.29-19.31.39:520][456]LogModuleManager: Shutting down and abandoning module Android_ATCTargetPlatform (26)
[2015.10.29-19.31.39:520][456]LogModuleManager: Shutting down and abandoning module AndroidTargetPlatform (25)
[2015.10.29-19.31.39:520][456]LogModuleManager: Shutting down and abandoning module WindowsTargetPlatform (24)
[2015.10.29-19.31.39:520][456]LogModuleManager: Shutting down and abandoning module WindowsServerTargetPlatform (23)
[2015.10.29-19.31.39:520][456]LogModuleManager: Shutting down and abandoning module WindowsNoEditorTargetPlatform (22)
[2015.10.29-19.31.39:520][456]LogModuleManager: Shutting down and abandoning module WindowsClientTargetPlatform (21)
[2015.10.29-19.31.39:520][456]LogModuleManager: Shutting down and abandoning module TargetPlatform (20)
[2015.10.29-19.31.39:520][456]LogModuleManager: Shutting down and abandoning module InputCore (19)
[2015.10.29-19.31.39:520][456]LogModuleManager: Shutting down and abandoning module Settings (18)
[2015.10.29-19.31.39:520][456]LogModuleManager: Shutting down and abandoning module OnlineSubsystem (16)
[2015.10.29-19.31.39:520][456]LogModuleManager: Shutting down and abandoning module OculusRift (15)
[2015.10.29-19.31.39:520][456]LogModuleManager: Shutting down and abandoning module ExampleDeviceProfileSelector (14)
[2015.10.29-19.31.39:520][456]LogModuleManager: Shutting down and abandoning module TextureCompressor (13)
[2015.10.29-19.31.39:532][456]LogModuleManager: Shutting down and abandoning module ShaderCore (12)
[2015.10.29-19.31.39:532][456]LogModuleManager: Shutting down and abandoning module Landscape (11)
[2015.10.29-19.31.39:532][456]LogModuleManager: Shutting down and abandoning module SlateRHIRenderer (10)
[2015.10.29-19.31.39:566][456]LogModuleManager: Shutting down and abandoning module OpenGLDrv (9)
[2015.10.29-19.31.39:566][456]LogModuleManager: Shutting down and abandoning module D3D11RHI (8)
[2015.10.29-19.31.39:566][456]LogModuleManager: Shutting down and abandoning module Renderer (7)
[2015.10.29-19.31.39:566][456]LogModuleManager: Shutting down and abandoning module Engine (6)
[2015.10.29-19.31.39:566][456]LogModuleManager: Shutting down and abandoning module CoreUObject (5)
[2015.10.29-19.31.39:566][456]LogModuleManager: Shutting down and abandoning module NetworkFile (4)
[2015.10.29-19.31.39:571][456]LogModuleManager: Shutting down and abandoning module StreamingFile (3)
[2015.10.29-19.31.39:576][456]LogModuleManager: Shutting down and abandoning module SandboxFile (2)
[2015.10.29-19.31.39:580][456]LogModuleManager: Shutting down and abandoning module PakFile (1)
[2015.10.29-19.31.39:588][456]LogExit: Exiting.
[2015.10.29-19.31.39:592][456]Log file closed, 10/29/15 15:31:39
