Log file open, 09/01/15 15:14:49
LogInit:Display: Running engine for game: Minuit
LogInit: Version: 4.7.6-2513093+++depot+UE4-Releases+4.7
LogInit: API Version: 2455222
LogInit: Compiled (64-bit): Apr 15 2015 12:09:54
LogInit: Compiled with Visual C++: 18.00.21005.01
LogInit: Build Configuration: Development
LogInit: Branch Name: ++depot+UE4-Releases+4.7
LogInit: Command line:  
LogInit: Base directory: E:/Program Files/Unreal Engine/4.7/Engine/Binaries/Win64/
LogInit: Rocket: 1
[2015.09.01-19.14.49:327][  0]LogTaskGraph: Started task graph with 3 named threads and 6 total threads.
[2015.09.01-19.14.49:391][  0]LogOnline:Warning: No default platform service specified for OnlineSubsystem
[2015.09.01-19.14.49:498][  0]LogInit: Presizing for 0 objects not considered by GC, pre-allocating 0 bytes.
[2015.09.01-19.14.49:662][  0]LogInit: Object subsystem initialized
[2015.09.01-19.14.49:736][  0]LogConsoleResponse:Warning: Skipping Unknown console variable: 'TranslucentSortAxis = (X=0.000000,Y=-1.000000,Z=0.000000)'
[2015.09.01-19.14.49:736][  0]LogConsoleResponse:Warning:   Found in ini file 'E:/documents/3d/minuit/MinuitGame/Minuit/Saved/Config/Windows/Engine.ini', in section '[/Script/Engine.RendererSettings]'
[2015.09.01-19.14.49:736][  0]LogConsoleResponse:Warning: Skipping Unknown console variable: 'UIScaleRule = ShortestSide'
[2015.09.01-19.14.49:736][  0]LogConsoleResponse:Warning:   Found in ini file 'E:/documents/3d/minuit/MinuitGame/Minuit/Saved/Config/Windows/Engine.ini', in section '[/Script/Engine.RendererSettings]'
[2015.09.01-19.14.49:736][  0]LogConsoleResponse:Warning: Skipping Unknown console variable: 'UIScaleCurve = (EditorCurveData=(Keys=),ExternalCurve=None)'
[2015.09.01-19.14.49:736][  0]LogConsoleResponse:Warning:   Found in ini file 'E:/documents/3d/minuit/MinuitGame/Minuit/Saved/Config/Windows/Engine.ini', in section '[/Script/Engine.RendererSettings]'
[2015.09.01-19.14.49:777][  0]LogInit: Selected Device Profile: [Windows]
[2015.09.01-19.14.49:778][  0]LogInit: Applying CVar settings loaded from the selected device profile: [Windows]
[2015.09.01-19.14.49:839][  0]LogInit: Computer: ETT_
[2015.09.01-19.14.49:839][  0]LogInit: User: ETt
[2015.09.01-19.14.49:839][  0]LogInit: CPU Page size=4096, Cores=4
[2015.09.01-19.14.49:839][  0]LogInit: High frequency timer resolution =3.318398 MHz
[2015.09.01-19.14.49:839][  0]LogMemory: Memory total: Physical=7.9GB (8GB approx) Virtual=8192.0GB
[2015.09.01-19.14.49:839][  0]LogMemory: Platform Memory Stats for Windows
[2015.09.01-19.14.49:839][  0]LogMemory: Process Physical Memory: 47.86 MB used, 47.86 MB peak
[2015.09.01-19.14.49:839][  0]LogMemory: Process Virtual Memory: 23.77 MB used, 23.77 MB peak
[2015.09.01-19.14.49:839][  0]LogMemory: Physical Memory: 2646.52 MB used, 8130.77 MB total
[2015.09.01-19.14.49:839][  0]LogMemory: Virtual Memory: 277.04 MB used, 8388608.00 MB total
[2015.09.01-19.14.49:917][  0]LogD3D11RHI: Found D3D11 adapter 0: NVIDIA GeForce GTX 770 (Feature Level 11_0)
[2015.09.01-19.14.49:917][  0]LogD3D11RHI: Adapter has 1990MB of dedicated video memory, 0MB of dedicated system memory, and 2048MB of shared system memory, 2 output[s]
[2015.09.01-19.14.49:917][  0]LogD3D11RHI: Chosen D3D11 Adapter Id = 0
[2015.09.01-19.14.49:922][  0]LogRHI: Texture pool is 1361 MB (70% of 1945 MB)
[2015.09.01-19.14.49:930][  0]LogD3D11RHI: Async texture creation enabled
[2015.09.01-19.14.51:076][  0]LogTextLocalizationManager: The requested culture ('fr_FR') has no localization data; falling back to 'en' for localization and internationalization data.
[2015.09.01-19.14.51:218][  0]LogTextLocalizationManager:Warning: Loading localization resources contain conflicting entries for (Namespace:UICommands, Key:Save_ToolTip):
Resource: (E:/Program Files/Unreal Engine/4.7/Engine/Content/Localization/Editor/en/Editor.locres) Hash: (-29098895) String: (Saves the current level to disk)
Resource: (E:/Program Files/Unreal Engine/4.7/Engine/Content/Localization/Engine/en/Engine.locres) Hash: (-1280300587) String: (Save selected data to vlog file)
[2015.09.01-19.14.51:218][  0]LogTextLocalizationManager:Warning: Loading localization resources contain conflicting entries for (Namespace:ContentBrowser, Key:ImportAssetToolTip):
Resource: (E:/Program Files/Unreal Engine/4.7/Engine/Content/Localization/Editor/en/Editor.locres) Hash: (-630476809) String: (Import to {0}...)
Resource: (E:/Program Files/Unreal Engine/4.7/Engine/Content/Localization/Editor/en/Editor.locres) Hash: (1271782899) String: (Imports an asset from file to this folder.)
[2015.09.01-19.14.51:357][  0]LogContentStreaming: Texture pool size is 0.000000MB
[2015.09.01-19.14.55:919][  0]LogTargetPlatformManager:Display: Building Assets For Windows
[2015.09.01-19.14.56:679][  0]LogTargetPlatformManager:Display: Building Assets For Windows
[2015.09.01-19.14.56:798][  0]LogDerivedDataCache:Display: Max Cache Size: 512 MB
[2015.09.01-19.14.56:930][  0]LogDerivedDataCache: Loaded boot cache 0.13s 39MB C:/Users/ETt/AppData/Local/UnrealEngine/4.7/DerivedDataCache/Boot.ddc.
[2015.09.01-19.14.56:930][  0]LogDerivedDataCache:Display: Loaded Boot cache: C:/Users/ETt/AppData/Local/UnrealEngine/4.7/DerivedDataCache/Boot.ddc
[2015.09.01-19.14.56:931][  0]LogDerivedDataCache: FDerivedDataBackendGraph:  Pak pak cache file ../../../../../../documents/3d/minuit/MinuitGame/Minuit/DerivedDataCache/DDC.ddp not found, will not use a pak cache.
[2015.09.01-19.14.56:931][  0]LogDerivedDataCache: Unable to find inner node Pak for hierarchical cache Hierarchy.
[2015.09.01-19.14.57:080][  0]LogDerivedDataCache:Display: Pak cache opened for reading ../../../Engine/DerivedDataCache/Compressed.ddp.
[2015.09.01-19.14.57:092][  0]LogDerivedDataCache: Using Local data cache path C:/Users/ETt/AppData/Local/UnrealEngine/Common/DerivedDataCache: Writable
[2015.09.01-19.15.01:485][  0]LogMeshUtilities: No automatic mesh reduction module available
[2015.09.01-19.15.01:485][  0]LogMeshUtilities: No automatic mesh merging module available
[2015.09.01-19.15.04:051][  0]LogInit: WinSock: version 1.1 (2.2), MaxSocks=32767, MaxUdp=65467
[2015.09.01-19.15.04:354][  0]LogSlate:Warning: Failed to load font data from '../../../Engine/Content/Slate/Fonts/Roboto-Italic.ttf'
[2015.09.01-19.15.15:129][  0]UdpMessaging: Initializing bridge on interface 0.0.0.0:0 to multicast group 230.0.0.1:6666.
[2015.09.01-19.15.15:795][  0]SourceControl: Info Source control is disabled
[2015.09.01-19.15.15:807][  0]SourceControl: Info Source control is disabled
[2015.09.01-19.15.15:807][  0]SourceControl: Info Source control is disabled
[2015.09.01-19.15.15:807][  0]LogSourceControl: RunCommandInternalRaw: 'git version'
[2015.09.01-19.15.15:807][  0]LogSourceControl: RunCommandInternalRaw: ExecProcess ReturnCode=2 OutResults=''
[2015.09.01-19.15.15:817][  0]SourceControl: Info Source control is disabled
[2015.09.01-19.15.16:698][  0]LogObj: 24232 objects as part of root set at end of initial load.
[2015.09.01-19.15.16:698][  0]LogUObjectAllocator: 5137168 out of 0 bytes used by permanent object pool.
[2015.09.01-19.15.17:177][  0]LogEngine: Initializing Engine...
[2015.09.01-19.15.19:676][  0]LogInit: XAudio2 using 'Speakers (Realtek High Definition Audio)' : 2 channels at 48 kHz using 32 bits per sample (channel mask 0x3)
[2015.09.01-19.15.19:708][  0]LogInit: FAudioDevice initialized.
[2015.09.01-19.15.20:076][  0]LogAIModule: Creating AISystem for world NewWorld
[2015.09.01-19.15.20:131][  0]LogDerivedDataCache: Saved boot cache 0.02s 39MB C:/Users/ETt/AppData/Local/UnrealEngine/4.7/DerivedDataCache/Boot.ddc.
[2015.09.01-19.15.20:133][  0]LogInit: Texture streaming: Enabled
[2015.09.01-19.15.20:720][  0]LogAnalytics: Creating configured Analytics provider AnalyticsET
[2015.09.01-19.15.20:721][  0]LogAnalytics: ET APIKey = Rocket.Release. APIServer = http://et2.epicgames.com/ET2/. AppVersion = 4.7.6-2513093+++depot+UE4-Releases+4.7
[2015.09.01-19.15.20:721][  0]LogAnalytics: ET APIKey = Rocket.Release. DataRouterUploadURL = https://datarouter-public-service-gamedev.ol.epicgames.net/datarouter/api/v1/public/data. AppVersion = 4.7.6-2513093+++depot+UE4-Releases+4.7
[2015.09.01-19.15.20:721][  0]LogAnalytics: SetUserId 2d8f9b434cd97107b008209c3b4c51aa|e67cdf50177141fe8e020345bd104ee2|091128b7-7c0a-4bff-8890-6bc6add436c4
[2015.09.01-19.15.20:739][  0]LogAnalytics: AnalyticsET::StartSession [Rocket.Release]
[2015.09.01-19.15.20:884][  0]LogInit: Transaction tracking system initialized
[2015.09.01-19.15.22:718][  0]BlueprintLog: New page: Editor Load
[2015.09.01-19.15.22:879][  0]LogAssetRegistry: FAssetRegistry took 0.0430 seconds to start up
[2015.09.01-19.15.22:880][  0]LogDirectoryWatcher:Warning: Failed to begin reading directory changes for ../../../Engine/Plugins/Experimental/CharacterAI/Content/. Error: 0
[2015.09.01-19.15.26:706][  0]LogTargetPlatformManager:Display: Building Assets For Windows
[2015.09.01-19.15.27:077][  0]LogTargetPlatformManager:Display: Building Assets For Windows
[2015.09.01-19.15.30:118][  0]LogSlate:Warning: Failed to load font data from '../../../Engine/Content/Editor/Slate/Fonts/Roboto-Regular.ttf'
[2015.09.01-19.15.30:118][  0]LogSlate:Warning: Failed to load font data from '../../../Engine/Content/Editor/Slate/Fonts/Roboto-Bold.ttf'
[2015.09.01-19.15.30:353][  0]LogConsoleResponse:Display: 
[2015.09.01-19.15.33:081][  0]LogCook:Display: Done creating registry. It took  0.00s.
[2015.09.01-19.15.35:242][  0]SourceControl: Info Source control is disabled
[2015.09.01-19.15.35:349][  0]Cmd: MAP LOAD FILE="../../../../../../documents/3d/minuit/MinuitGame/Minuit/Content/StarterContent/Maps/M_Master.umap" TEMPLATE=0 SHOWPROGRESS=1 FEATURELEVEL=3
[2015.09.01-19.15.35:555][  0]LightingResults: New page: Lighting Build
[2015.09.01-19.15.35:882][  0]MapCheck: New page: Map Check
[2015.09.01-19.15.35:882][  0]LightingResults: New page: Lighting Build
[2015.09.01-19.15.36:155][  0]LogParticles: Destroying 0 GPU particle simulations for FXSystem 0x0000000014106980
[2015.09.01-19.15.40:158][  0]LogEditorServer: Finished looking for orphan Actors (0.000 secs)
[2015.09.01-19.15.40:171][  0]LogAIModule: Creating AISystem for world M_Master
[2015.09.01-19.15.40:180][  0]Cmd: MAP CHECKDEP
[2015.09.01-19.15.40:197][  0]MapCheck: New page: M_Master - Sep 1, 2015, 11:15:40 AM
[2015.09.01-19.15.40:294][  0]MapCheck: Info Map check complete: 0 Error(s), 0 Warning(s), took 114.192ms to complete.
[2015.09.01-19.15.40:294][  0]LogFileHelpers: Loading map 'M_Master' took 5.004
[2015.09.01-19.15.41:619][  0]LogCollectionManager: Loaded 0 collections in 0.001634 seconds
[2015.09.01-19.15.41:645][  0]LogContentBrowser: Native class hierarchy populated in 0.0251 seconds. Added 1696 classes and 261 folders.
[2015.09.01-19.15.41:854][  0]LogContentBrowser: Native class hierarchy updated for 'SceneOutliner' in 0.0013 seconds. Added 1 classes and 2 folders.
[2015.09.01-19.15.42:374][  0]LogCrashTracker: Crashtracker disabled due to settings.
[2015.09.01-19.15.42:412][  0]LogSlate:Warning: Failed to load font data from 'Veranda'
[2015.09.01-19.15.42:462][  0]LogUObjectGlobals:Warning: Failed to find object 'Class None.'
[2015.09.01-19.15.42:524][  0]LogLoad: Full Startup: 60.08 seconds (BP compile: 0.41 seconds)
[2015.09.01-19.15.42:622][  0]LogContentBrowser:Verbose: The content browser source was changed by the sources view to '/Game/StarterContent/Materials'
[2015.09.01-19.15.43:284][  0]LogRenderer:Warning: Reallocating scene render targets to support 32x32 (Frame:2).
[2015.09.01-19.15.43:602][  0]LogRenderer:Warning: Reallocating scene render targets to support 1248x656 (Frame:3).
[2015.09.01-19.15.43:683][  1]Cmd: UpdateLandscapeEditorData -warnings
[2015.09.01-19.15.43:825][  1]Cmd: UpdateLandscapeEditorData
[2015.09.01-19.15.43:827][  1]Cmd: ACTOR HIDE SELECTED
[2015.09.01-19.15.44:142][  4]LogAssetRegistry: Asset discovery search completed in 21.3048 seconds
[2015.09.01-19.38.00:483][473]LogEditorViewport: Clicking on Actor (LMB): Landscape (Landscape1)
[2015.09.01-19.38.03:802][754]LogMaterial: Missing cached shader map for material M_Terrain, compiling. 
[2015.09.01-19.38.03:908][754]LogActorComponent: UnregisterComponent: (/Engine/Transient.SkeletalMeshComponent_0) Not registered. Aborting.
[2015.09.01-19.38.04:105][754]LogActorComponent: UnregisterComponent: (/Engine/Transient.SkeletalMeshComponent_0) Not registered. Aborting.
[2015.09.01-19.38.04:105][754]LogActorComponent: RegisterComponentWithWorld: (/Engine/Transient.MaterialEditorMeshComponent_0) Already registered. Aborting.
[2015.09.01-19.38.04:105][754]LogActorComponent: UnregisterComponent: (/Engine/Transient.SkeletalMeshComponent_0) Not registered. Aborting.
[2015.09.01-19.38.04:105][754]LogActorComponent: RegisterComponentWithWorld: (/Engine/Transient.MaterialEditorMeshComponent_0) Already registered. Aborting.
[2015.09.01-19.38.04:113][754]LogMaterial: Missing cached shader map for material M_Terrain, compiling. 
[2015.09.01-19.38.04:118][754]LogMaterial: 0.000138 seconds spent updating 1 materials, 1 interfaces, 0 instances, 0 with static permutations.
[2015.09.01-19.38.04:139][754]LogMaterial: Missing cached shader map for material FMatExpressionPreview MaterialExpressionTextureSample_0, compiling. 
[2015.09.01-19.38.04:141][754]LogMaterial: Missing cached shader map for material FMatExpressionPreview MaterialExpressionTextureSample_3, compiling. 
[2015.09.01-19.38.04:143][754]LogMaterial: Missing cached shader map for material FMatExpressionPreview MaterialExpressionTextureSample_5, compiling. 
[2015.09.01-19.38.04:144][754]LogMaterial: Missing cached shader map for material FMatExpressionPreview MaterialExpressionTextureSample_6, compiling. 
[2015.09.01-19.38.04:146][754]LogMaterial: Missing cached shader map for material FMatExpressionPreview MaterialExpressionTextureSample_7, compiling. 
[2015.09.01-19.38.04:149][754]LogMaterial: Missing cached shader map for material FMatExpressionPreview MaterialExpressionTextureSample_8, compiling. 
[2015.09.01-19.38.04:151][754]LogMaterial: Missing cached shader map for material FMatExpressionPreview MaterialExpressionTextureSample_22, compiling. 
[2015.09.01-19.38.04:153][754]LogMaterial: Missing cached shader map for material FMatExpressionPreview MaterialExpressionTextureSample_26, compiling. 
[2015.09.01-19.38.04:154][754]LogMaterial: Missing cached shader map for material FMatExpressionPreview MaterialExpressionTextureSample_1, compiling. 
[2015.09.01-19.38.04:156][754]LogMaterial: Missing cached shader map for material FMatExpressionPreview MaterialExpressionTextureSample_2, compiling. 
[2015.09.01-19.38.04:158][754]LogMaterial: Missing cached shader map for material FMatExpressionPreview MaterialExpressionTextureSample_14, compiling. 
[2015.09.01-19.38.06:621][863]MaterialEditorStats: Info Base pass shader with static lighting: 50 instructions
[2015.09.01-19.38.06:621][863]MaterialEditorStats: Info Base pass shader with only dynamic lighting: 24 instructions
[2015.09.01-19.38.06:621][863]MaterialEditorStats: Info Vertex shader: 33 instructions
[2015.09.01-19.38.06:621][863]MaterialEditorStats: Info Texture samplers: 2/16
[2015.09.01-19.38.16:403][674]LogMaterial: Missing cached shader map for material M_Terrain, compiling. 
[2015.09.01-19.38.16:407][674]LogMaterial:Warning: FMaterialUniformExpressionTexture had invalid TextureIndex! (11 / 11)
[2015.09.01-19.38.16:407][674]LogMaterial: 0.000047 seconds spent updating 1 materials, 1 interfaces, 0 instances, 0 with static permutations.
[2015.09.01-19.38.17:220][719]MaterialEditorStats: Info Base pass shader with static lighting: 50 instructions
[2015.09.01-19.38.17:220][719]MaterialEditorStats: Info Base pass shader with only dynamic lighting: 24 instructions
[2015.09.01-19.38.17:220][719]MaterialEditorStats: Info Vertex shader: 33 instructions
[2015.09.01-19.38.17:220][719]MaterialEditorStats: Info Texture samplers: 2/16
[2015.09.01-19.38.23:963][276]LogMaterial: Missing cached shader map for material M_Terrain, compiling. 
[2015.09.01-19.38.23:967][276]LogMaterial: 0.000061 seconds spent updating 1 materials, 1 interfaces, 0 instances, 0 with static permutations.
[2015.09.01-19.38.24:826][331]MaterialEditorStats: Info Base pass shader with static lighting: 50 instructions
[2015.09.01-19.38.24:826][331]MaterialEditorStats: Info Base pass shader with only dynamic lighting: 24 instructions
[2015.09.01-19.38.24:826][331]MaterialEditorStats: Info Vertex shader: 33 instructions
[2015.09.01-19.38.24:826][331]MaterialEditorStats: Info Texture samplers: 2/16
[2015.09.01-19.38.29:526][714]LogMaterialEditor: Applying material M_Terrain
[2015.09.01-19.38.30:706][714]LogMaterial: Missing cached shader map for material M_Terrain, compiling. 
[2015.09.01-19.38.30:723][714]LogMaterial: 0.000093 seconds spent updating 1 materials, 1 interfaces, 0 instances, 0 with static permutations.
[2015.09.01-19.38.30:795][714]LogMaterial: Missing cached shader map for material M_Terrain, compiling. 
[2015.09.01-19.38.30:847][714]LogMaterial: Missing cached shader map for material M_Terrain, compiling. 
[2015.09.01-19.38.30:870][714]LogMaterial: Missing cached shader map for material M_Terrain, compiling. 
[2015.09.01-19.38.30:891][714]LogMaterial: Missing cached shader map for material M_Terrain, compiling. 
[2015.09.01-19.38.30:911][714]LogMaterial: Missing cached shader map for material M_Terrain, compiling. 
[2015.09.01-19.38.30:934][714]LogMaterial: Missing cached shader map for material M_Terrain, compiling. 
[2015.09.01-19.38.30:954][714]LogMaterial: 0.085444 seconds spent updating 1 materials, 1 interfaces, 69 instances, 4 with static permutations.
[2015.09.01-19.38.37:600][957]MaterialEditorStats: Info Base pass shader with static lighting: 86 instructions
[2015.09.01-19.38.37:600][957]MaterialEditorStats: Info Base pass shader with only dynamic lighting: 55 instructions
[2015.09.01-19.38.37:601][957]MaterialEditorStats: Info Vertex shader: 33 instructions
[2015.09.01-19.38.37:601][957]MaterialEditorStats: Info Texture samplers: 4/16
[2015.09.01-19.38.57:706][518]LogMaterial: Missing cached shader map for material M_Terrain, compiling. 
[2015.09.01-19.38.57:726][518]LogMaterial: 0.001616 seconds spent updating 1 materials, 1 interfaces, 1 instances, 1 with static permutations.
[2015.09.01-19.38.57:737][518]LogMaterial: Missing cached shader map for material M_Terrain, compiling. 
[2015.09.01-19.38.57:757][518]LogMaterial: 0.001691 seconds spent updating 1 materials, 1 interfaces, 1 instances, 1 with static permutations.
[2015.09.01-19.38.57:762][518]LogMaterial: Missing cached shader map for material M_Terrain, compiling. 
[2015.09.01-19.38.57:783][518]LogMaterial: 0.002591 seconds spent updating 1 materials, 1 interfaces, 1 instances, 1 with static permutations.
[2015.09.01-19.38.57:797][518]LogTexture:Display: Building textures: Texture2D_2 (G8)
[2015.09.01-19.38.59:268][562]Cmd: TRANSACTION UNDO
[2015.09.01-19.38.59:268][562]LogEditorTransaction: Undo Landscape Editing: Sculpt
[2015.09.01-19.38.59:685][562]PIE:Warning: Warning AttachTo: '/Game/StarterContent/Maps/M_Master.M_Master:PersistentLevel.LandscapeGizmoActiveActor_0.GizmoRendererComponent0' is not static , cannot attach '/Game/StarterContent/Maps/M_Master.M_Master:PersistentLevel.LandscapeGizmoActiveActor_0.RootComponent0' which is static to it. Aborting.
[2015.09.01-19.38.59:688][562]LogMaterial: Missing cached shader map for material M_Terrain, compiling. 
[2015.09.01-19.38.59:693][562]LogMaterial: 0.000054 seconds spent updating 1 materials, 1 interfaces, 0 instances, 0 with static permutations.
[2015.09.01-19.39.01:729][647]MaterialEditorStats: Info Base pass shader with static lighting: 50 instructions
[2015.09.01-19.39.01:729][647]MaterialEditorStats: Info Base pass shader with only dynamic lighting: 24 instructions
[2015.09.01-19.39.01:729][647]MaterialEditorStats: Info Vertex shader: 33 instructions
[2015.09.01-19.39.01:729][647]MaterialEditorStats: Info Texture samplers: 2/16
[2015.09.01-19.39.58:666][394]LogContentBrowser:Verbose: The content browser source was changed by the sources view to '/Game/StarterContent/Particles'
[2015.09.01-19.39.59:782][482]LogContentBrowser:Verbose: The content browser source was changed by the sources view to '/Game/StarterContent/Textures'
[2015.09.01-19.40.19:768][767]LogMaterial: Missing cached shader map for material M_Terrain, compiling. 
[2015.09.01-19.40.19:773][767]LogMaterial: 0.000128 seconds spent updating 1 materials, 1 interfaces, 0 instances, 0 with static permutations.
[2015.09.01-19.40.19:774][767]LogMaterial: Missing cached shader map for material FMatExpressionPreview MaterialExpressionTextureSample_4, compiling. 
[2015.09.01-19.40.19:798][767]LogMaterial: Missing cached shader map for material FMatExpressionPreview MaterialExpressionTextureSample_0, compiling. 
[2015.09.01-19.40.19:800][767]LogMaterial: Missing cached shader map for material FMatExpressionPreview MaterialExpressionTextureSample_3, compiling. 
[2015.09.01-19.40.19:802][767]LogMaterial: Missing cached shader map for material FMatExpressionPreview MaterialExpressionTextureSample_5, compiling. 
[2015.09.01-19.40.19:804][767]LogMaterial: Missing cached shader map for material FMatExpressionPreview MaterialExpressionTextureSample_6, compiling. 
[2015.09.01-19.40.19:806][767]LogMaterial: Missing cached shader map for material FMatExpressionPreview MaterialExpressionTextureSample_7, compiling. 
[2015.09.01-19.40.19:808][767]LogMaterial: Missing cached shader map for material FMatExpressionPreview MaterialExpressionTextureSample_8, compiling. 
[2015.09.01-19.40.19:810][767]LogMaterial: Missing cached shader map for material FMatExpressionPreview MaterialExpressionTextureSample_22, compiling. 
[2015.09.01-19.40.19:812][767]LogMaterial: Missing cached shader map for material FMatExpressionPreview MaterialExpressionTextureSample_26, compiling. 
[2015.09.01-19.40.19:814][767]LogMaterial: Missing cached shader map for material FMatExpressionPreview MaterialExpressionTextureSample_1, compiling. 
[2015.09.01-19.40.19:816][767]LogMaterial: Missing cached shader map for material FMatExpressionPreview MaterialExpressionTextureSample_2, compiling. 
[2015.09.01-19.40.19:818][767]LogMaterial: Missing cached shader map for material FMatExpressionPreview MaterialExpressionTextureSample_4, compiling. 
[2015.09.01-19.40.21:053][828]MaterialEditorStats: Info Base pass shader with static lighting: 50 instructions
[2015.09.01-19.40.21:053][828]MaterialEditorStats: Info Base pass shader with only dynamic lighting: 24 instructions
[2015.09.01-19.40.21:053][828]MaterialEditorStats: Info Vertex shader: 33 instructions
[2015.09.01-19.40.21:053][828]MaterialEditorStats: Info Texture samplers: 2/16
[2015.09.01-19.40.23:379][982]LogMaterial: Missing cached shader map for material M_Terrain, compiling. 
[2015.09.01-19.40.23:384][982]LogMaterial: 0.000071 seconds spent updating 1 materials, 1 interfaces, 0 instances, 0 with static permutations.
[2015.09.01-19.40.23:414][982]LogMaterial: Missing cached shader map for material FMatExpressionPreview MaterialExpressionTextureSample_4, compiling. 
[2015.09.01-19.40.24:198][ 30]MaterialEditorStats: Info Base pass shader with static lighting: 50 instructions
[2015.09.01-19.40.24:198][ 30]MaterialEditorStats: Info Base pass shader with only dynamic lighting: 24 instructions
[2015.09.01-19.40.24:198][ 30]MaterialEditorStats: Info Vertex shader: 33 instructions
[2015.09.01-19.40.24:198][ 30]MaterialEditorStats: Info Texture samplers: 2/16
[2015.09.01-19.40.41:263][443]LogUObjectGlobals:Warning: Failed to find object 'Object None.'
[2015.09.01-19.40.41:274][443]LogMaterial: Missing cached shader map for material M_Terrain, compiling. 
[2015.09.01-19.40.41:278][443]LogMaterial: 0.000069 seconds spent updating 1 materials, 1 interfaces, 0 instances, 0 with static permutations.
[2015.09.01-19.40.42:024][478]MaterialEditorStats: Info Base pass shader with static lighting: 50 instructions
[2015.09.01-19.40.42:024][478]MaterialEditorStats: Info Base pass shader with only dynamic lighting: 24 instructions
[2015.09.01-19.40.42:024][478]MaterialEditorStats: Info Vertex shader: 33 instructions
[2015.09.01-19.40.42:024][478]MaterialEditorStats: Info Texture samplers: 2/16
[2015.09.01-19.40.44:207][652]LogMaterial: Missing cached shader map for material M_Terrain, compiling. 
[2015.09.01-19.40.44:211][652]LogMaterial: 0.000078 seconds spent updating 1 materials, 1 interfaces, 0 instances, 0 with static permutations.
[2015.09.01-19.40.44:966][696]MaterialEditorStats: Info Base pass shader with static lighting: 55 instructions
[2015.09.01-19.40.44:966][696]MaterialEditorStats: Info Base pass shader with only dynamic lighting: 27 instructions
[2015.09.01-19.40.44:966][696]MaterialEditorStats: Info Vertex shader: 33 instructions
[2015.09.01-19.40.44:966][696]MaterialEditorStats: Info Texture samplers: 2/16
[2015.09.01-19.40.56:276][515]LogMaterial: Missing cached shader map for material M_Terrain, compiling. 
[2015.09.01-19.40.56:280][515]LogMaterial: 0.000080 seconds spent updating 1 materials, 1 interfaces, 0 instances, 0 with static permutations.
[2015.09.01-19.40.57:079][562]MaterialEditorStats: Info Base pass shader with static lighting: 55 instructions
[2015.09.01-19.40.57:079][562]MaterialEditorStats: Info Base pass shader with only dynamic lighting: 27 instructions
[2015.09.01-19.40.57:079][562]MaterialEditorStats: Info Vertex shader: 33 instructions
[2015.09.01-19.40.57:079][562]MaterialEditorStats: Info Texture samplers: 2/16
[2015.09.01-19.41.22:816][479]LogTexture:Display: Building textures: T_Detail_Rocky_N (BC5)
[2015.09.01-19.41.23:898][555]LogMaterial: Missing cached shader map for material M_Terrain, compiling. 
[2015.09.01-19.41.23:903][555]LogMaterial: 0.000112 seconds spent updating 1 materials, 1 interfaces, 0 instances, 0 with static permutations.
[2015.09.01-19.41.23:903][555]LogMaterial: Missing cached shader map for material FMatExpressionPreview MaterialExpressionTextureSample_9, compiling. 
[2015.09.01-19.41.23:928][555]LogMaterial: Missing cached shader map for material FMatExpressionPreview MaterialExpressionTextureSample_0, compiling. 
[2015.09.01-19.41.23:931][555]LogMaterial: Missing cached shader map for material FMatExpressionPreview MaterialExpressionTextureSample_3, compiling. 
[2015.09.01-19.41.23:934][555]LogMaterial: Missing cached shader map for material FMatExpressionPreview MaterialExpressionTextureSample_5, compiling. 
[2015.09.01-19.41.23:936][555]LogMaterial: Missing cached shader map for material FMatExpressionPreview MaterialExpressionTextureSample_6, compiling. 
[2015.09.01-19.41.23:937][555]LogMaterial: Missing cached shader map for material FMatExpressionPreview MaterialExpressionTextureSample_7, compiling. 
[2015.09.01-19.41.23:939][555]LogMaterial: Missing cached shader map for material FMatExpressionPreview MaterialExpressionTextureSample_8, compiling. 
[2015.09.01-19.41.23:941][555]LogMaterial: Missing cached shader map for material FMatExpressionPreview MaterialExpressionTextureSample_22, compiling. 
[2015.09.01-19.41.23:942][555]LogMaterial: Missing cached shader map for material FMatExpressionPreview MaterialExpressionTextureSample_26, compiling. 
[2015.09.01-19.41.23:944][555]LogMaterial: Missing cached shader map for material FMatExpressionPreview MaterialExpressionTextureSample_1, compiling. 
[2015.09.01-19.41.23:946][555]LogMaterial: Missing cached shader map for material FMatExpressionPreview MaterialExpressionTextureSample_2, compiling. 
[2015.09.01-19.41.23:950][555]LogMaterial: Missing cached shader map for material FMatExpressionPreview MaterialExpressionTextureSample_4, compiling. 
[2015.09.01-19.41.23:952][555]LogMaterial: Missing cached shader map for material FMatExpressionPreview MaterialExpressionTextureSample_9, compiling. 
[2015.09.01-19.41.25:537][628]MaterialEditorStats: Info Base pass shader with static lighting: 55 instructions
[2015.09.01-19.41.25:537][628]MaterialEditorStats: Info Base pass shader with only dynamic lighting: 27 instructions
[2015.09.01-19.41.25:537][628]MaterialEditorStats: Info Vertex shader: 33 instructions
[2015.09.01-19.41.25:537][628]MaterialEditorStats: Info Texture samplers: 2/16
[2015.09.01-19.41.25:870][640]LogMaterial: Missing cached shader map for material M_Terrain, compiling. 
[2015.09.01-19.41.25:875][640]LogMaterial: 0.000152 seconds spent updating 1 materials, 1 interfaces, 0 instances, 0 with static permutations.
[2015.09.01-19.41.25:973][640]LogMaterial: Missing cached shader map for material FMatExpressionPreview MaterialExpressionTextureSample_9, compiling. 
[2015.09.01-19.41.26:811][684]LogMaterialEditor: Applying material M_Terrain
[2015.09.01-19.41.28:026][684]LogMaterial: Missing cached shader map for material M_Terrain, compiling. 
[2015.09.01-19.41.28:043][684]LogMaterial: 0.000057 seconds spent updating 1 materials, 1 interfaces, 0 instances, 0 with static permutations.
[2015.09.01-19.41.28:180][684]LogMaterial: Missing cached shader map for material M_Terrain, compiling. 
[2015.09.01-19.41.28:214][684]LogMaterial: Missing cached shader map for material M_Terrain, compiling. 
[2015.09.01-19.41.28:235][684]LogMaterial: Missing cached shader map for material M_Terrain, compiling. 
[2015.09.01-19.41.28:255][684]LogMaterial: Missing cached shader map for material M_Terrain, compiling. 
[2015.09.01-19.41.28:276][684]LogMaterial: Missing cached shader map for material M_Terrain, compiling. 
[2015.09.01-19.41.28:390][684]LogMaterial: Missing cached shader map for material M_Terrain, compiling. 
[2015.09.01-19.41.28:411][684]LogMaterial: Missing cached shader map for material M_Terrain, compiling. 
[2015.09.01-19.41.28:432][684]LogMaterial: Missing cached shader map for material M_Terrain, compiling. 
[2015.09.01-19.41.28:452][684]LogMaterial: Missing cached shader map for material M_Terrain, compiling. 
[2015.09.01-19.41.28:477][684]LogMaterial: 0.243985 seconds spent updating 1 materials, 1 interfaces, 96 instances, 7 with static permutations.
[2015.09.01-19.41.34:771][864]MaterialEditorStats: Info Base pass shader with static lighting: 85 instructions
[2015.09.01-19.41.34:771][864]MaterialEditorStats: Info Base pass shader with only dynamic lighting: 54 instructions
[2015.09.01-19.41.34:771][864]MaterialEditorStats: Info Vertex shader: 33 instructions
[2015.09.01-19.41.34:771][864]MaterialEditorStats: Info Texture samplers: 4/16
[2015.09.01-19.41.46:601][238]LogShaderCompilers:Warning: Failed to compile Material /Game/StarterContent/Materials/M_Terrain.M_Terrain for platform PCD3D_SM5, Default Material will be used in game.
[2015.09.01-19.43.01:931][580]LogMaterial: Missing cached shader map for material M_Terrain, compiling. 
[2015.09.01-19.43.01:936][580]LogMaterial: 0.000082 seconds spent updating 1 materials, 1 interfaces, 0 instances, 0 with static permutations.
[2015.09.01-19.43.03:298][654]MaterialEditorStats: Info Base pass shader with static lighting: 55 instructions
[2015.09.01-19.43.03:298][654]MaterialEditorStats: Info Base pass shader with only dynamic lighting: 27 instructions
[2015.09.01-19.43.03:298][654]MaterialEditorStats: Info Vertex shader: 33 instructions
[2015.09.01-19.43.03:298][654]MaterialEditorStats: Info Texture samplers: 2/16
[2015.09.01-19.43.11:941][361]LogMaterial: Missing cached shader map for material M_Terrain, compiling. 
[2015.09.01-19.43.11:945][361]LogMaterial: 0.000074 seconds spent updating 1 materials, 1 interfaces, 0 instances, 0 with static permutations.
[2015.09.01-19.43.12:736][394]MaterialEditorStats: Info Base pass shader with static lighting: 50 instructions
[2015.09.01-19.43.12:736][394]MaterialEditorStats: Info Base pass shader with only dynamic lighting: 24 instructions
[2015.09.01-19.43.12:736][394]MaterialEditorStats: Info Vertex shader: 33 instructions
[2015.09.01-19.43.12:736][394]MaterialEditorStats: Info Texture samplers: 2/16
[2015.09.01-19.43.13:910][474]LogMaterial: Missing cached shader map for material M_Terrain, compiling. 
[2015.09.01-19.43.13:916][474]LogMaterial: 0.000069 seconds spent updating 1 materials, 1 interfaces, 0 instances, 0 with static permutations.
[2015.09.01-19.43.14:824][511]MaterialEditorStats: Info Base pass shader with static lighting: 50 instructions
[2015.09.01-19.43.14:824][511]MaterialEditorStats: Info Base pass shader with only dynamic lighting: 24 instructions
[2015.09.01-19.43.14:824][511]MaterialEditorStats: Info Vertex shader: 33 instructions
[2015.09.01-19.43.14:824][511]MaterialEditorStats: Info Texture samplers: 2/16
[2015.09.01-19.43.15:114][533]LogMaterial: Missing cached shader map for material M_Terrain, compiling. 
[2015.09.01-19.43.15:119][533]LogMaterial: 0.000073 seconds spent updating 1 materials, 1 interfaces, 0 instances, 0 with static permutations.
[2015.09.01-19.43.16:078][582]MaterialEditorStats: Info Base pass shader with static lighting: 50 instructions
[2015.09.01-19.43.16:078][582]MaterialEditorStats: Info Base pass shader with only dynamic lighting: 24 instructions
[2015.09.01-19.43.16:078][582]MaterialEditorStats: Info Vertex shader: 33 instructions
[2015.09.01-19.43.16:078][582]MaterialEditorStats: Info Texture samplers: 2/16
[2015.09.01-19.43.18:780][770]LogMaterialEditor: Applying material M_Terrain
[2015.09.01-19.43.19:968][770]LogMaterial: Missing cached shader map for material M_Terrain, compiling. 
[2015.09.01-19.43.19:985][770]LogMaterial: 0.000163 seconds spent updating 1 materials, 1 interfaces, 0 instances, 0 with static permutations.
[2015.09.01-19.43.20:158][770]LogMaterial: Missing cached shader map for material M_Terrain, compiling. 
[2015.09.01-19.43.20:193][770]LogMaterial: Missing cached shader map for material M_Terrain, compiling. 
[2015.09.01-19.43.20:213][770]LogMaterial: Missing cached shader map for material M_Terrain, compiling. 
[2015.09.01-19.43.20:236][770]LogMaterial: Missing cached shader map for material M_Terrain, compiling. 
[2015.09.01-19.43.20:270][770]LogMaterial: Missing cached shader map for material M_Terrain, compiling. 
[2015.09.01-19.43.20:291][770]LogMaterial: Missing cached shader map for material M_Terrain, compiling. 
[2015.09.01-19.43.20:311][770]LogMaterial: Missing cached shader map for material M_Terrain, compiling. 
[2015.09.01-19.43.20:330][770]LogMaterial: Missing cached shader map for material M_Terrain, compiling. 
[2015.09.01-19.43.20:350][770]LogMaterial: Missing cached shader map for material M_Terrain, compiling. 
[2015.09.01-19.43.20:371][770]LogMaterial: 0.159431 seconds spent updating 1 materials, 1 interfaces, 128 instances, 7 with static permutations.
[2015.09.01-19.43.25:623][947]LogMaterialEditor: Saving and Compiling material M_Terrain
[2015.09.01-19.43.26:867][947]LogMaterial: Missing cached shader map for material M_Terrain, compiling. 
[2015.09.01-19.43.26:889][947]LogMaterial: 0.000081 seconds spent updating 1 materials, 1 interfaces, 0 instances, 0 with static permutations.
[2015.09.01-19.43.27:100][947]LogMaterial: Missing cached shader map for material M_Terrain, compiling. 
[2015.09.01-19.43.27:135][947]LogMaterial: Missing cached shader map for material M_Terrain, compiling. 
[2015.09.01-19.43.27:157][947]LogMaterial: Missing cached shader map for material M_Terrain, compiling. 
[2015.09.01-19.43.27:179][947]LogMaterial: Missing cached shader map for material M_Terrain, compiling. 
[2015.09.01-19.43.27:298][947]LogMaterial: Missing cached shader map for material M_Terrain, compiling. 
[2015.09.01-19.43.27:319][947]LogMaterial: Missing cached shader map for material M_Terrain, compiling. 
[2015.09.01-19.43.27:340][947]LogMaterial: Missing cached shader map for material M_Terrain, compiling. 
[2015.09.01-19.43.27:361][947]LogMaterial: Missing cached shader map for material M_Terrain, compiling. 
[2015.09.01-19.43.27:382][947]LogMaterial: Missing cached shader map for material M_Terrain, compiling. 
[2015.09.01-19.43.27:446][947]LogMaterial: 0.290428 seconds spent updating 1 materials, 1 interfaces, 128 instances, 7 with static permutations.
[2015.09.01-19.44.06:817][947]Cmd: OBJ SAVEPACKAGE PACKAGE="/Game/StarterContent/Materials/M_Terrain" FILE="../../../../../../documents/3d/minuit/MinuitGame/Minuit/Content/StarterContent/Materials/M_Terrain.uasset" SILENT=true
[2015.09.01-19.44.07:266][947]LogSavePackage: Save=389.842041ms
[2015.09.01-19.44.07:266][947]LogSavePackage: Moving '../../../../../../documents/3d/minuit/MinuitGame/Minuit/Saved/M_Terrain9B0A6F9046BD0187AEFD93908160A3AF.tmp' to '../../../../../../documents/3d/minuit/MinuitGame/Minuit/Content/StarterContent/Materials/M_Terrain.uasset'
[2015.09.01-19.44.07:312][947]MaterialEditorStats: Info Base pass shader with static lighting: 85 instructions
[2015.09.01-19.44.07:312][947]MaterialEditorStats: Info Base pass shader with only dynamic lighting: 54 instructions
[2015.09.01-19.44.07:312][947]MaterialEditorStats: Info Vertex shader: 33 instructions
[2015.09.01-19.44.07:312][947]MaterialEditorStats: Info Texture samplers: 4/16
[2015.09.01-19.44.41:543][433]LogMaterial: Missing cached shader map for material M_Terrain, compiling. 
[2015.09.01-19.44.41:549][433]LogMaterial: 0.000074 seconds spent updating 1 materials, 1 interfaces, 0 instances, 0 with static permutations.
[2015.09.01-19.44.43:791][563]MaterialEditorStats: Info Base pass shader with static lighting: 50 instructions
[2015.09.01-19.44.43:791][563]MaterialEditorStats: Info Base pass shader with only dynamic lighting: 24 instructions
[2015.09.01-19.44.43:791][563]MaterialEditorStats: Info Vertex shader: 33 instructions
[2015.09.01-19.44.43:791][563]MaterialEditorStats: Info Texture samplers: 2/16
[2015.09.01-19.45.01:371][392]LogUObjectGlobals:Warning: Failed to find object 'Object None.'
[2015.09.01-19.45.01:379][392]LogMaterial: Missing cached shader map for material M_Terrain, compiling. 
[2015.09.01-19.45.01:384][392]LogMaterial: 0.000072 seconds spent updating 1 materials, 1 interfaces, 0 instances, 0 with static permutations.
[2015.09.01-19.45.02:216][446]MaterialEditorStats: Info Base pass shader with static lighting: 50 instructions
[2015.09.01-19.45.02:216][446]MaterialEditorStats: Info Base pass shader with only dynamic lighting: 24 instructions
[2015.09.01-19.45.02:216][446]MaterialEditorStats: Info Vertex shader: 33 instructions
[2015.09.01-19.45.02:216][446]MaterialEditorStats: Info Texture samplers: 2/16
[2015.09.01-19.45.04:862][660]LogMaterial: Missing cached shader map for material M_Terrain, compiling. 
[2015.09.01-19.45.04:867][660]LogMaterial: 0.000108 seconds spent updating 1 materials, 1 interfaces, 0 instances, 0 with static permutations.
[2015.09.01-19.45.05:749][701]MaterialEditorStats: Info Base pass shader with static lighting: 50 instructions
[2015.09.01-19.45.05:749][701]MaterialEditorStats: Info Base pass shader with only dynamic lighting: 24 instructions
[2015.09.01-19.45.05:749][701]MaterialEditorStats: Info Vertex shader: 33 instructions
[2015.09.01-19.45.05:749][701]MaterialEditorStats: Info Texture samplers: 2/16
[2015.09.01-19.45.09:724][ 47]LogUObjectGlobals:Warning: Failed to find object 'Object None.'
[2015.09.01-19.45.09:732][ 47]LogMaterial: Missing cached shader map for material M_Terrain, compiling. 
[2015.09.01-19.45.09:737][ 47]LogMaterial: 0.000103 seconds spent updating 1 materials, 1 interfaces, 0 instances, 0 with static permutations.
[2015.09.01-19.45.10:549][ 96]MaterialEditorStats: Info Base pass shader with static lighting: 50 instructions
[2015.09.01-19.45.10:549][ 96]MaterialEditorStats: Info Base pass shader with only dynamic lighting: 24 instructions
[2015.09.01-19.45.10:549][ 96]MaterialEditorStats: Info Vertex shader: 33 instructions
[2015.09.01-19.45.10:549][ 96]MaterialEditorStats: Info Texture samplers: 2/16
[2015.09.01-19.45.13:912][375]LogMaterial: Missing cached shader map for material M_Terrain, compiling. 
[2015.09.01-19.45.13:917][375]LogMaterial: 0.000088 seconds spent updating 1 materials, 1 interfaces, 0 instances, 0 with static permutations.
[2015.09.01-19.45.14:794][427]MaterialEditorStats: Info Base pass shader with static lighting: 55 instructions
[2015.09.01-19.45.14:794][427]MaterialEditorStats: Info Base pass shader with only dynamic lighting: 27 instructions
[2015.09.01-19.45.14:794][427]MaterialEditorStats: Info Vertex shader: 33 instructions
[2015.09.01-19.45.14:794][427]MaterialEditorStats: Info Texture samplers: 2/16
[2015.09.01-19.45.32:348][760]LogTexture:Display: Building textures: T_Metal_Steel_N (BC5)
[2015.09.01-19.45.33:092][782]LogMaterial: Missing cached shader map for material M_Terrain, compiling. 
[2015.09.01-19.45.33:097][782]LogMaterial: 0.000177 seconds spent updating 1 materials, 1 interfaces, 0 instances, 0 with static permutations.
[2015.09.01-19.45.33:098][782]LogMaterial: Missing cached shader map for material FMatExpressionPreview MaterialExpressionTextureSample_10, compiling. 
[2015.09.01-19.45.33:128][782]LogMaterial: Missing cached shader map for material FMatExpressionPreview MaterialExpressionTextureSample_0, compiling. 
[2015.09.01-19.45.33:130][782]LogMaterial: Missing cached shader map for material FMatExpressionPreview MaterialExpressionTextureSample_3, compiling. 
[2015.09.01-19.45.33:132][782]LogMaterial: Missing cached shader map for material FMatExpressionPreview MaterialExpressionTextureSample_5, compiling. 
[2015.09.01-19.45.33:134][782]LogMaterial: Missing cached shader map for material FMatExpressionPreview MaterialExpressionTextureSample_6, compiling. 
[2015.09.01-19.45.33:135][782]LogMaterial: Missing cached shader map for material FMatExpressionPreview MaterialExpressionTextureSample_7, compiling. 
[2015.09.01-19.45.33:137][782]LogMaterial: Missing cached shader map for material FMatExpressionPreview MaterialExpressionTextureSample_8, compiling. 
[2015.09.01-19.45.33:139][782]LogMaterial: Missing cached shader map for material FMatExpressionPreview MaterialExpressionTextureSample_22, compiling. 
[2015.09.01-19.45.33:141][782]LogMaterial: Missing cached shader map for material FMatExpressionPreview MaterialExpressionTextureSample_1, compiling. 
[2015.09.01-19.45.33:143][782]LogMaterial: Missing cached shader map for material FMatExpressionPreview MaterialExpressionTextureSample_10, compiling. 
[2015.09.01-19.45.33:829][818]MaterialEditorStats: Info Base pass shader with static lighting: 55 instructions
[2015.09.01-19.45.33:829][818]MaterialEditorStats: Info Base pass shader with only dynamic lighting: 27 instructions
[2015.09.01-19.45.33:829][818]MaterialEditorStats: Info Vertex shader: 33 instructions
[2015.09.01-19.45.33:829][818]MaterialEditorStats: Info Texture samplers: 2/16
[2015.09.01-19.45.37:734][102]LogMaterial: Missing cached shader map for material M_Terrain, compiling. 
[2015.09.01-19.45.37:739][102]LogMaterial: 0.000117 seconds spent updating 1 materials, 1 interfaces, 0 instances, 0 with static permutations.
[2015.09.01-19.45.37:804][102]LogMaterial: Missing cached shader map for material FMatExpressionPreview MaterialExpressionTextureSample_10, compiling. 
[2015.09.01-19.45.38:593][146]MaterialEditorStats: Info Base pass shader with static lighting: 50 instructions
[2015.09.01-19.45.38:593][146]MaterialEditorStats: Info Base pass shader with only dynamic lighting: 24 instructions
[2015.09.01-19.45.38:593][146]MaterialEditorStats: Info Vertex shader: 33 instructions
[2015.09.01-19.45.38:594][146]MaterialEditorStats: Info Texture samplers: 2/16
[2015.09.01-19.46.01:986][989]LogMaterial: Missing cached shader map for material M_Terrain, compiling. 
[2015.09.01-19.46.01:991][989]LogMaterial: 0.000173 seconds spent updating 1 materials, 1 interfaces, 0 instances, 0 with static permutations.
[2015.09.01-19.46.01:991][989]LogMaterial: Missing cached shader map for material FMatExpressionPreview MaterialExpressionTextureSample_11, compiling. 
[2015.09.01-19.46.02:015][989]LogMaterial: Missing cached shader map for material FMatExpressionPreview MaterialExpressionTextureSample_0, compiling. 
[2015.09.01-19.46.02:016][989]LogMaterial: Missing cached shader map for material FMatExpressionPreview MaterialExpressionTextureSample_3, compiling. 
[2015.09.01-19.46.02:018][989]LogMaterial: Missing cached shader map for material FMatExpressionPreview MaterialExpressionTextureSample_5, compiling. 
[2015.09.01-19.46.02:020][989]LogMaterial: Missing cached shader map for material FMatExpressionPreview MaterialExpressionTextureSample_6, compiling. 
[2015.09.01-19.46.02:022][989]LogMaterial: Missing cached shader map for material FMatExpressionPreview MaterialExpressionTextureSample_7, compiling. 
[2015.09.01-19.46.02:024][989]LogMaterial: Missing cached shader map for material FMatExpressionPreview MaterialExpressionTextureSample_8, compiling. 
[2015.09.01-19.46.02:025][989]LogMaterial: Missing cached shader map for material FMatExpressionPreview MaterialExpressionTextureSample_22, compiling. 
[2015.09.01-19.46.02:027][989]LogMaterial: Missing cached shader map for material FMatExpressionPreview MaterialExpressionTextureSample_1, compiling. 
[2015.09.01-19.46.02:028][989]LogMaterial: Missing cached shader map for material FMatExpressionPreview MaterialExpressionTextureSample_10, compiling. 
[2015.09.01-19.46.02:030][989]LogMaterial: Missing cached shader map for material FMatExpressionPreview MaterialExpressionTextureSample_11, compiling. 
[2015.09.01-19.46.03:357][ 65]MaterialEditorStats: Info Base pass shader with static lighting: 50 instructions
[2015.09.01-19.46.03:357][ 65]MaterialEditorStats: Info Base pass shader with only dynamic lighting: 24 instructions
[2015.09.01-19.46.03:357][ 65]MaterialEditorStats: Info Vertex shader: 33 instructions
[2015.09.01-19.46.03:357][ 65]MaterialEditorStats: Info Texture samplers: 2/16
[2015.09.01-19.46.04:607][133]LogMaterial: Missing cached shader map for material M_Terrain, compiling. 
[2015.09.01-19.46.04:612][133]LogMaterial: 0.000071 seconds spent updating 1 materials, 1 interfaces, 0 instances, 0 with static permutations.
[2015.09.01-19.46.04:638][133]LogMaterial: Missing cached shader map for material FMatExpressionPreview MaterialExpressionTextureSample_11, compiling. 
[2015.09.01-19.46.05:489][185]MaterialEditorStats: Info Base pass shader with static lighting: 50 instructions
[2015.09.01-19.46.05:489][185]MaterialEditorStats: Info Base pass shader with only dynamic lighting: 24 instructions
[2015.09.01-19.46.05:489][185]MaterialEditorStats: Info Vertex shader: 33 instructions
[2015.09.01-19.46.05:489][185]MaterialEditorStats: Info Texture samplers: 2/16
[2015.09.01-19.46.05:993][227]LogMaterialEditor: Applying material M_Terrain
[2015.09.01-19.46.07:183][227]LogMaterial: Missing cached shader map for material M_Terrain, compiling. 
[2015.09.01-19.46.07:200][227]LogMaterial: 0.000165 seconds spent updating 1 materials, 1 interfaces, 0 instances, 0 with static permutations.
[2015.09.01-19.46.07:256][227]LogMaterial: Missing cached shader map for material M_Terrain, compiling. 
[2015.09.01-19.46.07:290][227]LogMaterial: Missing cached shader map for material M_Terrain, compiling. 
[2015.09.01-19.46.07:314][227]LogMaterial: Missing cached shader map for material M_Terrain, compiling. 
[2015.09.01-19.46.07:334][227]LogMaterial: Missing cached shader map for material M_Terrain, compiling. 
[2015.09.01-19.46.07:355][227]LogMaterial: Missing cached shader map for material M_Terrain, compiling. 
[2015.09.01-19.46.07:374][227]LogMaterial: Missing cached shader map for material M_Terrain, compiling. 
[2015.09.01-19.46.07:394][227]LogMaterial: Missing cached shader map for material M_Terrain, compiling. 
[2015.09.01-19.46.07:413][227]LogMaterial: Missing cached shader map for material M_Terrain, compiling. 
[2015.09.01-19.46.07:432][227]LogMaterial: Missing cached shader map for material M_Terrain, compiling. 
[2015.09.01-19.46.07:452][227]LogMaterial: 0.142274 seconds spent updating 1 materials, 1 interfaces, 188 instances, 7 with static permutations.
[2015.09.01-19.46.09:162][295]LogMaterialEditor: Saving and Compiling material M_Terrain
[2015.09.01-19.46.10:530][295]LogMaterial: Missing cached shader map for material M_Terrain, compiling. 
[2015.09.01-19.46.10:561][295]LogMaterial: 0.013378 seconds spent updating 1 materials, 1 interfaces, 0 instances, 0 with static permutations.
[2015.09.01-19.46.10:702][295]LogMaterial: Missing cached shader map for material M_Terrain, compiling. 
[2015.09.01-19.46.10:800][295]LogMaterial: Missing cached shader map for material M_Terrain, compiling. 
[2015.09.01-19.46.10:820][295]LogMaterial: Missing cached shader map for material M_Terrain, compiling. 
[2015.09.01-19.46.10:872][295]LogMaterial: Missing cached shader map for material M_Terrain, compiling. 
[2015.09.01-19.46.10:892][295]LogMaterial: Missing cached shader map for material M_Terrain, compiling. 
[2015.09.01-19.46.10:944][295]LogMaterial: Missing cached shader map for material M_Terrain, compiling. 
[2015.09.01-19.46.10:964][295]LogMaterial: Missing cached shader map for material M_Terrain, compiling. 
[2015.09.01-19.46.10:984][295]LogMaterial: Missing cached shader map for material M_Terrain, compiling. 
[2015.09.01-19.46.11:004][295]LogMaterial: Missing cached shader map for material M_Terrain, compiling. 
[2015.09.01-19.46.11:026][295]LogMaterial: 0.207412 seconds spent updating 1 materials, 1 interfaces, 188 instances, 7 with static permutations.
[2015.09.01-19.46.54:212][295]Cmd: OBJ SAVEPACKAGE PACKAGE="/Game/StarterContent/Materials/M_Terrain" FILE="../../../../../../documents/3d/minuit/MinuitGame/Minuit/Content/StarterContent/Materials/M_Terrain.uasset" SILENT=true
[2015.09.01-19.46.54:572][295]LogSavePackage: Save=345.643585ms
[2015.09.01-19.46.54:573][295]LogSavePackage: Moving '../../../../../../documents/3d/minuit/MinuitGame/Minuit/Saved/M_TerrainB4B6D0D1472EE758BB371F98E5829424.tmp' to '../../../../../../documents/3d/minuit/MinuitGame/Minuit/Content/StarterContent/Materials/M_Terrain.uasset'
[2015.09.01-19.46.54:580][295]MaterialEditorStats: Info Base pass shader with static lighting: 85 instructions
[2015.09.01-19.46.54:580][295]MaterialEditorStats: Info Base pass shader with only dynamic lighting: 54 instructions
[2015.09.01-19.46.54:580][295]MaterialEditorStats: Info Vertex shader: 33 instructions
[2015.09.01-19.46.54:580][295]MaterialEditorStats: Info Texture samplers: 4/16
[2015.09.01-19.48.22:013][978]LogUObjectGlobals:Warning: Failed to find object 'Object None.'
[2015.09.01-19.48.22:021][978]LogMaterial: Missing cached shader map for material M_Terrain, compiling. 
[2015.09.01-19.48.22:026][978]LogMaterial: 0.000114 seconds spent updating 1 materials, 1 interfaces, 0 instances, 0 with static permutations.
[2015.09.01-19.48.23:091][ 29]MaterialEditorStats: Info Base pass shader with static lighting: 50 instructions
[2015.09.01-19.48.23:091][ 29]MaterialEditorStats: Info Base pass shader with only dynamic lighting: 24 instructions
[2015.09.01-19.48.23:091][ 29]MaterialEditorStats: Info Vertex shader: 33 instructions
[2015.09.01-19.48.23:091][ 29]MaterialEditorStats: Info Texture samplers: 2/16
[2015.09.01-19.48.25:624][246]LogMaterial: Missing cached shader map for material M_Terrain, compiling. 
[2015.09.01-19.48.25:628][246]LogMaterial: 0.000097 seconds spent updating 1 materials, 1 interfaces, 0 instances, 0 with static permutations.
[2015.09.01-19.48.26:472][287]MaterialEditorStats: Info Base pass shader with static lighting: 50 instructions
[2015.09.01-19.48.26:472][287]MaterialEditorStats: Info Base pass shader with only dynamic lighting: 24 instructions
[2015.09.01-19.48.26:473][287]MaterialEditorStats: Info Vertex shader: 33 instructions
[2015.09.01-19.48.26:473][287]MaterialEditorStats: Info Texture samplers: 2/16
[2015.09.01-19.48.31:736][730]LogMaterial: Missing cached shader map for material M_Terrain, compiling. 
[2015.09.01-19.48.31:741][730]LogMaterial: 0.000185 seconds spent updating 1 materials, 1 interfaces, 0 instances, 0 with static permutations.
[2015.09.01-19.48.31:742][730]LogMaterial: Missing cached shader map for material FMatExpressionPreview MaterialExpressionTextureSample_12, compiling. 
[2015.09.01-19.48.31:792][730]LogMaterial: Missing cached shader map for material FMatExpressionPreview MaterialExpressionTextureSample_0, compiling. 
[2015.09.01-19.48.31:794][730]LogMaterial: Missing cached shader map for material FMatExpressionPreview MaterialExpressionTextureSample_3, compiling. 
[2015.09.01-19.48.31:796][730]LogMaterial: Missing cached shader map for material FMatExpressionPreview MaterialExpressionTextureSample_5, compiling. 
[2015.09.01-19.48.31:798][730]LogMaterial: Missing cached shader map for material FMatExpressionPreview MaterialExpressionTextureSample_6, compiling. 
[2015.09.01-19.48.31:799][730]LogMaterial: Missing cached shader map for material FMatExpressionPreview MaterialExpressionTextureSample_7, compiling. 
[2015.09.01-19.48.31:802][730]LogMaterial: Missing cached shader map for material FMatExpressionPreview MaterialExpressionTextureSample_8, compiling. 
[2015.09.01-19.48.31:804][730]LogMaterial: Missing cached shader map for material FMatExpressionPreview MaterialExpressionTextureSample_22, compiling. 
[2015.09.01-19.48.31:806][730]LogMaterial: Missing cached shader map for material FMatExpressionPreview MaterialExpressionTextureSample_1, compiling. 
[2015.09.01-19.48.31:808][730]LogMaterial: Missing cached shader map for material FMatExpressionPreview MaterialExpressionTextureSample_10, compiling. 
[2015.09.01-19.48.31:810][730]LogMaterial: Missing cached shader map for material FMatExpressionPreview MaterialExpressionTextureSample_11, compiling. 
[2015.09.01-19.48.31:811][730]LogMaterial: Missing cached shader map for material FMatExpressionPreview MaterialExpressionTextureSample_12, compiling. 
[2015.09.01-19.48.32:439][760]MaterialEditorStats: Info Base pass shader with static lighting: 50 instructions
[2015.09.01-19.48.32:439][760]MaterialEditorStats: Info Base pass shader with only dynamic lighting: 24 instructions
[2015.09.01-19.48.32:439][760]MaterialEditorStats: Info Vertex shader: 33 instructions
[2015.09.01-19.48.32:439][760]MaterialEditorStats: Info Texture samplers: 2/16
[2015.09.01-19.48.33:811][811]LogMaterial: Missing cached shader map for material M_Terrain, compiling. 
[2015.09.01-19.48.33:816][811]LogMaterial: 0.000085 seconds spent updating 1 materials, 1 interfaces, 0 instances, 0 with static permutations.
[2015.09.01-19.48.33:841][811]LogMaterial: Missing cached shader map for material FMatExpressionPreview MaterialExpressionTextureSample_12, compiling. 
[2015.09.01-19.48.34:651][854]MaterialEditorStats: Info Base pass shader with static lighting: 50 instructions
[2015.09.01-19.48.34:651][854]MaterialEditorStats: Info Base pass shader with only dynamic lighting: 24 instructions
[2015.09.01-19.48.34:651][854]MaterialEditorStats: Info Vertex shader: 33 instructions
[2015.09.01-19.48.34:651][854]MaterialEditorStats: Info Texture samplers: 2/16
[2015.09.01-19.48.34:894][875]LogMaterialEditor: Applying material M_Terrain
[2015.09.01-19.48.36:103][875]LogMaterial: Missing cached shader map for material M_Terrain, compiling. 
[2015.09.01-19.48.36:120][875]LogMaterial: 0.000064 seconds spent updating 1 materials, 1 interfaces, 0 instances, 0 with static permutations.
[2015.09.01-19.48.36:237][875]LogMaterial: Missing cached shader map for material M_Terrain, compiling. 
[2015.09.01-19.48.36:271][875]LogMaterial: Missing cached shader map for material M_Terrain, compiling. 
[2015.09.01-19.48.36:303][875]LogMaterial: Missing cached shader map for material M_Terrain, compiling. 
[2015.09.01-19.48.36:323][875]LogMaterial: Missing cached shader map for material M_Terrain, compiling. 
[2015.09.01-19.48.36:342][875]LogMaterial: Missing cached shader map for material M_Terrain, compiling. 
[2015.09.01-19.48.36:363][875]LogMaterial: Missing cached shader map for material M_Terrain, compiling. 
[2015.09.01-19.48.36:386][875]LogMaterial: Missing cached shader map for material M_Terrain, compiling. 
[2015.09.01-19.48.36:405][875]LogMaterial: Missing cached shader map for material M_Terrain, compiling. 
[2015.09.01-19.48.36:424][875]LogMaterial: Missing cached shader map for material M_Terrain, compiling. 
[2015.09.01-19.48.36:444][875]LogMaterial: 0.143902 seconds spent updating 1 materials, 1 interfaces, 248 instances, 7 with static permutations.
[2015.09.01-19.48.37:355][917]LogMaterialEditor: Saving and Compiling material M_Terrain
[2015.09.01-19.48.38:807][917]LogMaterial: Missing cached shader map for material M_Terrain, compiling. 
[2015.09.01-19.48.38:825][917]LogMaterial: 0.000117 seconds spent updating 1 materials, 1 interfaces, 0 instances, 0 with static permutations.
[2015.09.01-19.48.38:932][917]LogMaterial: Missing cached shader map for material M_Terrain, compiling. 
[2015.09.01-19.48.38:965][917]LogMaterial: Missing cached shader map for material M_Terrain, compiling. 
[2015.09.01-19.48.38:993][917]LogMaterial: Missing cached shader map for material M_Terrain, compiling. 
[2015.09.01-19.48.39:012][917]LogMaterial: Missing cached shader map for material M_Terrain, compiling. 
[2015.09.01-19.48.39:031][917]LogMaterial: Missing cached shader map for material M_Terrain, compiling. 
[2015.09.01-19.48.39:058][917]LogMaterial: Missing cached shader map for material M_Terrain, compiling. 
[2015.09.01-19.48.39:077][917]LogMaterial: Missing cached shader map for material M_Terrain, compiling. 
[2015.09.01-19.48.39:097][917]LogMaterial: Missing cached shader map for material M_Terrain, compiling. 
[2015.09.01-19.48.39:119][917]LogMaterial: Missing cached shader map for material M_Terrain, compiling. 
[2015.09.01-19.48.39:141][917]LogMaterial: 0.150478 seconds spent updating 1 materials, 1 interfaces, 248 instances, 7 with static permutations.
[2015.09.01-19.49.26:300][917]Cmd: OBJ SAVEPACKAGE PACKAGE="/Game/StarterContent/Materials/M_Terrain" FILE="../../../../../../documents/3d/minuit/MinuitGame/Minuit/Content/StarterContent/Materials/M_Terrain.uasset" SILENT=true
[2015.09.01-19.49.26:618][917]LogSavePackage: Save=303.050751ms
[2015.09.01-19.49.26:618][917]LogSavePackage: Moving '../../../../../../documents/3d/minuit/MinuitGame/Minuit/Saved/M_TerrainD4BFD19D4485030523AC27BA841A4F0B.tmp' to '../../../../../../documents/3d/minuit/MinuitGame/Minuit/Content/StarterContent/Materials/M_Terrain.uasset'
[2015.09.01-19.49.26:633][917]MaterialEditorStats: Info Base pass shader with static lighting: 85 instructions
[2015.09.01-19.49.26:633][917]MaterialEditorStats: Info Base pass shader with only dynamic lighting: 54 instructions
[2015.09.01-19.49.26:633][917]MaterialEditorStats: Info Vertex shader: 33 instructions
[2015.09.01-19.49.26:633][917]MaterialEditorStats: Info Texture samplers: 4/16
[2015.09.01-19.49.34:597][926]LogEditorViewport: Clicking on Actor (context menu): Landscape (Landscape1)
[2015.09.01-19.50.40:964][942]LogUObjectGlobals:Warning: Failed to find object 'Object None.'
[2015.09.01-19.50.40:973][942]LogMaterial: Missing cached shader map for material M_Terrain, compiling. 
[2015.09.01-19.50.40:978][942]LogMaterial: 0.000162 seconds spent updating 1 materials, 1 interfaces, 0 instances, 0 with static permutations.
[2015.09.01-19.50.42:308][  5]MaterialEditorStats: Info Base pass shader with static lighting: 50 instructions
[2015.09.01-19.50.42:308][  5]MaterialEditorStats: Info Base pass shader with only dynamic lighting: 24 instructions
[2015.09.01-19.50.42:308][  5]MaterialEditorStats: Info Vertex shader: 33 instructions
[2015.09.01-19.50.42:308][  5]MaterialEditorStats: Info Texture samplers: 2/16
[2015.09.01-19.50.43:051][ 59]LogMaterial: Missing cached shader map for material M_Terrain, compiling. 
[2015.09.01-19.50.43:056][ 59]LogMaterial: 0.000098 seconds spent updating 1 materials, 1 interfaces, 0 instances, 0 with static permutations.
[2015.09.01-19.50.43:951][111]MaterialEditorStats: Info Base pass shader with static lighting: 55 instructions
[2015.09.01-19.50.43:952][111]MaterialEditorStats: Info Base pass shader with only dynamic lighting: 27 instructions
[2015.09.01-19.50.43:952][111]MaterialEditorStats: Info Vertex shader: 33 instructions
[2015.09.01-19.50.43:952][111]MaterialEditorStats: Info Texture samplers: 2/16
[2015.09.01-19.50.46:762][311]LogMaterial: Missing cached shader map for material M_Terrain, compiling. 
[2015.09.01-19.50.46:767][311]LogMaterial: 0.000174 seconds spent updating 1 materials, 1 interfaces, 0 instances, 0 with static permutations.
[2015.09.01-19.50.46:768][311]LogMaterial: Missing cached shader map for material FMatExpressionPreview MaterialExpressionTextureSample_13, compiling. 
[2015.09.01-19.50.46:837][311]LogMaterial: Missing cached shader map for material FMatExpressionPreview MaterialExpressionTextureSample_0, compiling. 
[2015.09.01-19.50.46:839][311]LogMaterial: Missing cached shader map for material FMatExpressionPreview MaterialExpressionTextureSample_3, compiling. 
[2015.09.01-19.50.46:840][311]LogMaterial: Missing cached shader map for material FMatExpressionPreview MaterialExpressionTextureSample_5, compiling. 
[2015.09.01-19.50.46:863][311]LogMaterial: Missing cached shader map for material FMatExpressionPreview MaterialExpressionTextureSample_6, compiling. 
[2015.09.01-19.50.46:866][311]LogMaterial: Missing cached shader map for material FMatExpressionPreview MaterialExpressionTextureSample_7, compiling. 
[2015.09.01-19.50.46:868][311]LogMaterial: Missing cached shader map for material FMatExpressionPreview MaterialExpressionTextureSample_8, compiling. 
[2015.09.01-19.50.46:874][311]LogMaterial: Missing cached shader map for material FMatExpressionPreview MaterialExpressionTextureSample_22, compiling. 
[2015.09.01-19.50.46:927][311]LogMaterial: Missing cached shader map for material FMatExpressionPreview MaterialExpressionTextureSample_1, compiling. 
[2015.09.01-19.50.46:929][311]LogMaterial: Missing cached shader map for material FMatExpressionPreview MaterialExpressionTextureSample_10, compiling. 
[2015.09.01-19.50.46:931][311]LogMaterial: Missing cached shader map for material FMatExpressionPreview MaterialExpressionTextureSample_11, compiling. 
[2015.09.01-19.50.46:932][311]LogMaterial: Missing cached shader map for material FMatExpressionPreview MaterialExpressionTextureSample_12, compiling. 
[2015.09.01-19.50.46:934][311]LogMaterial: Missing cached shader map for material FMatExpressionPreview MaterialExpressionTextureSample_13, compiling. 
[2015.09.01-19.50.47:547][347]MaterialEditorStats: Info Base pass shader with static lighting: 55 instructions
[2015.09.01-19.50.47:547][347]MaterialEditorStats: Info Base pass shader with only dynamic lighting: 27 instructions
[2015.09.01-19.50.47:547][347]MaterialEditorStats: Info Vertex shader: 33 instructions
[2015.09.01-19.50.47:547][347]MaterialEditorStats: Info Texture samplers: 2/16
[2015.09.01-19.50.48:835][423]LogMaterial: Missing cached shader map for material M_Terrain, compiling. 
[2015.09.01-19.50.48:840][423]LogMaterial: 0.000074 seconds spent updating 1 materials, 1 interfaces, 0 instances, 0 with static permutations.
[2015.09.01-19.50.48:927][423]LogMaterial: Missing cached shader map for material FMatExpressionPreview MaterialExpressionTextureSample_13, compiling. 
[2015.09.01-19.50.49:697][466]MaterialEditorStats: Info Base pass shader with static lighting: 50 instructions
[2015.09.01-19.50.49:697][466]MaterialEditorStats: Info Base pass shader with only dynamic lighting: 24 instructions
[2015.09.01-19.50.49:697][466]MaterialEditorStats: Info Vertex shader: 33 instructions
[2015.09.01-19.50.49:697][466]MaterialEditorStats: Info Texture samplers: 2/16
[2015.09.01-19.50.50:096][495]LogMaterialEditor: Applying material M_Terrain
[2015.09.01-19.50.51:285][495]LogMaterial: Missing cached shader map for material M_Terrain, compiling. 
[2015.09.01-19.50.51:302][495]LogMaterial: 0.000127 seconds spent updating 1 materials, 1 interfaces, 0 instances, 0 with static permutations.
[2015.09.01-19.50.51:417][495]LogMaterial: Missing cached shader map for material M_Terrain, compiling. 
[2015.09.01-19.50.51:451][495]LogMaterial: Missing cached shader map for material M_Terrain, compiling. 
[2015.09.01-19.50.51:474][495]LogMaterial: Missing cached shader map for material M_Terrain, compiling. 
[2015.09.01-19.50.51:494][495]LogMaterial: Missing cached shader map for material M_Terrain, compiling. 
[2015.09.01-19.50.51:513][495]LogMaterial: Missing cached shader map for material M_Terrain, compiling. 
[2015.09.01-19.50.51:545][495]LogMaterial: Missing cached shader map for material M_Terrain, compiling. 
[2015.09.01-19.50.51:564][495]LogMaterial: Missing cached shader map for material M_Terrain, compiling. 
[2015.09.01-19.50.51:582][495]LogMaterial: Missing cached shader map for material M_Terrain, compiling. 
[2015.09.01-19.50.51:601][495]LogMaterial: Missing cached shader map for material M_Terrain, compiling. 
[2015.09.01-19.50.51:623][495]LogMaterial: 0.150505 seconds spent updating 1 materials, 1 interfaces, 308 instances, 7 with static permutations.
[2015.09.01-19.50.52:188][530]LogMaterialEditor: Saving and Compiling material M_Terrain
[2015.09.01-19.50.53:826][530]LogMaterial: Missing cached shader map for material M_Terrain, compiling. 
[2015.09.01-19.50.53:844][530]LogMaterial: 0.000068 seconds spent updating 1 materials, 1 interfaces, 0 instances, 0 with static permutations.
[2015.09.01-19.50.54:102][530]LogMaterial: Missing cached shader map for material M_Terrain, compiling. 
[2015.09.01-19.50.54:136][530]LogMaterial: Missing cached shader map for material M_Terrain, compiling. 
[2015.09.01-19.50.54:156][530]LogMaterial: Missing cached shader map for material M_Terrain, compiling. 
[2015.09.01-19.50.54:175][530]LogMaterial: Missing cached shader map for material M_Terrain, compiling. 
[2015.09.01-19.50.54:195][530]LogMaterial: Missing cached shader map for material M_Terrain, compiling. 
[2015.09.01-19.50.54:262][530]LogMaterial: Missing cached shader map for material M_Terrain, compiling. 
[2015.09.01-19.50.54:281][530]LogMaterial: Missing cached shader map for material M_Terrain, compiling. 
[2015.09.01-19.50.54:301][530]LogMaterial: Missing cached shader map for material M_Terrain, compiling. 
[2015.09.01-19.50.54:321][530]LogMaterial: Missing cached shader map for material M_Terrain, compiling. 
[2015.09.01-19.50.54:370][530]LogMaterial: 0.215458 seconds spent updating 1 materials, 1 interfaces, 308 instances, 7 with static permutations.
[2015.09.01-19.51.34:122][530]Cmd: OBJ SAVEPACKAGE PACKAGE="/Game/StarterContent/Materials/M_Terrain" FILE="../../../../../../documents/3d/minuit/MinuitGame/Minuit/Content/StarterContent/Materials/M_Terrain.uasset" SILENT=true
[2015.09.01-19.51.34:421][530]LogSavePackage: Save=283.689301ms
[2015.09.01-19.51.34:421][530]LogSavePackage: Moving '../../../../../../documents/3d/minuit/MinuitGame/Minuit/Saved/M_Terrain94E1DEB74BBDD757CE47C7BB82C4E013.tmp' to '../../../../../../documents/3d/minuit/MinuitGame/Minuit/Content/StarterContent/Materials/M_Terrain.uasset'
[2015.09.01-19.51.34:434][530]MaterialEditorStats: Info Base pass shader with static lighting: 85 instructions
[2015.09.01-19.51.34:434][530]MaterialEditorStats: Info Base pass shader with only dynamic lighting: 54 instructions
[2015.09.01-19.51.34:434][530]MaterialEditorStats: Info Vertex shader: 33 instructions
[2015.09.01-19.51.34:434][530]MaterialEditorStats: Info Texture samplers: 4/16
[2015.09.01-19.51.35:938][537]LogShaderCompilers:Warning: Failed to compile Material /Game/StarterContent/Materials/M_Terrain.M_Terrain for platform PCD3D_SM5, Default Material will be used in game.
[2015.09.01-19.51.45:862][949]LogShaderCompilers:Warning: Failed to compile Material /Game/StarterContent/Materials/M_Terrain.M_Terrain for platform PCD3D_SM5, Default Material will be used in game.
[2015.09.01-19.52.28:041][156]LogMaterial: Missing cached shader map for material M_Terrain, compiling. 
[2015.09.01-19.52.28:060][156]LogMaterial: 0.001679 seconds spent updating 1 materials, 1 interfaces, 1 instances, 1 with static permutations.
[2015.09.01-19.53.09:715][878]LogEditorViewport: Clicking on Actor (context menu): Landscape (Landscape1)
[2015.09.01-19.53.12:501][ 68]LogEditorViewport: Clicking on Actor (double click): Landscape (Landscape1)
[2015.09.01-19.53.17:224][396]LogContentBrowser:Verbose: The content browser source was changed by the sources view to '/Game/StarterContent/Materials'
[2015.09.01-19.53.19:686][532]LogTexture:Display: Building textures: T_Water_M (AutoDXT)
[2015.09.01-19.53.20:514][532]LogMaterial: Missing cached shader map for material M_Water_Ocean, compiling. 
[2015.09.01-19.53.20:612][532]LogMaterial: 0.001126 seconds spent updating 1 materials, 1 interfaces, 0 instances, 0 with static permutations.
[2015.09.01-19.53.20:612][532]LogMaterial:Warning: Material /Game/StarterContent/Materials/M_Water_Ocean.M_Water_Ocean needed to have new flag set bUsedWithLandscape !
[2015.09.01-19.53.20:630][532]LogMaterial: Missing cached shader map for material M_Water_Ocean, compiling. 
[2015.09.01-19.53.20:649][532]LogMaterial: 0.000096 seconds spent updating 1 materials, 1 interfaces, 0 instances, 0 with static permutations.
[2015.09.01-19.53.20:693][533]Cmd: UpdateLandscapeEditorData
[2015.09.01-19.53.20:707][533]Cmd: UpdateLandscapeMIC
[2015.09.01-19.53.22:571][581]LogMaterial: 0.004156 seconds spent updating 1 materials, 1 interfaces, 0 instances, 0 with static permutations.
[2015.09.01-19.53.22:587][581]LogMaterial: 0.005005 seconds spent updating 1 materials, 1 interfaces, 1 instances, 1 with static permutations.
[2015.09.01-19.53.22:590][581]LogMaterial: Missing cached shader map for material M_Terrain, compiling. 
[2015.09.01-19.53.22:613][581]LogMaterial: 0.005087 seconds spent updating 1 materials, 1 interfaces, 1 instances, 1 with static permutations.
[2015.09.01-19.53.22:628][581]LogMaterial: 0.006562 seconds spent updating 1 materials, 1 interfaces, 1 instances, 1 with static permutations.
[2015.09.01-19.53.22:640][581]LogMaterial: 0.007137 seconds spent updating 1 materials, 1 interfaces, 1 instances, 1 with static permutations.
[2015.09.01-19.53.22:652][581]LogMaterial: 0.007213 seconds spent updating 1 materials, 1 interfaces, 1 instances, 1 with static permutations.
[2015.09.01-19.53.22:686][581]LogMaterial: 0.001866 seconds spent updating 1 materials, 1 interfaces, 1 instances, 1 with static permutations.
[2015.09.01-19.53.22:693][581]LogMaterial: 0.001738 seconds spent updating 1 materials, 1 interfaces, 1 instances, 1 with static permutations.
[2015.09.01-19.53.22:711][582]Cmd: UpdateLandscapeEditorData
[2015.09.01-19.53.22:714][582]Cmd: UpdateLandscapeMIC
[2015.09.01-19.53.22:942][595]LogMaterial: 0.001137 seconds spent updating 1 materials, 1 interfaces, 0 instances, 0 with static permutations.
[2015.09.01-19.53.22:954][595]LogMaterial: 0.001674 seconds spent updating 1 materials, 1 interfaces, 1 instances, 1 with static permutations.
[2015.09.01-19.53.22:957][595]LogMaterial: 0.001291 seconds spent updating 1 materials, 1 interfaces, 1 instances, 1 with static permutations.
[2015.09.01-19.53.22:965][595]LogMaterial: 0.001810 seconds spent updating 1 materials, 1 interfaces, 1 instances, 1 with static permutations.
[2015.09.01-19.53.22:970][595]LogMaterial: 0.001637 seconds spent updating 1 materials, 1 interfaces, 1 instances, 1 with static permutations.
[2015.09.01-19.53.22:974][595]LogMaterial: 0.001761 seconds spent updating 1 materials, 1 interfaces, 1 instances, 1 with static permutations.
[2015.09.01-19.53.23:012][596]Cmd: UpdateLandscapeEditorData
[2015.09.01-19.53.23:019][596]LogMaterial: 0.001770 seconds spent updating 1 materials, 1 interfaces, 1 instances, 1 with static permutations.
[2015.09.01-19.53.23:025][596]LogMaterial: 0.002015 seconds spent updating 1 materials, 1 interfaces, 1 instances, 1 with static permutations.
[2015.09.01-19.53.23:026][596]Cmd: UpdateLandscapeMIC
[2015.09.01-19.53.35:947][163]LogShaderCompilers:Warning: Failed to compile Material /Game/StarterContent/Materials/M_Terrain.M_Terrain for platform PCD3D_SM5, Default Material will be used in game.
[2015.09.01-19.53.35:947][163]LogShaderCompilers:Warning: Failed to compile Material /Game/StarterContent/Materials/M_Terrain.M_Terrain for platform PCD3D_SM5, Default Material will be used in game.
[2015.09.01-19.53.46:423][909]LogSavePackage: Save=14.873743ms
[2015.09.01-19.53.46:423][909]LogSavePackage: Moving '../../../../../../documents/3d/minuit/MinuitGame/Minuit/Saved/M_MasterB26DE9E041173E282439C49E38DAB089.tmp' to '../../../../../../documents/3d/minuit/MinuitGame/Minuit/Content/StarterContent/Maps/M_Master.umap'
[2015.09.01-19.53.46:583][909]LogFileHelpers: Saving map 'M_Master' took 0.318
[2015.09.01-19.53.46:855][909]LogTexture:Display: Building textures: Texture2D_31 (BGRA8)
[2015.09.01-19.53.46:857][909]LogTexture:Display: Building textures: Texture2D_42 (BGRA8)
[2015.09.01-19.53.46:862][909]LogTexture:Display: Building textures: Texture2D_71 (BGRA8)
[2015.09.01-19.53.46:863][909]LogTexture:Display: Building textures: Texture2D_74 (BGRA8)
[2015.09.01-19.53.46:865][909]LogTexture:Display: Building textures: Texture2D_78 (BGRA8)
[2015.09.01-19.53.47:292][909]LogSavePackage: Save=488.956421ms
[2015.09.01-19.53.47:292][909]LogSavePackage: Moving '../../../../../../documents/3d/minuit/MinuitGame/Minuit/Saved/M_Forest_BasCAC86C564DD8FDC26A54B1BBD489ADE0.tmp' to '../../../../../../documents/3d/minuit/MinuitGame/Minuit/Content/StarterContent/Maps/M_Forest_Bas.umap'
[2015.09.01-19.53.47:344][909]LogFileHelpers: Saving map 'M_Forest_Bas' took 0.757
[2015.09.01-19.53.47:361][909]Cmd: OBJ SAVEPACKAGE PACKAGE="/Game/StarterContent/Materials/M_Water_Ocean" FILE="../../../../../../documents/3d/minuit/MinuitGame/Minuit/Content/StarterContent/Materials/M_Water_Ocean.uasset" SILENT=true
[2015.09.01-19.53.47:681][909]LogSavePackage: Save=304.615051ms
[2015.09.01-19.53.47:681][909]LogSavePackage: Moving '../../../../../../documents/3d/minuit/MinuitGame/Minuit/Saved/M_Water_Ocean420D019F4F6180D8196AE39AD3C6BE87.tmp' to '../../../../../../documents/3d/minuit/MinuitGame/Minuit/Content/StarterContent/Materials/M_Water_Ocean.uasset'
[2015.09.01-19.53.53:262][310]LogMaterialEditor: Saving and Compiling material M_Terrain
[2015.09.01-19.53.54:448][310]LogMaterial: Missing cached shader map for material M_Terrain, compiling. 
[2015.09.01-19.53.54:465][310]LogMaterial: 0.000099 seconds spent updating 1 materials, 1 interfaces, 0 instances, 0 with static permutations.
[2015.09.01-19.53.54:560][310]LogMaterial: Missing cached shader map for material M_Terrain, compiling. 
[2015.09.01-19.53.54:593][310]LogMaterial: Missing cached shader map for material M_Terrain, compiling. 
[2015.09.01-19.53.54:613][310]LogMaterial: Missing cached shader map for material M_Terrain, compiling. 
[2015.09.01-19.53.54:632][310]LogMaterial: Missing cached shader map for material M_Terrain, compiling. 
[2015.09.01-19.53.54:655][310]LogMaterial: Missing cached shader map for material M_Terrain, compiling. 
[2015.09.01-19.53.54:681][310]LogMaterial: Missing cached shader map for material M_Terrain, compiling. 
[2015.09.01-19.53.54:700][310]LogMaterial: Missing cached shader map for material M_Terrain, compiling. 
[2015.09.01-19.53.54:720][310]LogMaterial: Missing cached shader map for material M_Terrain, compiling. 
[2015.09.01-19.53.54:740][310]LogMaterial: Missing cached shader map for material M_Terrain, compiling. 
[2015.09.01-19.53.54:760][310]LogMaterial: 0.148971 seconds spent updating 1 materials, 1 interfaces, 76 instances, 7 with static permutations.
[2015.09.01-19.54.00:118][310]Cmd: OBJ SAVEPACKAGE PACKAGE="/Game/StarterContent/Materials/M_Terrain" FILE="../../../../../../documents/3d/minuit/MinuitGame/Minuit/Content/StarterContent/Materials/M_Terrain.uasset" SILENT=true
[2015.09.01-19.54.00:484][310]LogSavePackage: Save=332.122009ms
[2015.09.01-19.54.00:484][310]LogSavePackage: Moving '../../../../../../documents/3d/minuit/MinuitGame/Minuit/Saved/M_Terrain83DA27B74EA53587FDCB50A8E1BFF7B9.tmp' to '../../../../../../documents/3d/minuit/MinuitGame/Minuit/Content/StarterContent/Materials/M_Terrain.uasset'
[2015.09.01-19.54.01:523][351]LogPlayLevel: PIE:  No blueprints needed recompiling
[2015.09.01-19.54.01:523][351]PIE: New page: PIE session: M_Master (Sep 1, 2015, 11:54:01 AM)
[2015.09.01-19.54.01:529][351]LogPlayLevel: PIE: StaticDuplicateObject took: (0.005052s)
[2015.09.01-19.54.01:529][351]LogPlayLevel: PIE: World Init took: (0.000420s)
[2015.09.01-19.54.01:529][351]LogPlayLevel: PIE: Created PIE world by copying editor world from /Game/StarterContent/Maps/M_Master.M_Master to /Game/StarterContent/Maps/UEDPIE_0_M_Master.M_Master (0.005617s)
[2015.09.01-19.54.01:670][351]LogWorld: Game class is 'GameMode'
[2015.09.01-19.54.01:741][351]LogWorld: PIE: Copying PIE streaming level from /Game/StarterContent/Maps/M_Forest_Bas.M_Forest_Bas to /Game/StarterContent/Maps/UEDPIE_0_M_Forest_Bas.M_Forest_Bas. OwningWorld: /Game/StarterContent/Maps/UEDPIE_0_M_Master.M_Master
[2015.09.01-19.54.01:756][351]LogWorld: PIE: Copying PIE streaming level from /Game/StarterContent/Maps/M_Greybox.M_Greybox to /Game/StarterContent/Maps/UEDPIE_0_M_Greybox.M_Greybox. OwningWorld: /Game/StarterContent/Maps/UEDPIE_0_M_Master.M_Master
[2015.09.01-19.54.01:757][351]LogWorld: PIE: Copying PIE streaming level from /Game/StarterContent/Maps/M_Maison.M_Maison to /Game/StarterContent/Maps/UEDPIE_0_M_Maison.M_Maison. OwningWorld: /Game/StarterContent/Maps/UEDPIE_0_M_Master.M_Master
[2015.09.01-19.54.01:763][351]LogWorld: PIE: Copying PIE streaming level from /Game/StarterContent/Maps/M_Lighting.M_Lighting to /Game/StarterContent/Maps/UEDPIE_0_M_Lighting.M_Lighting. OwningWorld: /Game/StarterContent/Maps/UEDPIE_0_M_Master.M_Master
[2015.09.01-19.54.01:764][351]LogWorld: PIE: Copying PIE streaming level from /Game/StarterContent/Maps/M_Forest_Haut.M_Forest_Haut to /Game/StarterContent/Maps/UEDPIE_0_M_Forest_Haut.M_Forest_Haut. OwningWorld: /Game/StarterContent/Maps/UEDPIE_0_M_Master.M_Master
[2015.09.01-19.54.01:863][351]LogAIModule: Creating AISystem for world M_Master
[2015.09.01-19.54.01:864][351]LogWorld: Bringing World /Game/StarterContent/Maps/UEDPIE_0_M_Master.M_Master up for play (max tick rate 0) at 2015.09.01-15.54.01
[2015.09.01-19.54.01:877][351]LogWorld: Bringing up level for play took: 0.014053
[2015.09.01-19.54.01:928][351]PIE: Info Play in editor start time for /Game/StarterContent/Maps/UEDPIE_0_M_Master 0.065
[2015.09.01-19.54.12:576][698]LogShaderCompilers:Warning: Failed to compile Material /Game/StarterContent/Materials/M_Terrain.M_Terrain for platform PCD3D_SM5, Default Material will be used in game.
[2015.09.01-19.54.53:192][941]LogParticles: Destroying 0 GPU particle simulations for FXSystem 0x000000002D2A4E00
[2015.09.01-19.54.59:651][430]Cmd: QUIT_EDITOR
[2015.09.01-19.54.59:898][430]LogExit: Preparing to exit.
[2015.09.01-19.55.00:254][430]LogExit: Editor shut down
[2015.09.01-19.55.00:254][430]LogExit: Transaction tracking system shut down
[2015.09.01-19.55.00:254][430]LogParticles: Destroying 0 GPU particle simulations for FXSystem 0x000000000E3A3B00
[2015.09.01-19.55.00:256][430]LogParticles: Destroying 0 GPU particle simulations for FXSystem 0x00000000168CB920
[2015.09.01-19.55.00:256][430]LogParticles: Destroying 0 GPU particle simulations for FXSystem 0x000000001BA479C0
[2015.09.01-19.55.00:257][430]LogParticles: Destroying 0 GPU particle simulations for FXSystem 0x0000000020804360
[2015.09.01-19.55.00:262][430]LogParticles: Destroying 0 GPU particle simulations for FXSystem 0x00000000207CCAE0
[2015.09.01-19.55.00:506][430]LogExit: Object subsystem successfully closed.
[2015.09.01-19.55.00:647][430]LogModuleManager: Shutting down and abandoning module MaterialEditor (178)
[2015.09.01-19.55.00:647][430]LogModuleManager: Shutting down and abandoning module CrashTracker (177)
[2015.09.01-19.55.00:647][430]LogModuleManager: Shutting down and abandoning module SuperSearch (176)
[2015.09.01-19.55.00:647][430]LogModuleManager: Shutting down and abandoning module SceneOutliner (175)
[2015.09.01-19.55.00:647][430]LogModuleManager: Shutting down and abandoning module EditorWidgets (174)
[2015.09.01-19.55.00:647][430]LogModuleManager: Shutting down and abandoning module CollectionManager (173)
[2015.09.01-19.55.00:656][430]LogModuleManager: Shutting down and abandoning module StatsViewer (172)
[2015.09.01-19.55.00:657][430]LogModuleManager: Shutting down and abandoning module FoliageEdit (171)
[2015.09.01-19.55.00:657][430]LogModuleManager: Shutting down and abandoning module LandscapeEditor (170)
[2015.09.01-19.55.00:657][430]LogModuleManager: Shutting down and abandoning module MeshPaint (169)
[2015.09.01-19.55.00:657][430]LogModuleManager: Shutting down and abandoning module ActorPickerMode (168)
[2015.09.01-19.55.00:657][430]LogModuleManager: Shutting down and abandoning module GeometryMode (167)
[2015.09.01-19.55.00:657][430]LogModuleManager: Shutting down and abandoning module TextureAlignMode (166)
[2015.09.01-19.55.00:657][430]LogModuleManager: Shutting down and abandoning module BspMode (165)
[2015.09.01-19.55.00:657][430]LogModuleManager: Shutting down and abandoning module PlacementMode (164)
[2015.09.01-19.55.00:657][430]LogModuleManager: Shutting down and abandoning module AutomationWorker (163)
[2015.09.01-19.55.00:657][430]LogModuleManager: Shutting down and abandoning module CharacterAI (162)
[2015.09.01-19.55.00:657][430]LogModuleManager: Shutting down and abandoning module SmartSnapping (161)
[2015.09.01-19.55.00:657][430]LogModuleManager: Shutting down and abandoning module ViewportSnapping (160)
[2015.09.01-19.55.00:657][430]LogModuleManager: Shutting down and abandoning module LogVisualizer (159)
[2015.09.01-19.55.00:657][430]LogModuleManager: Shutting down and abandoning module GameProjectGeneration (158)
[2015.09.01-19.55.00:671][430]LogModuleManager: Shutting down and abandoning module IntroTutorials (157)
[2015.09.01-19.55.00:695][430]LogModuleManager: Shutting down and abandoning module EditorLiveStreaming (156)
[2015.09.01-19.55.00:695][430]LogModuleManager: Shutting down and abandoning module HardwareTargeting (155)
[2015.09.01-19.55.00:695][430]LogModuleManager: Shutting down and abandoning module DeviceProfileEditor (154)
[2015.09.01-19.55.00:695][430]LogModuleManager: Shutting down and abandoning module UndoHistory (153)
[2015.09.01-19.55.00:695][430]LogModuleManager: Shutting down and abandoning module GameplayTagsEditor (152)
[2015.09.01-19.55.00:695][430]LogModuleManager: Shutting down and abandoning module UserFeedback (151)
[2015.09.01-19.55.00:695][430]LogModuleManager: Shutting down and abandoning module XmlParser (150)
[2015.09.01-19.55.00:695][430]LogModuleManager: Shutting down and abandoning module Blutility (149)
[2015.09.01-19.55.00:695][430]LogModuleManager: Shutting down and abandoning module IOSPlatformEditor (148)
[2015.09.01-19.55.00:695][430]LogModuleManager: Shutting down and abandoning module IOSRuntimeSettings (147)
[2015.09.01-19.55.00:695][430]LogModuleManager: Shutting down and abandoning module AndroidDeviceDetection (146)
[2015.09.01-19.55.01:491][430]LogModuleManager: Shutting down and abandoning module AndroidPlatformEditor (145)
[2015.09.01-19.55.01:491][430]LogModuleManager: Shutting down and abandoning module AndroidRuntimeSettings (144)
[2015.09.01-19.55.01:491][430]LogModuleManager: Shutting down and abandoning module ProjectTargetPlatformEditor (143)
[2015.09.01-19.55.01:491][430]LogModuleManager: Shutting down and abandoning module ProjectSettingsViewer (142)
[2015.09.01-19.55.01:491][430]LogModuleManager: Shutting down and abandoning module InputBindingEditor (141)
[2015.09.01-19.55.01:491][430]LogModuleManager: Shutting down and abandoning module EditorSettingsViewer (140)
[2015.09.01-19.55.01:491][430]LogModuleManager: Shutting down and abandoning module SettingsEditor (139)
[2015.09.01-19.55.01:505][430]LogModuleManager: Shutting down and abandoning module ProjectLauncher (138)
[2015.09.01-19.55.01:505][430]LogModuleManager: Shutting down and abandoning module SessionFrontend (137)
[2015.09.01-19.55.01:505][430]LogModuleManager: Shutting down and abandoning module ProfilerClient (136)
[2015.09.01-19.55.01:517][430]LogModuleManager: Shutting down and abandoning module TargetDeviceServices (135)
[2015.09.01-19.55.01:517][430]LogModuleManager: Shutting down and abandoning module DeviceManager (134)
[2015.09.01-19.55.01:518][430]LogModuleManager: Shutting down and abandoning module AutomationController (133)
[2015.09.01-19.55.01:518][430]LogModuleManager: Shutting down and abandoning module AutomationWindow (132)
[2015.09.01-19.55.01:530][430]LogModuleManager: Shutting down and abandoning module Layers (131)
[2015.09.01-19.55.01:551][430]LogModuleManager: Shutting down and abandoning module ComponentVisualizers (130)
[2015.09.01-19.55.01:551][430]LogModuleManager: Shutting down and abandoning module DetailCustomizations (129)
[2015.09.01-19.55.01:551][430]LogModuleManager: Shutting down and abandoning module PackagesDialog (128)
[2015.09.01-19.55.01:551][430]LogModuleManager: Shutting down and abandoning module AssetRegistry (127)
[2015.09.01-19.55.01:615][430]LogModuleManager: Shutting down and abandoning module Persona (126)
[2015.09.01-19.55.01:628][430]LogModuleManager: Shutting down and abandoning module SlateReflector (125)
[2015.09.01-19.55.01:639][430]LogModuleManager: Shutting down and abandoning module LevelEditor (124)
[2015.09.01-19.55.01:640][430]LogModuleManager: Shutting down and abandoning module Kismet (123)
[2015.09.01-19.55.01:640][430]LogModuleManager: Shutting down and abandoning module GraphEditor (122)
[2015.09.01-19.55.01:640][430]LogModuleManager: Shutting down and abandoning module ClassViewer (121)
[2015.09.01-19.55.01:640][430]LogModuleManager: Shutting down and abandoning module Toolbox (120)
[2015.09.01-19.55.01:640][430]LogModuleManager: Shutting down and abandoning module ModuleUI (119)
[2015.09.01-19.55.01:656][430]LogModuleManager: Shutting down and abandoning module MovieSceneTools (118)
[2015.09.01-19.55.01:664][430]LogModuleManager: Shutting down and abandoning module OutputLog (117)
[2015.09.01-19.55.01:664][430]LogModuleManager: Shutting down and abandoning module GammaUI (116)
[2015.09.01-19.55.01:675][430]LogModuleManager: Shutting down and abandoning module Documentation (115)
[2015.09.01-19.55.01:675][430]LogModuleManager: Shutting down and abandoning module GameLiveStreaming (114)
[2015.09.01-19.55.01:675][430]LogModuleManager: Shutting down and abandoning module StreamingPauseRendering (113)
[2015.09.01-19.55.01:675][430]LogModuleManager: Shutting down and abandoning module HTTP (112)
[2015.09.01-19.55.01:675][430]LogModuleManager: Shutting down and abandoning module AnalyticsET (111)
[2015.09.01-19.55.01:675][430]LogModuleManager: Shutting down and abandoning module Analytics (110)
[2015.09.01-19.55.01:675][430]LogModuleManager: Shutting down and abandoning module AITestSuite (109)
[2015.09.01-19.55.01:675][430]LogModuleManager: Shutting down and abandoning module GameplayDebugger (108)
[2015.09.01-19.55.01:675][430]LogModuleManager: Shutting down and abandoning module AIModule (107)
[2015.09.01-19.55.01:675][430]LogModuleManager: Shutting down and abandoning module ProfilerService (106)
[2015.09.01-19.55.01:793][430]LogModuleManager: Shutting down and abandoning module TaskGraph (105)
[2015.09.01-19.55.01:807][430]LogModuleManager: Shutting down and abandoning module SlateRemote (104)
[2015.09.01-19.55.01:807][430]LogModuleManager: Shutting down and abandoning module ScriptEditorPlugin (103)
[2015.09.01-19.55.01:807][430]LogModuleManager: Shutting down and abandoning module CustomMeshComponent (102)
[2015.09.01-19.55.01:808][430]LogModuleManager: Shutting down and abandoning module CableComponent (101)
[2015.09.01-19.55.01:808][430]LogModuleManager: Shutting down and abandoning module MessagingDebugger (100)
[2015.09.01-19.55.01:826][430]LogModuleManager: Shutting down and abandoning module MediaPlayerEditor (99)
[2015.09.01-19.55.01:837][430]LogModuleManager: Shutting down and abandoning module SpeedTreeImporter (98)
[2015.09.01-19.55.01:837][430]LogModuleManager: Shutting down and abandoning module PluginsEditor (97)
[2015.09.01-19.55.01:837][430]LogModuleManager: Shutting down and abandoning module MainFrame (96)
[2015.09.01-19.55.01:837][430]LogModuleManager: Shutting down and abandoning module EpicSurvey (95)
[2015.09.01-19.55.01:837][430]LogModuleManager: Shutting down and abandoning module DesktopPlatform (94)
[2015.09.01-19.55.01:837][430]LogModuleManager: Shutting down and abandoning module DirectoryWatcher (93)
[2015.09.01-19.55.01:837][430]LogModuleManager: Shutting down and abandoning module HotReload (92)
[2015.09.01-19.55.01:837][430]LogModuleManager: Shutting down and abandoning module VisualStudioSourceCodeAccess (91)
[2015.09.01-19.55.01:837][430]LogModuleManager: Shutting down and abandoning module UObjectPlugin (90)
[2015.09.01-19.55.01:837][430]LogModuleManager: Shutting down and abandoning module SubversionSourceControl (89)
[2015.09.01-19.55.01:837][430]LogModuleManager: Shutting down and abandoning module PerforceSourceControl (88)
[2015.09.01-19.55.01:848][430]LogModuleManager: Shutting down and abandoning module SourceControl (87)
[2015.09.01-19.55.01:848][430]LogModuleManager: Shutting down and abandoning module GitSourceControl (86)
[2015.09.01-19.55.01:848][430]LogModuleManager: Shutting down and abandoning module BlankPlugin (85)
[2015.09.01-19.55.01:848][430]LogModuleManager: Shutting down and abandoning module PaperTiledImporter (84)
[2015.09.01-19.55.01:848][430]LogModuleManager: Shutting down and abandoning module PaperJsonImporter (83)
[2015.09.01-19.55.01:848][430]LogModuleManager: Shutting down and abandoning module ContentBrowser (82)
[2015.09.01-19.55.01:849][430]LogModuleManager: Shutting down and abandoning module Paper2DEditor (81)
[2015.09.01-19.55.01:849][430]LogModuleManager: Shutting down and abandoning module ScriptPlugin (80)
[2015.09.01-19.55.01:854][430]LogModuleManager: Shutting down and abandoning module UdpMessaging (79)
[2015.09.01-19.55.01:954][430]LogModuleManager: Shutting down and abandoning module Paper2D (78)
[2015.09.01-19.55.01:954][430]LogModuleManager: Shutting down and abandoning module WindowsMoviePlayer (77)
[2015.09.01-19.55.01:954][430]LogModuleManager: Shutting down and abandoning module Media (76)
[2015.09.01-19.55.01:954][430]LogModuleManager: Shutting down and abandoning module WmfMedia (75)
[2015.09.01-19.55.01:955][430]LogModuleManager: Shutting down and abandoning module OnlineBlueprintSupport (74)
[2015.09.01-19.55.01:955][430]LogModuleManager: Shutting down and abandoning module PropertyEditor (73)
[2015.09.01-19.55.01:955][430]LogModuleManager: Shutting down and abandoning module BehaviorTreeEditor (72)
[2015.09.01-19.55.01:969][430]LogModuleManager: Shutting down and abandoning module FunctionalTesting (71)
[2015.09.01-19.55.01:969][430]LogModuleManager: Shutting down and abandoning module CollisionAnalyzer (70)
[2015.09.01-19.55.01:988][430]LogModuleManager: Shutting down and abandoning module WorkspaceMenuStructure (69)
[2015.09.01-19.55.01:988][430]LogModuleManager: Shutting down and abandoning module MessageLog (68)
[2015.09.01-19.55.01:988][430]LogModuleManager: Shutting down and abandoning module Sequencer (67)
[2015.09.01-19.55.02:006][430]LogModuleManager: Shutting down and abandoning module AssetTools (66)
[2015.09.01-19.55.02:021][430]LogModuleManager: Shutting down and abandoning module UMGEditor (65)
[2015.09.01-19.55.02:038][430]LogModuleManager: Shutting down and abandoning module UMG (64)
[2015.09.01-19.55.02:052][430]LogModuleManager: Shutting down and abandoning module Slate (63)
[2015.09.01-19.55.02:052][430]LogModuleManager: Shutting down and abandoning module EditorStyle (62)
[2015.09.01-19.55.02:054][430]LogModuleManager: Shutting down and abandoning module SessionServices (61)
[2015.09.01-19.55.02:054][430]LogModuleManager: Shutting down and abandoning module SourceCodeAccess (60)
[2015.09.01-19.55.02:054][430]LogModuleManager: Shutting down and abandoning module HeadMountedDisplay (59)
[2015.09.01-19.55.02:054][430]LogModuleManager: Shutting down and abandoning module XAudio2 (58)
[2015.09.01-19.55.02:054][430]LogModuleManager: Shutting down and abandoning module Networking (56)
[2015.09.01-19.55.02:054][430]LogModuleManager: Shutting down and abandoning module Core (55)
[2015.09.01-19.55.02:054][430]LogModuleManager: Shutting down and abandoning module KismetCompiler (54)
[2015.09.01-19.55.02:054][430]LogModuleManager: Shutting down and abandoning module PhysXFormats (53)
[2015.09.01-19.55.02:054][430]LogModuleManager: Shutting down and abandoning module MeshUtilities (52)
[2015.09.01-19.55.02:066][430]LogModuleManager: Shutting down and abandoning module DerivedDataCache (51)
[2015.09.01-19.55.02:121][430]LogDerivedDataCache: Shutdown
[2015.09.01-19.55.02:121][430]LogModuleManager: Shutting down and abandoning module ShaderFormatOpenGL (50)
[2015.09.01-19.55.02:132][430]LogModuleManager: Shutting down and abandoning module ShaderFormatD3D (49)
[2015.09.01-19.55.02:132][430]LogModuleManager: Shutting down and abandoning module MetalShaderFormat (48)
[2015.09.01-19.55.02:140][430]LogModuleManager: Shutting down and abandoning module TextureFormatUncompressed (47)
[2015.09.01-19.55.02:140][430]LogModuleManager: Shutting down and abandoning module TextureFormatPVR (46)
[2015.09.01-19.55.02:140][430]LogModuleManager: Shutting down and abandoning module TextureFormatIntelISPCTexComp (45)
[2015.09.01-19.55.02:140][430]LogModuleManager: Shutting down and abandoning module TextureFormatDXT (44)
[2015.09.01-19.55.02:140][430]LogModuleManager: Shutting down and abandoning module ImageWrapper (43)
[2015.09.01-19.55.02:140][430]LogModuleManager: Shutting down and abandoning module TextureFormatASTC (42)
[2015.09.01-19.55.02:140][430]LogModuleManager: Shutting down and abandoning module TextureFormatAndroid (41)
[2015.09.01-19.55.02:140][430]LogModuleManager: Shutting down and abandoning module AudioFormatOpus (40)
[2015.09.01-19.55.02:140][430]LogModuleManager: Shutting down and abandoning module AudioFormatOgg (39)
[2015.09.01-19.55.02:140][430]LogModuleManager: Shutting down and abandoning module AudioFormatADPCM (38)
[2015.09.01-19.55.02:140][430]LogModuleManager: Shutting down and abandoning module LinuxTargetPlatform (37)
[2015.09.01-19.55.02:140][430]LogModuleManager: Shutting down and abandoning module LinuxServerTargetPlatform (36)
[2015.09.01-19.55.02:140][430]LogModuleManager: Shutting down and abandoning module LinuxNoEditorTargetPlatform (35)
[2015.09.01-19.55.02:140][430]LogModuleManager: Shutting down and abandoning module Messaging (34)
[2015.09.01-19.55.02:140][430]LogModuleManager: Shutting down and abandoning module IOSTargetPlatform (33)
[2015.09.01-19.55.02:140][430]LogModuleManager: Shutting down and abandoning module HTML5TargetPlatform (32)
[2015.09.01-19.55.02:140][430]LogModuleManager: Shutting down and abandoning module Android_PVRTCTargetPlatform (31)
[2015.09.01-19.55.02:140][430]LogModuleManager: Shutting down and abandoning module Android_ETC2TargetPlatform (30)
[2015.09.01-19.55.02:140][430]LogModuleManager: Shutting down and abandoning module Android_ETC1TargetPlatform (29)
[2015.09.01-19.55.02:140][430]LogModuleManager: Shutting down and abandoning module Android_ES31TargetPlatform (28)
[2015.09.01-19.55.02:140][430]LogModuleManager: Shutting down and abandoning module Android_DXTTargetPlatform (27)
[2015.09.01-19.55.02:140][430]LogModuleManager: Shutting down and abandoning module Android_ATCTargetPlatform (26)
[2015.09.01-19.55.02:140][430]LogModuleManager: Shutting down and abandoning module AndroidTargetPlatform (25)
[2015.09.01-19.55.02:140][430]LogModuleManager: Shutting down and abandoning module WindowsTargetPlatform (24)
[2015.09.01-19.55.02:140][430]LogModuleManager: Shutting down and abandoning module WindowsServerTargetPlatform (23)
[2015.09.01-19.55.02:140][430]LogModuleManager: Shutting down and abandoning module WindowsNoEditorTargetPlatform (22)
[2015.09.01-19.55.02:140][430]LogModuleManager: Shutting down and abandoning module WindowsClientTargetPlatform (21)
[2015.09.01-19.55.02:140][430]LogModuleManager: Shutting down and abandoning module TargetPlatform (20)
[2015.09.01-19.55.02:140][430]LogModuleManager: Shutting down and abandoning module InputCore (19)
[2015.09.01-19.55.02:140][430]LogModuleManager: Shutting down and abandoning module Settings (18)
[2015.09.01-19.55.02:140][430]LogModuleManager: Shutting down and abandoning module OnlineSubsystem (16)
[2015.09.01-19.55.02:140][430]LogModuleManager: Shutting down and abandoning module OculusRift (15)
[2015.09.01-19.55.02:140][430]LogModuleManager: Shutting down and abandoning module ExampleDeviceProfileSelector (14)
[2015.09.01-19.55.02:140][430]LogModuleManager: Shutting down and abandoning module TextureCompressor (13)
[2015.09.01-19.55.02:140][430]LogModuleManager: Shutting down and abandoning module ShaderCore (12)
[2015.09.01-19.55.02:140][430]LogModuleManager: Shutting down and abandoning module Landscape (11)
[2015.09.01-19.55.02:140][430]LogModuleManager: Shutting down and abandoning module SlateRHIRenderer (10)
[2015.09.01-19.55.02:142][430]LogModuleManager: Shutting down and abandoning module OpenGLDrv (9)
[2015.09.01-19.55.02:142][430]LogModuleManager: Shutting down and abandoning module D3D11RHI (8)
[2015.09.01-19.55.02:142][430]LogModuleManager: Shutting down and abandoning module Renderer (7)
[2015.09.01-19.55.02:142][430]LogModuleManager: Shutting down and abandoning module Engine (6)
[2015.09.01-19.55.02:142][430]LogModuleManager: Shutting down and abandoning module CoreUObject (5)
[2015.09.01-19.55.02:142][430]LogModuleManager: Shutting down and abandoning module NetworkFile (4)
[2015.09.01-19.55.02:142][430]LogModuleManager: Shutting down and abandoning module StreamingFile (3)
[2015.09.01-19.55.02:142][430]LogModuleManager: Shutting down and abandoning module SandboxFile (2)
[2015.09.01-19.55.02:142][430]LogModuleManager: Shutting down and abandoning module PakFile (1)
[2015.09.01-19.55.02:148][430]LogExit: Exiting.
[2015.09.01-19.55.02:152][430]Log file closed, 09/01/15 15:55:02
