Log file open, 08/20/15 15:47:40
LogInit:Display: Running engine for game: Minuit
LogInit: Version: 4.7.6-2513093+++depot+UE4-Releases+4.7
LogInit: API Version: 2455222
LogInit: Compiled (64-bit): Apr 15 2015 12:09:54
LogInit: Compiled with Visual C++: 18.00.21005.01
LogInit: Build Configuration: Development
LogInit: Branch Name: ++depot+UE4-Releases+4.7
LogInit: Command line:  
LogInit: Base directory: E:/Program Files/Unreal Engine/4.7/Engine/Binaries/Win64/
LogInit: Rocket: 1
[2015.08.20-19.47.40:087][  0]LogTaskGraph: Started task graph with 3 named threads and 6 total threads.
[2015.08.20-19.47.40:150][  0]LogOnline:Warning: No default platform service specified for OnlineSubsystem
[2015.08.20-19.47.40:239][  0]LogInit: Presizing for 0 objects not considered by GC, pre-allocating 0 bytes.
[2015.08.20-19.47.40:404][  0]LogInit: Object subsystem initialized
[2015.08.20-19.47.40:477][  0]LogConsoleResponse:Warning: Skipping Unknown console variable: 'TranslucentSortAxis = (X=0.000000,Y=-1.000000,Z=0.000000)'
[2015.08.20-19.47.40:477][  0]LogConsoleResponse:Warning:   Found in ini file 'E:/documents/3d/minuit/MinuitGame/Minuit/Saved/Config/Windows/Engine.ini', in section '[/Script/Engine.RendererSettings]'
[2015.08.20-19.47.40:477][  0]LogConsoleResponse:Warning: Skipping Unknown console variable: 'UIScaleRule = ShortestSide'
[2015.08.20-19.47.40:477][  0]LogConsoleResponse:Warning:   Found in ini file 'E:/documents/3d/minuit/MinuitGame/Minuit/Saved/Config/Windows/Engine.ini', in section '[/Script/Engine.RendererSettings]'
[2015.08.20-19.47.40:477][  0]LogConsoleResponse:Warning: Skipping Unknown console variable: 'UIScaleCurve = (EditorCurveData=(Keys=),ExternalCurve=None)'
[2015.08.20-19.47.40:477][  0]LogConsoleResponse:Warning:   Found in ini file 'E:/documents/3d/minuit/MinuitGame/Minuit/Saved/Config/Windows/Engine.ini', in section '[/Script/Engine.RendererSettings]'
[2015.08.20-19.47.40:519][  0]LogInit: Selected Device Profile: [Windows]
[2015.08.20-19.47.40:520][  0]LogInit: Applying CVar settings loaded from the selected device profile: [Windows]
[2015.08.20-19.47.40:589][  0]LogInit: Computer: ETT_
[2015.08.20-19.47.40:589][  0]LogInit: User: ETt
[2015.08.20-19.47.40:589][  0]LogInit: CPU Page size=4096, Cores=4
[2015.08.20-19.47.40:589][  0]LogInit: High frequency timer resolution =3.318427 MHz
[2015.08.20-19.47.40:589][  0]LogMemory: Memory total: Physical=7.9GB (8GB approx) Virtual=8192.0GB
[2015.08.20-19.47.40:589][  0]LogMemory: Platform Memory Stats for Windows
[2015.08.20-19.47.40:589][  0]LogMemory: Process Physical Memory: 47.65 MB used, 47.65 MB peak
[2015.08.20-19.47.40:589][  0]LogMemory: Process Virtual Memory: 27.84 MB used, 27.84 MB peak
[2015.08.20-19.47.40:589][  0]LogMemory: Physical Memory: 2632.65 MB used, 8130.77 MB total
[2015.08.20-19.47.40:589][  0]LogMemory: Virtual Memory: 278.17 MB used, 8388608.00 MB total
[2015.08.20-19.47.40:667][  0]LogD3D11RHI: Found D3D11 adapter 0: NVIDIA GeForce GTX 770 (Feature Level 11_0)
[2015.08.20-19.47.40:667][  0]LogD3D11RHI: Adapter has 1990MB of dedicated video memory, 0MB of dedicated system memory, and 2048MB of shared system memory, 2 output[s]
[2015.08.20-19.47.40:667][  0]LogD3D11RHI: Chosen D3D11 Adapter Id = 0
[2015.08.20-19.47.40:672][  0]LogRHI: Texture pool is 1361 MB (70% of 1945 MB)
[2015.08.20-19.47.40:680][  0]LogD3D11RHI: Async texture creation enabled
[2015.08.20-19.47.41:693][  0]LogTextLocalizationManager: The requested culture ('fr_FR') has no localization data; falling back to 'en' for localization and internationalization data.
[2015.08.20-19.47.41:810][  0]LogTextLocalizationManager:Warning: Loading localization resources contain conflicting entries for (Namespace:UICommands, Key:Save_ToolTip):
Resource: (E:/Program Files/Unreal Engine/4.7/Engine/Content/Localization/Editor/en/Editor.locres) Hash: (-29098895) String: (Saves the current level to disk)
Resource: (E:/Program Files/Unreal Engine/4.7/Engine/Content/Localization/Engine/en/Engine.locres) Hash: (-1280300587) String: (Save selected data to vlog file)
[2015.08.20-19.47.41:810][  0]LogTextLocalizationManager:Warning: Loading localization resources contain conflicting entries for (Namespace:ContentBrowser, Key:ImportAssetToolTip):
Resource: (E:/Program Files/Unreal Engine/4.7/Engine/Content/Localization/Editor/en/Editor.locres) Hash: (-630476809) String: (Import to {0}...)
Resource: (E:/Program Files/Unreal Engine/4.7/Engine/Content/Localization/Editor/en/Editor.locres) Hash: (1271782899) String: (Imports an asset from file to this folder.)
[2015.08.20-19.47.41:915][  0]LogContentStreaming: Texture pool size is 0.000000MB
[2015.08.20-19.47.45:308][  0]LogTargetPlatformManager:Display: Building Assets For Windows
[2015.08.20-19.47.46:083][  0]LogTargetPlatformManager:Display: Building Assets For Windows
[2015.08.20-19.47.46:183][  0]LogDerivedDataCache:Display: Max Cache Size: 512 MB
[2015.08.20-19.47.46:315][  0]LogDerivedDataCache: Loaded boot cache 0.13s 39MB C:/Users/ETt/AppData/Local/UnrealEngine/4.7/DerivedDataCache/Boot.ddc.
[2015.08.20-19.47.46:315][  0]LogDerivedDataCache:Display: Loaded Boot cache: C:/Users/ETt/AppData/Local/UnrealEngine/4.7/DerivedDataCache/Boot.ddc
[2015.08.20-19.47.46:315][  0]LogDerivedDataCache: FDerivedDataBackendGraph:  Pak pak cache file ../../../../../../documents/3d/minuit/MinuitGame/Minuit/DerivedDataCache/DDC.ddp not found, will not use a pak cache.
[2015.08.20-19.47.46:315][  0]LogDerivedDataCache: Unable to find inner node Pak for hierarchical cache Hierarchy.
[2015.08.20-19.47.46:448][  0]LogDerivedDataCache:Display: Pak cache opened for reading ../../../Engine/DerivedDataCache/Compressed.ddp.
[2015.08.20-19.47.46:460][  0]LogDerivedDataCache: Using Local data cache path C:/Users/ETt/AppData/Local/UnrealEngine/Common/DerivedDataCache: Writable
[2015.08.20-19.47.52:068][  0]LogMeshUtilities: No automatic mesh reduction module available
[2015.08.20-19.47.52:068][  0]LogMeshUtilities: No automatic mesh merging module available
[2015.08.20-19.47.54:817][  0]LogInit: WinSock: version 1.1 (2.2), MaxSocks=32767, MaxUdp=65467
[2015.08.20-19.47.55:139][  0]LogSlate:Warning: Failed to load font data from '../../../Engine/Content/Slate/Fonts/Roboto-Italic.ttf'
[2015.08.20-19.48.04:729][  0]UdpMessaging: Initializing bridge on interface 0.0.0.0:0 to multicast group 230.0.0.1:6666.
[2015.08.20-19.48.05:470][  0]SourceControl: Info Source control is disabled
[2015.08.20-19.48.05:481][  0]SourceControl: Info Source control is disabled
[2015.08.20-19.48.05:481][  0]SourceControl: Info Source control is disabled
[2015.08.20-19.48.05:481][  0]LogSourceControl: RunCommandInternalRaw: 'git version'
[2015.08.20-19.48.05:481][  0]LogSourceControl: RunCommandInternalRaw: ExecProcess ReturnCode=2 OutResults=''
[2015.08.20-19.48.05:491][  0]SourceControl: Info Source control is disabled
[2015.08.20-19.48.06:381][  0]LogObj: 24232 objects as part of root set at end of initial load.
[2015.08.20-19.48.06:381][  0]LogUObjectAllocator: 5137168 out of 0 bytes used by permanent object pool.
[2015.08.20-19.48.06:901][  0]LogEngine: Initializing Engine...
[2015.08.20-19.48.09:362][  0]LogInit: XAudio2 using 'Speakers (Realtek High Definition Audio)' : 2 channels at 48 kHz using 32 bits per sample (channel mask 0x3)
[2015.08.20-19.48.09:381][  0]LogInit: FAudioDevice initialized.
[2015.08.20-19.48.09:751][  0]LogAIModule: Creating AISystem for world NewWorld
[2015.08.20-19.48.09:814][  0]LogDerivedDataCache: Saved boot cache 0.02s 39MB C:/Users/ETt/AppData/Local/UnrealEngine/4.7/DerivedDataCache/Boot.ddc.
[2015.08.20-19.48.09:816][  0]LogInit: Texture streaming: Enabled
[2015.08.20-19.48.10:395][  0]LogAnalytics: Creating configured Analytics provider AnalyticsET
[2015.08.20-19.48.10:395][  0]LogAnalytics: ET APIKey = Rocket.Release. APIServer = http://et2.epicgames.com/ET2/. AppVersion = 4.7.6-2513093+++depot+UE4-Releases+4.7
[2015.08.20-19.48.10:395][  0]LogAnalytics: ET APIKey = Rocket.Release. DataRouterUploadURL = https://datarouter-public-service-gamedev.ol.epicgames.net/datarouter/api/v1/public/data. AppVersion = 4.7.6-2513093+++depot+UE4-Releases+4.7
[2015.08.20-19.48.10:395][  0]LogAnalytics: SetUserId 2d8f9b434cd97107b008209c3b4c51aa|e67cdf50177141fe8e020345bd104ee2|091128b7-7c0a-4bff-8890-6bc6add436c4
[2015.08.20-19.48.10:413][  0]LogAnalytics: AnalyticsET::StartSession [Rocket.Release]
[2015.08.20-19.48.10:550][  0]LogInit: Transaction tracking system initialized
[2015.08.20-19.48.12:299][  0]BlueprintLog: New page: Editor Load
[2015.08.20-19.48.12:428][  0]LogAssetRegistry: FAssetRegistry took 0.0481 seconds to start up
[2015.08.20-19.48.12:428][  0]LogDirectoryWatcher:Warning: Failed to begin reading directory changes for ../../../Engine/Plugins/Experimental/CharacterAI/Content/. Error: 0
[2015.08.20-19.48.17:036][  0]LogTargetPlatformManager:Display: Building Assets For Windows
[2015.08.20-19.48.17:402][  0]LogTargetPlatformManager:Display: Building Assets For Windows
[2015.08.20-19.48.20:459][  0]LogSlate:Warning: Failed to load font data from '../../../Engine/Content/Editor/Slate/Fonts/Roboto-Regular.ttf'
[2015.08.20-19.48.20:460][  0]LogSlate:Warning: Failed to load font data from '../../../Engine/Content/Editor/Slate/Fonts/Roboto-Bold.ttf'
[2015.08.20-19.48.20:561][  0]LogConsoleResponse:Display: 
[2015.08.20-19.48.25:563][  0]LogCook:Display: Done creating registry. It took  0.00s.
[2015.08.20-19.48.27:174][  0]SourceControl: Info Source control is disabled
[2015.08.20-19.48.27:282][  0]Cmd: MAP LOAD FILE="../../../../../../documents/3d/minuit/MinuitGame/Minuit/Content/StarterContent/Maps/Minimal_Default.umap" TEMPLATE=0 SHOWPROGRESS=1 FEATURELEVEL=3
[2015.08.20-19.48.27:291][  0]LightingResults: New page: Lighting Build
[2015.08.20-19.48.27:465][  0]MapCheck: New page: Map Check
[2015.08.20-19.48.27:465][  0]LightingResults: New page: Lighting Build
[2015.08.20-19.48.27:648][  0]LogParticles: Destroying 0 GPU particle simulations for FXSystem 0x0000000012512980
[2015.08.20-19.48.30:700][  0]LogEditorServer: Finished looking for orphan Actors (0.000 secs)
[2015.08.20-19.48.30:871][  0]LogAIModule: Creating AISystem for world Minimal_Default
[2015.08.20-19.48.30:905][  0]Cmd: MAP CHECKDEP
[2015.08.20-19.48.30:922][  0]MapCheck: New page: Minimal_Default - Aug 20, 2015, 11:48:30 AM
[2015.08.20-19.48.31:081][  0]MapCheck: Info Map check complete: 0 Error(s), 0 Warning(s), took 175.637ms to complete.
[2015.08.20-19.48.31:081][  0]LogFileHelpers: Loading map 'Minimal_Default' took 3.857
[2015.08.20-19.48.33:519][  0]LogCollectionManager: Loaded 0 collections in 0.001496 seconds
[2015.08.20-19.48.33:545][  0]LogContentBrowser: Native class hierarchy populated in 0.0258 seconds. Added 1696 classes and 261 folders.
[2015.08.20-19.48.34:017][  0]LogContentBrowser: Native class hierarchy updated for 'SceneOutliner' in 0.0015 seconds. Added 1 classes and 2 folders.
[2015.08.20-19.48.35:094][  0]LogCrashTracker: Crashtracker disabled due to settings.
[2015.08.20-19.48.35:221][  0]LogSlate:Warning: Failed to load font data from 'Veranda'
[2015.08.20-19.48.35:337][  0]LogUObjectGlobals:Warning: Failed to find object 'Class None.'
[2015.08.20-19.48.35:450][  0]LogLoad: Full Startup: 62.05 seconds (BP compile: 0.51 seconds)
[2015.08.20-19.48.36:894][  0]LogRenderer:Warning: Reallocating scene render targets to support 1208x576 (Frame:2).
[2015.08.20-19.48.42:301][404]LightingResults: New page: Lighting Build
[2015.08.20-19.48.42:317][404]MapCheck: New page: Map Check
[2015.08.20-19.48.42:317][404]LightingResults: New page: Lighting Build
[2015.08.20-19.48.42:394][404]LogParticles: Destroying 0 GPU particle simulations for FXSystem 0x000000000C838900
[2015.08.20-19.48.42:440][404]LogAIModule: Creating AISystem for world NewWorld
[2015.08.20-19.48.42:468][404]LoadErrors: New page: New Map
[2015.08.20-19.48.42:487][404]LogAssetRegistry: Asset discovery search completed in 30.1070 seconds
[2015.08.20-19.49.11:678][647]LogSavePackage: Save=17.830135ms
[2015.08.20-19.49.11:678][647]LogSavePackage: Moving '../../../../../../documents/3d/minuit/MinuitGame/Minuit/Saved/M_Greybox64F257494A4F4E0105F16588BDE0E3F3.tmp' to '../../../../../../documents/3d/minuit/MinuitGame/Minuit/Content/StarterContent/Maps/M_Greybox.umap'
[2015.08.20-19.49.11:733][647]LogFileHelpers: Saving map 'M_Greybox' took 1.238
[2015.08.20-19.49.16:484][ 89]LightingResults: New page: Lighting Build
[2015.08.20-19.49.16:484][ 89]MapCheck: New page: Map Check
[2015.08.20-19.49.16:484][ 89]LightingResults: New page: Lighting Build
[2015.08.20-19.49.16:492][ 89]LogParticles: Destroying 0 GPU particle simulations for FXSystem 0x000000000C15B380
[2015.08.20-19.49.16:493][ 89]LogAIModule: Creating AISystem for world NewWorld
[2015.08.20-19.49.16:517][ 89]LoadErrors: New page: New Map
[2015.08.20-19.49.16:631][ 98]LogEditorViewport: Clicking Background
[2015.08.20-19.49.29:287][615]LogSavePackage: Save=4.793235ms
[2015.08.20-19.49.29:287][615]LogSavePackage: Moving '../../../../../../documents/3d/minuit/MinuitGame/Minuit/Saved/M_Master4B706B0347E1F4A77ACEEC8D97C811CC.tmp' to '../../../../../../documents/3d/minuit/MinuitGame/Minuit/Content/StarterContent/Maps/M_Master.umap'
[2015.08.20-19.49.29:310][615]LogFileHelpers: Saving map 'M_Master' took 0.182
[2015.08.20-19.49.33:012][961]LightingResults: New page: Lighting Build
[2015.08.20-19.49.33:013][961]MapCheck: New page: Map Check
[2015.08.20-19.49.33:013][961]LightingResults: New page: Lighting Build
[2015.08.20-19.49.33:021][961]LogParticles: Destroying 0 GPU particle simulations for FXSystem 0x000000000D7BB560
[2015.08.20-19.49.33:022][961]LogAIModule: Creating AISystem for world NewWorld
[2015.08.20-19.49.33:027][961]LoadErrors: New page: New Map
[2015.08.20-19.49.33:157][976]LogEditorViewport: Clicking Background
[2015.08.20-19.50.13:939][810]LogSavePackage: Save=25.334293ms
[2015.08.20-19.50.13:939][810]LogSavePackage: Moving '../../../../../../documents/3d/minuit/MinuitGame/Minuit/Saved/M_Lighting0997A2E64D5C15447E1F1299AA97AA07.tmp' to '../../../../../../documents/3d/minuit/MinuitGame/Minuit/Content/StarterContent/Maps/M_Lighting.umap'
[2015.08.20-19.50.14:018][810]LogFileHelpers: Saving map 'M_Lighting' took 0.199
[2015.08.20-19.50.14:030][810]LightingResults: New page: Lighting Build
[2015.08.20-19.50.14:030][810]MapCheck: New page: Map Check
[2015.08.20-19.50.14:030][810]LightingResults: New page: Lighting Build
[2015.08.20-19.50.14:039][810]LogParticles: Destroying 0 GPU particle simulations for FXSystem 0x000000000D654D60
[2015.08.20-19.50.14:039][810]LogAIModule: Creating AISystem for world NewWorld
[2015.08.20-19.50.14:043][810]LoadErrors: New page: New Map
[2015.08.20-19.50.44:468][741]LogSavePackage: Save=5.105431ms
[2015.08.20-19.50.44:468][741]LogSavePackage: Moving '../../../../../../documents/3d/minuit/MinuitGame/Minuit/Saved/M_Forest_BasB064C5BC4188D5F86CFAE2BAB38487AD.tmp' to '../../../../../../documents/3d/minuit/MinuitGame/Minuit/Content/StarterContent/Maps/M_Forest_Bas.umap'
[2015.08.20-19.50.44:491][741]LogFileHelpers: Saving map 'M_Forest_Bas' took 0.188
[2015.08.20-19.50.48:412][ 71]LightingResults: New page: Lighting Build
[2015.08.20-19.50.48:412][ 71]MapCheck: New page: Map Check
[2015.08.20-19.50.48:412][ 71]LightingResults: New page: Lighting Build
[2015.08.20-19.50.48:420][ 71]LogParticles: Destroying 0 GPU particle simulations for FXSystem 0x000000000DF760C0
[2015.08.20-19.50.48:421][ 71]LogAIModule: Creating AISystem for world NewWorld
[2015.08.20-19.50.48:427][ 71]LoadErrors: New page: New Map
[2015.08.20-19.51.06:953][257]LogSavePackage: Save=5.583971ms
[2015.08.20-19.51.06:953][257]LogSavePackage: Moving '../../../../../../documents/3d/minuit/MinuitGame/Minuit/Saved/M_Forest_Haut4BBE0F63456DA6E7B1C4E6B3ED76DC3C.tmp' to '../../../../../../documents/3d/minuit/MinuitGame/Minuit/Content/StarterContent/Maps/M_Forest_Haut.umap'
[2015.08.20-19.51.06:984][257]LogFileHelpers: Saving map 'M_Forest_Haut' took 0.208
[2015.08.20-19.51.09:359][533]LogSavePackage: Save=6.221924ms
[2015.08.20-19.51.09:359][533]LogSavePackage: Moving '../../../../../../documents/3d/minuit/MinuitGame/Minuit/Saved/M_Forest_Haut2688C08E4314D21F5218CBBE935C424A.tmp' to '../../../../../../documents/3d/minuit/MinuitGame/Minuit/Content/StarterContent/Maps/M_Forest_Haut.umap'
[2015.08.20-19.51.12:708][843]LightingResults: New page: Lighting Build
[2015.08.20-19.51.12:709][843]MapCheck: New page: Map Check
[2015.08.20-19.51.12:709][843]LightingResults: New page: Lighting Build
[2015.08.20-19.51.12:717][843]LogParticles: Destroying 0 GPU particle simulations for FXSystem 0x000000000D654EA0
[2015.08.20-19.51.12:717][843]LogAIModule: Creating AISystem for world NewWorld
[2015.08.20-19.51.12:724][843]LoadErrors: New page: New Map
[2015.08.20-19.51.12:846][857]LogEditorViewport: Clicking Background
[2015.08.20-19.51.30:584][ 75]LogSavePackage: Save=4.951442ms
[2015.08.20-19.51.30:584][ 75]LogSavePackage: Moving '../../../../../../documents/3d/minuit/MinuitGame/Minuit/Saved/M_MaisonEAC9BC3D4272AAD33755B19AB3C6617E.tmp' to '../../../../../../documents/3d/minuit/MinuitGame/Minuit/Content/StarterContent/Maps/M_Maison.umap'
[2015.08.20-19.51.30:608][ 75]LogFileHelpers: Saving map 'M_Maison' took 0.175
[2015.08.20-19.52.37:996][787]Cmd: MAP LOAD FILE="../../../../../../documents/3d/minuit/MinuitGame/Minuit/Content/StarterContent/Maps/M_Master.umap" TEMPLATE=0 SHOWPROGRESS=1 FEATURELEVEL=3
[2015.08.20-19.52.38:062][787]LightingResults: New page: Lighting Build
[2015.08.20-19.52.38:105][787]LoadErrors: New page: Loading map: M_Master.umap
[2015.08.20-19.52.38:105][787]MapCheck: New page: Map Check
[2015.08.20-19.52.38:105][787]LightingResults: New page: Lighting Build
[2015.08.20-19.52.38:113][787]LogParticles: Destroying 0 GPU particle simulations for FXSystem 0x000000000D082F20
[2015.08.20-19.52.38:120][787]LogEditorServer: Finished looking for orphan Actors (0.000 secs)
[2015.08.20-19.52.38:143][787]LogAIModule: Creating AISystem for world M_Master
[2015.08.20-19.52.38:168][787]Cmd: MAP CHECKDEP
[2015.08.20-19.52.38:168][787]MapCheck: New page: M_Master - Aug 20, 2015, 11:52:38 AM
[2015.08.20-19.52.38:242][787]MapCheck: Info Map check complete: 0 Error(s), 0 Warning(s), took 74.376ms to complete.
[2015.08.20-19.52.38:242][787]LogFileHelpers: Loading map 'M_Master' took 0.248
[2015.08.20-19.53.15:537][212]LogEditorViewport: Clicking Background
[2015.08.20-19.55.41:556][258]LogEditorViewport: Clicking Background
[2015.08.20-19.56.53:513][712]LogContentBrowser: Native class hierarchy updated for 'WorldBrowser' in 0.0017 seconds. Added 1 classes and 3 folders.
[2015.08.20-19.57.21:047][958]LogSavePackage: Save=7.390851ms
[2015.08.20-19.57.21:047][958]LogSavePackage: Moving '../../../../../../documents/3d/minuit/MinuitGame/Minuit/Saved/M_Forest_Bas4FE1DEDA49E2E4DDA57B8A8C1C9D0644.tmp' to '../../../../../../documents/3d/minuit/MinuitGame/Minuit/Content/StarterContent/Maps/M_Forest_Bas.umap'
[2015.08.20-19.57.21:660][ 22]LogSavePackage: Save=6.137245ms
[2015.08.20-19.57.21:660][ 22]LogSavePackage: Moving '../../../../../../documents/3d/minuit/MinuitGame/Minuit/Saved/M_Forest_Haut4080CC944AFB78289417AA9CCDEEC114.tmp' to '../../../../../../documents/3d/minuit/MinuitGame/Minuit/Content/StarterContent/Maps/M_Forest_Haut.umap'
[2015.08.20-19.57.22:224][ 80]LogSavePackage: Save=20.059805ms
[2015.08.20-19.57.22:224][ 80]LogSavePackage: Moving '../../../../../../documents/3d/minuit/MinuitGame/Minuit/Saved/M_Greybox095B68AD46FB743C94C59D859C3903DE.tmp' to '../../../../../../documents/3d/minuit/MinuitGame/Minuit/Content/StarterContent/Maps/M_Greybox.umap'
[2015.08.20-19.57.22:652][124]LogSavePackage: Save=6.129109ms
[2015.08.20-19.57.22:652][124]LogSavePackage: Moving '../../../../../../documents/3d/minuit/MinuitGame/Minuit/Saved/M_MaisonF3C79E804ED32520156273A8B4B93DE6.tmp' to '../../../../../../documents/3d/minuit/MinuitGame/Minuit/Content/StarterContent/Maps/M_Maison.umap'
[2015.08.20-19.57.23:135][174]LogSavePackage: Save=5.988681ms
[2015.08.20-19.57.23:135][174]LogSavePackage: Moving '../../../../../../documents/3d/minuit/MinuitGame/Minuit/Saved/M_Lighting3A1DF0324E88171241520EA343DDE936.tmp' to '../../../../../../documents/3d/minuit/MinuitGame/Minuit/Content/StarterContent/Maps/M_Lighting.umap'
[2015.08.20-19.57.34:063][173]LogSavePackage: Save=28.308292ms
[2015.08.20-19.57.34:063][173]LogSavePackage: Moving '../../../../../../documents/3d/minuit/MinuitGame/Minuit/Saved/M_Master4A2103F8449D1A059101A6AA78467B8E.tmp' to '../../../../../../documents/3d/minuit/MinuitGame/Minuit/Content/StarterContent/Maps/M_Master.umap'
[2015.08.20-19.57.34:135][173]LogFileHelpers: Saving map 'M_Master' took 0.193
[2015.08.20-19.57.34:500][174]Cmd: QUIT_EDITOR
[2015.08.20-19.57.34:768][174]LogExit: Preparing to exit.
[2015.08.20-19.57.35:937][174]LogExit: Editor shut down
[2015.08.20-19.57.35:938][174]LogExit: Transaction tracking system shut down
[2015.08.20-19.57.35:938][174]LogParticles: Destroying 0 GPU particle simulations for FXSystem 0x00000000162D4180
[2015.08.20-19.57.35:939][174]LogParticles: Destroying 0 GPU particle simulations for FXSystem 0x000000000D655120
[2015.08.20-19.57.36:218][174]LogExit: Object subsystem successfully closed.
[2015.08.20-19.57.36:369][174]LogModuleManager: Shutting down and abandoning module WorldBrowser (180)
[2015.08.20-19.57.36:369][174]LogModuleManager: Shutting down and abandoning module ExternalImagePicker (179)
[2015.08.20-19.57.36:369][174]LogModuleManager: Shutting down and abandoning module NewLevelDialog (178)
[2015.08.20-19.57.36:369][174]LogModuleManager: Shutting down and abandoning module CrashTracker (177)
[2015.08.20-19.57.36:369][174]LogModuleManager: Shutting down and abandoning module SuperSearch (176)
[2015.08.20-19.57.36:369][174]LogModuleManager: Shutting down and abandoning module SceneOutliner (175)
[2015.08.20-19.57.36:378][174]LogModuleManager: Shutting down and abandoning module EditorWidgets (174)
[2015.08.20-19.57.36:378][174]LogModuleManager: Shutting down and abandoning module CollectionManager (173)
[2015.08.20-19.57.36:391][174]LogModuleManager: Shutting down and abandoning module StatsViewer (172)
[2015.08.20-19.57.36:391][174]LogModuleManager: Shutting down and abandoning module FoliageEdit (171)
[2015.08.20-19.57.36:391][174]LogModuleManager: Shutting down and abandoning module LandscapeEditor (170)
[2015.08.20-19.57.36:408][174]LogModuleManager: Shutting down and abandoning module MeshPaint (169)
[2015.08.20-19.57.36:408][174]LogModuleManager: Shutting down and abandoning module ActorPickerMode (168)
[2015.08.20-19.57.36:408][174]LogModuleManager: Shutting down and abandoning module GeometryMode (167)
[2015.08.20-19.57.36:408][174]LogModuleManager: Shutting down and abandoning module TextureAlignMode (166)
[2015.08.20-19.57.36:408][174]LogModuleManager: Shutting down and abandoning module BspMode (165)
[2015.08.20-19.57.36:408][174]LogModuleManager: Shutting down and abandoning module PlacementMode (164)
[2015.08.20-19.57.36:408][174]LogModuleManager: Shutting down and abandoning module AutomationWorker (163)
[2015.08.20-19.57.36:408][174]LogModuleManager: Shutting down and abandoning module CharacterAI (162)
[2015.08.20-19.57.36:408][174]LogModuleManager: Shutting down and abandoning module SmartSnapping (161)
[2015.08.20-19.57.36:408][174]LogModuleManager: Shutting down and abandoning module ViewportSnapping (160)
[2015.08.20-19.57.36:408][174]LogModuleManager: Shutting down and abandoning module LogVisualizer (159)
[2015.08.20-19.57.36:408][174]LogModuleManager: Shutting down and abandoning module GameProjectGeneration (158)
[2015.08.20-19.57.36:414][174]LogModuleManager: Shutting down and abandoning module IntroTutorials (157)
[2015.08.20-19.57.36:421][174]LogModuleManager: Shutting down and abandoning module EditorLiveStreaming (156)
[2015.08.20-19.57.36:421][174]LogModuleManager: Shutting down and abandoning module HardwareTargeting (155)
[2015.08.20-19.57.36:421][174]LogModuleManager: Shutting down and abandoning module DeviceProfileEditor (154)
[2015.08.20-19.57.36:421][174]LogModuleManager: Shutting down and abandoning module UndoHistory (153)
[2015.08.20-19.57.36:421][174]LogModuleManager: Shutting down and abandoning module GameplayTagsEditor (152)
[2015.08.20-19.57.36:421][174]LogModuleManager: Shutting down and abandoning module UserFeedback (151)
[2015.08.20-19.57.36:421][174]LogModuleManager: Shutting down and abandoning module XmlParser (150)
[2015.08.20-19.57.36:421][174]LogModuleManager: Shutting down and abandoning module Blutility (149)
[2015.08.20-19.57.36:421][174]LogModuleManager: Shutting down and abandoning module IOSPlatformEditor (148)
[2015.08.20-19.57.36:421][174]LogModuleManager: Shutting down and abandoning module IOSRuntimeSettings (147)
[2015.08.20-19.57.36:421][174]LogModuleManager: Shutting down and abandoning module AndroidDeviceDetection (146)
[2015.08.20-19.57.37:025][174]LogModuleManager: Shutting down and abandoning module AndroidPlatformEditor (145)
[2015.08.20-19.57.37:025][174]LogModuleManager: Shutting down and abandoning module AndroidRuntimeSettings (144)
[2015.08.20-19.57.37:025][174]LogModuleManager: Shutting down and abandoning module ProjectTargetPlatformEditor (143)
[2015.08.20-19.57.37:025][174]LogModuleManager: Shutting down and abandoning module ProjectSettingsViewer (142)
[2015.08.20-19.57.37:025][174]LogModuleManager: Shutting down and abandoning module InputBindingEditor (141)
[2015.08.20-19.57.37:025][174]LogModuleManager: Shutting down and abandoning module EditorSettingsViewer (140)
[2015.08.20-19.57.37:025][174]LogModuleManager: Shutting down and abandoning module SettingsEditor (139)
[2015.08.20-19.57.37:025][174]LogModuleManager: Shutting down and abandoning module ProjectLauncher (138)
[2015.08.20-19.57.37:025][174]LogModuleManager: Shutting down and abandoning module SessionFrontend (137)
[2015.08.20-19.57.37:025][174]LogModuleManager: Shutting down and abandoning module ProfilerClient (136)
[2015.08.20-19.57.37:035][174]LogModuleManager: Shutting down and abandoning module TargetDeviceServices (135)
[2015.08.20-19.57.37:035][174]LogModuleManager: Shutting down and abandoning module DeviceManager (134)
[2015.08.20-19.57.37:035][174]LogModuleManager: Shutting down and abandoning module AutomationController (133)
[2015.08.20-19.57.37:035][174]LogModuleManager: Shutting down and abandoning module AutomationWindow (132)
[2015.08.20-19.57.37:047][174]LogModuleManager: Shutting down and abandoning module Layers (131)
[2015.08.20-19.57.37:048][174]LogModuleManager: Shutting down and abandoning module ComponentVisualizers (130)
[2015.08.20-19.57.37:048][174]LogModuleManager: Shutting down and abandoning module DetailCustomizations (129)
[2015.08.20-19.57.37:048][174]LogModuleManager: Shutting down and abandoning module PackagesDialog (128)
[2015.08.20-19.57.37:048][174]LogModuleManager: Shutting down and abandoning module AssetRegistry (127)
[2015.08.20-19.57.37:089][174]LogModuleManager: Shutting down and abandoning module Persona (126)
[2015.08.20-19.57.37:104][174]LogModuleManager: Shutting down and abandoning module SlateReflector (125)
[2015.08.20-19.57.37:115][174]LogModuleManager: Shutting down and abandoning module LevelEditor (124)
[2015.08.20-19.57.37:116][174]LogModuleManager: Shutting down and abandoning module Kismet (123)
[2015.08.20-19.57.37:116][174]LogModuleManager: Shutting down and abandoning module GraphEditor (122)
[2015.08.20-19.57.37:140][174]LogModuleManager: Shutting down and abandoning module ClassViewer (121)
[2015.08.20-19.57.37:140][174]LogModuleManager: Shutting down and abandoning module Toolbox (120)
[2015.08.20-19.57.37:140][174]LogModuleManager: Shutting down and abandoning module ModuleUI (119)
[2015.08.20-19.57.37:149][174]LogModuleManager: Shutting down and abandoning module MovieSceneTools (118)
[2015.08.20-19.57.37:157][174]LogModuleManager: Shutting down and abandoning module OutputLog (117)
[2015.08.20-19.57.37:157][174]LogModuleManager: Shutting down and abandoning module GammaUI (116)
[2015.08.20-19.57.37:168][174]LogModuleManager: Shutting down and abandoning module Documentation (115)
[2015.08.20-19.57.37:168][174]LogModuleManager: Shutting down and abandoning module GameLiveStreaming (114)
[2015.08.20-19.57.37:168][174]LogModuleManager: Shutting down and abandoning module StreamingPauseRendering (113)
[2015.08.20-19.57.37:168][174]LogModuleManager: Shutting down and abandoning module HTTP (112)
[2015.08.20-19.57.37:168][174]LogModuleManager: Shutting down and abandoning module AnalyticsET (111)
[2015.08.20-19.57.37:168][174]LogModuleManager: Shutting down and abandoning module Analytics (110)
[2015.08.20-19.57.37:168][174]LogModuleManager: Shutting down and abandoning module AITestSuite (109)
[2015.08.20-19.57.37:168][174]LogModuleManager: Shutting down and abandoning module GameplayDebugger (108)
[2015.08.20-19.57.37:168][174]LogModuleManager: Shutting down and abandoning module AIModule (107)
[2015.08.20-19.57.37:168][174]LogModuleManager: Shutting down and abandoning module ProfilerService (106)
[2015.08.20-19.57.37:274][174]LogModuleManager: Shutting down and abandoning module TaskGraph (105)
[2015.08.20-19.57.37:283][174]LogModuleManager: Shutting down and abandoning module SlateRemote (104)
[2015.08.20-19.57.37:284][174]LogModuleManager: Shutting down and abandoning module ScriptEditorPlugin (103)
[2015.08.20-19.57.37:284][174]LogModuleManager: Shutting down and abandoning module CustomMeshComponent (102)
[2015.08.20-19.57.37:284][174]LogModuleManager: Shutting down and abandoning module CableComponent (101)
[2015.08.20-19.57.37:284][174]LogModuleManager: Shutting down and abandoning module MessagingDebugger (100)
[2015.08.20-19.57.37:302][174]LogModuleManager: Shutting down and abandoning module MediaPlayerEditor (99)
[2015.08.20-19.57.37:313][174]LogModuleManager: Shutting down and abandoning module SpeedTreeImporter (98)
[2015.08.20-19.57.37:313][174]LogModuleManager: Shutting down and abandoning module PluginsEditor (97)
[2015.08.20-19.57.37:313][174]LogModuleManager: Shutting down and abandoning module MainFrame (96)
[2015.08.20-19.57.37:313][174]LogModuleManager: Shutting down and abandoning module EpicSurvey (95)
[2015.08.20-19.57.37:313][174]LogModuleManager: Shutting down and abandoning module DesktopPlatform (94)
[2015.08.20-19.57.37:313][174]LogModuleManager: Shutting down and abandoning module DirectoryWatcher (93)
[2015.08.20-19.57.37:313][174]LogModuleManager: Shutting down and abandoning module HotReload (92)
[2015.08.20-19.57.37:313][174]LogModuleManager: Shutting down and abandoning module VisualStudioSourceCodeAccess (91)
[2015.08.20-19.57.37:313][174]LogModuleManager: Shutting down and abandoning module UObjectPlugin (90)
[2015.08.20-19.57.37:313][174]LogModuleManager: Shutting down and abandoning module SubversionSourceControl (89)
[2015.08.20-19.57.37:313][174]LogModuleManager: Shutting down and abandoning module PerforceSourceControl (88)
[2015.08.20-19.57.37:324][174]LogModuleManager: Shutting down and abandoning module SourceControl (87)
[2015.08.20-19.57.37:324][174]LogModuleManager: Shutting down and abandoning module GitSourceControl (86)
[2015.08.20-19.57.37:324][174]LogModuleManager: Shutting down and abandoning module BlankPlugin (85)
[2015.08.20-19.57.37:324][174]LogModuleManager: Shutting down and abandoning module PaperTiledImporter (84)
[2015.08.20-19.57.37:324][174]LogModuleManager: Shutting down and abandoning module PaperJsonImporter (83)
[2015.08.20-19.57.37:324][174]LogModuleManager: Shutting down and abandoning module ContentBrowser (82)
[2015.08.20-19.57.37:325][174]LogModuleManager: Shutting down and abandoning module Paper2DEditor (81)
[2015.08.20-19.57.37:325][174]LogModuleManager: Shutting down and abandoning module ScriptPlugin (80)
[2015.08.20-19.57.37:330][174]LogModuleManager: Shutting down and abandoning module UdpMessaging (79)
[2015.08.20-19.57.37:430][174]LogModuleManager: Shutting down and abandoning module Paper2D (78)
[2015.08.20-19.57.37:430][174]LogModuleManager: Shutting down and abandoning module WindowsMoviePlayer (77)
[2015.08.20-19.57.37:432][174]LogModuleManager: Shutting down and abandoning module Media (76)
[2015.08.20-19.57.37:432][174]LogModuleManager: Shutting down and abandoning module WmfMedia (75)
[2015.08.20-19.57.37:432][174]LogModuleManager: Shutting down and abandoning module OnlineBlueprintSupport (74)
[2015.08.20-19.57.37:432][174]LogModuleManager: Shutting down and abandoning module PropertyEditor (73)
[2015.08.20-19.57.37:432][174]LogModuleManager: Shutting down and abandoning module BehaviorTreeEditor (72)
[2015.08.20-19.57.37:454][174]LogModuleManager: Shutting down and abandoning module FunctionalTesting (71)
[2015.08.20-19.57.37:454][174]LogModuleManager: Shutting down and abandoning module CollisionAnalyzer (70)
[2015.08.20-19.57.37:473][174]LogModuleManager: Shutting down and abandoning module WorkspaceMenuStructure (69)
[2015.08.20-19.57.37:473][174]LogModuleManager: Shutting down and abandoning module MessageLog (68)
[2015.08.20-19.57.37:473][174]LogModuleManager: Shutting down and abandoning module Sequencer (67)
[2015.08.20-19.57.37:491][174]LogModuleManager: Shutting down and abandoning module AssetTools (66)
[2015.08.20-19.57.37:513][174]LogModuleManager: Shutting down and abandoning module UMGEditor (65)
[2015.08.20-19.57.37:531][174]LogModuleManager: Shutting down and abandoning module UMG (64)
[2015.08.20-19.57.37:544][174]LogModuleManager: Shutting down and abandoning module Slate (63)
[2015.08.20-19.57.37:544][174]LogModuleManager: Shutting down and abandoning module EditorStyle (62)
[2015.08.20-19.57.37:547][174]LogModuleManager: Shutting down and abandoning module SessionServices (61)
[2015.08.20-19.57.37:547][174]LogModuleManager: Shutting down and abandoning module SourceCodeAccess (60)
[2015.08.20-19.57.37:547][174]LogModuleManager: Shutting down and abandoning module HeadMountedDisplay (59)
[2015.08.20-19.57.37:547][174]LogModuleManager: Shutting down and abandoning module XAudio2 (58)
[2015.08.20-19.57.37:547][174]LogModuleManager: Shutting down and abandoning module Networking (56)
[2015.08.20-19.57.37:547][174]LogModuleManager: Shutting down and abandoning module Core (55)
[2015.08.20-19.57.37:547][174]LogModuleManager: Shutting down and abandoning module KismetCompiler (54)
[2015.08.20-19.57.37:547][174]LogModuleManager: Shutting down and abandoning module PhysXFormats (53)
[2015.08.20-19.57.37:547][174]LogModuleManager: Shutting down and abandoning module MeshUtilities (52)
[2015.08.20-19.57.37:559][174]LogModuleManager: Shutting down and abandoning module DerivedDataCache (51)
[2015.08.20-19.57.37:598][174]LogDerivedDataCache: Shutdown
[2015.08.20-19.57.37:598][174]LogModuleManager: Shutting down and abandoning module ShaderFormatOpenGL (50)
[2015.08.20-19.57.37:608][174]LogModuleManager: Shutting down and abandoning module ShaderFormatD3D (49)
[2015.08.20-19.57.37:608][174]LogModuleManager: Shutting down and abandoning module MetalShaderFormat (48)
[2015.08.20-19.57.37:616][174]LogModuleManager: Shutting down and abandoning module TextureFormatUncompressed (47)
[2015.08.20-19.57.37:616][174]LogModuleManager: Shutting down and abandoning module TextureFormatPVR (46)
[2015.08.20-19.57.37:616][174]LogModuleManager: Shutting down and abandoning module TextureFormatIntelISPCTexComp (45)
[2015.08.20-19.57.37:616][174]LogModuleManager: Shutting down and abandoning module TextureFormatDXT (44)
[2015.08.20-19.57.37:616][174]LogModuleManager: Shutting down and abandoning module ImageWrapper (43)
[2015.08.20-19.57.37:616][174]LogModuleManager: Shutting down and abandoning module TextureFormatASTC (42)
[2015.08.20-19.57.37:616][174]LogModuleManager: Shutting down and abandoning module TextureFormatAndroid (41)
[2015.08.20-19.57.37:616][174]LogModuleManager: Shutting down and abandoning module AudioFormatOpus (40)
[2015.08.20-19.57.37:616][174]LogModuleManager: Shutting down and abandoning module AudioFormatOgg (39)
[2015.08.20-19.57.37:616][174]LogModuleManager: Shutting down and abandoning module AudioFormatADPCM (38)
[2015.08.20-19.57.37:616][174]LogModuleManager: Shutting down and abandoning module LinuxTargetPlatform (37)
[2015.08.20-19.57.37:616][174]LogModuleManager: Shutting down and abandoning module LinuxServerTargetPlatform (36)
[2015.08.20-19.57.37:616][174]LogModuleManager: Shutting down and abandoning module LinuxNoEditorTargetPlatform (35)
[2015.08.20-19.57.37:626][174]LogModuleManager: Shutting down and abandoning module Messaging (34)
[2015.08.20-19.57.37:626][174]LogModuleManager: Shutting down and abandoning module IOSTargetPlatform (33)
[2015.08.20-19.57.37:626][174]LogModuleManager: Shutting down and abandoning module HTML5TargetPlatform (32)
[2015.08.20-19.57.37:626][174]LogModuleManager: Shutting down and abandoning module Android_PVRTCTargetPlatform (31)
[2015.08.20-19.57.37:626][174]LogModuleManager: Shutting down and abandoning module Android_ETC2TargetPlatform (30)
[2015.08.20-19.57.37:626][174]LogModuleManager: Shutting down and abandoning module Android_ETC1TargetPlatform (29)
[2015.08.20-19.57.37:626][174]LogModuleManager: Shutting down and abandoning module Android_ES31TargetPlatform (28)
[2015.08.20-19.57.37:626][174]LogModuleManager: Shutting down and abandoning module Android_DXTTargetPlatform (27)
[2015.08.20-19.57.37:626][174]LogModuleManager: Shutting down and abandoning module Android_ATCTargetPlatform (26)
[2015.08.20-19.57.37:626][174]LogModuleManager: Shutting down and abandoning module AndroidTargetPlatform (25)
[2015.08.20-19.57.37:626][174]LogModuleManager: Shutting down and abandoning module WindowsTargetPlatform (24)
[2015.08.20-19.57.37:626][174]LogModuleManager: Shutting down and abandoning module WindowsServerTargetPlatform (23)
[2015.08.20-19.57.37:626][174]LogModuleManager: Shutting down and abandoning module WindowsNoEditorTargetPlatform (22)
[2015.08.20-19.57.37:626][174]LogModuleManager: Shutting down and abandoning module WindowsClientTargetPlatform (21)
[2015.08.20-19.57.37:627][174]LogModuleManager: Shutting down and abandoning module TargetPlatform (20)
[2015.08.20-19.57.37:627][174]LogModuleManager: Shutting down and abandoning module InputCore (19)
[2015.08.20-19.57.37:627][174]LogModuleManager: Shutting down and abandoning module Settings (18)
[2015.08.20-19.57.37:627][174]LogModuleManager: Shutting down and abandoning module OnlineSubsystem (16)
[2015.08.20-19.57.37:627][174]LogModuleManager: Shutting down and abandoning module OculusRift (15)
[2015.08.20-19.57.37:627][174]LogModuleManager: Shutting down and abandoning module ExampleDeviceProfileSelector (14)
[2015.08.20-19.57.37:627][174]LogModuleManager: Shutting down and abandoning module TextureCompressor (13)
[2015.08.20-19.57.37:627][174]LogModuleManager: Shutting down and abandoning module ShaderCore (12)
[2015.08.20-19.57.37:627][174]LogModuleManager: Shutting down and abandoning module Landscape (11)
[2015.08.20-19.57.37:627][174]LogModuleManager: Shutting down and abandoning module SlateRHIRenderer (10)
[2015.08.20-19.57.37:628][174]LogModuleManager: Shutting down and abandoning module OpenGLDrv (9)
[2015.08.20-19.57.37:628][174]LogModuleManager: Shutting down and abandoning module D3D11RHI (8)
[2015.08.20-19.57.37:628][174]LogModuleManager: Shutting down and abandoning module Renderer (7)
[2015.08.20-19.57.37:628][174]LogModuleManager: Shutting down and abandoning module Engine (6)
[2015.08.20-19.57.37:628][174]LogModuleManager: Shutting down and abandoning module CoreUObject (5)
[2015.08.20-19.57.37:628][174]LogModuleManager: Shutting down and abandoning module NetworkFile (4)
[2015.08.20-19.57.37:628][174]LogModuleManager: Shutting down and abandoning module StreamingFile (3)
[2015.08.20-19.57.37:628][174]LogModuleManager: Shutting down and abandoning module SandboxFile (2)
[2015.08.20-19.57.37:628][174]LogModuleManager: Shutting down and abandoning module PakFile (1)
[2015.08.20-19.57.37:641][174]LogExit: Exiting.
[2015.08.20-19.57.37:653][174]Log file closed, 08/20/15 15:57:37
