Log file open, 11/24/15 16:14:33
LogInit:Display: Running engine for game: Minuit
LogInit: Version: 4.7.6-2513093+++depot+UE4-Releases+4.7
LogInit: API Version: 2455222
LogInit: Compiled (64-bit): Apr 15 2015 12:09:54
LogInit: Compiled with Visual C++: 18.00.21005.01
LogInit: Build Configuration: Development
LogInit: Branch Name: ++depot+UE4-Releases+4.7
LogInit: Command line:  
LogInit: Base directory: E:/Program Files/Unreal Engine/4.7/Engine/Binaries/Win64/
LogInit: Rocket: 1
[2015.11.24-21.14.33:604][  0]LogTaskGraph: Started task graph with 3 named threads and 6 total threads.
[2015.11.24-21.14.33:673][  0]LogOnline:Warning: No default platform service specified for OnlineSubsystem
[2015.11.24-21.14.33:787][  0]LogInit: Presizing for 0 objects not considered by GC, pre-allocating 0 bytes.
[2015.11.24-21.14.33:961][  0]LogInit: Object subsystem initialized
[2015.11.24-21.14.34:034][  0]LogConsoleResponse:Warning: Skipping Unknown console variable: 'TranslucentSortAxis = (X=0.000000,Y=-1.000000,Z=0.000000)'
[2015.11.24-21.14.34:034][  0]LogConsoleResponse:Warning:   Found in ini file 'E:/documents/3d/minuit/MinuitGame/Minuit/Saved/Config/Windows/Engine.ini', in section '[/Script/Engine.RendererSettings]'
[2015.11.24-21.14.34:034][  0]LogConsoleResponse:Warning: Skipping Unknown console variable: 'UIScaleRule = ShortestSide'
[2015.11.24-21.14.34:034][  0]LogConsoleResponse:Warning:   Found in ini file 'E:/documents/3d/minuit/MinuitGame/Minuit/Saved/Config/Windows/Engine.ini', in section '[/Script/Engine.RendererSettings]'
[2015.11.24-21.14.34:034][  0]LogConsoleResponse:Warning: Skipping Unknown console variable: 'UIScaleCurve = (EditorCurveData=(Keys=),ExternalCurve=None)'
[2015.11.24-21.14.34:034][  0]LogConsoleResponse:Warning:   Found in ini file 'E:/documents/3d/minuit/MinuitGame/Minuit/Saved/Config/Windows/Engine.ini', in section '[/Script/Engine.RendererSettings]'
[2015.11.24-21.14.34:076][  0]LogInit: Selected Device Profile: [Windows]
[2015.11.24-21.14.34:076][  0]LogInit: Applying CVar settings loaded from the selected device profile: [Windows]
[2015.11.24-21.14.34:187][  0]LogInit: Computer: ETT_
[2015.11.24-21.14.34:187][  0]LogInit: User: ETt
[2015.11.24-21.14.34:187][  0]LogInit: CPU Page size=4096, Cores=4
[2015.11.24-21.14.34:187][  0]LogInit: High frequency timer resolution =3.318408 MHz
[2015.11.24-21.14.34:187][  0]LogMemory: Memory total: Physical=7.9GB (8GB approx) Virtual=8192.0GB
[2015.11.24-21.14.34:187][  0]LogMemory: Platform Memory Stats for Windows
[2015.11.24-21.14.34:187][  0]LogMemory: Process Physical Memory: 48.96 MB used, 48.96 MB peak
[2015.11.24-21.14.34:187][  0]LogMemory: Process Virtual Memory: 28.78 MB used, 28.78 MB peak
[2015.11.24-21.14.34:187][  0]LogMemory: Physical Memory: 2444.36 MB used, 8130.77 MB total
[2015.11.24-21.14.34:187][  0]LogMemory: Virtual Memory: 282.94 MB used, 8388608.00 MB total
[2015.11.24-21.14.34:268][  0]LogD3D11RHI: Found D3D11 adapter 0: NVIDIA GeForce GTX 770 (Feature Level 11_0)
[2015.11.24-21.14.34:268][  0]LogD3D11RHI: Adapter has 1990MB of dedicated video memory, 0MB of dedicated system memory, and 2048MB of shared system memory, 2 output[s]
[2015.11.24-21.14.34:268][  0]LogD3D11RHI: Chosen D3D11 Adapter Id = 0
[2015.11.24-21.14.34:272][  0]LogRHI: Texture pool is 1361 MB (70% of 1945 MB)
[2015.11.24-21.14.34:282][  0]LogD3D11RHI: Async texture creation enabled
[2015.11.24-21.14.35:474][  0]LogTextLocalizationManager: The requested culture ('fr_FR') has no localization data; falling back to 'en' for localization and internationalization data.
[2015.11.24-21.14.35:641][  0]LogTextLocalizationManager:Warning: Loading localization resources contain conflicting entries for (Namespace:UICommands, Key:Save_ToolTip):
Resource: (E:/Program Files/Unreal Engine/4.7/Engine/Content/Localization/Editor/en/Editor.locres) Hash: (-29098895) String: (Saves the current level to disk)
Resource: (E:/Program Files/Unreal Engine/4.7/Engine/Content/Localization/Engine/en/Engine.locres) Hash: (-1280300587) String: (Save selected data to vlog file)
[2015.11.24-21.14.35:653][  0]LogTextLocalizationManager:Warning: Loading localization resources contain conflicting entries for (Namespace:ContentBrowser, Key:ImportAssetToolTip):
Resource: (E:/Program Files/Unreal Engine/4.7/Engine/Content/Localization/Editor/en/Editor.locres) Hash: (-630476809) String: (Import to {0}...)
Resource: (E:/Program Files/Unreal Engine/4.7/Engine/Content/Localization/Editor/en/Editor.locres) Hash: (1271782899) String: (Imports an asset from file to this folder.)
[2015.11.24-21.14.35:754][  0]LogContentStreaming: Texture pool size is 0.000000MB
[2015.11.24-21.14.40:373][  0]LogTargetPlatformManager:Display: Building Assets For Windows
[2015.11.24-21.14.41:125][  0]LogTargetPlatformManager:Display: Building Assets For Windows
[2015.11.24-21.14.41:222][  0]LogDerivedDataCache:Display: Max Cache Size: 512 MB
[2015.11.24-21.14.41:349][  0]LogDerivedDataCache: Loaded boot cache 0.13s 39MB C:/Users/ETt/AppData/Local/UnrealEngine/4.7/DerivedDataCache/Boot.ddc.
[2015.11.24-21.14.41:349][  0]LogDerivedDataCache:Display: Loaded Boot cache: C:/Users/ETt/AppData/Local/UnrealEngine/4.7/DerivedDataCache/Boot.ddc
[2015.11.24-21.14.41:349][  0]LogDerivedDataCache: FDerivedDataBackendGraph:  Pak pak cache file ../../../../../../documents/3d/minuit/MinuitGame/Minuit/DerivedDataCache/DDC.ddp not found, will not use a pak cache.
[2015.11.24-21.14.41:349][  0]LogDerivedDataCache: Unable to find inner node Pak for hierarchical cache Hierarchy.
[2015.11.24-21.14.41:514][  0]LogDerivedDataCache:Display: Pak cache opened for reading ../../../Engine/DerivedDataCache/Compressed.ddp.
[2015.11.24-21.14.41:526][  0]LogDerivedDataCache: Using Local data cache path C:/Users/ETt/AppData/Local/UnrealEngine/Common/DerivedDataCache: Writable
[2015.11.24-21.14.47:583][  0]LogMeshUtilities: No automatic mesh reduction module available
[2015.11.24-21.14.47:583][  0]LogMeshUtilities: No automatic mesh merging module available
[2015.11.24-21.14.50:399][  0]LogInit: WinSock: version 1.1 (2.2), MaxSocks=32767, MaxUdp=65467
[2015.11.24-21.14.50:736][  0]LogSlate:Warning: Failed to load font data from '../../../Engine/Content/Slate/Fonts/Roboto-Italic.ttf'
[2015.11.24-21.15.01:828][  0]UdpMessaging: Initializing bridge on interface 0.0.0.0:0 to multicast group 230.0.0.1:6666.
[2015.11.24-21.15.02:552][  0]SourceControl: Info Source control is disabled
[2015.11.24-21.15.02:563][  0]SourceControl: Info Source control is disabled
[2015.11.24-21.15.02:563][  0]SourceControl: Info Source control is disabled
[2015.11.24-21.15.02:563][  0]LogSourceControl: RunCommandInternalRaw: 'git version'
[2015.11.24-21.15.02:563][  0]LogSourceControl: RunCommandInternalRaw: ExecProcess ReturnCode=2 OutResults=''
[2015.11.24-21.15.02:573][  0]SourceControl: Info Source control is disabled
[2015.11.24-21.15.03:480][  0]LogObj: 24232 objects as part of root set at end of initial load.
[2015.11.24-21.15.03:480][  0]LogUObjectAllocator: 5137176 out of 0 bytes used by permanent object pool.
[2015.11.24-21.15.04:026][  0]LogEngine: Initializing Engine...
[2015.11.24-21.15.07:522][  0]LogInit: XAudio2 using 'Speakers (Realtek High Definition Audio)' : 2 channels at 48 kHz using 32 bits per sample (channel mask 0x3)
[2015.11.24-21.15.07:549][  0]LogInit: FAudioDevice initialized.
[2015.11.24-21.15.08:169][  0]LogAIModule: Creating AISystem for world NewWorld
[2015.11.24-21.15.08:229][  0]LogDerivedDataCache: Saved boot cache 0.02s 39MB C:/Users/ETt/AppData/Local/UnrealEngine/4.7/DerivedDataCache/Boot.ddc.
[2015.11.24-21.15.08:231][  0]LogInit: Texture streaming: Enabled
[2015.11.24-21.15.08:794][  0]LogAnalytics: Creating configured Analytics provider AnalyticsET
[2015.11.24-21.15.08:794][  0]LogAnalytics: ET APIKey = Rocket.Release. APIServer = http://et2.epicgames.com/ET2/. AppVersion = 4.7.6-2513093+++depot+UE4-Releases+4.7
[2015.11.24-21.15.08:794][  0]LogAnalytics: ET APIKey = Rocket.Release. DataRouterUploadURL = https://datarouter-public-service-gamedev.ol.epicgames.net/datarouter/api/v1/public/data. AppVersion = 4.7.6-2513093+++depot+UE4-Releases+4.7
[2015.11.24-21.15.08:794][  0]LogAnalytics: SetUserId 2d8f9b434cd97107b008209c3b4c51aa|e67cdf50177141fe8e020345bd104ee2|091128b7-7c0a-4bff-8890-6bc6add436c4
[2015.11.24-21.15.08:813][  0]LogAnalytics: AnalyticsET::StartSession [Rocket.Release]
[2015.11.24-21.15.08:984][  0]LogInit: Transaction tracking system initialized
[2015.11.24-21.15.12:000][  0]BlueprintLog: New page: Editor Load
[2015.11.24-21.15.12:426][  0]LogAssetRegistry: FAssetRegistry took 0.1071 seconds to start up
[2015.11.24-21.15.12:426][  0]LogDirectoryWatcher:Warning: Failed to begin reading directory changes for ../../../Engine/Plugins/Experimental/CharacterAI/Content/. Error: 0
[2015.11.24-21.15.16:445][  0]LogTargetPlatformManager:Display: Building Assets For Windows
[2015.11.24-21.15.16:758][  0]LogTargetPlatformManager:Display: Building Assets For Windows
[2015.11.24-21.15.19:484][  0]LogSlate:Warning: Failed to load font data from '../../../Engine/Content/Editor/Slate/Fonts/Roboto-Regular.ttf'
[2015.11.24-21.15.19:485][  0]LogSlate:Warning: Failed to load font data from '../../../Engine/Content/Editor/Slate/Fonts/Roboto-Bold.ttf'
[2015.11.24-21.15.19:652][  0]LogConsoleResponse:Display: 
[2015.11.24-21.15.22:696][  0]LogCook:Display: Done creating registry. It took  0.00s.
[2015.11.24-21.15.26:199][  0]SourceControl: Info Source control is disabled
[2015.11.24-21.15.26:273][  0]Cmd: MAP LOAD FILE="../../../../../../documents/3d/minuit/MinuitGame/Minuit/Content/StarterContent/Maps/M_Master.umap" TEMPLATE=0 SHOWPROGRESS=1 FEATURELEVEL=3
[2015.11.24-21.15.26:458][  0]LightingResults: New page: Lighting Build
[2015.11.24-21.15.26:809][  0]MapCheck: New page: Map Check
[2015.11.24-21.15.26:809][  0]LightingResults: New page: Lighting Build
[2015.11.24-21.15.27:304][  0]LogParticles: Destroying 0 GPU particle simulations for FXSystem 0x000000000416A980
[2015.11.24-21.15.36:470][  0]LogLinker:Warning: Asset '../../../Engine/Content/Functions/Engine_MaterialFunctions01/SpeedTree/SpeedTreeColorVariation.uasset' has been saved with empty engine version. The asset will be loaded but may be incompatible.
[2015.11.24-21.15.45:274][  0]LogMaterial: Missing cached shader map for material M_Terrain, compiling. 
[2015.11.24-21.15.51:822][  0]LogMaterial:Warning: Material /Game/StarterContent/Materials/M_Grass.M_Grass needed to have new flag set bUsedWithInstancedStaticMeshes !
[2015.11.24-21.15.51:824][  0]LogMaterial: Missing cached shader map for material M_Grass, compiling. 
[2015.11.24-21.15.51:854][  0]LogMaterial: 0.000234 seconds spent updating 1 materials, 1 interfaces, 0 instances, 0 with static permutations.
[2015.11.24-21.15.51:858][  0]LogRenderer: Adding SpeedTree wind for static mesh Test
[2015.11.24-21.15.51:858][  0]LogRenderer: Adding SpeedTree wind for static mesh White_Birch2
[2015.11.24-21.15.51:858][  0]LogMaterial:Warning: Material /Game/StarterContent/Materials/M_Plante1.M_Plante1 needed to have new flag set bUsedWithInstancedStaticMeshes !
[2015.11.24-21.15.51:862][  0]LogMaterial: Missing cached shader map for material M_Plante1, compiling. 
[2015.11.24-21.15.51:879][  0]LogMaterial: 0.001736 seconds spent updating 1 materials, 1 interfaces, 0 instances, 0 with static permutations.
[2015.11.24-21.15.51:927][  0]LogRenderer: Adding SpeedTree wind for static mesh White_Birch
[2015.11.24-21.15.52:385][  0]LogEditorServer: Finished looking for orphan Actors (0.000 secs)
[2015.11.24-21.15.53:334][  0]LogAIModule: Creating AISystem for world M_Master
[2015.11.24-21.15.53:362][  0]Cmd: MAP CHECKDEP
[2015.11.24-21.15.53:399][  0]MapCheck: New page: M_Master - Nov 24, 2015, 11:15:53 AM
[2015.11.24-21.15.53:752][  0]MapCheck: Info Map check complete: 0 Error(s), 0 Warning(s), took 389.83ms to complete.
[2015.11.24-21.15.53:752][  0]LogFileHelpers: Loading map 'M_Master' took 27.512
[2015.11.24-21.15.57:862][  0]LogCollectionManager: Loaded 0 collections in 0.001472 seconds
[2015.11.24-21.15.57:964][  0]LogContentBrowser: Native class hierarchy populated in 0.1009 seconds. Added 1696 classes and 261 folders.
[2015.11.24-21.15.58:998][  0]LogContentBrowser: Native class hierarchy updated for 'SceneOutliner' in 0.0014 seconds. Added 1 classes and 2 folders.
[2015.11.24-21.16.01:436][  0]LogCrashTracker: Crashtracker disabled due to settings.
[2015.11.24-21.16.01:953][  0]LogSlate:Warning: Failed to load font data from 'Veranda'
[2015.11.24-21.16.02:347][  0]LogUObjectGlobals:Warning: Failed to find object 'Class None.'
[2015.11.24-21.16.02:522][  0]LogLoad: Full Startup: 96.73 seconds (BP compile: 1.06 seconds)
[2015.11.24-21.16.03:174][  0]LogContentBrowser:Verbose: The content browser source was changed by the sources view to '/Game/FirstPersonBP/Meshes/Maison'
[2015.11.24-21.16.04:499][  0]LogShaderCompilers:Warning: Failed to compile Material /Game/StarterContent/Materials/M_Terrain.M_Terrain for platform PCD3D_SM5, Default Material will be used in game.
[2015.11.24-21.16.05:027][  0]LogRenderer:Warning: Reallocating scene render targets to support 32x32 (Frame:2).
[2015.11.24-21.16.06:824][  0]LogRenderer:Warning: Reallocating scene render targets to support 1208x600 (Frame:3).
[2015.11.24-21.16.06:880][  1]Cmd: UpdateLandscapeEditorData -warnings
[2015.11.24-21.16.07:015][  1]Cmd: UpdateLandscapeEditorData
[2015.11.24-21.16.07:364][  5]LogAssetRegistry: Asset discovery search completed in 55.0448 seconds
[2015.11.24-21.16.13:755][156]LogEditorViewport: Clicking on Actor (LMB): InstancedFoliageActor (InstancedFoliageActor)
[2015.11.24-21.16.35:082][774]LogContentBrowser:Verbose: The content browser source was changed by the sources view to '/Game/FirstPersonBP/Textures'
[2015.11.24-21.16.36:880][850]LogContentBrowser:Verbose: The content browser source was changed by the sources view to '/Game/StarterContent'
[2015.11.24-21.16.41:187][ 63]LogContentBrowser:Verbose: The content browser source was changed by the sources view to '/Game/StarterContent/Materials'
[2015.11.24-21.16.43:398][128]LogMaterial: Missing cached shader map for material M_Woodchips, compiling. 
[2015.11.24-21.16.43:481][128]LogActorComponent: UnregisterComponent: (/Engine/Transient.SkeletalMeshComponent_0) Not registered. Aborting.
[2015.11.24-21.16.43:667][128]LogActorComponent: UnregisterComponent: (/Engine/Transient.SkeletalMeshComponent_0) Not registered. Aborting.
[2015.11.24-21.16.43:667][128]LogActorComponent: RegisterComponentWithWorld: (/Engine/Transient.MaterialEditorMeshComponent_0) Already registered. Aborting.
[2015.11.24-21.16.43:668][128]LogActorComponent: UnregisterComponent: (/Engine/Transient.SkeletalMeshComponent_0) Not registered. Aborting.
[2015.11.24-21.16.43:668][128]LogActorComponent: RegisterComponentWithWorld: (/Engine/Transient.MaterialEditorMeshComponent_0) Already registered. Aborting.
[2015.11.24-21.16.43:674][128]LogMaterial: Missing cached shader map for material M_Woodchips, compiling. 
[2015.11.24-21.16.43:685][128]LogMaterial: 0.000137 seconds spent updating 1 materials, 1 interfaces, 0 instances, 0 with static permutations.
[2015.11.24-21.16.43:722][128]LogMaterial: Missing cached shader map for material FMatExpressionPreview MaterialExpressionTextureSample_0, compiling. 
[2015.11.24-21.16.43:730][128]LogMaterial: Missing cached shader map for material FMatExpressionPreview MaterialExpressionTextureSample_3, compiling. 
[2015.11.24-21.16.43:732][128]LogMaterial: Missing cached shader map for material FMatExpressionPreview MaterialExpressionTextureSample_2, compiling. 
[2015.11.24-21.16.43:734][128]LogMaterial: Missing cached shader map for material FMatExpressionPreview MaterialExpressionTextureSample_4, compiling. 
[2015.11.24-21.16.46:727][213]MaterialEditorStats: Info Base pass shader with only dynamic lighting: 48 instructions
[2015.11.24-21.16.46:727][213]MaterialEditorStats: Info Vertex shader: 28 instructions
[2015.11.24-21.16.46:727][213]MaterialEditorStats: Info Texture samplers: 3/16
[2015.11.24-21.16.53:907][539]LogMaterial: Missing cached shader map for material M_Woodchips, compiling. 
[2015.11.24-21.16.53:917][539]LogMaterial: 0.000151 seconds spent updating 1 materials, 1 interfaces, 0 instances, 0 with static permutations.
[2015.11.24-21.16.56:570][646]MaterialEditorStats: Info Base pass shader with only dynamic lighting: 48 instructions
[2015.11.24-21.16.56:570][646]MaterialEditorStats: Info Vertex shader: 28 instructions
[2015.11.24-21.16.56:570][646]MaterialEditorStats: Info Texture samplers: 3/16
[2015.11.24-21.17.18:420][420]LogMaterial: Missing cached shader map for material M_Woodchips, compiling. 
[2015.11.24-21.17.18:430][420]LogMaterial: 0.000113 seconds spent updating 1 materials, 1 interfaces, 0 instances, 0 with static permutations.
[2015.11.24-21.17.21:516][521]MaterialEditorStats: Info Base pass shader with only dynamic lighting: 48 instructions
[2015.11.24-21.17.21:516][521]MaterialEditorStats: Info Vertex shader: 28 instructions
[2015.11.24-21.17.21:516][521]MaterialEditorStats: Info Texture samplers: 3/16
[2015.11.24-21.17.32:181][898]LogMaterialEditor: Saving and Compiling material M_Woodchips
[2015.11.24-21.17.33:433][898]LogMaterial: Missing cached shader map for material M_Woodchips, compiling. 
[2015.11.24-21.17.33:471][898]LogMaterial: 0.000293 seconds spent updating 1 materials, 1 interfaces, 0 instances, 0 with static permutations.
[2015.11.24-21.17.33:614][898]LogMaterial: Missing cached shader map for material M_Woodchips, compiling. 
[2015.11.24-21.17.33:726][898]LogMaterial: Missing cached shader map for material M_Woodchips, compiling. 
[2015.11.24-21.17.33:763][898]LogRenderer: Adding SpeedTree wind for static mesh Test
[2015.11.24-21.17.33:763][898]LogRenderer: Adding SpeedTree wind for static mesh White_Birch2
[2015.11.24-21.17.33:763][898]LogRenderer: Adding SpeedTree wind for static mesh White_Birch
[2015.11.24-21.17.33:763][898]LogMaterial: 0.023636 seconds spent updating 1 materials, 1 interfaces, 0 instances, 0 with static permutations.
[2015.11.24-21.17.37:308][898]Cmd: OBJ SAVEPACKAGE PACKAGE="/Game/StarterContent/Materials/M_Woodchips" FILE="../../../../../../documents/3d/minuit/MinuitGame/Minuit/Content/StarterContent/Materials/M_Woodchips.uasset" SILENT=true
[2015.11.24-21.17.37:471][898]LogSavePackage: Save=122.406891ms
[2015.11.24-21.17.37:471][898]LogSavePackage: Moving '../../../../../../documents/3d/minuit/MinuitGame/Minuit/Saved/M_WoodchipsC6A1DED749B605B3BCA6DFAA74160778.tmp' to '../../../../../../documents/3d/minuit/MinuitGame/Minuit/Content/StarterContent/Materials/M_Woodchips.uasset'
[2015.11.24-21.17.37:503][898]MaterialEditorStats: Info Base pass shader with only dynamic lighting: 67 instructions
[2015.11.24-21.17.37:503][898]MaterialEditorStats: Info Vertex shader: 28 instructions
[2015.11.24-21.17.37:503][898]MaterialEditorStats: Info Texture samplers: 6/16
[2015.11.24-21.18.06:907][273]LogMaterial: Missing cached shader map for material M_Woodchips, compiling. 
[2015.11.24-21.18.06:917][273]LogMaterial: 0.000104 seconds spent updating 1 materials, 1 interfaces, 0 instances, 0 with static permutations.
[2015.11.24-21.18.10:164][396]MaterialEditorStats: Info Base pass shader with only dynamic lighting: 48 instructions
[2015.11.24-21.18.10:164][396]MaterialEditorStats: Info Vertex shader: 28 instructions
[2015.11.24-21.18.10:164][396]MaterialEditorStats: Info Texture samplers: 3/16
[2015.11.24-21.18.32:912][430]LogUnrealMath: Expression Error : Unrecognized Operator
[2015.11.24-21.18.32:937][430]LogMaterial: Missing cached shader map for material M_Woodchips, compiling. 
[2015.11.24-21.18.32:947][430]LogMaterial: 0.000238 seconds spent updating 1 materials, 1 interfaces, 0 instances, 0 with static permutations.
[2015.11.24-21.18.32:947][430]LogUnrealMath: Expression Error : Unrecognized Operator
[2015.11.24-21.18.33:000][433]LogMaterialEditor: Applying material M_Woodchips
[2015.11.24-21.18.34:266][433]LogMaterial: Missing cached shader map for material M_Woodchips, compiling. 
[2015.11.24-21.18.34:306][433]LogMaterial: 0.000631 seconds spent updating 1 materials, 1 interfaces, 0 instances, 0 with static permutations.
[2015.11.24-21.18.34:420][433]LogMaterial: Missing cached shader map for material M_Woodchips, compiling. 
[2015.11.24-21.18.34:450][433]LogMaterial: Missing cached shader map for material M_Woodchips, compiling. 
[2015.11.24-21.18.34:498][433]LogRenderer: Adding SpeedTree wind for static mesh Test
[2015.11.24-21.18.34:498][433]LogRenderer: Adding SpeedTree wind for static mesh White_Birch2
[2015.11.24-21.18.34:498][433]LogRenderer: Adding SpeedTree wind for static mesh White_Birch
[2015.11.24-21.18.34:498][433]LogMaterial: 0.034768 seconds spent updating 1 materials, 1 interfaces, 0 instances, 0 with static permutations.
[2015.11.24-21.18.39:672][612]MaterialEditorStats: Info Base pass shader with only dynamic lighting: 67 instructions
[2015.11.24-21.18.39:672][612]MaterialEditorStats: Info Vertex shader: 28 instructions
[2015.11.24-21.18.39:672][612]MaterialEditorStats: Info Texture samplers: 6/16
[2015.11.24-21.19.04:036][928]LogContentBrowser:Verbose: The content browser source was changed by the sources view to 'None'
[2015.11.24-21.19.04:036][928]LogContentBrowser:Verbose: The content browser source was changed by the sources view to '/Game/FirstPersonBP/Textures'
[2015.11.24-21.19.25:727][591]LogMaterial: Missing cached shader map for material M_Woodchips, compiling. 
[2015.11.24-21.19.25:736][591]LogMaterial: 0.000144 seconds spent updating 1 materials, 1 interfaces, 0 instances, 0 with static permutations.
[2015.11.24-21.19.28:763][781]MaterialEditorStats: Info Base pass shader with only dynamic lighting: 48 instructions
[2015.11.24-21.19.28:763][781]MaterialEditorStats: Info Vertex shader: 28 instructions
[2015.11.24-21.19.28:763][781]MaterialEditorStats: Info Texture samplers: 3/16
[2015.11.24-21.19.31:140][952]LogMaterial: Missing cached shader map for material M_Woodchips, compiling. 
[2015.11.24-21.19.31:149][952]LogMaterial: 0.000158 seconds spent updating 1 materials, 1 interfaces, 0 instances, 0 with static permutations.
[2015.11.24-21.19.33:604][101]MaterialEditorStats: Info Base pass shader with only dynamic lighting: 48 instructions
[2015.11.24-21.19.33:604][101]MaterialEditorStats: Info Vertex shader: 28 instructions
[2015.11.24-21.19.33:604][101]MaterialEditorStats: Info Texture samplers: 3/16
[2015.11.24-21.19.47:522][ 20]LogMaterial: Missing cached shader map for material M_Woodchips, compiling. 
[2015.11.24-21.19.47:532][ 20]LogMaterial: 0.000172 seconds spent updating 1 materials, 1 interfaces, 0 instances, 0 with static permutations.
[2015.11.24-21.19.50:316][197]MaterialEditorStats: Info Base pass shader with only dynamic lighting: 48 instructions
[2015.11.24-21.19.50:316][197]MaterialEditorStats: Info Vertex shader: 28 instructions
[2015.11.24-21.19.50:316][197]MaterialEditorStats: Info Texture samplers: 3/16
[2015.11.24-21.19.55:976][561]LogMaterialEditor: Saving and Compiling material M_Woodchips
[2015.11.24-21.19.57:187][561]LogMaterial: Missing cached shader map for material M_Woodchips, compiling. 
[2015.11.24-21.19.57:225][561]LogMaterial: 0.000159 seconds spent updating 1 materials, 1 interfaces, 0 instances, 0 with static permutations.
[2015.11.24-21.19.57:351][561]LogMaterial: Missing cached shader map for material M_Woodchips, compiling. 
[2015.11.24-21.19.57:382][561]LogMaterial: Missing cached shader map for material M_Woodchips, compiling. 
[2015.11.24-21.19.57:419][561]LogRenderer: Adding SpeedTree wind for static mesh Test
[2015.11.24-21.19.57:419][561]LogRenderer: Adding SpeedTree wind for static mesh White_Birch2
[2015.11.24-21.19.57:419][561]LogRenderer: Adding SpeedTree wind for static mesh White_Birch
[2015.11.24-21.19.57:419][561]LogMaterial: 0.021742 seconds spent updating 1 materials, 1 interfaces, 0 instances, 0 with static permutations.
[2015.11.24-21.20.00:948][561]Cmd: OBJ SAVEPACKAGE PACKAGE="/Game/StarterContent/Materials/M_Woodchips" FILE="../../../../../../documents/3d/minuit/MinuitGame/Minuit/Content/StarterContent/Materials/M_Woodchips.uasset" SILENT=true
[2015.11.24-21.20.01:051][561]LogSavePackage: Save=90.483452ms
[2015.11.24-21.20.01:051][561]LogSavePackage: Moving '../../../../../../documents/3d/minuit/MinuitGame/Minuit/Saved/M_WoodchipsA975004A40A8AA7291FAACB19187E6AD.tmp' to '../../../../../../documents/3d/minuit/MinuitGame/Minuit/Content/StarterContent/Materials/M_Woodchips.uasset'
[2015.11.24-21.20.01:067][561]MaterialEditorStats: Info Base pass shader with only dynamic lighting: 67 instructions
[2015.11.24-21.20.01:067][561]MaterialEditorStats: Info Vertex shader: 28 instructions
[2015.11.24-21.20.01:067][561]MaterialEditorStats: Info Texture samplers: 6/16
[2015.11.24-21.20.21:698][607]LogRenderer:Warning: Reallocating scene render targets to support 1920x1040 (Frame:11977).
[2015.11.24-21.20.40:977][165]LogEditorViewport: Clicking on Actor (LMB): StaticMeshActor (SM_Garden)
[2015.11.24-21.20.44:456][270]LogEditorViewport: Clicking on Actor (LMB): Landscape (Landscape)
[2015.11.24-21.20.51:017][467]LogSavePackage: Save=1484.529297ms
[2015.11.24-21.20.51:017][467]LogSavePackage: Moving '../../../../../../documents/3d/minuit/MinuitGame/Minuit/Saved/M_Master69B0B7AE4615BF3E4EBA15BF3ED697F1.tmp' to '../../../../../../documents/3d/minuit/MinuitGame/Minuit/Content/StarterContent/Maps/M_Master.umap'
[2015.11.24-21.20.51:216][467]LogFileHelpers: Saving map 'M_Master' took 1.871
[2015.11.24-21.21.29:652][551]LogParticles: Destroying 0 GPU particle simulations for FXSystem 0x000000001673C5E0
[2015.11.24-21.21.30:011][552]Cmd: QUIT_EDITOR
[2015.11.24-21.21.30:286][552]LogExit: Preparing to exit.
[2015.11.24-21.21.31:176][552]LogExit: Editor shut down
[2015.11.24-21.21.31:176][552]LogExit: Transaction tracking system shut down
[2015.11.24-21.21.31:178][552]LogParticles: Destroying 0 GPU particle simulations for FXSystem 0x000000001B6A0680
[2015.11.24-21.21.31:182][552]LogParticles: Destroying 0 GPU particle simulations for FXSystem 0x000000002736B240
[2015.11.24-21.21.31:183][552]LogParticles: Destroying 0 GPU particle simulations for FXSystem 0x000000002774E700
[2015.11.24-21.21.31:183][552]LogParticles: Destroying 0 GPU particle simulations for FXSystem 0x00000000277B9BC0
[2015.11.24-21.21.31:183][552]LogParticles: Destroying 0 GPU particle simulations for FXSystem 0x000000002A5E58A0
[2015.11.24-21.21.31:457][552]LogExit: Object subsystem successfully closed.
[2015.11.24-21.21.31:604][552]LogModuleManager: Shutting down and abandoning module MaterialEditor (178)
[2015.11.24-21.21.31:604][552]LogModuleManager: Shutting down and abandoning module CrashTracker (177)
[2015.11.24-21.21.31:604][552]LogModuleManager: Shutting down and abandoning module SuperSearch (176)
[2015.11.24-21.21.31:604][552]LogModuleManager: Shutting down and abandoning module SceneOutliner (175)
[2015.11.24-21.21.31:616][552]LogModuleManager: Shutting down and abandoning module EditorWidgets (174)
[2015.11.24-21.21.31:616][552]LogModuleManager: Shutting down and abandoning module CollectionManager (173)
[2015.11.24-21.21.31:629][552]LogModuleManager: Shutting down and abandoning module StatsViewer (172)
[2015.11.24-21.21.31:629][552]LogModuleManager: Shutting down and abandoning module FoliageEdit (171)
[2015.11.24-21.21.31:629][552]LogModuleManager: Shutting down and abandoning module LandscapeEditor (170)
[2015.11.24-21.21.31:646][552]LogModuleManager: Shutting down and abandoning module MeshPaint (169)
[2015.11.24-21.21.31:646][552]LogModuleManager: Shutting down and abandoning module ActorPickerMode (168)
[2015.11.24-21.21.31:646][552]LogModuleManager: Shutting down and abandoning module GeometryMode (167)
[2015.11.24-21.21.31:646][552]LogModuleManager: Shutting down and abandoning module TextureAlignMode (166)
[2015.11.24-21.21.31:646][552]LogModuleManager: Shutting down and abandoning module BspMode (165)
[2015.11.24-21.21.31:646][552]LogModuleManager: Shutting down and abandoning module PlacementMode (164)
[2015.11.24-21.21.31:646][552]LogModuleManager: Shutting down and abandoning module AutomationWorker (163)
[2015.11.24-21.21.31:646][552]LogModuleManager: Shutting down and abandoning module CharacterAI (162)
[2015.11.24-21.21.31:646][552]LogModuleManager: Shutting down and abandoning module SmartSnapping (161)
[2015.11.24-21.21.31:646][552]LogModuleManager: Shutting down and abandoning module ViewportSnapping (160)
[2015.11.24-21.21.31:646][552]LogModuleManager: Shutting down and abandoning module LogVisualizer (159)
[2015.11.24-21.21.31:646][552]LogModuleManager: Shutting down and abandoning module GameProjectGeneration (158)
[2015.11.24-21.21.31:653][552]LogModuleManager: Shutting down and abandoning module IntroTutorials (157)
[2015.11.24-21.21.31:659][552]LogModuleManager: Shutting down and abandoning module EditorLiveStreaming (156)
[2015.11.24-21.21.31:659][552]LogModuleManager: Shutting down and abandoning module HardwareTargeting (155)
[2015.11.24-21.21.31:659][552]LogModuleManager: Shutting down and abandoning module DeviceProfileEditor (154)
[2015.11.24-21.21.31:659][552]LogModuleManager: Shutting down and abandoning module UndoHistory (153)
[2015.11.24-21.21.31:659][552]LogModuleManager: Shutting down and abandoning module GameplayTagsEditor (152)
[2015.11.24-21.21.31:659][552]LogModuleManager: Shutting down and abandoning module UserFeedback (151)
[2015.11.24-21.21.31:659][552]LogModuleManager: Shutting down and abandoning module XmlParser (150)
[2015.11.24-21.21.31:659][552]LogModuleManager: Shutting down and abandoning module Blutility (149)
[2015.11.24-21.21.31:659][552]LogModuleManager: Shutting down and abandoning module IOSPlatformEditor (148)
[2015.11.24-21.21.31:659][552]LogModuleManager: Shutting down and abandoning module IOSRuntimeSettings (147)
[2015.11.24-21.21.31:659][552]LogModuleManager: Shutting down and abandoning module AndroidDeviceDetection (146)
[2015.11.24-21.21.32:613][552]LogModuleManager: Shutting down and abandoning module AndroidPlatformEditor (145)
[2015.11.24-21.21.32:613][552]LogModuleManager: Shutting down and abandoning module AndroidRuntimeSettings (144)
[2015.11.24-21.21.32:613][552]LogModuleManager: Shutting down and abandoning module ProjectTargetPlatformEditor (143)
[2015.11.24-21.21.32:613][552]LogModuleManager: Shutting down and abandoning module ProjectSettingsViewer (142)
[2015.11.24-21.21.32:613][552]LogModuleManager: Shutting down and abandoning module InputBindingEditor (141)
[2015.11.24-21.21.32:613][552]LogModuleManager: Shutting down and abandoning module EditorSettingsViewer (140)
[2015.11.24-21.21.32:613][552]LogModuleManager: Shutting down and abandoning module SettingsEditor (139)
[2015.11.24-21.21.32:636][552]LogModuleManager: Shutting down and abandoning module ProjectLauncher (138)
[2015.11.24-21.21.32:637][552]LogModuleManager: Shutting down and abandoning module SessionFrontend (137)
[2015.11.24-21.21.32:637][552]LogModuleManager: Shutting down and abandoning module ProfilerClient (136)
[2015.11.24-21.21.32:649][552]LogModuleManager: Shutting down and abandoning module TargetDeviceServices (135)
[2015.11.24-21.21.32:649][552]LogModuleManager: Shutting down and abandoning module DeviceManager (134)
[2015.11.24-21.21.32:649][552]LogModuleManager: Shutting down and abandoning module AutomationController (133)
[2015.11.24-21.21.32:649][552]LogModuleManager: Shutting down and abandoning module AutomationWindow (132)
[2015.11.24-21.21.32:661][552]LogModuleManager: Shutting down and abandoning module Layers (131)
[2015.11.24-21.21.32:682][552]LogModuleManager: Shutting down and abandoning module ComponentVisualizers (130)
[2015.11.24-21.21.32:682][552]LogModuleManager: Shutting down and abandoning module DetailCustomizations (129)
[2015.11.24-21.21.32:682][552]LogModuleManager: Shutting down and abandoning module PackagesDialog (128)
[2015.11.24-21.21.32:682][552]LogModuleManager: Shutting down and abandoning module AssetRegistry (127)
[2015.11.24-21.21.32:720][552]LogModuleManager: Shutting down and abandoning module Persona (126)
[2015.11.24-21.21.32:734][552]LogModuleManager: Shutting down and abandoning module SlateReflector (125)
[2015.11.24-21.21.32:745][552]LogModuleManager: Shutting down and abandoning module LevelEditor (124)
[2015.11.24-21.21.32:746][552]LogModuleManager: Shutting down and abandoning module Kismet (123)
[2015.11.24-21.21.32:746][552]LogModuleManager: Shutting down and abandoning module GraphEditor (122)
[2015.11.24-21.21.32:746][552]LogModuleManager: Shutting down and abandoning module ClassViewer (121)
[2015.11.24-21.21.32:746][552]LogModuleManager: Shutting down and abandoning module Toolbox (120)
[2015.11.24-21.21.32:746][552]LogModuleManager: Shutting down and abandoning module ModuleUI (119)
[2015.11.24-21.21.32:762][552]LogModuleManager: Shutting down and abandoning module MovieSceneTools (118)
[2015.11.24-21.21.32:770][552]LogModuleManager: Shutting down and abandoning module OutputLog (117)
[2015.11.24-21.21.32:770][552]LogModuleManager: Shutting down and abandoning module GammaUI (116)
[2015.11.24-21.21.32:781][552]LogModuleManager: Shutting down and abandoning module Documentation (115)
[2015.11.24-21.21.32:781][552]LogModuleManager: Shutting down and abandoning module GameLiveStreaming (114)
[2015.11.24-21.21.32:781][552]LogModuleManager: Shutting down and abandoning module StreamingPauseRendering (113)
[2015.11.24-21.21.32:781][552]LogModuleManager: Shutting down and abandoning module HTTP (112)
[2015.11.24-21.21.32:785][552]LogModuleManager: Shutting down and abandoning module AnalyticsET (111)
[2015.11.24-21.21.32:785][552]LogModuleManager: Shutting down and abandoning module Analytics (110)
[2015.11.24-21.21.32:785][552]LogModuleManager: Shutting down and abandoning module AITestSuite (109)
[2015.11.24-21.21.32:785][552]LogModuleManager: Shutting down and abandoning module GameplayDebugger (108)
[2015.11.24-21.21.32:785][552]LogModuleManager: Shutting down and abandoning module AIModule (107)
[2015.11.24-21.21.32:785][552]LogModuleManager: Shutting down and abandoning module ProfilerService (106)
[2015.11.24-21.21.32:787][552]LogModuleManager: Shutting down and abandoning module TaskGraph (105)
[2015.11.24-21.21.32:805][552]LogModuleManager: Shutting down and abandoning module SlateRemote (104)
[2015.11.24-21.21.32:805][552]LogModuleManager: Shutting down and abandoning module ScriptEditorPlugin (103)
[2015.11.24-21.21.32:805][552]LogModuleManager: Shutting down and abandoning module CustomMeshComponent (102)
[2015.11.24-21.21.32:805][552]LogModuleManager: Shutting down and abandoning module CableComponent (101)
[2015.11.24-21.21.32:805][552]LogModuleManager: Shutting down and abandoning module MessagingDebugger (100)
[2015.11.24-21.21.32:824][552]LogModuleManager: Shutting down and abandoning module MediaPlayerEditor (99)
[2015.11.24-21.21.32:835][552]LogModuleManager: Shutting down and abandoning module SpeedTreeImporter (98)
[2015.11.24-21.21.32:835][552]LogModuleManager: Shutting down and abandoning module PluginsEditor (97)
[2015.11.24-21.21.32:835][552]LogModuleManager: Shutting down and abandoning module MainFrame (96)
[2015.11.24-21.21.32:835][552]LogModuleManager: Shutting down and abandoning module EpicSurvey (95)
[2015.11.24-21.21.32:835][552]LogModuleManager: Shutting down and abandoning module DesktopPlatform (94)
[2015.11.24-21.21.32:835][552]LogModuleManager: Shutting down and abandoning module DirectoryWatcher (93)
[2015.11.24-21.21.32:835][552]LogModuleManager: Shutting down and abandoning module HotReload (92)
[2015.11.24-21.21.32:835][552]LogModuleManager: Shutting down and abandoning module VisualStudioSourceCodeAccess (91)
[2015.11.24-21.21.32:835][552]LogModuleManager: Shutting down and abandoning module UObjectPlugin (90)
[2015.11.24-21.21.32:835][552]LogModuleManager: Shutting down and abandoning module SubversionSourceControl (89)
[2015.11.24-21.21.32:835][552]LogModuleManager: Shutting down and abandoning module PerforceSourceControl (88)
[2015.11.24-21.21.32:846][552]LogModuleManager: Shutting down and abandoning module SourceControl (87)
[2015.11.24-21.21.32:846][552]LogModuleManager: Shutting down and abandoning module GitSourceControl (86)
[2015.11.24-21.21.32:846][552]LogModuleManager: Shutting down and abandoning module BlankPlugin (85)
[2015.11.24-21.21.32:846][552]LogModuleManager: Shutting down and abandoning module PaperTiledImporter (84)
[2015.11.24-21.21.32:846][552]LogModuleManager: Shutting down and abandoning module PaperJsonImporter (83)
[2015.11.24-21.21.32:846][552]LogModuleManager: Shutting down and abandoning module ContentBrowser (82)
[2015.11.24-21.21.32:847][552]LogModuleManager: Shutting down and abandoning module Paper2DEditor (81)
[2015.11.24-21.21.32:847][552]LogModuleManager: Shutting down and abandoning module ScriptPlugin (80)
[2015.11.24-21.21.32:852][552]LogModuleManager: Shutting down and abandoning module UdpMessaging (79)
[2015.11.24-21.21.32:952][552]LogModuleManager: Shutting down and abandoning module Paper2D (78)
[2015.11.24-21.21.32:952][552]LogModuleManager: Shutting down and abandoning module WindowsMoviePlayer (77)
[2015.11.24-21.21.32:955][552]LogModuleManager: Shutting down and abandoning module Media (76)
[2015.11.24-21.21.32:955][552]LogModuleManager: Shutting down and abandoning module WmfMedia (75)
[2015.11.24-21.21.32:956][552]LogModuleManager: Shutting down and abandoning module OnlineBlueprintSupport (74)
[2015.11.24-21.21.32:956][552]LogModuleManager: Shutting down and abandoning module PropertyEditor (73)
[2015.11.24-21.21.32:956][552]LogModuleManager: Shutting down and abandoning module BehaviorTreeEditor (72)
[2015.11.24-21.21.32:992][552]LogModuleManager: Shutting down and abandoning module FunctionalTesting (71)
[2015.11.24-21.21.32:992][552]LogModuleManager: Shutting down and abandoning module CollisionAnalyzer (70)
[2015.11.24-21.21.33:011][552]LogModuleManager: Shutting down and abandoning module WorkspaceMenuStructure (69)
[2015.11.24-21.21.33:011][552]LogModuleManager: Shutting down and abandoning module MessageLog (68)
[2015.11.24-21.21.33:011][552]LogModuleManager: Shutting down and abandoning module Sequencer (67)
[2015.11.24-21.21.33:029][552]LogModuleManager: Shutting down and abandoning module AssetTools (66)
[2015.11.24-21.21.33:060][552]LogModuleManager: Shutting down and abandoning module UMGEditor (65)
[2015.11.24-21.21.33:078][552]LogModuleManager: Shutting down and abandoning module UMG (64)
[2015.11.24-21.21.33:091][552]LogModuleManager: Shutting down and abandoning module Slate (63)
[2015.11.24-21.21.33:091][552]LogModuleManager: Shutting down and abandoning module EditorStyle (62)
[2015.11.24-21.21.33:094][552]LogModuleManager: Shutting down and abandoning module SessionServices (61)
[2015.11.24-21.21.33:094][552]LogModuleManager: Shutting down and abandoning module SourceCodeAccess (60)
[2015.11.24-21.21.33:094][552]LogModuleManager: Shutting down and abandoning module HeadMountedDisplay (59)
[2015.11.24-21.21.33:094][552]LogModuleManager: Shutting down and abandoning module XAudio2 (58)
[2015.11.24-21.21.33:094][552]LogModuleManager: Shutting down and abandoning module Networking (56)
[2015.11.24-21.21.33:094][552]LogModuleManager: Shutting down and abandoning module Core (55)
[2015.11.24-21.21.33:094][552]LogModuleManager: Shutting down and abandoning module KismetCompiler (54)
[2015.11.24-21.21.33:094][552]LogModuleManager: Shutting down and abandoning module PhysXFormats (53)
[2015.11.24-21.21.33:094][552]LogModuleManager: Shutting down and abandoning module MeshUtilities (52)
[2015.11.24-21.21.33:106][552]LogModuleManager: Shutting down and abandoning module DerivedDataCache (51)
[2015.11.24-21.21.33:169][552]LogDerivedDataCache: Shutdown
[2015.11.24-21.21.33:169][552]LogModuleManager: Shutting down and abandoning module ShaderFormatOpenGL (50)
[2015.11.24-21.21.33:180][552]LogModuleManager: Shutting down and abandoning module ShaderFormatD3D (49)
[2015.11.24-21.21.33:180][552]LogModuleManager: Shutting down and abandoning module MetalShaderFormat (48)
[2015.11.24-21.21.33:188][552]LogModuleManager: Shutting down and abandoning module TextureFormatUncompressed (47)
[2015.11.24-21.21.33:188][552]LogModuleManager: Shutting down and abandoning module TextureFormatPVR (46)
[2015.11.24-21.21.33:188][552]LogModuleManager: Shutting down and abandoning module TextureFormatIntelISPCTexComp (45)
[2015.11.24-21.21.33:188][552]LogModuleManager: Shutting down and abandoning module TextureFormatDXT (44)
[2015.11.24-21.21.33:188][552]LogModuleManager: Shutting down and abandoning module ImageWrapper (43)
[2015.11.24-21.21.33:188][552]LogModuleManager: Shutting down and abandoning module TextureFormatASTC (42)
[2015.11.24-21.21.33:188][552]LogModuleManager: Shutting down and abandoning module TextureFormatAndroid (41)
[2015.11.24-21.21.33:188][552]LogModuleManager: Shutting down and abandoning module AudioFormatOpus (40)
[2015.11.24-21.21.33:188][552]LogModuleManager: Shutting down and abandoning module AudioFormatOgg (39)
[2015.11.24-21.21.33:188][552]LogModuleManager: Shutting down and abandoning module AudioFormatADPCM (38)
[2015.11.24-21.21.33:188][552]LogModuleManager: Shutting down and abandoning module LinuxTargetPlatform (37)
[2015.11.24-21.21.33:188][552]LogModuleManager: Shutting down and abandoning module LinuxServerTargetPlatform (36)
[2015.11.24-21.21.33:188][552]LogModuleManager: Shutting down and abandoning module LinuxNoEditorTargetPlatform (35)
[2015.11.24-21.21.33:188][552]LogModuleManager: Shutting down and abandoning module Messaging (34)
[2015.11.24-21.21.33:188][552]LogModuleManager: Shutting down and abandoning module IOSTargetPlatform (33)
[2015.11.24-21.21.33:188][552]LogModuleManager: Shutting down and abandoning module HTML5TargetPlatform (32)
[2015.11.24-21.21.33:188][552]LogModuleManager: Shutting down and abandoning module Android_PVRTCTargetPlatform (31)
[2015.11.24-21.21.33:188][552]LogModuleManager: Shutting down and abandoning module Android_ETC2TargetPlatform (30)
[2015.11.24-21.21.33:188][552]LogModuleManager: Shutting down and abandoning module Android_ETC1TargetPlatform (29)
[2015.11.24-21.21.33:188][552]LogModuleManager: Shutting down and abandoning module Android_ES31TargetPlatform (28)
[2015.11.24-21.21.33:188][552]LogModuleManager: Shutting down and abandoning module Android_DXTTargetPlatform (27)
[2015.11.24-21.21.33:188][552]LogModuleManager: Shutting down and abandoning module Android_ATCTargetPlatform (26)
[2015.11.24-21.21.33:188][552]LogModuleManager: Shutting down and abandoning module AndroidTargetPlatform (25)
[2015.11.24-21.21.33:188][552]LogModuleManager: Shutting down and abandoning module WindowsTargetPlatform (24)
[2015.11.24-21.21.33:188][552]LogModuleManager: Shutting down and abandoning module WindowsServerTargetPlatform (23)
[2015.11.24-21.21.33:188][552]LogModuleManager: Shutting down and abandoning module WindowsNoEditorTargetPlatform (22)
[2015.11.24-21.21.33:188][552]LogModuleManager: Shutting down and abandoning module WindowsClientTargetPlatform (21)
[2015.11.24-21.21.33:188][552]LogModuleManager: Shutting down and abandoning module TargetPlatform (20)
[2015.11.24-21.21.33:188][552]LogModuleManager: Shutting down and abandoning module InputCore (19)
[2015.11.24-21.21.33:188][552]LogModuleManager: Shutting down and abandoning module Settings (18)
[2015.11.24-21.21.33:188][552]LogModuleManager: Shutting down and abandoning module OnlineSubsystem (16)
[2015.11.24-21.21.33:188][552]LogModuleManager: Shutting down and abandoning module OculusRift (15)
[2015.11.24-21.21.33:188][552]LogModuleManager: Shutting down and abandoning module ExampleDeviceProfileSelector (14)
[2015.11.24-21.21.33:188][552]LogModuleManager: Shutting down and abandoning module TextureCompressor (13)
[2015.11.24-21.21.33:188][552]LogModuleManager: Shutting down and abandoning module ShaderCore (12)
[2015.11.24-21.21.33:188][552]LogModuleManager: Shutting down and abandoning module Landscape (11)
[2015.11.24-21.21.33:188][552]LogModuleManager: Shutting down and abandoning module SlateRHIRenderer (10)
[2015.11.24-21.21.33:189][552]LogModuleManager: Shutting down and abandoning module OpenGLDrv (9)
[2015.11.24-21.21.33:189][552]LogModuleManager: Shutting down and abandoning module D3D11RHI (8)
[2015.11.24-21.21.33:189][552]LogModuleManager: Shutting down and abandoning module Renderer (7)
[2015.11.24-21.21.33:189][552]LogModuleManager: Shutting down and abandoning module Engine (6)
[2015.11.24-21.21.33:189][552]LogModuleManager: Shutting down and abandoning module CoreUObject (5)
[2015.11.24-21.21.33:189][552]LogModuleManager: Shutting down and abandoning module NetworkFile (4)
[2015.11.24-21.21.33:189][552]LogModuleManager: Shutting down and abandoning module StreamingFile (3)
[2015.11.24-21.21.33:189][552]LogModuleManager: Shutting down and abandoning module SandboxFile (2)
[2015.11.24-21.21.33:189][552]LogModuleManager: Shutting down and abandoning module PakFile (1)
[2015.11.24-21.21.33:196][552]LogExit: Exiting.
[2015.11.24-21.21.33:210][552]Log file closed, 11/24/15 16:21:33
