Log file open, 12/01/15 16:21:46
LogInit:Display: Running engine for game: Minuit
LogInit: Version: 4.7.6-2513093+++depot+UE4-Releases+4.7
LogInit: API Version: 2455222
LogInit: Compiled (64-bit): Apr 15 2015 12:09:54
LogInit: Compiled with Visual C++: 18.00.21005.01
LogInit: Build Configuration: Development
LogInit: Branch Name: ++depot+UE4-Releases+4.7
LogInit: Command line:  
LogInit: Base directory: E:/Program Files/Unreal Engine/4.7/Engine/Binaries/Win64/
LogInit: Rocket: 1
[2015.12.01-21.21.47:003][  0]LogTaskGraph: Started task graph with 3 named threads and 6 total threads.
[2015.12.01-21.21.47:054][  0]LogOnline:Warning: No default platform service specified for OnlineSubsystem
[2015.12.01-21.21.47:066][  0]LogInit: Presizing for 0 objects not considered by GC, pre-allocating 0 bytes.
[2015.12.01-21.21.47:075][  0]LogInit: Object subsystem initialized
[2015.12.01-21.21.47:076][  0]LogConsoleResponse:Warning: Skipping Unknown console variable: 'TranslucentSortAxis = (X=0.000000,Y=-1.000000,Z=0.000000)'
[2015.12.01-21.21.47:076][  0]LogConsoleResponse:Warning:   Found in ini file 'E:/documents/3d/minuit/MinuitGame/Minuit/Saved/Config/Windows/Engine.ini', in section '[/Script/Engine.RendererSettings]'
[2015.12.01-21.21.47:076][  0]LogConsoleResponse:Warning: Skipping Unknown console variable: 'UIScaleRule = ShortestSide'
[2015.12.01-21.21.47:076][  0]LogConsoleResponse:Warning:   Found in ini file 'E:/documents/3d/minuit/MinuitGame/Minuit/Saved/Config/Windows/Engine.ini', in section '[/Script/Engine.RendererSettings]'
[2015.12.01-21.21.47:076][  0]LogConsoleResponse:Warning: Skipping Unknown console variable: 'UIScaleCurve = (EditorCurveData=(Keys=),ExternalCurve=None)'
[2015.12.01-21.21.47:076][  0]LogConsoleResponse:Warning:   Found in ini file 'E:/documents/3d/minuit/MinuitGame/Minuit/Saved/Config/Windows/Engine.ini', in section '[/Script/Engine.RendererSettings]'
[2015.12.01-21.21.47:077][  0]LogInit: Selected Device Profile: [Windows]
[2015.12.01-21.21.47:077][  0]LogInit: Applying CVar settings loaded from the selected device profile: [Windows]
[2015.12.01-21.21.47:082][  0]LogInit: Computer: ETT_
[2015.12.01-21.21.47:082][  0]LogInit: User: ETt
[2015.12.01-21.21.47:082][  0]LogInit: CPU Page size=4096, Cores=4
[2015.12.01-21.21.47:082][  0]LogInit: High frequency timer resolution =3.318427 MHz
[2015.12.01-21.21.47:082][  0]LogMemory: Memory total: Physical=7.9GB (8GB approx) Virtual=8192.0GB
[2015.12.01-21.21.47:082][  0]LogMemory: Platform Memory Stats for Windows
[2015.12.01-21.21.47:082][  0]LogMemory: Process Physical Memory: 49.14 MB used, 49.14 MB peak
[2015.12.01-21.21.47:082][  0]LogMemory: Process Virtual Memory: 28.90 MB used, 28.90 MB peak
[2015.12.01-21.21.47:082][  0]LogMemory: Physical Memory: 4040.38 MB used, 8130.77 MB total
[2015.12.01-21.21.47:082][  0]LogMemory: Virtual Memory: 283.05 MB used, 8388608.00 MB total
[2015.12.01-21.21.47:108][  0]LogD3D11RHI: Found D3D11 adapter 0: NVIDIA GeForce GTX 770 (Feature Level 11_0)
[2015.12.01-21.21.47:108][  0]LogD3D11RHI: Adapter has 1990MB of dedicated video memory, 0MB of dedicated system memory, and 2048MB of shared system memory, 2 output[s]
[2015.12.01-21.21.47:108][  0]LogD3D11RHI: Chosen D3D11 Adapter Id = 0
[2015.12.01-21.21.47:112][  0]LogRHI: Texture pool is 1361 MB (70% of 1945 MB)
[2015.12.01-21.21.47:122][  0]LogD3D11RHI: Async texture creation enabled
[2015.12.01-21.21.47:176][  0]LogTextLocalizationManager: The requested culture ('fr_FR') has no localization data; falling back to 'en' for localization and internationalization data.
[2015.12.01-21.21.47:245][  0]LogTextLocalizationManager:Warning: Loading localization resources contain conflicting entries for (Namespace:UICommands, Key:Save_ToolTip):
Resource: (E:/Program Files/Unreal Engine/4.7/Engine/Content/Localization/Editor/en/Editor.locres) Hash: (-29098895) String: (Saves the current level to disk)
Resource: (E:/Program Files/Unreal Engine/4.7/Engine/Content/Localization/Engine/en/Engine.locres) Hash: (-1280300587) String: (Save selected data to vlog file)
[2015.12.01-21.21.47:245][  0]LogTextLocalizationManager:Warning: Loading localization resources contain conflicting entries for (Namespace:ContentBrowser, Key:ImportAssetToolTip):
Resource: (E:/Program Files/Unreal Engine/4.7/Engine/Content/Localization/Editor/en/Editor.locres) Hash: (-630476809) String: (Import to {0}...)
Resource: (E:/Program Files/Unreal Engine/4.7/Engine/Content/Localization/Editor/en/Editor.locres) Hash: (1271782899) String: (Imports an asset from file to this folder.)
[2015.12.01-21.21.47:315][  0]LogContentStreaming: Texture pool size is 0.000000MB
[2015.12.01-21.21.49:212][  0]LogTargetPlatformManager:Display: Building Assets For Windows
[2015.12.01-21.21.49:604][  0]LogTargetPlatformManager:Display: Building Assets For Windows
[2015.12.01-21.21.49:659][  0]LogDerivedDataCache:Display: Max Cache Size: 512 MB
[2015.12.01-21.21.49:699][  0]LogDerivedDataCache: Loaded boot cache 0.04s 39MB C:/Users/ETt/AppData/Local/UnrealEngine/4.7/DerivedDataCache/Boot.ddc.
[2015.12.01-21.21.49:699][  0]LogDerivedDataCache:Display: Loaded Boot cache: C:/Users/ETt/AppData/Local/UnrealEngine/4.7/DerivedDataCache/Boot.ddc
[2015.12.01-21.21.49:699][  0]LogDerivedDataCache: FDerivedDataBackendGraph:  Pak pak cache file ../../../../../../documents/3d/minuit/MinuitGame/Minuit/DerivedDataCache/DDC.ddp not found, will not use a pak cache.
[2015.12.01-21.21.49:699][  0]LogDerivedDataCache: Unable to find inner node Pak for hierarchical cache Hierarchy.
[2015.12.01-21.21.49:801][  0]LogDerivedDataCache:Display: Pak cache opened for reading ../../../Engine/DerivedDataCache/Compressed.ddp.
[2015.12.01-21.21.49:812][  0]LogDerivedDataCache: Using Local data cache path C:/Users/ETt/AppData/Local/UnrealEngine/Common/DerivedDataCache: Writable
[2015.12.01-21.21.50:066][  0]LogMeshUtilities: No automatic mesh reduction module available
[2015.12.01-21.21.50:066][  0]LogMeshUtilities: No automatic mesh merging module available
[2015.12.01-21.21.50:365][  0]LogInit: WinSock: version 1.1 (2.2), MaxSocks=32767, MaxUdp=65467
[2015.12.01-21.21.50:438][  0]LogSlate:Warning: Failed to load font data from '../../../Engine/Content/Slate/Fonts/Roboto-Italic.ttf'
[2015.12.01-21.21.51:243][  0]UdpMessaging: Initializing bridge on interface 0.0.0.0:0 to multicast group 230.0.0.1:6666.
[2015.12.01-21.21.51:444][  0]SourceControl: Info Source control is disabled
[2015.12.01-21.21.51:444][  0]SourceControl: Info Source control is disabled
[2015.12.01-21.21.51:444][  0]SourceControl: Info Source control is disabled
[2015.12.01-21.21.51:444][  0]LogSourceControl: RunCommandInternalRaw: 'git version'
[2015.12.01-21.21.51:444][  0]LogSourceControl: RunCommandInternalRaw: ExecProcess ReturnCode=2 OutResults=''
[2015.12.01-21.21.51:453][  0]SourceControl: Info Source control is disabled
[2015.12.01-21.21.51:634][  0]LogObj: 24232 objects as part of root set at end of initial load.
[2015.12.01-21.21.51:634][  0]LogUObjectAllocator: 5137176 out of 0 bytes used by permanent object pool.
[2015.12.01-21.21.51:703][  0]LogEngine: Initializing Engine...
[2015.12.01-21.21.54:834][  0]LogInit: XAudio2 using 'Speakers (Realtek High Definition Audio)' : 2 channels at 48 kHz using 32 bits per sample (channel mask 0x3)
[2015.12.01-21.21.54:843][  0]LogInit: FAudioDevice initialized.
[2015.12.01-21.21.54:879][  0]LogAIModule: Creating AISystem for world NewWorld
[2015.12.01-21.21.54:899][  0]LogDerivedDataCache: Saved boot cache 0.02s 39MB C:/Users/ETt/AppData/Local/UnrealEngine/4.7/DerivedDataCache/Boot.ddc.
[2015.12.01-21.21.54:901][  0]LogInit: Texture streaming: Enabled
[2015.12.01-21.21.54:980][  0]LogAnalytics: Creating configured Analytics provider AnalyticsET
[2015.12.01-21.21.54:980][  0]LogAnalytics: ET APIKey = Rocket.Release. APIServer = http://et2.epicgames.com/ET2/. AppVersion = 4.7.6-2513093+++depot+UE4-Releases+4.7
[2015.12.01-21.21.54:980][  0]LogAnalytics: ET APIKey = Rocket.Release. DataRouterUploadURL = https://datarouter-public-service-gamedev.ol.epicgames.net/datarouter/api/v1/public/data. AppVersion = 4.7.6-2513093+++depot+UE4-Releases+4.7
[2015.12.01-21.21.54:980][  0]LogAnalytics: SetUserId 2d8f9b434cd97107b008209c3b4c51aa|e67cdf50177141fe8e020345bd104ee2|091128b7-7c0a-4bff-8890-6bc6add436c4
[2015.12.01-21.21.54:980][  0]LogAnalytics: AnalyticsET::StartSession [Rocket.Release]
[2015.12.01-21.21.55:003][  0]LogInit: Transaction tracking system initialized
[2015.12.01-21.21.55:154][  0]BlueprintLog: New page: Editor Load
[2015.12.01-21.21.55:187][  0]LogAssetRegistry: FAssetRegistry took 0.0094 seconds to start up
[2015.12.01-21.21.55:187][  0]LogDirectoryWatcher:Warning: Failed to begin reading directory changes for ../../../Engine/Plugins/Experimental/CharacterAI/Content/. Error: 0
[2015.12.01-21.21.55:642][  0]LogTargetPlatformManager:Display: Building Assets For Windows
[2015.12.01-21.21.55:926][  0]LogTargetPlatformManager:Display: Building Assets For Windows
[2015.12.01-21.21.56:170][  0]LogSlate:Warning: Failed to load font data from '../../../Engine/Content/Editor/Slate/Fonts/Roboto-Regular.ttf'
[2015.12.01-21.21.56:171][  0]LogSlate:Warning: Failed to load font data from '../../../Engine/Content/Editor/Slate/Fonts/Roboto-Bold.ttf'
[2015.12.01-21.21.56:210][  0]LogConsoleResponse:Display: 
[2015.12.01-21.21.56:344][  0]LogCook:Display: Done creating registry. It took  0.00s.
[2015.12.01-21.21.56:473][  0]SourceControl: Info Source control is disabled
[2015.12.01-21.21.56:473][  0]Cmd: MAP LOAD FILE="../../../../../../documents/3d/minuit/MinuitGame/Minuit/Content/StarterContent/Maps/M_Master.umap" TEMPLATE=0 SHOWPROGRESS=1 FEATURELEVEL=3
[2015.12.01-21.21.56:474][  0]LightingResults: New page: Lighting Build
[2015.12.01-21.21.56:485][  0]MapCheck: New page: Map Check
[2015.12.01-21.21.56:485][  0]LightingResults: New page: Lighting Build
[2015.12.01-21.21.56:498][  0]LogParticles: Destroying 0 GPU particle simulations for FXSystem 0x0000000013EAE980
[2015.12.01-21.21.56:748][  0]LogLinker:Warning: Asset '../../../Engine/Content/Functions/Engine_MaterialFunctions01/SpeedTree/SpeedTreeColorVariation.uasset' has been saved with empty engine version. The asset will be loaded but may be incompatible.
[2015.12.01-21.21.57:548][  0]LogMaterial: Missing cached shader map for material M_Terrain, compiling. 
[2015.12.01-21.21.59:623][  0]LogMaterial:Warning: Material /Game/StarterContent/Materials/M_Grass.M_Grass needed to have new flag set bUsedWithInstancedStaticMeshes !
[2015.12.01-21.21.59:625][  0]LogMaterial: Missing cached shader map for material M_Grass, compiling. 
[2015.12.01-21.21.59:692][  0]LogMaterial: 0.000272 seconds spent updating 1 materials, 1 interfaces, 0 instances, 0 with static permutations.
[2015.12.01-21.21.59:694][  0]LogRenderer: Adding SpeedTree wind for static mesh Test
[2015.12.01-21.21.59:694][  0]LogMaterial:Warning: Material /Game/StarterContent/Materials/M_Plante1.M_Plante1 needed to have new flag set bUsedWithInstancedStaticMeshes !
[2015.12.01-21.21.59:696][  0]LogMaterial: Missing cached shader map for material M_Plante1, compiling. 
[2015.12.01-21.21.59:712][  0]LogMaterial: 0.000764 seconds spent updating 1 materials, 1 interfaces, 0 instances, 0 with static permutations.
[2015.12.01-21.21.59:712][  0]LogMaterial:Warning: Material /Game/FirstPersonBP/Meshes/Forest/Speedtree/White_Birch2_Branches_Mat.White_Birch2_Branches_Mat needed to have new flag set bUsedWithInstancedStaticMeshes !
[2015.12.01-21.21.59:713][  0]LogRenderer: Adding SpeedTree wind for static mesh White_Birch2
[2015.12.01-21.21.59:714][  0]LogMaterial: Missing cached shader map for material White_Birch2_Branches_Mat, compiling. 
[2015.12.01-21.21.59:764][  0]LogMaterial: 0.000202 seconds spent updating 1 materials, 1 interfaces, 0 instances, 0 with static permutations.
[2015.12.01-21.21.59:764][  0]LogMaterial:Warning: Material /Game/FirstPersonBP/Meshes/Forest/Speedtree/White_Birch2_Branches_2_Mat.White_Birch2_Branches_2_Mat needed to have new flag set bUsedWithInstancedStaticMeshes !
[2015.12.01-21.21.59:766][  0]LogMaterial: Missing cached shader map for material White_Birch2_Branches_2_Mat, compiling. 
[2015.12.01-21.21.59:782][  0]LogMaterial: 0.000918 seconds spent updating 1 materials, 1 interfaces, 0 instances, 0 with static permutations.
[2015.12.01-21.21.59:782][  0]LogMaterial:Warning: Material /Game/FirstPersonBP/Meshes/Forest/Speedtree/White_Birch2_Branches_3_Mat.White_Birch2_Branches_3_Mat needed to have new flag set bUsedWithInstancedStaticMeshes !
[2015.12.01-21.21.59:784][  0]LogMaterial: Missing cached shader map for material White_Birch2_Branches_3_Mat, compiling. 
[2015.12.01-21.21.59:838][  0]LogMaterial: 0.001001 seconds spent updating 1 materials, 1 interfaces, 0 instances, 0 with static permutations.
[2015.12.01-21.21.59:838][  0]LogMaterial:Warning: Material /Game/FirstPersonBP/Meshes/Forest/Speedtree/White_Birch2_Branches_4_Mat.White_Birch2_Branches_4_Mat needed to have new flag set bUsedWithInstancedStaticMeshes !
[2015.12.01-21.21.59:840][  0]LogMaterial: Missing cached shader map for material White_Birch2_Branches_4_Mat, compiling. 
[2015.12.01-21.21.59:856][  0]LogMaterial: 0.000260 seconds spent updating 1 materials, 1 interfaces, 0 instances, 0 with static permutations.
[2015.12.01-21.21.59:856][  0]LogMaterial:Warning: Material /Game/FirstPersonBP/Meshes/Forest/Speedtree/White_Birch2_Fronds_Mat.White_Birch2_Fronds_Mat needed to have new flag set bUsedWithInstancedStaticMeshes !
[2015.12.01-21.21.59:858][  0]LogMaterial: Missing cached shader map for material White_Birch2_Fronds_Mat, compiling. 
[2015.12.01-21.21.59:876][  0]LogMaterial: 0.000297 seconds spent updating 1 materials, 1 interfaces, 0 instances, 0 with static permutations.
[2015.12.01-21.21.59:876][  0]LogRenderer: Adding SpeedTree wind for static mesh White_Birch
[2015.12.01-21.21.59:876][  0]LogMaterial:Warning: Material /Game/FirstPersonBP/Meshes/Forest/Speedtree/White_Birch_Branches_Mat.White_Birch_Branches_Mat needed to have new flag set bUsedWithInstancedStaticMeshes !
[2015.12.01-21.21.59:878][  0]LogMaterial: Missing cached shader map for material White_Birch_Branches_Mat, compiling. 
[2015.12.01-21.21.59:895][  0]LogMaterial: 0.000925 seconds spent updating 1 materials, 1 interfaces, 0 instances, 0 with static permutations.
[2015.12.01-21.21.59:895][  0]LogMaterial:Warning: Material /Game/FirstPersonBP/Meshes/Forest/Speedtree/White_Birch_Branches_2_Mat.White_Birch_Branches_2_Mat needed to have new flag set bUsedWithInstancedStaticMeshes !
[2015.12.01-21.21.59:898][  0]LogMaterial: Missing cached shader map for material White_Birch_Branches_2_Mat, compiling. 
[2015.12.01-21.21.59:921][  0]LogMaterial: 0.000300 seconds spent updating 1 materials, 1 interfaces, 0 instances, 0 with static permutations.
[2015.12.01-21.21.59:921][  0]LogRenderer: Adding SpeedTree wind for static mesh Arbre3
[2015.12.01-21.21.59:921][  0]LogMaterial:Warning: Material /Game/FirstPersonBP/Meshes/Forest/Speedtree/Arbre3_Branches_Mat.Arbre3_Branches_Mat needed to have new flag set bUsedWithInstancedStaticMeshes !
[2015.12.01-21.21.59:923][  0]LogMaterial: Missing cached shader map for material Arbre3_Branches_Mat, compiling. 
[2015.12.01-21.21.59:939][  0]LogMaterial: 0.001412 seconds spent updating 1 materials, 1 interfaces, 0 instances, 0 with static permutations.
[2015.12.01-21.21.59:940][  0]LogMaterial:Warning: Material /Game/FirstPersonBP/Meshes/Forest/Speedtree/Arbre3_Branches_2_Mat.Arbre3_Branches_2_Mat needed to have new flag set bUsedWithInstancedStaticMeshes !
[2015.12.01-21.21.59:942][  0]LogMaterial: Missing cached shader map for material Arbre3_Branches_2_Mat, compiling. 
[2015.12.01-21.21.59:959][  0]LogMaterial: 0.001417 seconds spent updating 1 materials, 1 interfaces, 0 instances, 0 with static permutations.
[2015.12.01-21.21.59:959][  0]LogMaterial:Warning: Material /Game/FirstPersonBP/Meshes/Forest/Speedtree/Arbre3_Fronds_Mat.Arbre3_Fronds_Mat needed to have new flag set bUsedWithInstancedStaticMeshes !
[2015.12.01-21.21.59:961][  0]LogMaterial: Missing cached shader map for material Arbre3_Fronds_Mat, compiling. 
[2015.12.01-21.21.59:978][  0]LogMaterial: 0.000926 seconds spent updating 1 materials, 1 interfaces, 0 instances, 0 with static permutations.
[2015.12.01-21.21.59:979][  0]LogRenderer: Adding SpeedTree wind for static mesh Arbre1
[2015.12.01-21.21.59:979][  0]LogMaterial:Warning: Material /Game/FirstPersonBP/Meshes/Forest/Speedtree/Arbre1_Branches_Mat.Arbre1_Branches_Mat needed to have new flag set bUsedWithInstancedStaticMeshes !
[2015.12.01-21.21.59:981][  0]LogMaterial: Missing cached shader map for material Arbre1_Branches_Mat, compiling. 
[2015.12.01-21.22.00:007][  0]LogMaterial: 0.000225 seconds spent updating 1 materials, 1 interfaces, 0 instances, 0 with static permutations.
[2015.12.01-21.22.00:007][  0]LogMaterial:Warning: Material /Game/FirstPersonBP/Meshes/Forest/Speedtree/Arbre1_Branches_2_Mat.Arbre1_Branches_2_Mat needed to have new flag set bUsedWithInstancedStaticMeshes !
[2015.12.01-21.22.00:009][  0]LogMaterial: Missing cached shader map for material Arbre1_Branches_2_Mat, compiling. 
[2015.12.01-21.22.00:025][  0]LogMaterial: 0.000777 seconds spent updating 1 materials, 1 interfaces, 0 instances, 0 with static permutations.
[2015.12.01-21.22.00:032][  0]LogRenderer: Adding SpeedTree wind for static mesh Arbre2
[2015.12.01-21.22.00:187][  0]LogEditorServer: Finished looking for orphan Actors (0.000 secs)
[2015.12.01-21.22.00:218][  0]LogAIModule: Creating AISystem for world M_Master
[2015.12.01-21.22.00:219][  0]Cmd: MAP CHECKDEP
[2015.12.01-21.22.00:219][  0]MapCheck: New page: M_Master - Dec 1, 2015, 11:22:00 AM
[2015.12.01-21.22.00:431][  0]MapCheck: Info Map check complete: 0 Error(s), 0 Warning(s), took 211.603ms to complete.
[2015.12.01-21.22.00:431][  0]LogFileHelpers: Loading map 'M_Master' took 3.958
[2015.12.01-21.22.01:200][  0]LogCollectionManager: Loaded 0 collections in 0.001521 seconds
[2015.12.01-21.22.01:210][  0]LogContentBrowser: Native class hierarchy populated in 0.0093 seconds. Added 1696 classes and 261 folders.
[2015.12.01-21.22.01:299][  0]LogContentBrowser: Native class hierarchy updated for 'SceneOutliner' in 0.0013 seconds. Added 1 classes and 2 folders.
[2015.12.01-21.22.01:350][  0]LogCrashTracker: Crashtracker disabled due to settings.
[2015.12.01-21.22.01:353][  0]LogSlate:Warning: Failed to load font data from 'Veranda'
[2015.12.01-21.22.01:356][  0]LogUObjectGlobals:Warning: Failed to find object 'Class None.'
[2015.12.01-21.22.01:385][  0]LogLoad: Full Startup: 16.20 seconds (BP compile: 0.11 seconds)
[2015.12.01-21.22.02:139][  0]LogContentBrowser:Verbose: The content browser source was changed by the sources view to '/Game/FirstPersonBP/Meshes/Forest/Speedtree'
[2015.12.01-21.22.03:761][  0]LogRenderer:Warning: Reallocating scene render targets to support 32x32 (Frame:2).
[2015.12.01-21.22.04:567][  0]LogRenderer:Warning: Reallocating scene render targets to support 1208x600 (Frame:23).
[2015.12.01-21.22.04:692][  1]Cmd: UpdateLandscapeEditorData -warnings
[2015.12.01-21.22.04:700][  1]Cmd: UpdateLandscapeEditorData
[2015.12.01-21.22.07:926][  5]LogAssetRegistry: Asset discovery search completed in 12.7486 seconds
[2015.12.01-21.22.07:946][  5]LogShaderCompilers:Warning: Failed to compile Material /Game/StarterContent/Materials/M_Terrain.M_Terrain for platform PCD3D_SM5, Default Material will be used in game.
[2015.12.01-21.29.23:737][540]LogRenderer:Warning: Reallocating scene render targets to support 1440x744 (Frame:1139).
[2015.12.01-21.29.23:797][541]LogRenderer:Warning: Reallocating scene render targets to support 1920x1040 (Frame:1141).
[2015.12.01-21.29.35:035][712]LogEditorViewport: Clicking on Actor (LMB): InstancedFoliageActor (InstancedFoliageActor)
[2015.12.01-21.29.50:602][965]LogEditorViewport: Clicking on Actor (LMB): StaticMeshActor (SM_Maison)
[2015.12.01-21.30.32:631][895]LogEditorViewport: Clicking on Actor (LMB): StaticMeshActor (SM_Moon)
[2015.12.01-21.31.40:332][152]Cmd: SELECT NONE
[2015.12.01-21.31.45:585][437]LogSavePackage: Save=1637.931519ms
[2015.12.01-21.31.45:585][437]LogSavePackage: Moving '../../../../../../documents/3d/minuit/MinuitGame/Minuit/Saved/M_Master66046CF0484BB785BB28BEBA9817C77B.tmp' to '../../../../../../documents/3d/minuit/MinuitGame/Minuit/Content/StarterContent/Maps/M_Master.umap'
[2015.12.01-21.31.45:672][437]LogFileHelpers: Saving map 'M_Master' took 2.089
[2015.12.01-21.31.46:592][489]Cmd: QUIT_EDITOR
[2015.12.01-21.31.46:784][489]LogExit: Preparing to exit.
[2015.12.01-21.31.47:436][489]LogExit: Editor shut down
[2015.12.01-21.31.47:437][489]LogExit: Transaction tracking system shut down
[2015.12.01-21.31.47:438][489]LogParticles: Destroying 0 GPU particle simulations for FXSystem 0x0000000018336D40
[2015.12.01-21.31.47:442][489]LogParticles: Destroying 0 GPU particle simulations for FXSystem 0x000000002CDAC540
[2015.12.01-21.31.47:442][489]LogParticles: Destroying 0 GPU particle simulations for FXSystem 0x000000002F62F1A0
[2015.12.01-21.31.47:442][489]LogParticles: Destroying 0 GPU particle simulations for FXSystem 0x000000002F057B00
[2015.12.01-21.31.47:481][489]LogParticles: Destroying 0 GPU particle simulations for FXSystem 0x000000002E329440
[2015.12.01-21.31.47:481][489]LogExit: Object subsystem successfully closed.
[2015.12.01-21.31.47:524][489]LogModuleManager: Shutting down and abandoning module CrashTracker (177)
[2015.12.01-21.31.47:524][489]LogModuleManager: Shutting down and abandoning module SuperSearch (176)
[2015.12.01-21.31.47:524][489]LogModuleManager: Shutting down and abandoning module SceneOutliner (175)
[2015.12.01-21.31.47:524][489]LogModuleManager: Shutting down and abandoning module EditorWidgets (174)
[2015.12.01-21.31.47:524][489]LogModuleManager: Shutting down and abandoning module CollectionManager (173)
[2015.12.01-21.31.47:524][489]LogModuleManager: Shutting down and abandoning module StatsViewer (172)
[2015.12.01-21.31.47:524][489]LogModuleManager: Shutting down and abandoning module FoliageEdit (171)
[2015.12.01-21.31.47:524][489]LogModuleManager: Shutting down and abandoning module LandscapeEditor (170)
[2015.12.01-21.31.47:524][489]LogModuleManager: Shutting down and abandoning module MeshPaint (169)
[2015.12.01-21.31.47:524][489]LogModuleManager: Shutting down and abandoning module ActorPickerMode (168)
[2015.12.01-21.31.47:524][489]LogModuleManager: Shutting down and abandoning module GeometryMode (167)
[2015.12.01-21.31.47:524][489]LogModuleManager: Shutting down and abandoning module TextureAlignMode (166)
[2015.12.01-21.31.47:524][489]LogModuleManager: Shutting down and abandoning module BspMode (165)
[2015.12.01-21.31.47:524][489]LogModuleManager: Shutting down and abandoning module PlacementMode (164)
[2015.12.01-21.31.47:524][489]LogModuleManager: Shutting down and abandoning module AutomationWorker (163)
[2015.12.01-21.31.47:524][489]LogModuleManager: Shutting down and abandoning module CharacterAI (162)
[2015.12.01-21.31.47:524][489]LogModuleManager: Shutting down and abandoning module SmartSnapping (161)
[2015.12.01-21.31.47:524][489]LogModuleManager: Shutting down and abandoning module ViewportSnapping (160)
[2015.12.01-21.31.47:524][489]LogModuleManager: Shutting down and abandoning module LogVisualizer (159)
[2015.12.01-21.31.47:524][489]LogModuleManager: Shutting down and abandoning module GameProjectGeneration (158)
[2015.12.01-21.31.47:524][489]LogModuleManager: Shutting down and abandoning module IntroTutorials (157)
[2015.12.01-21.31.47:524][489]LogModuleManager: Shutting down and abandoning module EditorLiveStreaming (156)
[2015.12.01-21.31.47:524][489]LogModuleManager: Shutting down and abandoning module HardwareTargeting (155)
[2015.12.01-21.31.47:524][489]LogModuleManager: Shutting down and abandoning module DeviceProfileEditor (154)
[2015.12.01-21.31.47:524][489]LogModuleManager: Shutting down and abandoning module UndoHistory (153)
[2015.12.01-21.31.47:524][489]LogModuleManager: Shutting down and abandoning module GameplayTagsEditor (152)
[2015.12.01-21.31.47:524][489]LogModuleManager: Shutting down and abandoning module UserFeedback (151)
[2015.12.01-21.31.47:524][489]LogModuleManager: Shutting down and abandoning module XmlParser (150)
[2015.12.01-21.31.47:524][489]LogModuleManager: Shutting down and abandoning module Blutility (149)
[2015.12.01-21.31.47:524][489]LogModuleManager: Shutting down and abandoning module IOSPlatformEditor (148)
[2015.12.01-21.31.47:524][489]LogModuleManager: Shutting down and abandoning module IOSRuntimeSettings (147)
[2015.12.01-21.31.47:525][489]LogModuleManager: Shutting down and abandoning module AndroidDeviceDetection (146)
[2015.12.01-21.31.48:117][489]LogModuleManager: Shutting down and abandoning module AndroidPlatformEditor (145)
[2015.12.01-21.31.48:117][489]LogModuleManager: Shutting down and abandoning module AndroidRuntimeSettings (144)
[2015.12.01-21.31.48:117][489]LogModuleManager: Shutting down and abandoning module ProjectTargetPlatformEditor (143)
[2015.12.01-21.31.48:117][489]LogModuleManager: Shutting down and abandoning module ProjectSettingsViewer (142)
[2015.12.01-21.31.48:117][489]LogModuleManager: Shutting down and abandoning module InputBindingEditor (141)
[2015.12.01-21.31.48:117][489]LogModuleManager: Shutting down and abandoning module EditorSettingsViewer (140)
[2015.12.01-21.31.48:117][489]LogModuleManager: Shutting down and abandoning module SettingsEditor (139)
[2015.12.01-21.31.48:117][489]LogModuleManager: Shutting down and abandoning module ProjectLauncher (138)
[2015.12.01-21.31.48:117][489]LogModuleManager: Shutting down and abandoning module SessionFrontend (137)
[2015.12.01-21.31.48:117][489]LogModuleManager: Shutting down and abandoning module ProfilerClient (136)
[2015.12.01-21.31.48:117][489]LogModuleManager: Shutting down and abandoning module TargetDeviceServices (135)
[2015.12.01-21.31.48:117][489]LogModuleManager: Shutting down and abandoning module DeviceManager (134)
[2015.12.01-21.31.48:117][489]LogModuleManager: Shutting down and abandoning module AutomationController (133)
[2015.12.01-21.31.48:117][489]LogModuleManager: Shutting down and abandoning module AutomationWindow (132)
[2015.12.01-21.31.48:117][489]LogModuleManager: Shutting down and abandoning module Layers (131)
[2015.12.01-21.31.48:117][489]LogModuleManager: Shutting down and abandoning module ComponentVisualizers (130)
[2015.12.01-21.31.48:117][489]LogModuleManager: Shutting down and abandoning module DetailCustomizations (129)
[2015.12.01-21.31.48:117][489]LogModuleManager: Shutting down and abandoning module PackagesDialog (128)
[2015.12.01-21.31.48:117][489]LogModuleManager: Shutting down and abandoning module AssetRegistry (127)
[2015.12.01-21.31.48:228][489]LogModuleManager: Shutting down and abandoning module Persona (126)
[2015.12.01-21.31.48:228][489]LogModuleManager: Shutting down and abandoning module SlateReflector (125)
[2015.12.01-21.31.48:228][489]LogModuleManager: Shutting down and abandoning module LevelEditor (124)
[2015.12.01-21.31.48:229][489]LogModuleManager: Shutting down and abandoning module Kismet (123)
[2015.12.01-21.31.48:229][489]LogModuleManager: Shutting down and abandoning module GraphEditor (122)
[2015.12.01-21.31.48:229][489]LogModuleManager: Shutting down and abandoning module ClassViewer (121)
[2015.12.01-21.31.48:229][489]LogModuleManager: Shutting down and abandoning module Toolbox (120)
[2015.12.01-21.31.48:229][489]LogModuleManager: Shutting down and abandoning module ModuleUI (119)
[2015.12.01-21.31.48:229][489]LogModuleManager: Shutting down and abandoning module MovieSceneTools (118)
[2015.12.01-21.31.48:229][489]LogModuleManager: Shutting down and abandoning module OutputLog (117)
[2015.12.01-21.31.48:229][489]LogModuleManager: Shutting down and abandoning module GammaUI (116)
[2015.12.01-21.31.48:229][489]LogModuleManager: Shutting down and abandoning module Documentation (115)
[2015.12.01-21.31.48:229][489]LogModuleManager: Shutting down and abandoning module GameLiveStreaming (114)
[2015.12.01-21.31.48:229][489]LogModuleManager: Shutting down and abandoning module StreamingPauseRendering (113)
[2015.12.01-21.31.48:229][489]LogModuleManager: Shutting down and abandoning module HTTP (112)
[2015.12.01-21.31.48:229][489]LogModuleManager: Shutting down and abandoning module AnalyticsET (111)
[2015.12.01-21.31.48:229][489]LogModuleManager: Shutting down and abandoning module Analytics (110)
[2015.12.01-21.31.48:229][489]LogModuleManager: Shutting down and abandoning module AITestSuite (109)
[2015.12.01-21.31.48:229][489]LogModuleManager: Shutting down and abandoning module GameplayDebugger (108)
[2015.12.01-21.31.48:229][489]LogModuleManager: Shutting down and abandoning module AIModule (107)
[2015.12.01-21.31.48:229][489]LogModuleManager: Shutting down and abandoning module ProfilerService (106)
[2015.12.01-21.31.48:449][489]LogModuleManager: Shutting down and abandoning module TaskGraph (105)
[2015.12.01-21.31.48:449][489]LogModuleManager: Shutting down and abandoning module SlateRemote (104)
[2015.12.01-21.31.48:449][489]LogModuleManager: Shutting down and abandoning module ScriptEditorPlugin (103)
[2015.12.01-21.31.48:449][489]LogModuleManager: Shutting down and abandoning module CustomMeshComponent (102)
[2015.12.01-21.31.48:449][489]LogModuleManager: Shutting down and abandoning module CableComponent (101)
[2015.12.01-21.31.48:449][489]LogModuleManager: Shutting down and abandoning module MessagingDebugger (100)
[2015.12.01-21.31.48:449][489]LogModuleManager: Shutting down and abandoning module MediaPlayerEditor (99)
[2015.12.01-21.31.48:449][489]LogModuleManager: Shutting down and abandoning module SpeedTreeImporter (98)
[2015.12.01-21.31.48:449][489]LogModuleManager: Shutting down and abandoning module PluginsEditor (97)
[2015.12.01-21.31.48:449][489]LogModuleManager: Shutting down and abandoning module MainFrame (96)
[2015.12.01-21.31.48:449][489]LogModuleManager: Shutting down and abandoning module EpicSurvey (95)
[2015.12.01-21.31.48:449][489]LogModuleManager: Shutting down and abandoning module DesktopPlatform (94)
[2015.12.01-21.31.48:449][489]LogModuleManager: Shutting down and abandoning module DirectoryWatcher (93)
[2015.12.01-21.31.48:449][489]LogModuleManager: Shutting down and abandoning module HotReload (92)
[2015.12.01-21.31.48:449][489]LogModuleManager: Shutting down and abandoning module VisualStudioSourceCodeAccess (91)
[2015.12.01-21.31.48:449][489]LogModuleManager: Shutting down and abandoning module UObjectPlugin (90)
[2015.12.01-21.31.48:449][489]LogModuleManager: Shutting down and abandoning module SubversionSourceControl (89)
[2015.12.01-21.31.48:449][489]LogModuleManager: Shutting down and abandoning module PerforceSourceControl (88)
[2015.12.01-21.31.48:449][489]LogModuleManager: Shutting down and abandoning module SourceControl (87)
[2015.12.01-21.31.48:449][489]LogModuleManager: Shutting down and abandoning module GitSourceControl (86)
[2015.12.01-21.31.48:449][489]LogModuleManager: Shutting down and abandoning module BlankPlugin (85)
[2015.12.01-21.31.48:449][489]LogModuleManager: Shutting down and abandoning module PaperTiledImporter (84)
[2015.12.01-21.31.48:449][489]LogModuleManager: Shutting down and abandoning module PaperJsonImporter (83)
[2015.12.01-21.31.48:449][489]LogModuleManager: Shutting down and abandoning module ContentBrowser (82)
[2015.12.01-21.31.48:450][489]LogModuleManager: Shutting down and abandoning module Paper2DEditor (81)
[2015.12.01-21.31.48:450][489]LogModuleManager: Shutting down and abandoning module ScriptPlugin (80)
[2015.12.01-21.31.48:450][489]LogModuleManager: Shutting down and abandoning module UdpMessaging (79)
[2015.12.01-21.31.48:550][489]LogModuleManager: Shutting down and abandoning module Paper2D (78)
[2015.12.01-21.31.48:550][489]LogModuleManager: Shutting down and abandoning module WindowsMoviePlayer (77)
[2015.12.01-21.31.48:553][489]LogModuleManager: Shutting down and abandoning module Media (76)
[2015.12.01-21.31.48:553][489]LogModuleManager: Shutting down and abandoning module WmfMedia (75)
[2015.12.01-21.31.48:554][489]LogModuleManager: Shutting down and abandoning module OnlineBlueprintSupport (74)
[2015.12.01-21.31.48:554][489]LogModuleManager: Shutting down and abandoning module PropertyEditor (73)
[2015.12.01-21.31.48:554][489]LogModuleManager: Shutting down and abandoning module BehaviorTreeEditor (72)
[2015.12.01-21.31.48:554][489]LogModuleManager: Shutting down and abandoning module FunctionalTesting (71)
[2015.12.01-21.31.48:554][489]LogModuleManager: Shutting down and abandoning module CollisionAnalyzer (70)
[2015.12.01-21.31.48:554][489]LogModuleManager: Shutting down and abandoning module WorkspaceMenuStructure (69)
[2015.12.01-21.31.48:554][489]LogModuleManager: Shutting down and abandoning module MessageLog (68)
[2015.12.01-21.31.48:554][489]LogModuleManager: Shutting down and abandoning module Sequencer (67)
[2015.12.01-21.31.48:554][489]LogModuleManager: Shutting down and abandoning module AssetTools (66)
[2015.12.01-21.31.48:554][489]LogModuleManager: Shutting down and abandoning module UMGEditor (65)
[2015.12.01-21.31.48:554][489]LogModuleManager: Shutting down and abandoning module UMG (64)
[2015.12.01-21.31.48:554][489]LogModuleManager: Shutting down and abandoning module Slate (63)
[2015.12.01-21.31.48:554][489]LogModuleManager: Shutting down and abandoning module EditorStyle (62)
[2015.12.01-21.31.48:558][489]LogModuleManager: Shutting down and abandoning module SessionServices (61)
[2015.12.01-21.31.48:558][489]LogModuleManager: Shutting down and abandoning module SourceCodeAccess (60)
[2015.12.01-21.31.48:558][489]LogModuleManager: Shutting down and abandoning module HeadMountedDisplay (59)
[2015.12.01-21.31.48:558][489]LogModuleManager: Shutting down and abandoning module XAudio2 (58)
[2015.12.01-21.31.48:558][489]LogModuleManager: Shutting down and abandoning module Networking (56)
[2015.12.01-21.31.48:558][489]LogModuleManager: Shutting down and abandoning module Core (55)
[2015.12.01-21.31.48:558][489]LogModuleManager: Shutting down and abandoning module KismetCompiler (54)
[2015.12.01-21.31.48:558][489]LogModuleManager: Shutting down and abandoning module PhysXFormats (53)
[2015.12.01-21.31.48:558][489]LogModuleManager: Shutting down and abandoning module MeshUtilities (52)
[2015.12.01-21.31.48:558][489]LogModuleManager: Shutting down and abandoning module DerivedDataCache (51)
[2015.12.01-21.31.48:600][489]LogDerivedDataCache: Shutdown
[2015.12.01-21.31.48:600][489]LogModuleManager: Shutting down and abandoning module ShaderFormatOpenGL (50)
[2015.12.01-21.31.48:600][489]LogModuleManager: Shutting down and abandoning module ShaderFormatD3D (49)
[2015.12.01-21.31.48:600][489]LogModuleManager: Shutting down and abandoning module MetalShaderFormat (48)
[2015.12.01-21.31.48:600][489]LogModuleManager: Shutting down and abandoning module TextureFormatUncompressed (47)
[2015.12.01-21.31.48:600][489]LogModuleManager: Shutting down and abandoning module TextureFormatPVR (46)
[2015.12.01-21.31.48:600][489]LogModuleManager: Shutting down and abandoning module TextureFormatIntelISPCTexComp (45)
[2015.12.01-21.31.48:600][489]LogModuleManager: Shutting down and abandoning module TextureFormatDXT (44)
[2015.12.01-21.31.48:600][489]LogModuleManager: Shutting down and abandoning module ImageWrapper (43)
[2015.12.01-21.31.48:600][489]LogModuleManager: Shutting down and abandoning module TextureFormatASTC (42)
[2015.12.01-21.31.48:600][489]LogModuleManager: Shutting down and abandoning module TextureFormatAndroid (41)
[2015.12.01-21.31.48:600][489]LogModuleManager: Shutting down and abandoning module AudioFormatOpus (40)
[2015.12.01-21.31.48:600][489]LogModuleManager: Shutting down and abandoning module AudioFormatOgg (39)
[2015.12.01-21.31.48:600][489]LogModuleManager: Shutting down and abandoning module AudioFormatADPCM (38)
[2015.12.01-21.31.48:600][489]LogModuleManager: Shutting down and abandoning module LinuxTargetPlatform (37)
[2015.12.01-21.31.48:600][489]LogModuleManager: Shutting down and abandoning module LinuxServerTargetPlatform (36)
[2015.12.01-21.31.48:600][489]LogModuleManager: Shutting down and abandoning module LinuxNoEditorTargetPlatform (35)
[2015.12.01-21.31.48:600][489]LogModuleManager: Shutting down and abandoning module Messaging (34)
[2015.12.01-21.31.48:600][489]LogModuleManager: Shutting down and abandoning module IOSTargetPlatform (33)
[2015.12.01-21.31.48:600][489]LogModuleManager: Shutting down and abandoning module HTML5TargetPlatform (32)
[2015.12.01-21.31.48:600][489]LogModuleManager: Shutting down and abandoning module Android_PVRTCTargetPlatform (31)
[2015.12.01-21.31.48:600][489]LogModuleManager: Shutting down and abandoning module Android_ETC2TargetPlatform (30)
[2015.12.01-21.31.48:600][489]LogModuleManager: Shutting down and abandoning module Android_ETC1TargetPlatform (29)
[2015.12.01-21.31.48:600][489]LogModuleManager: Shutting down and abandoning module Android_ES31TargetPlatform (28)
[2015.12.01-21.31.48:600][489]LogModuleManager: Shutting down and abandoning module Android_DXTTargetPlatform (27)
[2015.12.01-21.31.48:600][489]LogModuleManager: Shutting down and abandoning module Android_ATCTargetPlatform (26)
[2015.12.01-21.31.48:600][489]LogModuleManager: Shutting down and abandoning module AndroidTargetPlatform (25)
[2015.12.01-21.31.48:600][489]LogModuleManager: Shutting down and abandoning module WindowsTargetPlatform (24)
[2015.12.01-21.31.48:600][489]LogModuleManager: Shutting down and abandoning module WindowsServerTargetPlatform (23)
[2015.12.01-21.31.48:600][489]LogModuleManager: Shutting down and abandoning module WindowsNoEditorTargetPlatform (22)
[2015.12.01-21.31.48:600][489]LogModuleManager: Shutting down and abandoning module WindowsClientTargetPlatform (21)
[2015.12.01-21.31.48:600][489]LogModuleManager: Shutting down and abandoning module TargetPlatform (20)
[2015.12.01-21.31.48:600][489]LogModuleManager: Shutting down and abandoning module InputCore (19)
[2015.12.01-21.31.48:600][489]LogModuleManager: Shutting down and abandoning module Settings (18)
[2015.12.01-21.31.48:600][489]LogModuleManager: Shutting down and abandoning module OnlineSubsystem (16)
[2015.12.01-21.31.48:600][489]LogModuleManager: Shutting down and abandoning module OculusRift (15)
[2015.12.01-21.31.48:600][489]LogModuleManager: Shutting down and abandoning module ExampleDeviceProfileSelector (14)
[2015.12.01-21.31.48:600][489]LogModuleManager: Shutting down and abandoning module TextureCompressor (13)
[2015.12.01-21.31.48:600][489]LogModuleManager: Shutting down and abandoning module ShaderCore (12)
[2015.12.01-21.31.48:600][489]LogModuleManager: Shutting down and abandoning module Landscape (11)
[2015.12.01-21.31.48:600][489]LogModuleManager: Shutting down and abandoning module SlateRHIRenderer (10)
[2015.12.01-21.31.48:601][489]LogModuleManager: Shutting down and abandoning module OpenGLDrv (9)
[2015.12.01-21.31.48:601][489]LogModuleManager: Shutting down and abandoning module D3D11RHI (8)
[2015.12.01-21.31.48:601][489]LogModuleManager: Shutting down and abandoning module Renderer (7)
[2015.12.01-21.31.48:601][489]LogModuleManager: Shutting down and abandoning module Engine (6)
[2015.12.01-21.31.48:601][489]LogModuleManager: Shutting down and abandoning module CoreUObject (5)
[2015.12.01-21.31.48:601][489]LogModuleManager: Shutting down and abandoning module NetworkFile (4)
[2015.12.01-21.31.48:601][489]LogModuleManager: Shutting down and abandoning module StreamingFile (3)
[2015.12.01-21.31.48:601][489]LogModuleManager: Shutting down and abandoning module SandboxFile (2)
[2015.12.01-21.31.48:601][489]LogModuleManager: Shutting down and abandoning module PakFile (1)
[2015.12.01-21.31.48:601][489]LogExit: Exiting.
[2015.12.01-21.31.48:605][489]Log file closed, 12/01/15 16:31:48
