Log file open, 09/09/15 15:02:45
LogInit:Display: Running engine for game: Minuit
LogInit: Version: 4.7.6-2513093+++depot+UE4-Releases+4.7
LogInit: API Version: 2455222
LogInit: Compiled (64-bit): Apr 15 2015 12:09:54
LogInit: Compiled with Visual C++: 18.00.21005.01
LogInit: Build Configuration: Development
LogInit: Branch Name: ++depot+UE4-Releases+4.7
LogInit: Command line:  
LogInit: Base directory: E:/Program Files/Unreal Engine/4.7/Engine/Binaries/Win64/
LogInit: Rocket: 1
[2015.09.09-19.02.45:105][  0]LogTaskGraph: Started task graph with 3 named threads and 6 total threads.
[2015.09.09-19.02.45:157][  0]LogOnline:Warning: No default platform service specified for OnlineSubsystem
[2015.09.09-19.02.45:169][  0]LogInit: Presizing for 0 objects not considered by GC, pre-allocating 0 bytes.
[2015.09.09-19.02.45:177][  0]LogInit: Object subsystem initialized
[2015.09.09-19.02.45:178][  0]LogConsoleResponse:Warning: Skipping Unknown console variable: 'TranslucentSortAxis = (X=0.000000,Y=-1.000000,Z=0.000000)'
[2015.09.09-19.02.45:178][  0]LogConsoleResponse:Warning:   Found in ini file 'E:/documents/3d/minuit/MinuitGame/Minuit/Saved/Config/Windows/Engine.ini', in section '[/Script/Engine.RendererSettings]'
[2015.09.09-19.02.45:178][  0]LogConsoleResponse:Warning: Skipping Unknown console variable: 'UIScaleRule = ShortestSide'
[2015.09.09-19.02.45:178][  0]LogConsoleResponse:Warning:   Found in ini file 'E:/documents/3d/minuit/MinuitGame/Minuit/Saved/Config/Windows/Engine.ini', in section '[/Script/Engine.RendererSettings]'
[2015.09.09-19.02.45:178][  0]LogConsoleResponse:Warning: Skipping Unknown console variable: 'UIScaleCurve = (EditorCurveData=(Keys=),ExternalCurve=None)'
[2015.09.09-19.02.45:178][  0]LogConsoleResponse:Warning:   Found in ini file 'E:/documents/3d/minuit/MinuitGame/Minuit/Saved/Config/Windows/Engine.ini', in section '[/Script/Engine.RendererSettings]'
[2015.09.09-19.02.45:179][  0]LogInit: Selected Device Profile: [Windows]
[2015.09.09-19.02.45:179][  0]LogInit: Applying CVar settings loaded from the selected device profile: [Windows]
[2015.09.09-19.02.45:184][  0]LogInit: Computer: ETT_
[2015.09.09-19.02.45:184][  0]LogInit: User: ETt
[2015.09.09-19.02.45:184][  0]LogInit: CPU Page size=4096, Cores=4
[2015.09.09-19.02.45:184][  0]LogInit: High frequency timer resolution =3.318427 MHz
[2015.09.09-19.02.45:184][  0]LogMemory: Memory total: Physical=7.9GB (8GB approx) Virtual=8192.0GB
[2015.09.09-19.02.45:184][  0]LogMemory: Platform Memory Stats for Windows
[2015.09.09-19.02.45:184][  0]LogMemory: Process Physical Memory: 47.64 MB used, 47.64 MB peak
[2015.09.09-19.02.45:184][  0]LogMemory: Process Virtual Memory: 23.81 MB used, 23.81 MB peak
[2015.09.09-19.02.45:184][  0]LogMemory: Physical Memory: 3303.87 MB used, 8130.77 MB total
[2015.09.09-19.02.45:184][  0]LogMemory: Virtual Memory: 274.13 MB used, 8388608.00 MB total
[2015.09.09-19.02.45:209][  0]LogD3D11RHI: Found D3D11 adapter 0: NVIDIA GeForce GTX 770 (Feature Level 11_0)
[2015.09.09-19.02.45:209][  0]LogD3D11RHI: Adapter has 1990MB of dedicated video memory, 0MB of dedicated system memory, and 2048MB of shared system memory, 2 output[s]
[2015.09.09-19.02.45:209][  0]LogD3D11RHI: Chosen D3D11 Adapter Id = 0
[2015.09.09-19.02.45:214][  0]LogRHI: Texture pool is 1361 MB (70% of 1945 MB)
[2015.09.09-19.02.45:221][  0]LogD3D11RHI: Async texture creation enabled
[2015.09.09-19.02.45:276][  0]LogTextLocalizationManager: The requested culture ('fr_FR') has no localization data; falling back to 'en' for localization and internationalization data.
[2015.09.09-19.02.45:349][  0]LogTextLocalizationManager:Warning: Loading localization resources contain conflicting entries for (Namespace:UICommands, Key:Save_ToolTip):
Resource: (E:/Program Files/Unreal Engine/4.7/Engine/Content/Localization/Editor/en/Editor.locres) Hash: (-29098895) String: (Saves the current level to disk)
Resource: (E:/Program Files/Unreal Engine/4.7/Engine/Content/Localization/Engine/en/Engine.locres) Hash: (-1280300587) String: (Save selected data to vlog file)
[2015.09.09-19.02.45:349][  0]LogTextLocalizationManager:Warning: Loading localization resources contain conflicting entries for (Namespace:ContentBrowser, Key:ImportAssetToolTip):
Resource: (E:/Program Files/Unreal Engine/4.7/Engine/Content/Localization/Editor/en/Editor.locres) Hash: (-630476809) String: (Import to {0}...)
Resource: (E:/Program Files/Unreal Engine/4.7/Engine/Content/Localization/Editor/en/Editor.locres) Hash: (1271782899) String: (Imports an asset from file to this folder.)
[2015.09.09-19.02.45:451][  0]LogContentStreaming: Texture pool size is 0.000000MB
[2015.09.09-19.02.47:504][  0]LogTargetPlatformManager:Display: Building Assets For Windows
[2015.09.09-19.02.47:999][  0]LogTargetPlatformManager:Display: Building Assets For Windows
[2015.09.09-19.02.48:060][  0]LogDerivedDataCache:Display: Max Cache Size: 512 MB
[2015.09.09-19.02.48:109][  0]LogDerivedDataCache: Loaded boot cache 0.05s 39MB C:/Users/ETt/AppData/Local/UnrealEngine/4.7/DerivedDataCache/Boot.ddc.
[2015.09.09-19.02.48:109][  0]LogDerivedDataCache:Display: Loaded Boot cache: C:/Users/ETt/AppData/Local/UnrealEngine/4.7/DerivedDataCache/Boot.ddc
[2015.09.09-19.02.48:109][  0]LogDerivedDataCache: FDerivedDataBackendGraph:  Pak pak cache file ../../../../../../documents/3d/minuit/MinuitGame/Minuit/DerivedDataCache/DDC.ddp not found, will not use a pak cache.
[2015.09.09-19.02.48:109][  0]LogDerivedDataCache: Unable to find inner node Pak for hierarchical cache Hierarchy.
[2015.09.09-19.02.48:216][  0]LogDerivedDataCache:Display: Pak cache opened for reading ../../../Engine/DerivedDataCache/Compressed.ddp.
[2015.09.09-19.02.48:227][  0]LogDerivedDataCache: Using Local data cache path C:/Users/ETt/AppData/Local/UnrealEngine/Common/DerivedDataCache: Writable
[2015.09.09-19.02.48:488][  0]LogMeshUtilities: No automatic mesh reduction module available
[2015.09.09-19.02.48:488][  0]LogMeshUtilities: No automatic mesh merging module available
[2015.09.09-19.02.48:834][  0]LogInit: WinSock: version 1.1 (2.2), MaxSocks=32767, MaxUdp=65467
[2015.09.09-19.02.48:906][  0]LogSlate:Warning: Failed to load font data from '../../../Engine/Content/Slate/Fonts/Roboto-Italic.ttf'
[2015.09.09-19.02.49:616][  0]UdpMessaging: Initializing bridge on interface 0.0.0.0:0 to multicast group 230.0.0.1:6666.
[2015.09.09-19.02.49:815][  0]SourceControl: Info Source control is disabled
[2015.09.09-19.02.49:815][  0]SourceControl: Info Source control is disabled
[2015.09.09-19.02.49:815][  0]SourceControl: Info Source control is disabled
[2015.09.09-19.02.49:815][  0]LogSourceControl: RunCommandInternalRaw: 'git version'
[2015.09.09-19.02.49:815][  0]LogSourceControl: RunCommandInternalRaw: ExecProcess ReturnCode=2 OutResults=''
[2015.09.09-19.02.49:825][  0]SourceControl: Info Source control is disabled
[2015.09.09-19.02.50:014][  0]LogObj: 24232 objects as part of root set at end of initial load.
[2015.09.09-19.02.50:014][  0]LogUObjectAllocator: 5137168 out of 0 bytes used by permanent object pool.
[2015.09.09-19.02.50:084][  0]LogEngine: Initializing Engine...
[2015.09.09-19.02.52:214][  0]LogInit: XAudio2 using 'Speakers (Realtek High Definition Audio)' : 2 channels at 48 kHz using 32 bits per sample (channel mask 0x3)
[2015.09.09-19.02.52:221][  0]LogInit: FAudioDevice initialized.
[2015.09.09-19.02.52:258][  0]LogAIModule: Creating AISystem for world NewWorld
[2015.09.09-19.02.52:278][  0]LogDerivedDataCache: Saved boot cache 0.02s 39MB C:/Users/ETt/AppData/Local/UnrealEngine/4.7/DerivedDataCache/Boot.ddc.
[2015.09.09-19.02.52:280][  0]LogInit: Texture streaming: Enabled
[2015.09.09-19.02.52:357][  0]LogAnalytics: Creating configured Analytics provider AnalyticsET
[2015.09.09-19.02.52:357][  0]LogAnalytics: ET APIKey = Rocket.Release. APIServer = http://et2.epicgames.com/ET2/. AppVersion = 4.7.6-2513093+++depot+UE4-Releases+4.7
[2015.09.09-19.02.52:357][  0]LogAnalytics: ET APIKey = Rocket.Release. DataRouterUploadURL = https://datarouter-public-service-gamedev.ol.epicgames.net/datarouter/api/v1/public/data. AppVersion = 4.7.6-2513093+++depot+UE4-Releases+4.7
[2015.09.09-19.02.52:357][  0]LogAnalytics: SetUserId 2d8f9b434cd97107b008209c3b4c51aa|e67cdf50177141fe8e020345bd104ee2|091128b7-7c0a-4bff-8890-6bc6add436c4
[2015.09.09-19.02.52:357][  0]LogAnalytics: AnalyticsET::StartSession [Rocket.Release]
[2015.09.09-19.02.52:379][  0]LogInit: Transaction tracking system initialized
[2015.09.09-19.02.52:540][  0]BlueprintLog: New page: Editor Load
[2015.09.09-19.02.52:575][  0]LogAssetRegistry: FAssetRegistry took 0.0094 seconds to start up
[2015.09.09-19.02.52:575][  0]LogDirectoryWatcher:Warning: Failed to begin reading directory changes for ../../../Engine/Plugins/Experimental/CharacterAI/Content/. Error: 0
[2015.09.09-19.02.53:050][  0]LogTargetPlatformManager:Display: Building Assets For Windows
[2015.09.09-19.02.53:371][  0]LogTargetPlatformManager:Display: Building Assets For Windows
[2015.09.09-19.02.53:665][  0]LogSlate:Warning: Failed to load font data from '../../../Engine/Content/Editor/Slate/Fonts/Roboto-Regular.ttf'
[2015.09.09-19.02.53:665][  0]LogSlate:Warning: Failed to load font data from '../../../Engine/Content/Editor/Slate/Fonts/Roboto-Bold.ttf'
[2015.09.09-19.02.53:672][  0]LogConsoleResponse:Display: 
[2015.09.09-19.02.53:780][  0]LogCook:Display: Done creating registry. It took  0.00s.
[2015.09.09-19.02.53:958][  0]SourceControl: Info Source control is disabled
[2015.09.09-19.02.53:958][  0]Cmd: MAP LOAD FILE="../../../../../../documents/3d/minuit/MinuitGame/Minuit/Content/StarterContent/Maps/M_Master.umap" TEMPLATE=0 SHOWPROGRESS=1 FEATURELEVEL=3
[2015.09.09-19.02.53:958][  0]LightingResults: New page: Lighting Build
[2015.09.09-19.02.53:971][  0]MapCheck: New page: Map Check
[2015.09.09-19.02.53:971][  0]LightingResults: New page: Lighting Build
[2015.09.09-19.02.53:985][  0]LogParticles: Destroying 0 GPU particle simulations for FXSystem 0x000000001310A980
[2015.09.09-19.02.56:151][  0]LogEditorServer: Finished looking for orphan Actors (0.000 secs)
[2015.09.09-19.02.56:180][  0]LogAIModule: Creating AISystem for world M_Master
[2015.09.09-19.02.56:180][  0]Cmd: MAP CHECKDEP
[2015.09.09-19.02.56:180][  0]MapCheck: New page: M_Master - Sep 9, 2015, 11:02:56 AM
[2015.09.09-19.02.56:255][  0]MapCheck: Info Map check complete: 0 Error(s), 0 Warning(s), took 74.892ms to complete.
[2015.09.09-19.02.56:255][  0]LogFileHelpers: Loading map 'M_Master' took 2.297
[2015.09.09-19.02.56:484][  0]LogCollectionManager: Loaded 0 collections in 0.001443 seconds
[2015.09.09-19.02.56:491][  0]LogContentBrowser: Native class hierarchy populated in 0.0072 seconds. Added 1696 classes and 261 folders.
[2015.09.09-19.02.56:558][  0]LogContentBrowser: Native class hierarchy updated for 'SceneOutliner' in 0.0013 seconds. Added 1 classes and 2 folders.
[2015.09.09-19.02.56:664][  0]LogCrashTracker: Crashtracker disabled due to settings.
[2015.09.09-19.02.56:665][  0]LogSlate:Warning: Failed to load font data from 'Veranda'
[2015.09.09-19.02.56:698][  0]LogUObjectGlobals:Warning: Failed to find object 'Class None.'
[2015.09.09-19.02.56:742][  0]LogLoad: Full Startup: 13.42 seconds (BP compile: 0.06 seconds)
[2015.09.09-19.02.56:878][  0]LogContentBrowser:Verbose: The content browser source was changed by the sources view to '/Game/FirstPersonBP/Animations'
[2015.09.09-19.02.56:986][  0]LogRenderer:Warning: Reallocating scene render targets to support 32x32 (Frame:2).
[2015.09.09-19.02.57:214][  0]LogRenderer:Warning: Reallocating scene render targets to support 1152x528 (Frame:3).
[2015.09.09-19.02.57:271][  1]Cmd: UpdateLandscapeEditorData -warnings
[2015.09.09-19.02.57:280][  1]Cmd: UpdateLandscapeEditorData
[2015.09.09-19.03.05:631][ 26]LogAssetRegistry: Asset discovery search completed in 13.0651 seconds
[2015.09.09-19.27.55:551][717]Cmd: QUIT_EDITOR
[2015.09.09-19.27.55:755][717]LogExit: Preparing to exit.
[2015.09.09-19.27.55:889][717]LogExit: Editor shut down
[2015.09.09-19.27.55:890][717]LogExit: Transaction tracking system shut down
[2015.09.09-19.27.55:890][717]LogParticles: Destroying 0 GPU particle simulations for FXSystem 0x000000000C9322A0
[2015.09.09-19.27.55:894][717]LogParticles: Destroying 0 GPU particle simulations for FXSystem 0x000000001DD782C0
[2015.09.09-19.27.55:894][717]LogParticles: Destroying 0 GPU particle simulations for FXSystem 0x000000001CABED40
[2015.09.09-19.27.55:934][717]LogExit: Object subsystem successfully closed.
[2015.09.09-19.27.55:977][717]LogModuleManager: Shutting down and abandoning module CrashTracker (177)
[2015.09.09-19.27.55:977][717]LogModuleManager: Shutting down and abandoning module SuperSearch (176)
[2015.09.09-19.27.55:977][717]LogModuleManager: Shutting down and abandoning module SceneOutliner (175)
[2015.09.09-19.27.55:977][717]LogModuleManager: Shutting down and abandoning module EditorWidgets (174)
[2015.09.09-19.27.55:977][717]LogModuleManager: Shutting down and abandoning module CollectionManager (173)
[2015.09.09-19.27.55:977][717]LogModuleManager: Shutting down and abandoning module StatsViewer (172)
[2015.09.09-19.27.55:977][717]LogModuleManager: Shutting down and abandoning module FoliageEdit (171)
[2015.09.09-19.27.55:977][717]LogModuleManager: Shutting down and abandoning module LandscapeEditor (170)
[2015.09.09-19.27.55:977][717]LogModuleManager: Shutting down and abandoning module MeshPaint (169)
[2015.09.09-19.27.55:977][717]LogModuleManager: Shutting down and abandoning module ActorPickerMode (168)
[2015.09.09-19.27.55:977][717]LogModuleManager: Shutting down and abandoning module GeometryMode (167)
[2015.09.09-19.27.55:977][717]LogModuleManager: Shutting down and abandoning module TextureAlignMode (166)
[2015.09.09-19.27.55:977][717]LogModuleManager: Shutting down and abandoning module BspMode (165)
[2015.09.09-19.27.55:977][717]LogModuleManager: Shutting down and abandoning module PlacementMode (164)
[2015.09.09-19.27.55:977][717]LogModuleManager: Shutting down and abandoning module AutomationWorker (163)
[2015.09.09-19.27.55:977][717]LogModuleManager: Shutting down and abandoning module CharacterAI (162)
[2015.09.09-19.27.55:977][717]LogModuleManager: Shutting down and abandoning module SmartSnapping (161)
[2015.09.09-19.27.55:977][717]LogModuleManager: Shutting down and abandoning module ViewportSnapping (160)
[2015.09.09-19.27.55:977][717]LogModuleManager: Shutting down and abandoning module LogVisualizer (159)
[2015.09.09-19.27.55:977][717]LogModuleManager: Shutting down and abandoning module GameProjectGeneration (158)
[2015.09.09-19.27.55:977][717]LogModuleManager: Shutting down and abandoning module IntroTutorials (157)
[2015.09.09-19.27.55:977][717]LogModuleManager: Shutting down and abandoning module EditorLiveStreaming (156)
[2015.09.09-19.27.55:977][717]LogModuleManager: Shutting down and abandoning module HardwareTargeting (155)
[2015.09.09-19.27.55:977][717]LogModuleManager: Shutting down and abandoning module DeviceProfileEditor (154)
[2015.09.09-19.27.55:977][717]LogModuleManager: Shutting down and abandoning module UndoHistory (153)
[2015.09.09-19.27.55:977][717]LogModuleManager: Shutting down and abandoning module GameplayTagsEditor (152)
[2015.09.09-19.27.55:977][717]LogModuleManager: Shutting down and abandoning module UserFeedback (151)
[2015.09.09-19.27.55:977][717]LogModuleManager: Shutting down and abandoning module XmlParser (150)
[2015.09.09-19.27.55:977][717]LogModuleManager: Shutting down and abandoning module Blutility (149)
[2015.09.09-19.27.55:977][717]LogModuleManager: Shutting down and abandoning module IOSPlatformEditor (148)
[2015.09.09-19.27.55:977][717]LogModuleManager: Shutting down and abandoning module IOSRuntimeSettings (147)
[2015.09.09-19.27.55:977][717]LogModuleManager: Shutting down and abandoning module AndroidDeviceDetection (146)
[2015.09.09-19.27.56:699][717]LogModuleManager: Shutting down and abandoning module AndroidPlatformEditor (145)
[2015.09.09-19.27.56:699][717]LogModuleManager: Shutting down and abandoning module AndroidRuntimeSettings (144)
[2015.09.09-19.27.56:699][717]LogModuleManager: Shutting down and abandoning module ProjectTargetPlatformEditor (143)
[2015.09.09-19.27.56:699][717]LogModuleManager: Shutting down and abandoning module ProjectSettingsViewer (142)
[2015.09.09-19.27.56:699][717]LogModuleManager: Shutting down and abandoning module InputBindingEditor (141)
[2015.09.09-19.27.56:699][717]LogModuleManager: Shutting down and abandoning module EditorSettingsViewer (140)
[2015.09.09-19.27.56:699][717]LogModuleManager: Shutting down and abandoning module SettingsEditor (139)
[2015.09.09-19.27.56:699][717]LogModuleManager: Shutting down and abandoning module ProjectLauncher (138)
[2015.09.09-19.27.56:699][717]LogModuleManager: Shutting down and abandoning module SessionFrontend (137)
[2015.09.09-19.27.56:699][717]LogModuleManager: Shutting down and abandoning module ProfilerClient (136)
[2015.09.09-19.27.56:699][717]LogModuleManager: Shutting down and abandoning module TargetDeviceServices (135)
[2015.09.09-19.27.56:699][717]LogModuleManager: Shutting down and abandoning module DeviceManager (134)
[2015.09.09-19.27.56:699][717]LogModuleManager: Shutting down and abandoning module AutomationController (133)
[2015.09.09-19.27.56:699][717]LogModuleManager: Shutting down and abandoning module AutomationWindow (132)
[2015.09.09-19.27.56:699][717]LogModuleManager: Shutting down and abandoning module Layers (131)
[2015.09.09-19.27.56:699][717]LogModuleManager: Shutting down and abandoning module ComponentVisualizers (130)
[2015.09.09-19.27.56:699][717]LogModuleManager: Shutting down and abandoning module DetailCustomizations (129)
[2015.09.09-19.27.56:699][717]LogModuleManager: Shutting down and abandoning module PackagesDialog (128)
[2015.09.09-19.27.56:700][717]LogModuleManager: Shutting down and abandoning module AssetRegistry (127)
[2015.09.09-19.27.56:757][717]LogModuleManager: Shutting down and abandoning module Persona (126)
[2015.09.09-19.27.56:757][717]LogModuleManager: Shutting down and abandoning module SlateReflector (125)
[2015.09.09-19.27.56:757][717]LogModuleManager: Shutting down and abandoning module LevelEditor (124)
[2015.09.09-19.27.56:758][717]LogModuleManager: Shutting down and abandoning module Kismet (123)
[2015.09.09-19.27.56:758][717]LogModuleManager: Shutting down and abandoning module GraphEditor (122)
[2015.09.09-19.27.56:758][717]LogModuleManager: Shutting down and abandoning module ClassViewer (121)
[2015.09.09-19.27.56:758][717]LogModuleManager: Shutting down and abandoning module Toolbox (120)
[2015.09.09-19.27.56:758][717]LogModuleManager: Shutting down and abandoning module ModuleUI (119)
[2015.09.09-19.27.56:758][717]LogModuleManager: Shutting down and abandoning module MovieSceneTools (118)
[2015.09.09-19.27.56:758][717]LogModuleManager: Shutting down and abandoning module OutputLog (117)
[2015.09.09-19.27.56:758][717]LogModuleManager: Shutting down and abandoning module GammaUI (116)
[2015.09.09-19.27.56:758][717]LogModuleManager: Shutting down and abandoning module Documentation (115)
[2015.09.09-19.27.56:758][717]LogModuleManager: Shutting down and abandoning module GameLiveStreaming (114)
[2015.09.09-19.27.56:758][717]LogModuleManager: Shutting down and abandoning module StreamingPauseRendering (113)
[2015.09.09-19.27.56:758][717]LogModuleManager: Shutting down and abandoning module HTTP (112)
[2015.09.09-19.27.56:758][717]LogModuleManager: Shutting down and abandoning module AnalyticsET (111)
[2015.09.09-19.27.56:758][717]LogModuleManager: Shutting down and abandoning module Analytics (110)
[2015.09.09-19.27.56:758][717]LogModuleManager: Shutting down and abandoning module AITestSuite (109)
[2015.09.09-19.27.56:758][717]LogModuleManager: Shutting down and abandoning module GameplayDebugger (108)
[2015.09.09-19.27.56:758][717]LogModuleManager: Shutting down and abandoning module AIModule (107)
[2015.09.09-19.27.56:758][717]LogModuleManager: Shutting down and abandoning module ProfilerService (106)
[2015.09.09-19.27.56:963][717]LogModuleManager: Shutting down and abandoning module TaskGraph (105)
[2015.09.09-19.27.56:963][717]LogModuleManager: Shutting down and abandoning module SlateRemote (104)
[2015.09.09-19.27.56:963][717]LogModuleManager: Shutting down and abandoning module ScriptEditorPlugin (103)
[2015.09.09-19.27.56:963][717]LogModuleManager: Shutting down and abandoning module CustomMeshComponent (102)
[2015.09.09-19.27.56:963][717]LogModuleManager: Shutting down and abandoning module CableComponent (101)
[2015.09.09-19.27.56:963][717]LogModuleManager: Shutting down and abandoning module MessagingDebugger (100)
[2015.09.09-19.27.56:963][717]LogModuleManager: Shutting down and abandoning module MediaPlayerEditor (99)
[2015.09.09-19.27.56:963][717]LogModuleManager: Shutting down and abandoning module SpeedTreeImporter (98)
[2015.09.09-19.27.56:963][717]LogModuleManager: Shutting down and abandoning module PluginsEditor (97)
[2015.09.09-19.27.56:963][717]LogModuleManager: Shutting down and abandoning module MainFrame (96)
[2015.09.09-19.27.56:963][717]LogModuleManager: Shutting down and abandoning module EpicSurvey (95)
[2015.09.09-19.27.56:963][717]LogModuleManager: Shutting down and abandoning module DesktopPlatform (94)
[2015.09.09-19.27.56:963][717]LogModuleManager: Shutting down and abandoning module DirectoryWatcher (93)
[2015.09.09-19.27.56:963][717]LogModuleManager: Shutting down and abandoning module HotReload (92)
[2015.09.09-19.27.56:963][717]LogModuleManager: Shutting down and abandoning module VisualStudioSourceCodeAccess (91)
[2015.09.09-19.27.56:963][717]LogModuleManager: Shutting down and abandoning module UObjectPlugin (90)
[2015.09.09-19.27.56:963][717]LogModuleManager: Shutting down and abandoning module SubversionSourceControl (89)
[2015.09.09-19.27.56:963][717]LogModuleManager: Shutting down and abandoning module PerforceSourceControl (88)
[2015.09.09-19.27.56:963][717]LogModuleManager: Shutting down and abandoning module SourceControl (87)
[2015.09.09-19.27.56:963][717]LogModuleManager: Shutting down and abandoning module GitSourceControl (86)
[2015.09.09-19.27.56:963][717]LogModuleManager: Shutting down and abandoning module BlankPlugin (85)
[2015.09.09-19.27.56:963][717]LogModuleManager: Shutting down and abandoning module PaperTiledImporter (84)
[2015.09.09-19.27.56:963][717]LogModuleManager: Shutting down and abandoning module PaperJsonImporter (83)
[2015.09.09-19.27.56:963][717]LogModuleManager: Shutting down and abandoning module ContentBrowser (82)
[2015.09.09-19.27.56:965][717]LogModuleManager: Shutting down and abandoning module Paper2DEditor (81)
[2015.09.09-19.27.56:965][717]LogModuleManager: Shutting down and abandoning module ScriptPlugin (80)
[2015.09.09-19.27.56:965][717]LogModuleManager: Shutting down and abandoning module UdpMessaging (79)
[2015.09.09-19.27.57:066][717]LogModuleManager: Shutting down and abandoning module Paper2D (78)
[2015.09.09-19.27.57:066][717]LogModuleManager: Shutting down and abandoning module WindowsMoviePlayer (77)
[2015.09.09-19.27.57:069][717]LogModuleManager: Shutting down and abandoning module Media (76)
[2015.09.09-19.27.57:069][717]LogModuleManager: Shutting down and abandoning module WmfMedia (75)
[2015.09.09-19.27.57:070][717]LogModuleManager: Shutting down and abandoning module OnlineBlueprintSupport (74)
[2015.09.09-19.27.57:070][717]LogModuleManager: Shutting down and abandoning module PropertyEditor (73)
[2015.09.09-19.27.57:070][717]LogModuleManager: Shutting down and abandoning module BehaviorTreeEditor (72)
[2015.09.09-19.27.57:070][717]LogModuleManager: Shutting down and abandoning module FunctionalTesting (71)
[2015.09.09-19.27.57:070][717]LogModuleManager: Shutting down and abandoning module CollisionAnalyzer (70)
[2015.09.09-19.27.57:070][717]LogModuleManager: Shutting down and abandoning module WorkspaceMenuStructure (69)
[2015.09.09-19.27.57:070][717]LogModuleManager: Shutting down and abandoning module MessageLog (68)
[2015.09.09-19.27.57:070][717]LogModuleManager: Shutting down and abandoning module Sequencer (67)
[2015.09.09-19.27.57:070][717]LogModuleManager: Shutting down and abandoning module AssetTools (66)
[2015.09.09-19.27.57:070][717]LogModuleManager: Shutting down and abandoning module UMGEditor (65)
[2015.09.09-19.27.57:070][717]LogModuleManager: Shutting down and abandoning module UMG (64)
[2015.09.09-19.27.57:070][717]LogModuleManager: Shutting down and abandoning module Slate (63)
[2015.09.09-19.27.57:070][717]LogModuleManager: Shutting down and abandoning module EditorStyle (62)
[2015.09.09-19.27.57:073][717]LogModuleManager: Shutting down and abandoning module SessionServices (61)
[2015.09.09-19.27.57:073][717]LogModuleManager: Shutting down and abandoning module SourceCodeAccess (60)
[2015.09.09-19.27.57:073][717]LogModuleManager: Shutting down and abandoning module HeadMountedDisplay (59)
[2015.09.09-19.27.57:073][717]LogModuleManager: Shutting down and abandoning module XAudio2 (58)
[2015.09.09-19.27.57:073][717]LogModuleManager: Shutting down and abandoning module Networking (56)
[2015.09.09-19.27.57:073][717]LogModuleManager: Shutting down and abandoning module Core (55)
[2015.09.09-19.27.57:073][717]LogModuleManager: Shutting down and abandoning module KismetCompiler (54)
[2015.09.09-19.27.57:073][717]LogModuleManager: Shutting down and abandoning module PhysXFormats (53)
[2015.09.09-19.27.57:073][717]LogModuleManager: Shutting down and abandoning module MeshUtilities (52)
[2015.09.09-19.27.57:073][717]LogModuleManager: Shutting down and abandoning module DerivedDataCache (51)
[2015.09.09-19.27.57:162][717]LogDerivedDataCache: Shutdown
[2015.09.09-19.27.57:162][717]LogModuleManager: Shutting down and abandoning module ShaderFormatOpenGL (50)
[2015.09.09-19.27.57:162][717]LogModuleManager: Shutting down and abandoning module ShaderFormatD3D (49)
[2015.09.09-19.27.57:162][717]LogModuleManager: Shutting down and abandoning module MetalShaderFormat (48)
[2015.09.09-19.27.57:162][717]LogModuleManager: Shutting down and abandoning module TextureFormatUncompressed (47)
[2015.09.09-19.27.57:162][717]LogModuleManager: Shutting down and abandoning module TextureFormatPVR (46)
[2015.09.09-19.27.57:162][717]LogModuleManager: Shutting down and abandoning module TextureFormatIntelISPCTexComp (45)
[2015.09.09-19.27.57:162][717]LogModuleManager: Shutting down and abandoning module TextureFormatDXT (44)
[2015.09.09-19.27.57:162][717]LogModuleManager: Shutting down and abandoning module ImageWrapper (43)
[2015.09.09-19.27.57:162][717]LogModuleManager: Shutting down and abandoning module TextureFormatASTC (42)
[2015.09.09-19.27.57:162][717]LogModuleManager: Shutting down and abandoning module TextureFormatAndroid (41)
[2015.09.09-19.27.57:162][717]LogModuleManager: Shutting down and abandoning module AudioFormatOpus (40)
[2015.09.09-19.27.57:162][717]LogModuleManager: Shutting down and abandoning module AudioFormatOgg (39)
[2015.09.09-19.27.57:162][717]LogModuleManager: Shutting down and abandoning module AudioFormatADPCM (38)
[2015.09.09-19.27.57:162][717]LogModuleManager: Shutting down and abandoning module LinuxTargetPlatform (37)
[2015.09.09-19.27.57:162][717]LogModuleManager: Shutting down and abandoning module LinuxServerTargetPlatform (36)
[2015.09.09-19.27.57:162][717]LogModuleManager: Shutting down and abandoning module LinuxNoEditorTargetPlatform (35)
[2015.09.09-19.27.57:163][717]LogModuleManager: Shutting down and abandoning module Messaging (34)
[2015.09.09-19.27.57:163][717]LogModuleManager: Shutting down and abandoning module IOSTargetPlatform (33)
[2015.09.09-19.27.57:163][717]LogModuleManager: Shutting down and abandoning module HTML5TargetPlatform (32)
[2015.09.09-19.27.57:163][717]LogModuleManager: Shutting down and abandoning module Android_PVRTCTargetPlatform (31)
[2015.09.09-19.27.57:163][717]LogModuleManager: Shutting down and abandoning module Android_ETC2TargetPlatform (30)
[2015.09.09-19.27.57:163][717]LogModuleManager: Shutting down and abandoning module Android_ETC1TargetPlatform (29)
[2015.09.09-19.27.57:163][717]LogModuleManager: Shutting down and abandoning module Android_ES31TargetPlatform (28)
[2015.09.09-19.27.57:163][717]LogModuleManager: Shutting down and abandoning module Android_DXTTargetPlatform (27)
[2015.09.09-19.27.57:163][717]LogModuleManager: Shutting down and abandoning module Android_ATCTargetPlatform (26)
[2015.09.09-19.27.57:163][717]LogModuleManager: Shutting down and abandoning module AndroidTargetPlatform (25)
[2015.09.09-19.27.57:163][717]LogModuleManager: Shutting down and abandoning module WindowsTargetPlatform (24)
[2015.09.09-19.27.57:163][717]LogModuleManager: Shutting down and abandoning module WindowsServerTargetPlatform (23)
[2015.09.09-19.27.57:163][717]LogModuleManager: Shutting down and abandoning module WindowsNoEditorTargetPlatform (22)
[2015.09.09-19.27.57:163][717]LogModuleManager: Shutting down and abandoning module WindowsClientTargetPlatform (21)
[2015.09.09-19.27.57:163][717]LogModuleManager: Shutting down and abandoning module TargetPlatform (20)
[2015.09.09-19.27.57:163][717]LogModuleManager: Shutting down and abandoning module InputCore (19)
[2015.09.09-19.27.57:163][717]LogModuleManager: Shutting down and abandoning module Settings (18)
[2015.09.09-19.27.57:163][717]LogModuleManager: Shutting down and abandoning module OnlineSubsystem (16)
[2015.09.09-19.27.57:163][717]LogModuleManager: Shutting down and abandoning module OculusRift (15)
[2015.09.09-19.27.57:163][717]LogModuleManager: Shutting down and abandoning module ExampleDeviceProfileSelector (14)
[2015.09.09-19.27.57:163][717]LogModuleManager: Shutting down and abandoning module TextureCompressor (13)
[2015.09.09-19.27.57:163][717]LogModuleManager: Shutting down and abandoning module ShaderCore (12)
[2015.09.09-19.27.57:163][717]LogModuleManager: Shutting down and abandoning module Landscape (11)
[2015.09.09-19.27.57:163][717]LogModuleManager: Shutting down and abandoning module SlateRHIRenderer (10)
[2015.09.09-19.27.57:164][717]LogModuleManager: Shutting down and abandoning module OpenGLDrv (9)
[2015.09.09-19.27.57:164][717]LogModuleManager: Shutting down and abandoning module D3D11RHI (8)
[2015.09.09-19.27.57:164][717]LogModuleManager: Shutting down and abandoning module Renderer (7)
[2015.09.09-19.27.57:164][717]LogModuleManager: Shutting down and abandoning module Engine (6)
[2015.09.09-19.27.57:164][717]LogModuleManager: Shutting down and abandoning module CoreUObject (5)
[2015.09.09-19.27.57:164][717]LogModuleManager: Shutting down and abandoning module NetworkFile (4)
[2015.09.09-19.27.57:164][717]LogModuleManager: Shutting down and abandoning module StreamingFile (3)
[2015.09.09-19.27.57:164][717]LogModuleManager: Shutting down and abandoning module SandboxFile (2)
[2015.09.09-19.27.57:164][717]LogModuleManager: Shutting down and abandoning module PakFile (1)
[2015.09.09-19.27.57:165][717]LogExit: Exiting.
[2015.09.09-19.27.57:169][717]Log file closed, 09/09/15 15:27:57
