Log file open, 08/26/15 14:34:20
LogInit:Display: Running engine for game: Minuit
LogInit: Version: 4.7.6-2513093+++depot+UE4-Releases+4.7
LogInit: API Version: 2455222
LogInit: Compiled (64-bit): Apr 15 2015 12:09:54
LogInit: Compiled with Visual C++: 18.00.21005.01
LogInit: Build Configuration: Development
LogInit: Branch Name: ++depot+UE4-Releases+4.7
LogInit: Command line:  
LogInit: Base directory: E:/Program Files/Unreal Engine/4.7/Engine/Binaries/Win64/
LogInit: Rocket: 1
[2015.08.26-18.34.20:326][  0]LogTaskGraph: Started task graph with 3 named threads and 6 total threads.
[2015.08.26-18.34.20:393][  0]LogOnline:Warning: No default platform service specified for OnlineSubsystem
[2015.08.26-18.34.20:483][  0]LogInit: Presizing for 0 objects not considered by GC, pre-allocating 0 bytes.
[2015.08.26-18.34.20:648][  0]LogInit: Object subsystem initialized
[2015.08.26-18.34.20:720][  0]LogConsoleResponse:Warning: Skipping Unknown console variable: 'TranslucentSortAxis = (X=0.000000,Y=-1.000000,Z=0.000000)'
[2015.08.26-18.34.20:720][  0]LogConsoleResponse:Warning:   Found in ini file 'E:/documents/3d/minuit/MinuitGame/Minuit/Saved/Config/Windows/Engine.ini', in section '[/Script/Engine.RendererSettings]'
[2015.08.26-18.34.20:721][  0]LogConsoleResponse:Warning: Skipping Unknown console variable: 'UIScaleRule = ShortestSide'
[2015.08.26-18.34.20:721][  0]LogConsoleResponse:Warning:   Found in ini file 'E:/documents/3d/minuit/MinuitGame/Minuit/Saved/Config/Windows/Engine.ini', in section '[/Script/Engine.RendererSettings]'
[2015.08.26-18.34.20:721][  0]LogConsoleResponse:Warning: Skipping Unknown console variable: 'UIScaleCurve = (EditorCurveData=(Keys=),ExternalCurve=None)'
[2015.08.26-18.34.20:721][  0]LogConsoleResponse:Warning:   Found in ini file 'E:/documents/3d/minuit/MinuitGame/Minuit/Saved/Config/Windows/Engine.ini', in section '[/Script/Engine.RendererSettings]'
[2015.08.26-18.34.20:763][  0]LogInit: Selected Device Profile: [Windows]
[2015.08.26-18.34.20:763][  0]LogInit: Applying CVar settings loaded from the selected device profile: [Windows]
[2015.08.26-18.34.20:874][  0]LogInit: Computer: ETT_
[2015.08.26-18.34.20:874][  0]LogInit: User: ETt
[2015.08.26-18.34.20:874][  0]LogInit: CPU Page size=4096, Cores=4
[2015.08.26-18.34.20:874][  0]LogInit: High frequency timer resolution =3.318417 MHz
[2015.08.26-18.34.20:875][  0]LogMemory: Memory total: Physical=7.9GB (8GB approx) Virtual=8192.0GB
[2015.08.26-18.34.20:875][  0]LogMemory: Platform Memory Stats for Windows
[2015.08.26-18.34.20:875][  0]LogMemory: Process Physical Memory: 47.88 MB used, 47.88 MB peak
[2015.08.26-18.34.20:875][  0]LogMemory: Process Virtual Memory: 23.80 MB used, 23.80 MB peak
[2015.08.26-18.34.20:875][  0]LogMemory: Physical Memory: 2456.13 MB used, 8130.77 MB total
[2015.08.26-18.34.20:875][  0]LogMemory: Virtual Memory: 277.04 MB used, 8388608.00 MB total
[2015.08.26-18.34.20:957][  0]LogD3D11RHI: Found D3D11 adapter 0: NVIDIA GeForce GTX 770 (Feature Level 11_0)
[2015.08.26-18.34.20:957][  0]LogD3D11RHI: Adapter has 1990MB of dedicated video memory, 0MB of dedicated system memory, and 2048MB of shared system memory, 2 output[s]
[2015.08.26-18.34.20:957][  0]LogD3D11RHI: Chosen D3D11 Adapter Id = 0
[2015.08.26-18.34.20:962][  0]LogRHI: Texture pool is 1361 MB (70% of 1945 MB)
[2015.08.26-18.34.20:969][  0]LogD3D11RHI: Async texture creation enabled
[2015.08.26-18.34.21:653][  0]LogTextLocalizationManager: The requested culture ('fr_FR') has no localization data; falling back to 'en' for localization and internationalization data.
[2015.08.26-18.34.21:795][  0]LogTextLocalizationManager:Warning: Loading localization resources contain conflicting entries for (Namespace:UICommands, Key:Save_ToolTip):
Resource: (E:/Program Files/Unreal Engine/4.7/Engine/Content/Localization/Editor/en/Editor.locres) Hash: (-29098895) String: (Saves the current level to disk)
Resource: (E:/Program Files/Unreal Engine/4.7/Engine/Content/Localization/Engine/en/Engine.locres) Hash: (-1280300587) String: (Save selected data to vlog file)
[2015.08.26-18.34.21:795][  0]LogTextLocalizationManager:Warning: Loading localization resources contain conflicting entries for (Namespace:ContentBrowser, Key:ImportAssetToolTip):
Resource: (E:/Program Files/Unreal Engine/4.7/Engine/Content/Localization/Editor/en/Editor.locres) Hash: (-630476809) String: (Import to {0}...)
Resource: (E:/Program Files/Unreal Engine/4.7/Engine/Content/Localization/Editor/en/Editor.locres) Hash: (1271782899) String: (Imports an asset from file to this folder.)
[2015.08.26-18.34.21:900][  0]LogContentStreaming: Texture pool size is 0.000000MB
[2015.08.26-18.34.25:963][  0]LogTargetPlatformManager:Display: Building Assets For Windows
[2015.08.26-18.34.26:786][  0]LogTargetPlatformManager:Display: Building Assets For Windows
[2015.08.26-18.34.26:886][  0]LogDerivedDataCache:Display: Max Cache Size: 512 MB
[2015.08.26-18.34.27:012][  0]LogDerivedDataCache: Loaded boot cache 0.13s 39MB C:/Users/ETt/AppData/Local/UnrealEngine/4.7/DerivedDataCache/Boot.ddc.
[2015.08.26-18.34.27:012][  0]LogDerivedDataCache:Display: Loaded Boot cache: C:/Users/ETt/AppData/Local/UnrealEngine/4.7/DerivedDataCache/Boot.ddc
[2015.08.26-18.34.27:012][  0]LogDerivedDataCache: FDerivedDataBackendGraph:  Pak pak cache file ../../../../../../documents/3d/minuit/MinuitGame/Minuit/DerivedDataCache/DDC.ddp not found, will not use a pak cache.
[2015.08.26-18.34.27:012][  0]LogDerivedDataCache: Unable to find inner node Pak for hierarchical cache Hierarchy.
[2015.08.26-18.34.27:189][  0]LogDerivedDataCache:Display: Pak cache opened for reading ../../../Engine/DerivedDataCache/Compressed.ddp.
[2015.08.26-18.34.27:201][  0]LogDerivedDataCache: Using Local data cache path C:/Users/ETt/AppData/Local/UnrealEngine/Common/DerivedDataCache: Writable
[2015.08.26-18.34.32:813][  0]LogMeshUtilities: No automatic mesh reduction module available
[2015.08.26-18.34.32:813][  0]LogMeshUtilities: No automatic mesh merging module available
[2015.08.26-18.34.35:387][  0]LogInit: WinSock: version 1.1 (2.2), MaxSocks=32767, MaxUdp=65467
[2015.08.26-18.34.35:690][  0]LogSlate:Warning: Failed to load font data from '../../../Engine/Content/Slate/Fonts/Roboto-Italic.ttf'
[2015.08.26-18.34.48:178][  0]UdpMessaging: Initializing bridge on interface 0.0.0.0:0 to multicast group 230.0.0.1:6666.
[2015.08.26-18.34.48:850][  0]SourceControl: Info Source control is disabled
[2015.08.26-18.34.48:859][  0]SourceControl: Info Source control is disabled
[2015.08.26-18.34.48:859][  0]SourceControl: Info Source control is disabled
[2015.08.26-18.34.48:859][  0]LogSourceControl: RunCommandInternalRaw: 'git version'
[2015.08.26-18.34.48:859][  0]LogSourceControl: RunCommandInternalRaw: ExecProcess ReturnCode=2 OutResults=''
[2015.08.26-18.34.48:869][  0]SourceControl: Info Source control is disabled
[2015.08.26-18.34.49:745][  0]LogObj: 24232 objects as part of root set at end of initial load.
[2015.08.26-18.34.49:745][  0]LogUObjectAllocator: 5137168 out of 0 bytes used by permanent object pool.
[2015.08.26-18.34.50:246][  0]LogEngine: Initializing Engine...
[2015.08.26-18.34.52:735][  0]LogInit: XAudio2 using 'Speakers (Realtek High Definition Audio)' : 2 channels at 48 kHz using 32 bits per sample (channel mask 0x3)
[2015.08.26-18.34.52:760][  0]LogInit: FAudioDevice initialized.
[2015.08.26-18.34.53:029][  0]LogAIModule: Creating AISystem for world NewWorld
[2015.08.26-18.34.53:091][  0]LogDerivedDataCache: Saved boot cache 0.02s 39MB C:/Users/ETt/AppData/Local/UnrealEngine/4.7/DerivedDataCache/Boot.ddc.
[2015.08.26-18.34.53:093][  0]LogInit: Texture streaming: Enabled
[2015.08.26-18.34.53:631][  0]LogAnalytics: Creating configured Analytics provider AnalyticsET
[2015.08.26-18.34.53:631][  0]LogAnalytics: ET APIKey = Rocket.Release. APIServer = http://et2.epicgames.com/ET2/. AppVersion = 4.7.6-2513093+++depot+UE4-Releases+4.7
[2015.08.26-18.34.53:631][  0]LogAnalytics: ET APIKey = Rocket.Release. DataRouterUploadURL = https://datarouter-public-service-gamedev.ol.epicgames.net/datarouter/api/v1/public/data. AppVersion = 4.7.6-2513093+++depot+UE4-Releases+4.7
[2015.08.26-18.34.53:631][  0]LogAnalytics: SetUserId 2d8f9b434cd97107b008209c3b4c51aa|e67cdf50177141fe8e020345bd104ee2|091128b7-7c0a-4bff-8890-6bc6add436c4
[2015.08.26-18.34.53:650][  0]LogAnalytics: AnalyticsET::StartSession [Rocket.Release]
[2015.08.26-18.34.53:745][  0]LogInit: Transaction tracking system initialized
[2015.08.26-18.34.56:085][  0]BlueprintLog: New page: Editor Load
[2015.08.26-18.34.56:300][  0]LogAssetRegistry: FAssetRegistry took 0.0439 seconds to start up
[2015.08.26-18.34.56:300][  0]LogDirectoryWatcher:Warning: Failed to begin reading directory changes for ../../../Engine/Plugins/Experimental/CharacterAI/Content/. Error: 0
[2015.08.26-18.34.59:817][  0]LogTargetPlatformManager:Display: Building Assets For Windows
[2015.08.26-18.35.00:237][  0]LogTargetPlatformManager:Display: Building Assets For Windows
[2015.08.26-18.35.03:188][  0]LogSlate:Warning: Failed to load font data from '../../../Engine/Content/Editor/Slate/Fonts/Roboto-Regular.ttf'
[2015.08.26-18.35.03:188][  0]LogSlate:Warning: Failed to load font data from '../../../Engine/Content/Editor/Slate/Fonts/Roboto-Bold.ttf'
[2015.08.26-18.35.03:323][  0]LogConsoleResponse:Display: 
[2015.08.26-18.35.07:116][  0]LogCook:Display: Done creating registry. It took  0.00s.
[2015.08.26-18.35.09:786][  0]SourceControl: Info Source control is disabled
[2015.08.26-18.35.09:860][  0]Cmd: MAP LOAD FILE="../../../../../../documents/3d/minuit/MinuitGame/Minuit/Content/StarterContent/Maps/M_Master.umap" TEMPLATE=0 SHOWPROGRESS=1 FEATURELEVEL=3
[2015.08.26-18.35.09:881][  0]LightingResults: New page: Lighting Build
[2015.08.26-18.35.10:134][  0]MapCheck: New page: Map Check
[2015.08.26-18.35.10:134][  0]LightingResults: New page: Lighting Build
[2015.08.26-18.35.10:401][  0]LogParticles: Destroying 0 GPU particle simulations for FXSystem 0x0000000013CF6980
[2015.08.26-18.35.13:485][  0]LogEditorServer: Finished looking for orphan Actors (0.000 secs)
[2015.08.26-18.35.13:498][  0]LogAIModule: Creating AISystem for world M_Master
[2015.08.26-18.35.13:507][  0]Cmd: MAP CHECKDEP
[2015.08.26-18.35.13:524][  0]MapCheck: New page: M_Master - Aug 26, 2015, 10:35:13 AM
[2015.08.26-18.35.13:616][  0]MapCheck: Info Map check complete: 0 Error(s), 0 Warning(s), took 108.327ms to complete.
[2015.08.26-18.35.13:616][  0]LogFileHelpers: Loading map 'M_Master' took 3.790
[2015.08.26-18.35.14:883][  0]LogCollectionManager: Loaded 0 collections in 0.001917 seconds
[2015.08.26-18.35.14:907][  0]LogContentBrowser: Native class hierarchy populated in 0.0236 seconds. Added 1696 classes and 261 folders.
[2015.08.26-18.35.15:123][  0]LogContentBrowser: Native class hierarchy updated for 'SceneOutliner' in 0.0017 seconds. Added 1 classes and 2 folders.
[2015.08.26-18.35.15:645][  0]LogCrashTracker: Crashtracker disabled due to settings.
[2015.08.26-18.35.15:682][  0]LogSlate:Warning: Failed to load font data from 'Veranda'
[2015.08.26-18.35.15:723][  0]LogUObjectGlobals:Warning: Failed to find object 'Class None.'
[2015.08.26-18.35.15:836][  0]LogLoad: Full Startup: 63.17 seconds (BP compile: 0.48 seconds)
[2015.08.26-18.35.15:984][  0]LogContentBrowser:Verbose: The content browser source was changed by the sources view to '/Game/StarterContent'
[2015.08.26-18.35.17:475][  0]LogRenderer:Warning: Reallocating scene render targets to support 1208x576 (Frame:2).
[2015.08.26-18.35.17:749][  1]Cmd: UpdateLandscapeEditorData -warnings
[2015.08.26-18.35.17:944][  1]Cmd: UpdateLandscapeEditorData
[2015.08.26-18.35.18:958][  4]LogAssetRegistry: Asset discovery search completed in 22.7015 seconds
[2015.08.26-18.36.21:283][515]LogContentBrowser:Verbose: The content browser source was changed by the sources view to '/Game/StarterContent/Materials'
[2015.08.26-18.36.27:737][139]LogContentBrowser:Verbose: The content browser source was changed by the sources view to '/Game/StarterContent/Materials'
[2015.08.26-18.36.43:286][874]Cmd: OBJ SAVEPACKAGE PACKAGE="/Game/StarterContent/Materials/M_Terrain" FILE="../../../../../../documents/3d/minuit/MinuitGame/Minuit/Content/StarterContent/Materials/M_Terrain.uasset" SILENT=true
[2015.08.26-18.36.43:589][874]LogSavePackage: Save=301.899078ms
[2015.08.26-18.36.43:589][874]LogSavePackage: Moving '../../../../../../documents/3d/minuit/MinuitGame/Minuit/Saved/M_Terrain1ED3E28C4438E24CC80843A382FB3BE0.tmp' to '../../../../../../documents/3d/minuit/MinuitGame/Minuit/Content/StarterContent/Materials/M_Terrain.uasset'
[2015.08.26-18.36.44:420][957]LogMaterial: Missing cached shader map for material M_Terrain, compiling. 
[2015.08.26-18.36.44:556][957]LogActorComponent: UnregisterComponent: (/Engine/Transient.SkeletalMeshComponent_0) Not registered. Aborting.
[2015.08.26-18.36.44:706][957]LogActorComponent: UnregisterComponent: (/Engine/Transient.SkeletalMeshComponent_0) Not registered. Aborting.
[2015.08.26-18.36.44:706][957]LogActorComponent: RegisterComponentWithWorld: (/Engine/Transient.MaterialEditorMeshComponent_0) Already registered. Aborting.
[2015.08.26-18.36.44:709][957]LogMaterial: Missing cached shader map for material M_Terrain, compiling. 
[2015.08.26-18.36.44:713][957]LogMaterial: 0.000069 seconds spent updating 1 materials, 1 interfaces, 0 instances, 0 with static permutations.
[2015.08.26-18.36.46:826][102]MaterialEditorStats: Info Base pass shader with only dynamic lighting: 29 instructions
[2015.08.26-18.36.46:826][102]MaterialEditorStats: Info Vertex shader: 31 instructions
[2015.08.26-18.36.46:826][102]MaterialEditorStats: Info Texture samplers: 0/16
[2015.08.26-18.37.00:255][681]LogMaterial: Missing cached shader map for material M_Terrain, compiling. 
[2015.08.26-18.37.00:259][681]LogMaterial: 0.000077 seconds spent updating 1 materials, 1 interfaces, 0 instances, 0 with static permutations.
[2015.08.26-18.37.00:897][726]MaterialEditorStats: Info Base pass shader with only dynamic lighting: 29 instructions
[2015.08.26-18.37.00:897][726]MaterialEditorStats: Info Vertex shader: 31 instructions
[2015.08.26-18.37.00:897][726]MaterialEditorStats: Info Texture samplers: 0/16
[2015.08.26-18.37.04:010][ 99]LogMaterial: Missing cached shader map for material FMatExpressionPreview MaterialExpressionLandscapeLayerBlend_0, compiling. 
[2015.08.26-18.37.06:502][390]LogMaterial: Missing cached shader map for material M_Terrain, compiling. 
[2015.08.26-18.37.06:506][390]LogMaterial: 0.000049 seconds spent updating 1 materials, 1 interfaces, 0 instances, 0 with static permutations.
[2015.08.26-18.37.07:291][457]MaterialEditorStats: Info Base pass shader with only dynamic lighting: 29 instructions
[2015.08.26-18.37.07:291][457]MaterialEditorStats: Info Vertex shader: 31 instructions
[2015.08.26-18.37.07:291][457]MaterialEditorStats: Info Texture samplers: 0/16
[2015.08.26-18.37.32:957][519]LogMaterial: Missing cached shader map for material M_Terrain, compiling. 
[2015.08.26-18.37.32:962][519]LogMaterial: 0.000087 seconds spent updating 1 materials, 1 interfaces, 0 instances, 0 with static permutations.
[2015.08.26-18.37.34:194][631]MaterialEditorStats: Info Base pass shader with only dynamic lighting: 29 instructions
[2015.08.26-18.37.34:194][631]MaterialEditorStats: Info Vertex shader: 31 instructions
[2015.08.26-18.37.34:194][631]MaterialEditorStats: Info Texture samplers: 0/16
[2015.08.26-18.37.36:322][859]LogMaterial: Missing cached shader map for material M_Terrain, compiling. 
[2015.08.26-18.37.36:326][859]LogMaterial: 0.000059 seconds spent updating 1 materials, 1 interfaces, 0 instances, 0 with static permutations.
[2015.08.26-18.37.36:995][920]MaterialEditorStats: Info Base pass shader with only dynamic lighting: 29 instructions
[2015.08.26-18.37.36:995][920]MaterialEditorStats: Info Vertex shader: 31 instructions
[2015.08.26-18.37.36:995][920]MaterialEditorStats: Info Texture samplers: 0/16
[2015.08.26-18.37.46:029][928]LogContentBrowser:Verbose: The content browser source was changed by the sources view to '/Game/StarterContent/Textures'
[2015.08.26-18.40.30:493][917]LogFactory: FactoryCreateBinary: Texture with TextureFactory (0 0 ../../../../../../documents/3d/2015/glimpse/textures/grass/T_Grass1_D.tga)
[2015.08.26-18.40.30:695][917]0.000043 seconds to analyze Texture2D /Game/StarterContent/Textures/T_Grass1_D.T_Grass1_D

[2015.08.26-18.40.30:711][917]LogTexture:Display: Building textures: T_Grass1_D (AutoDXT)
[2015.08.26-18.40.34:295][917]LogContentBrowser:Verbose: The content browser source was changed by the sources view to 'None'
[2015.08.26-18.40.34:295][917]LogContentBrowser:Verbose: The content browser source was changed by the sources view to '/Game/StarterContent/Textures'
[2015.08.26-18.40.38:606][251]LogContentBrowser: Native class hierarchy updated for 'TextureEditor' in 0.0022 seconds. Added 1 classes and 2 folders.
[2015.08.26-18.40.51:916][327]Cmd: OBJ SAVEPACKAGE PACKAGE="/Game/StarterContent/Textures/T_Grass1_D" FILE="../../../../../../documents/3d/minuit/MinuitGame/Minuit/Content/StarterContent/Textures/T_Grass1_D.uasset" SILENT=true
[2015.08.26-18.40.54:144][327]LogSavePackage: Save=2226.891602ms
[2015.08.26-18.40.54:144][327]LogSavePackage: Moving '../../../../../../documents/3d/minuit/MinuitGame/Minuit/Saved/T_Grass1_D631A0294478DA0C8019F98B24E5CF198.tmp' to '../../../../../../documents/3d/minuit/MinuitGame/Minuit/Content/StarterContent/Textures/T_Grass1_D.uasset'
[2015.08.26-18.40.59:632][761]LogFactory: FactoryCreateBinary: Texture with TextureFactory (0 0 ../../../../../../documents/3d/2015/glimpse/textures/grass/T_Grass.tga)
[2015.08.26-18.40.59:763][761]0.000044 seconds to analyze Texture2D /Game/StarterContent/Textures/T_Grass.T_Grass

[2015.08.26-18.40.59:771][761]LogTexture:Display: Building textures: T_Grass (AutoDXT)
[2015.08.26-18.41.03:363][761]LogContentBrowser:Verbose: The content browser source was changed by the sources view to 'None'
[2015.08.26-18.41.03:363][761]LogContentBrowser:Verbose: The content browser source was changed by the sources view to '/Game/StarterContent/Textures'
[2015.08.26-18.41.08:782][348]LogParticles: Destroying 0 GPU particle simulations for FXSystem 0x000000001FDF1DA0
[2015.08.26-18.41.25:256][ 47]Cmd: OBJ SAVEPACKAGE PACKAGE="/Game/StarterContent/Textures/T_Grass_D" FILE="../../../../../../documents/3d/minuit/MinuitGame/Minuit/Content/StarterContent/Textures/T_Grass_D.uasset" SILENT=true
[2015.08.26-18.41.27:444][ 47]LogSavePackage: Save=2187.598877ms
[2015.08.26-18.41.27:444][ 47]LogSavePackage: Moving '../../../../../../documents/3d/minuit/MinuitGame/Minuit/Saved/T_Grass_DB82918A44DF9F1F7653861AFD7B49C21.tmp' to '../../../../../../documents/3d/minuit/MinuitGame/Minuit/Content/StarterContent/Textures/T_Grass_D.uasset'
[2015.08.26-18.41.33:166][710]LogContentBrowser:Verbose: The content browser source was changed by the sources view to '/Game/StarterContent/Materials'
[2015.08.26-18.41.52:289][801]LogContentBrowser:Verbose: The content browser source was changed by the sources view to '/Game/StarterContent/Materials'
[2015.08.26-18.42.07:067][320]LogMaterial: Missing cached shader map for material PreviewMaterial_0, compiling. 
[2015.08.26-18.42.07:080][320]LogActorComponent: UnregisterComponent: (/Engine/Transient.SkeletalMeshComponent_1) Not registered. Aborting.
[2015.08.26-18.42.07:128][320]LogActorComponent: UnregisterComponent: (/Engine/Transient.SkeletalMeshComponent_1) Not registered. Aborting.
[2015.08.26-18.42.07:128][320]LogActorComponent: RegisterComponentWithWorld: (/Engine/Transient.MaterialEditorMeshComponent_1) Already registered. Aborting.
[2015.08.26-18.42.07:128][320]LogActorComponent: UnregisterComponent: (/Engine/Transient.SkeletalMeshComponent_1) Not registered. Aborting.
[2015.08.26-18.42.07:128][320]LogActorComponent: RegisterComponentWithWorld: (/Engine/Transient.MaterialEditorMeshComponent_1) Already registered. Aborting.
[2015.08.26-18.42.07:131][320]LogMaterial: Missing cached shader map for material PreviewMaterial_0, compiling. 
[2015.08.26-18.42.07:135][320]LogMaterial: 0.000175 seconds spent updating 1 materials, 1 interfaces, 0 instances, 0 with static permutations.
[2015.08.26-18.42.08:576][395]MaterialEditorStats: Info Base pass shader with only dynamic lighting: 29 instructions
[2015.08.26-18.42.08:576][395]MaterialEditorStats: Info Vertex shader: 31 instructions
[2015.08.26-18.42.08:576][395]MaterialEditorStats: Info Texture samplers: 0/16
[2015.08.26-18.42.23:269][570]LogMaterial: Missing cached shader map for material PreviewMaterial_0, compiling. 
[2015.08.26-18.42.23:273][570]LogMaterial: 0.000106 seconds spent updating 1 materials, 1 interfaces, 0 instances, 0 with static permutations.
[2015.08.26-18.42.23:836][613]MaterialEditorStats: Info Base pass shader with only dynamic lighting: 29 instructions
[2015.08.26-18.42.23:836][613]MaterialEditorStats: Info Vertex shader: 31 instructions
[2015.08.26-18.42.23:836][613]MaterialEditorStats: Info Texture samplers: 0/16
[2015.08.26-18.42.32:301][404]LogMaterial: Missing cached shader map for material PreviewMaterial_0, compiling. 
[2015.08.26-18.42.32:305][404]LogMaterial: 0.000085 seconds spent updating 1 materials, 1 interfaces, 0 instances, 0 with static permutations.
[2015.08.26-18.42.33:111][456]MaterialEditorStats: Info Base pass shader with only dynamic lighting: 29 instructions
[2015.08.26-18.42.33:111][456]MaterialEditorStats: Info Vertex shader: 31 instructions
[2015.08.26-18.42.33:111][456]MaterialEditorStats: Info Texture samplers: 0/16
[2015.08.26-18.42.43:694][403]LogMaterial: Missing cached shader map for material PreviewMaterial_0, compiling. 
[2015.08.26-18.42.43:698][403]LogMaterial: 0.000062 seconds spent updating 1 materials, 1 interfaces, 0 instances, 0 with static permutations.
[2015.08.26-18.42.44:336][434]MaterialEditorStats: Info Base pass shader with only dynamic lighting: 29 instructions
[2015.08.26-18.42.44:336][434]MaterialEditorStats: Info Vertex shader: 31 instructions
[2015.08.26-18.42.44:336][434]MaterialEditorStats: Info Texture samplers: 0/16
[2015.08.26-18.42.53:635][349]LogMaterial: Missing cached shader map for material PreviewMaterial_0, compiling. 
[2015.08.26-18.42.53:639][349]LogMaterial: 0.000094 seconds spent updating 1 materials, 1 interfaces, 0 instances, 0 with static permutations.
[2015.08.26-18.42.53:640][349]LogMaterial: Missing cached shader map for material FMatExpressionPreview MaterialExpressionTextureSample_0, compiling. 
[2015.08.26-18.42.54:349][384]MaterialEditorStats: Info Base pass shader with only dynamic lighting: 29 instructions
[2015.08.26-18.42.54:349][384]MaterialEditorStats: Info Vertex shader: 31 instructions
[2015.08.26-18.42.54:349][384]MaterialEditorStats: Info Texture samplers: 0/16
[2015.08.26-18.43.02:576][ 84]LogContentBrowser:Verbose: The content browser source was changed by the sources view to '/Game/StarterContent/Textures'
[2015.08.26-18.43.06:344][351]LogMaterial: Missing cached shader map for material PreviewMaterial_0, compiling. 
[2015.08.26-18.43.06:347][351]LogMaterial: 0.000039 seconds spent updating 1 materials, 1 interfaces, 0 instances, 0 with static permutations.
[2015.08.26-18.43.06:368][351]LogMaterial: Missing cached shader map for material FMatExpressionPreview MaterialExpressionTextureSample_0, compiling. 
[2015.08.26-18.43.07:059][384]MaterialEditorStats: Info Base pass shader with only dynamic lighting: 29 instructions
[2015.08.26-18.43.07:059][384]MaterialEditorStats: Info Vertex shader: 31 instructions
[2015.08.26-18.43.07:059][384]MaterialEditorStats: Info Texture samplers: 0/16
[2015.08.26-18.43.09:345][579]LogMaterial: Missing cached shader map for material PreviewMaterial_0, compiling. 
[2015.08.26-18.43.09:349][579]LogMaterial: 0.000055 seconds spent updating 1 materials, 1 interfaces, 0 instances, 0 with static permutations.
[2015.08.26-18.43.09:459][579]LogMaterial: Missing cached shader map for material FMatExpressionPreview MaterialExpressionTextureSample_0, compiling. 
[2015.08.26-18.43.10:412][638]MaterialEditorStats: Info Base pass shader with only dynamic lighting: 29 instructions
[2015.08.26-18.43.10:412][638]MaterialEditorStats: Info Vertex shader: 33 instructions
[2015.08.26-18.43.10:413][638]MaterialEditorStats: Info Texture samplers: 0/16
[2015.08.26-18.43.19:616][439]LogUObjectGlobals:Warning: Failed to find object 'Object None.'
[2015.08.26-18.43.19:622][439]LogMaterial: Missing cached shader map for material PreviewMaterial_0, compiling. 
[2015.08.26-18.43.19:626][439]LogMaterial: 0.000071 seconds spent updating 1 materials, 1 interfaces, 0 instances, 0 with static permutations.
[2015.08.26-18.43.20:383][481]MaterialEditorStats: Info Base pass shader with only dynamic lighting: 29 instructions
[2015.08.26-18.43.20:383][481]MaterialEditorStats: Info Vertex shader: 33 instructions
[2015.08.26-18.43.20:383][481]MaterialEditorStats: Info Texture samplers: 0/16
[2015.08.26-18.43.26:674][ 17]LogMaterial: Missing cached shader map for material PreviewMaterial_0, compiling. 
[2015.08.26-18.43.26:678][ 17]LogMaterial: 0.000118 seconds spent updating 1 materials, 1 interfaces, 0 instances, 0 with static permutations.
[2015.08.26-18.43.27:420][ 66]MaterialEditorStats: Info Base pass shader with only dynamic lighting: 29 instructions
[2015.08.26-18.43.27:420][ 66]MaterialEditorStats: Info Vertex shader: 33 instructions
[2015.08.26-18.43.27:420][ 66]MaterialEditorStats: Info Texture samplers: 0/16
[2015.08.26-18.43.35:723][674]LogMaterial: Missing cached shader map for material PreviewMaterial_0, compiling. 
[2015.08.26-18.43.35:727][674]LogMaterial: 0.000055 seconds spent updating 1 materials, 1 interfaces, 0 instances, 0 with static permutations.
[2015.08.26-18.43.36:447][713]MaterialEditorStats: Info Base pass shader with only dynamic lighting: 29 instructions
[2015.08.26-18.43.36:447][713]MaterialEditorStats: Info Vertex shader: 33 instructions
[2015.08.26-18.43.36:448][713]MaterialEditorStats: Info Texture samplers: 0/16
[2015.08.26-18.43.51:285][ 25]LogMaterial: Missing cached shader map for material PreviewMaterial_0, compiling. 
[2015.08.26-18.43.51:289][ 25]LogMaterial: 0.000176 seconds spent updating 1 materials, 1 interfaces, 0 instances, 0 with static permutations.
[2015.08.26-18.43.51:290][ 25]LogMaterial: Missing cached shader map for material FMatExpressionPreview MaterialExpressionTextureSample_1, compiling. 
[2015.08.26-18.43.51:990][ 69]MaterialEditorStats: Info Base pass shader with only dynamic lighting: 29 instructions
[2015.08.26-18.43.51:990][ 69]MaterialEditorStats: Info Vertex shader: 33 instructions
[2015.08.26-18.43.51:990][ 69]MaterialEditorStats: Info Texture samplers: 0/16
[2015.08.26-18.44.03:363][704]LogFactory: FactoryCreateBinary: Texture with TextureFactory (0 0 ../../../../../../documents/3d/2015/glimpse/textures/grass/T_Grass1_D.tga)
[2015.08.26-18.44.03:416][704]0.000055 seconds to analyze Texture2D /Game/StarterContent/Textures/T_Grass1_D.T_Grass1_D

[2015.08.26-18.44.03:425][704]LogTexture:Display: Building textures: T_Grass1_D (AutoDXT)
[2015.08.26-18.44.06:966][704]LogContentBrowser:Verbose: The content browser source was changed by the sources view to 'None'
[2015.08.26-18.44.06:966][704]LogContentBrowser:Verbose: The content browser source was changed by the sources view to '/Game/StarterContent/Textures'
[2015.08.26-18.44.15:920][354]Cmd: OBJ SAVEPACKAGE PACKAGE="/Game/StarterContent/Textures/T_Grass1_D" FILE="../../../../../../documents/3d/minuit/MinuitGame/Minuit/Content/StarterContent/Textures/T_Grass1_D.uasset" SILENT=true
[2015.08.26-18.44.18:117][354]LogSavePackage: Save=2194.619385ms
[2015.08.26-18.44.18:117][354]LogSavePackage: Moving '../../../../../../documents/3d/minuit/MinuitGame/Minuit/Saved/T_Grass1_DBC3785464E3598992D40B689D4CC29FF.tmp' to '../../../../../../documents/3d/minuit/MinuitGame/Minuit/Content/StarterContent/Textures/T_Grass1_D.uasset'
[2015.08.26-18.44.20:946][581]LogMaterial: Missing cached shader map for material PreviewMaterial_0, compiling. 
[2015.08.26-18.44.20:950][581]LogMaterial: 0.000058 seconds spent updating 1 materials, 1 interfaces, 0 instances, 0 with static permutations.
[2015.08.26-18.44.20:978][581]LogMaterial: Missing cached shader map for material FMatExpressionPreview MaterialExpressionTextureSample_1, compiling. 
[2015.08.26-18.44.22:334][656]MaterialEditorStats: Info Base pass shader with only dynamic lighting: 29 instructions
[2015.08.26-18.44.22:334][656]MaterialEditorStats: Info Vertex shader: 33 instructions
[2015.08.26-18.44.22:334][656]MaterialEditorStats: Info Texture samplers: 0/16
[2015.08.26-18.44.23:503][750]LogMaterial: Missing cached shader map for material PreviewMaterial_0, compiling. 
[2015.08.26-18.44.23:507][750]LogMaterial: 0.000086 seconds spent updating 1 materials, 1 interfaces, 0 instances, 0 with static permutations.
[2015.08.26-18.44.23:547][750]LogMaterial: Missing cached shader map for material FMatExpressionPreview MaterialExpressionTextureSample_1, compiling. 
[2015.08.26-18.44.24:299][803]MaterialEditorStats: Info Base pass shader with only dynamic lighting: 29 instructions
[2015.08.26-18.44.24:299][803]MaterialEditorStats: Info Vertex shader: 33 instructions
[2015.08.26-18.44.24:299][803]MaterialEditorStats: Info Texture samplers: 0/16
[2015.08.26-18.44.45:257][575]LogMaterialEditor: Saving and Compiling material M_Terrain
[2015.08.26-18.44.46:495][575]LogMaterial: Missing cached shader map for material PreviewMaterial_0, compiling. 
[2015.08.26-18.44.46:510][575]LogMaterial: 0.000099 seconds spent updating 1 materials, 1 interfaces, 0 instances, 0 with static permutations.
[2015.08.26-18.44.46:601][575]LogMaterial: Missing cached shader map for material M_Terrain, compiling. 
[2015.08.26-18.44.46:613][575]LogMaterial: Missing cached shader map for material M_Terrain, compiling. 
[2015.08.26-18.44.46:619][575]LogMaterial: 0.001102 seconds spent updating 1 materials, 1 interfaces, 0 instances, 0 with static permutations.
[2015.08.26-18.44.48:562][575]Cmd: OBJ SAVEPACKAGE PACKAGE="/Game/StarterContent/Materials/M_Terrain" FILE="../../../../../../documents/3d/minuit/MinuitGame/Minuit/Content/StarterContent/Materials/M_Terrain.uasset" SILENT=true
[2015.08.26-18.44.48:781][575]LogSavePackage: Save=211.247116ms
[2015.08.26-18.44.48:781][575]LogSavePackage: Moving '../../../../../../documents/3d/minuit/MinuitGame/Minuit/Saved/M_Terrain3833D0CA482330C3D07F86AB6CD760A5.tmp' to '../../../../../../documents/3d/minuit/MinuitGame/Minuit/Content/StarterContent/Materials/M_Terrain.uasset'
[2015.08.26-18.44.48:794][575]MaterialEditorStats: Info Base pass shader with only dynamic lighting: 58 instructions
[2015.08.26-18.44.48:794][575]MaterialEditorStats: Info Vertex shader: 33 instructions
[2015.08.26-18.44.48:794][575]MaterialEditorStats: Info Texture samplers: 3/16
[2015.08.26-18.44.51:941][781]LogTexture:Display: Building textures: Texture2D_3 (G8)
[2015.08.26-18.45.05:589][817]LogContentBrowser:Verbose: The content browser source was changed by the sources view to '/Game/StarterContent/Materials'
[2015.08.26-18.45.15:126][602]LogContentBrowser:Verbose: The content browser source was changed by the sources view to '/Game/StarterContent/Materials'
[2015.08.26-18.46.05:811][733]LogEditorViewport: Clicking on Actor (LMB): Landscape (Landscape1)
[2015.08.26-18.46.11:759][115]LogMaterial: 0.000933 seconds spent updating 1 materials, 1 interfaces, 0 instances, 0 with static permutations.
[2015.08.26-18.46.11:770][115]LogMaterial:Warning: Material /Game/StarterContent/Materials/M_Terrain.M_Terrain needed to have new flag set bUsedWithLandscape !
[2015.08.26-18.46.11:778][115]LogMaterial:Warning: Material /Engine/Transient.PreviewMaterial_0 needed to have new flag set bUsedWithLandscape !
[2015.08.26-18.46.11:780][115]LogMaterial: Missing cached shader map for material PreviewMaterial_0, compiling. 
[2015.08.26-18.46.11:784][115]LogMaterial: 0.000155 seconds spent updating 1 materials, 1 interfaces, 0 instances, 0 with static permutations.
[2015.08.26-18.46.11:785][115]LogMaterial: Missing cached shader map for material M_Terrain, compiling. 
[2015.08.26-18.46.11:802][115]LogMaterial: 0.001561 seconds spent updating 1 materials, 1 interfaces, 0 instances, 0 with static permutations.
[2015.08.26-18.46.11:802][115]LogMaterial:Warning: Material /Game/StarterContent/Materials/M_Terrain.M_Terrain needed to have new flag set bUsedWithStaticLighting !
[2015.08.26-18.46.11:802][115]LogMaterial:Warning: Material /Engine/Transient.PreviewMaterial_0 needed to have new flag set bUsedWithStaticLighting !
[2015.08.26-18.46.11:804][115]LogMaterial: Missing cached shader map for material PreviewMaterial_0, compiling. 
[2015.08.26-18.46.11:810][115]LogMaterial: 0.000335 seconds spent updating 1 materials, 1 interfaces, 0 instances, 0 with static permutations.
[2015.08.26-18.46.11:812][115]LogMaterial: Missing cached shader map for material M_Terrain, compiling. 
[2015.08.26-18.46.11:837][115]LogMaterial: 0.000117 seconds spent updating 1 materials, 1 interfaces, 0 instances, 0 with static permutations.
[2015.08.26-18.46.11:922][116]Cmd: UpdateLandscapeEditorData
[2015.08.26-18.46.11:923][116]Cmd: UpdateLandscapeMIC
[2015.08.26-18.46.22:460][665]LogMaterialEditor: Saving and Compiling material M_Terrain
[2015.08.26-18.46.23:878][665]LogMaterial: Missing cached shader map for material PreviewMaterial_0, compiling. 
[2015.08.26-18.46.23:895][665]LogMaterial: 0.000057 seconds spent updating 1 materials, 1 interfaces, 0 instances, 0 with static permutations.
[2015.08.26-18.46.24:556][665]LogMaterial: Missing cached shader map for material M_Terrain, compiling. 
[2015.08.26-18.46.24:589][665]LogMaterial: Missing cached shader map for material M_Terrain, compiling. 
[2015.08.26-18.46.24:609][665]LogMaterial: 0.001174 seconds spent updating 1 materials, 1 interfaces, 65 instances, 0 with static permutations.
[2015.08.26-18.46.31:144][665]Cmd: OBJ SAVEPACKAGE PACKAGE="/Game/StarterContent/Materials/M_Terrain" FILE="../../../../../../documents/3d/minuit/MinuitGame/Minuit/Content/StarterContent/Materials/M_Terrain.uasset" SILENT=true
[2015.08.26-18.46.31:360][665]LogSavePackage: Save=210.212280ms
[2015.08.26-18.46.31:360][665]LogSavePackage: Moving '../../../../../../documents/3d/minuit/MinuitGame/Minuit/Saved/M_Terrain9B1A8636420F6844D4806AA581627C04.tmp' to '../../../../../../documents/3d/minuit/MinuitGame/Minuit/Content/StarterContent/Materials/M_Terrain.uasset'
[2015.08.26-18.46.31:372][665]MaterialEditorStats: Info Base pass shader with static lighting: 89 instructions
[2015.08.26-18.46.31:372][665]MaterialEditorStats: Info Base pass shader with only dynamic lighting: 58 instructions
[2015.08.26-18.46.31:373][665]MaterialEditorStats: Info Vertex shader: 33 instructions
[2015.08.26-18.46.31:373][665]MaterialEditorStats: Info Texture samplers: 4/16
[2015.08.26-18.48.22:528][414]LogMaterial: Missing cached shader map for material PreviewMaterial_1, compiling. 
[2015.08.26-18.48.22:569][414]LogActorComponent: UnregisterComponent: (/Engine/Transient.SkeletalMeshComponent_2) Not registered. Aborting.
[2015.08.26-18.48.22:622][414]LogActorComponent: UnregisterComponent: (/Engine/Transient.SkeletalMeshComponent_2) Not registered. Aborting.
[2015.08.26-18.48.22:622][414]LogActorComponent: RegisterComponentWithWorld: (/Engine/Transient.MaterialEditorMeshComponent_2) Already registered. Aborting.
[2015.08.26-18.48.22:623][414]LogActorComponent: UnregisterComponent: (/Engine/Transient.SkeletalMeshComponent_2) Not registered. Aborting.
[2015.08.26-18.48.22:623][414]LogActorComponent: RegisterComponentWithWorld: (/Engine/Transient.MaterialEditorMeshComponent_2) Already registered. Aborting.
[2015.08.26-18.48.22:626][414]LogMaterial: Missing cached shader map for material PreviewMaterial_1, compiling. 
[2015.08.26-18.48.22:631][414]LogMaterial: 0.000106 seconds spent updating 1 materials, 1 interfaces, 0 instances, 0 with static permutations.
[2015.08.26-18.48.22:659][414]LogMaterial: Missing cached shader map for material FMatExpressionPreview MaterialExpressionTextureSample_0, compiling. 
[2015.08.26-18.48.22:661][414]LogMaterial: Missing cached shader map for material FMatExpressionPreview MaterialExpressionTextureSample_1, compiling. 
[2015.08.26-18.48.24:733][547]MaterialEditorStats: Info Base pass shader with static lighting: 60 instructions
[2015.08.26-18.48.24:733][547]MaterialEditorStats: Info Base pass shader with only dynamic lighting: 29 instructions
[2015.08.26-18.48.24:733][547]MaterialEditorStats: Info Vertex shader: 33 instructions
[2015.08.26-18.48.24:733][547]MaterialEditorStats: Info Texture samplers: 2/16
[2015.08.26-18.49.14:372][871]LogContentBrowser:Verbose: The content browser source was changed by the sources view to '/Game/StarterContent/Materials/layers'
[2015.08.26-18.50.14:981][972]LogContentBrowser:Verbose: The content browser source was changed by the sources view to '/Game/StarterContent/Textures'
[2015.08.26-18.50.18:689][317]LogContentBrowser:Verbose: The content browser source was changed by the sources view to '/Game/StarterContent/Materials'
[2015.08.26-18.52.41:073][172]LogMaterial: Missing cached shader map for material M_Terrain, compiling. 
[2015.08.26-18.52.41:092][172]LogMaterial: 0.001511 seconds spent updating 1 materials, 1 interfaces, 1 instances, 1 with static permutations.
[2015.08.26-18.52.41:097][172]LogMaterial: Missing cached shader map for material M_Terrain, compiling. 
[2015.08.26-18.52.41:120][172]LogMaterial: 0.003798 seconds spent updating 1 materials, 1 interfaces, 1 instances, 1 with static permutations.
[2015.08.26-18.52.52:266][ 65]LogContentBrowser:Verbose: The content browser source was changed by the sources view to '/Game/StarterContent/Materials/layers'
[2015.08.26-18.53.05:196][620]LogContentBrowser:Verbose: The content browser source was changed by the sources view to 'None'
[2015.08.26-18.53.05:197][620]LogContentBrowser:Verbose: The content browser source was changed by the sources view to '/Game/StarterContent/Materials/layers'
[2015.08.26-18.53.16:115][214]LogContentBrowser:Verbose: The content browser source was changed by the sources view to 'None'
[2015.08.26-18.53.16:116][214]LogContentBrowser:Verbose: The content browser source was changed by the sources view to '/Game/StarterContent/Materials/layers'
[2015.08.26-18.53.18:862][502]LogSavePackage: Save=1.381984ms
[2015.08.26-18.53.18:862][502]LogSavePackage: Moving '../../../../../../documents/3d/minuit/MinuitGame/Minuit/Saved/grass2_LayerInfoE6BD96654D42F11F5FFA05A01F5AE2DC.tmp' to '../../../../../../documents/3d/minuit/MinuitGame/Minuit/Content/StarterContent/Materials/layers/grass2_LayerInfo.uasset'
[2015.08.26-18.53.22:060][825]LogSavePackage: Save=1.158384ms
[2015.08.26-18.53.22:060][825]LogSavePackage: Moving '../../../../../../documents/3d/minuit/MinuitGame/Minuit/Saved/grass_LayerInfoD7DDFFD541FE49EAD5D5C6A734DEDBF3.tmp' to '../../../../../../documents/3d/minuit/MinuitGame/Minuit/Content/StarterContent/Materials/layers/grass_LayerInfo.uasset'
[2015.08.26-18.53.22:823][912]LogTexture:Display: Building textures: Texture2D_4 (BGRA8)
[2015.08.26-18.53.31:888][978]LogTexture:Display: Building textures: Texture2D_6 (BGRA8)
[2015.08.26-18.53.31:891][978]LogMaterial: Missing cached shader map for material M_Terrain, compiling. 
[2015.08.26-18.53.31:910][978]LogMaterial: 0.001318 seconds spent updating 1 materials, 1 interfaces, 1 instances, 1 with static permutations.
[2015.08.26-18.53.52:985][848]LogPlayLevel: PIE:  No blueprints needed recompiling
[2015.08.26-18.53.52:986][848]PIE: New page: PIE session: M_Master (Aug 26, 2015, 10:53:52 AM)
[2015.08.26-18.53.52:991][848]LogPlayLevel: PIE: StaticDuplicateObject took: (0.005210s)
[2015.08.26-18.53.52:992][848]LogPlayLevel: PIE: World Init took: (0.000477s)
[2015.08.26-18.53.52:992][848]LogPlayLevel: PIE: Created PIE world by copying editor world from /Game/StarterContent/Maps/M_Master.M_Master to /Game/StarterContent/Maps/UEDPIE_0_M_Master.M_Master (0.005833s)
[2015.08.26-18.53.53:114][848]LogWorld: Game class is 'GameMode'
[2015.08.26-18.53.53:120][848]LogWorld: PIE: Copying PIE streaming level from /Game/StarterContent/Maps/M_Forest_Bas.M_Forest_Bas to /Game/StarterContent/Maps/UEDPIE_0_M_Forest_Bas.M_Forest_Bas. OwningWorld: /Game/StarterContent/Maps/UEDPIE_0_M_Master.M_Master
[2015.08.26-18.53.53:163][848]LogWorld: PIE: Copying PIE streaming level from /Game/StarterContent/Maps/M_Greybox.M_Greybox to /Game/StarterContent/Maps/UEDPIE_0_M_Greybox.M_Greybox. OwningWorld: /Game/StarterContent/Maps/UEDPIE_0_M_Master.M_Master
[2015.08.26-18.53.53:177][848]LogWorld: PIE: Copying PIE streaming level from /Game/StarterContent/Maps/M_Maison.M_Maison to /Game/StarterContent/Maps/UEDPIE_0_M_Maison.M_Maison. OwningWorld: /Game/StarterContent/Maps/UEDPIE_0_M_Master.M_Master
[2015.08.26-18.53.53:181][848]LogWorld: PIE: Copying PIE streaming level from /Game/StarterContent/Maps/M_Lighting.M_Lighting to /Game/StarterContent/Maps/UEDPIE_0_M_Lighting.M_Lighting. OwningWorld: /Game/StarterContent/Maps/UEDPIE_0_M_Master.M_Master
[2015.08.26-18.53.53:182][848]LogWorld: PIE: Copying PIE streaming level from /Game/StarterContent/Maps/M_Forest_Haut.M_Forest_Haut to /Game/StarterContent/Maps/UEDPIE_0_M_Forest_Haut.M_Forest_Haut. OwningWorld: /Game/StarterContent/Maps/UEDPIE_0_M_Master.M_Master
[2015.08.26-18.53.53:294][848]LogAIModule: Creating AISystem for world M_Master
[2015.08.26-18.53.53:295][848]LogWorld: Bringing World /Game/StarterContent/Maps/UEDPIE_0_M_Master.M_Master up for play (max tick rate 0) at 2015.08.26-14.53.53
[2015.08.26-18.53.53:305][848]LogWorld: Bringing up level for play took: 0.010488
[2015.08.26-18.53.53:339][848]PIE: Info Play in editor start time for /Game/StarterContent/Maps/UEDPIE_0_M_Master 0.423
[2015.08.26-18.53.56:149][162]LogActorComponent: UnregisterComponent: (/Engine/Transient.MovementComponent0) Not registered. Aborting.
[2015.08.26-18.53.56:199][162]LogParticles: Destroying 0 GPU particle simulations for FXSystem 0x000000000F47D580
[2015.08.26-18.53.56:199][162]LogParticles: Destroying 0 GPU particle simulations for FXSystem 0x0000000027E5C9A0
[2015.08.26-18.53.56:237][163]LogParticles: Destroying 0 GPU particle simulations for FXSystem 0x00000000114E56C0
[2015.08.26-18.56.10:366][139]LogSavePackage: Save=34.240120ms
[2015.08.26-18.56.10:366][139]LogSavePackage: Moving '../../../../../../documents/3d/minuit/MinuitGame/Minuit/Saved/M_MasterC3C1FF8A4CBCBCA0D6D424AEC9CA9A58.tmp' to '../../../../../../documents/3d/minuit/MinuitGame/Minuit/Content/StarterContent/Maps/M_Master.umap'
[2015.08.26-18.56.12:095][139]LogFileHelpers: Saving map 'M_Master' took 1.909
[2015.08.26-18.56.12:593][139]LogTexture:Display: Building textures: Texture2D_6 (BGRA8)
[2015.08.26-18.56.12:630][139]LogTexture:Display: Building textures: Texture2D_4 (BGRA8)
[2015.08.26-18.56.13:204][139]LogSavePackage: Save=908.696838ms
[2015.08.26-18.56.13:204][139]LogSavePackage: Moving '../../../../../../documents/3d/minuit/MinuitGame/Minuit/Saved/M_GreyboxC78E0F324445BE146790B681FCEB0CFC.tmp' to '../../../../../../documents/3d/minuit/MinuitGame/Minuit/Content/StarterContent/Maps/M_Greybox.umap'
[2015.08.26-18.56.13:250][139]LogFileHelpers: Saving map 'M_Greybox' took 1.122
[2015.08.26-18.56.13:279][139]Cmd: OBJ SAVEPACKAGE PACKAGE="/Game/StarterContent/Textures/T_Grass" FILE="../../../../../../documents/3d/minuit/MinuitGame/Minuit/Content/StarterContent/Textures/T_Grass.uasset" SILENT=true
[2015.08.26-18.56.13:285][139]LogSavePackage: Save=1.360287ms
[2015.08.26-18.56.13:285][139]LogSavePackage: Moving '../../../../../../documents/3d/minuit/MinuitGame/Minuit/Saved/T_Grass68ABEDF14289DD514FA100A43E8716E1.tmp' to '../../../../../../documents/3d/minuit/MinuitGame/Minuit/Content/StarterContent/Textures/T_Grass.uasset'
[2015.08.26-18.56.22:362][659]LogContentBrowser:Verbose: The content browser source was changed by the sources view to '/Game/StarterContent/Materials'
[2015.08.26-18.56.40:235][433]LogTexture:Display: Building textures: Texture2D_6 (BGRA8)
[2015.08.26-18.56.40:238][433]LogTexture:Display: Building textures: Texture2D_4 (BGRA8)
[2015.08.26-18.56.40:533][433]LogSavePackage: Save=318.966248ms
[2015.08.26-18.56.40:533][433]LogSavePackage: Moving '../../../../../../documents/3d/minuit/MinuitGame/Minuit/Saved/M_GreyboxEA7DB1F744DE0F46F636C0852A52E2D7.tmp' to '../../../../../../documents/3d/minuit/MinuitGame/Minuit/Content/StarterContent/Maps/M_Greybox.umap'
[2015.08.26-18.56.40:537][433]LogFileHelpers: Saving map 'M_Greybox' took 0.451
[2015.08.26-18.56.40:992][434]Cmd: QUIT_EDITOR
[2015.08.26-18.56.41:233][434]LogExit: Preparing to exit.
[2015.08.26-18.56.41:785][434]LogExit: Editor shut down
[2015.08.26-18.56.41:786][434]LogExit: Transaction tracking system shut down
[2015.08.26-18.56.41:786][434]LogParticles: Destroying 0 GPU particle simulations for FXSystem 0x000000000DC4FB00
[2015.08.26-18.56.41:786][434]LogParticles: Destroying 0 GPU particle simulations for FXSystem 0x000000001C9D5760
[2015.08.26-18.56.41:789][434]LogParticles: Destroying 0 GPU particle simulations for FXSystem 0x000000001B31BD80
[2015.08.26-18.56.41:789][434]LogParticles: Destroying 0 GPU particle simulations for FXSystem 0x000000000B274680
[2015.08.26-18.56.42:035][434]LogExit: Object subsystem successfully closed.
[2015.08.26-18.56.42:255][434]LogModuleManager: Shutting down and abandoning module TextureEditor (179)
[2015.08.26-18.56.42:255][434]LogModuleManager: Shutting down and abandoning module MaterialEditor (178)
[2015.08.26-18.56.42:255][434]LogModuleManager: Shutting down and abandoning module CrashTracker (177)
[2015.08.26-18.56.42:255][434]LogModuleManager: Shutting down and abandoning module SuperSearch (176)
[2015.08.26-18.56.42:255][434]LogModuleManager: Shutting down and abandoning module SceneOutliner (175)
[2015.08.26-18.56.42:275][434]LogModuleManager: Shutting down and abandoning module EditorWidgets (174)
[2015.08.26-18.56.42:275][434]LogModuleManager: Shutting down and abandoning module CollectionManager (173)
[2015.08.26-18.56.42:288][434]LogModuleManager: Shutting down and abandoning module StatsViewer (172)
[2015.08.26-18.56.42:288][434]LogModuleManager: Shutting down and abandoning module FoliageEdit (171)
[2015.08.26-18.56.42:288][434]LogModuleManager: Shutting down and abandoning module LandscapeEditor (170)
[2015.08.26-18.56.42:288][434]LogModuleManager: Shutting down and abandoning module MeshPaint (169)
[2015.08.26-18.56.42:288][434]LogModuleManager: Shutting down and abandoning module ActorPickerMode (168)
[2015.08.26-18.56.42:288][434]LogModuleManager: Shutting down and abandoning module GeometryMode (167)
[2015.08.26-18.56.42:288][434]LogModuleManager: Shutting down and abandoning module TextureAlignMode (166)
[2015.08.26-18.56.42:288][434]LogModuleManager: Shutting down and abandoning module BspMode (165)
[2015.08.26-18.56.42:288][434]LogModuleManager: Shutting down and abandoning module PlacementMode (164)
[2015.08.26-18.56.42:288][434]LogModuleManager: Shutting down and abandoning module AutomationWorker (163)
[2015.08.26-18.56.42:288][434]LogModuleManager: Shutting down and abandoning module CharacterAI (162)
[2015.08.26-18.56.42:288][434]LogModuleManager: Shutting down and abandoning module SmartSnapping (161)
[2015.08.26-18.56.42:288][434]LogModuleManager: Shutting down and abandoning module ViewportSnapping (160)
[2015.08.26-18.56.42:288][434]LogModuleManager: Shutting down and abandoning module LogVisualizer (159)
[2015.08.26-18.56.42:288][434]LogModuleManager: Shutting down and abandoning module GameProjectGeneration (158)
[2015.08.26-18.56.42:303][434]LogModuleManager: Shutting down and abandoning module IntroTutorials (157)
[2015.08.26-18.56.42:309][434]LogModuleManager: Shutting down and abandoning module EditorLiveStreaming (156)
[2015.08.26-18.56.42:310][434]LogModuleManager: Shutting down and abandoning module HardwareTargeting (155)
[2015.08.26-18.56.42:310][434]LogModuleManager: Shutting down and abandoning module DeviceProfileEditor (154)
[2015.08.26-18.56.42:310][434]LogModuleManager: Shutting down and abandoning module UndoHistory (153)
[2015.08.26-18.56.42:310][434]LogModuleManager: Shutting down and abandoning module GameplayTagsEditor (152)
[2015.08.26-18.56.42:310][434]LogModuleManager: Shutting down and abandoning module UserFeedback (151)
[2015.08.26-18.56.42:310][434]LogModuleManager: Shutting down and abandoning module XmlParser (150)
[2015.08.26-18.56.42:310][434]LogModuleManager: Shutting down and abandoning module Blutility (149)
[2015.08.26-18.56.42:310][434]LogModuleManager: Shutting down and abandoning module IOSPlatformEditor (148)
[2015.08.26-18.56.42:310][434]LogModuleManager: Shutting down and abandoning module IOSRuntimeSettings (147)
[2015.08.26-18.56.42:310][434]LogModuleManager: Shutting down and abandoning module AndroidDeviceDetection (146)
[2015.08.26-18.56.42:327][434]LogModuleManager: Shutting down and abandoning module AndroidPlatformEditor (145)
[2015.08.26-18.56.42:327][434]LogModuleManager: Shutting down and abandoning module AndroidRuntimeSettings (144)
[2015.08.26-18.56.42:327][434]LogModuleManager: Shutting down and abandoning module ProjectTargetPlatformEditor (143)
[2015.08.26-18.56.42:327][434]LogModuleManager: Shutting down and abandoning module ProjectSettingsViewer (142)
[2015.08.26-18.56.42:327][434]LogModuleManager: Shutting down and abandoning module InputBindingEditor (141)
[2015.08.26-18.56.42:327][434]LogModuleManager: Shutting down and abandoning module EditorSettingsViewer (140)
[2015.08.26-18.56.42:327][434]LogModuleManager: Shutting down and abandoning module SettingsEditor (139)
[2015.08.26-18.56.42:327][434]LogModuleManager: Shutting down and abandoning module ProjectLauncher (138)
[2015.08.26-18.56.42:327][434]LogModuleManager: Shutting down and abandoning module SessionFrontend (137)
[2015.08.26-18.56.42:327][434]LogModuleManager: Shutting down and abandoning module ProfilerClient (136)
[2015.08.26-18.56.42:341][434]LogModuleManager: Shutting down and abandoning module TargetDeviceServices (135)
[2015.08.26-18.56.42:341][434]LogModuleManager: Shutting down and abandoning module DeviceManager (134)
[2015.08.26-18.56.42:341][434]LogModuleManager: Shutting down and abandoning module AutomationController (133)
[2015.08.26-18.56.42:341][434]LogModuleManager: Shutting down and abandoning module AutomationWindow (132)
[2015.08.26-18.56.42:353][434]LogModuleManager: Shutting down and abandoning module Layers (131)
[2015.08.26-18.56.42:353][434]LogModuleManager: Shutting down and abandoning module ComponentVisualizers (130)
[2015.08.26-18.56.42:353][434]LogModuleManager: Shutting down and abandoning module DetailCustomizations (129)
[2015.08.26-18.56.42:353][434]LogModuleManager: Shutting down and abandoning module PackagesDialog (128)
[2015.08.26-18.56.42:353][434]LogModuleManager: Shutting down and abandoning module AssetRegistry (127)
[2015.08.26-18.56.42:432][434]LogModuleManager: Shutting down and abandoning module Persona (126)
[2015.08.26-18.56.42:451][434]LogModuleManager: Shutting down and abandoning module SlateReflector (125)
[2015.08.26-18.56.42:462][434]LogModuleManager: Shutting down and abandoning module LevelEditor (124)
[2015.08.26-18.56.42:463][434]LogModuleManager: Shutting down and abandoning module Kismet (123)
[2015.08.26-18.56.42:463][434]LogModuleManager: Shutting down and abandoning module GraphEditor (122)
[2015.08.26-18.56.42:463][434]LogModuleManager: Shutting down and abandoning module ClassViewer (121)
[2015.08.26-18.56.42:463][434]LogModuleManager: Shutting down and abandoning module Toolbox (120)
[2015.08.26-18.56.42:463][434]LogModuleManager: Shutting down and abandoning module ModuleUI (119)
[2015.08.26-18.56.42:479][434]LogModuleManager: Shutting down and abandoning module MovieSceneTools (118)
[2015.08.26-18.56.42:487][434]LogModuleManager: Shutting down and abandoning module OutputLog (117)
[2015.08.26-18.56.42:487][434]LogModuleManager: Shutting down and abandoning module GammaUI (116)
[2015.08.26-18.56.42:498][434]LogModuleManager: Shutting down and abandoning module Documentation (115)
[2015.08.26-18.56.42:498][434]LogModuleManager: Shutting down and abandoning module GameLiveStreaming (114)
[2015.08.26-18.56.42:498][434]LogModuleManager: Shutting down and abandoning module StreamingPauseRendering (113)
[2015.08.26-18.56.42:498][434]LogModuleManager: Shutting down and abandoning module HTTP (112)
[2015.08.26-18.56.42:498][434]LogModuleManager: Shutting down and abandoning module AnalyticsET (111)
[2015.08.26-18.56.42:498][434]LogModuleManager: Shutting down and abandoning module Analytics (110)
[2015.08.26-18.56.42:498][434]LogModuleManager: Shutting down and abandoning module AITestSuite (109)
[2015.08.26-18.56.42:498][434]LogModuleManager: Shutting down and abandoning module GameplayDebugger (108)
[2015.08.26-18.56.42:498][434]LogModuleManager: Shutting down and abandoning module AIModule (107)
[2015.08.26-18.56.42:498][434]LogModuleManager: Shutting down and abandoning module ProfilerService (106)
[2015.08.26-18.56.42:591][434]LogModuleManager: Shutting down and abandoning module TaskGraph (105)
[2015.08.26-18.56.42:606][434]LogModuleManager: Shutting down and abandoning module SlateRemote (104)
[2015.08.26-18.56.42:606][434]LogModuleManager: Shutting down and abandoning module ScriptEditorPlugin (103)
[2015.08.26-18.56.42:606][434]LogModuleManager: Shutting down and abandoning module CustomMeshComponent (102)
[2015.08.26-18.56.42:606][434]LogModuleManager: Shutting down and abandoning module CableComponent (101)
[2015.08.26-18.56.42:606][434]LogModuleManager: Shutting down and abandoning module MessagingDebugger (100)
[2015.08.26-18.56.42:624][434]LogModuleManager: Shutting down and abandoning module MediaPlayerEditor (99)
[2015.08.26-18.56.42:635][434]LogModuleManager: Shutting down and abandoning module SpeedTreeImporter (98)
[2015.08.26-18.56.42:635][434]LogModuleManager: Shutting down and abandoning module PluginsEditor (97)
[2015.08.26-18.56.42:635][434]LogModuleManager: Shutting down and abandoning module MainFrame (96)
[2015.08.26-18.56.42:635][434]LogModuleManager: Shutting down and abandoning module EpicSurvey (95)
[2015.08.26-18.56.42:635][434]LogModuleManager: Shutting down and abandoning module DesktopPlatform (94)
[2015.08.26-18.56.42:635][434]LogModuleManager: Shutting down and abandoning module DirectoryWatcher (93)
[2015.08.26-18.56.42:635][434]LogModuleManager: Shutting down and abandoning module HotReload (92)
[2015.08.26-18.56.42:635][434]LogModuleManager: Shutting down and abandoning module VisualStudioSourceCodeAccess (91)
[2015.08.26-18.56.42:635][434]LogModuleManager: Shutting down and abandoning module UObjectPlugin (90)
[2015.08.26-18.56.42:635][434]LogModuleManager: Shutting down and abandoning module SubversionSourceControl (89)
[2015.08.26-18.56.42:635][434]LogModuleManager: Shutting down and abandoning module PerforceSourceControl (88)
[2015.08.26-18.56.42:646][434]LogModuleManager: Shutting down and abandoning module SourceControl (87)
[2015.08.26-18.56.42:646][434]LogModuleManager: Shutting down and abandoning module GitSourceControl (86)
[2015.08.26-18.56.42:646][434]LogModuleManager: Shutting down and abandoning module BlankPlugin (85)
[2015.08.26-18.56.42:646][434]LogModuleManager: Shutting down and abandoning module PaperTiledImporter (84)
[2015.08.26-18.56.42:646][434]LogModuleManager: Shutting down and abandoning module PaperJsonImporter (83)
[2015.08.26-18.56.42:646][434]LogModuleManager: Shutting down and abandoning module ContentBrowser (82)
[2015.08.26-18.56.42:647][434]LogModuleManager: Shutting down and abandoning module Paper2DEditor (81)
[2015.08.26-18.56.42:647][434]LogModuleManager: Shutting down and abandoning module ScriptPlugin (80)
[2015.08.26-18.56.42:652][434]LogModuleManager: Shutting down and abandoning module UdpMessaging (79)
[2015.08.26-18.56.42:752][434]LogModuleManager: Shutting down and abandoning module Paper2D (78)
[2015.08.26-18.56.42:752][434]LogModuleManager: Shutting down and abandoning module WindowsMoviePlayer (77)
[2015.08.26-18.56.42:755][434]LogModuleManager: Shutting down and abandoning module Media (76)
[2015.08.26-18.56.42:755][434]LogModuleManager: Shutting down and abandoning module WmfMedia (75)
[2015.08.26-18.56.42:755][434]LogModuleManager: Shutting down and abandoning module OnlineBlueprintSupport (74)
[2015.08.26-18.56.42:755][434]LogModuleManager: Shutting down and abandoning module PropertyEditor (73)
[2015.08.26-18.56.42:755][434]LogModuleManager: Shutting down and abandoning module BehaviorTreeEditor (72)
[2015.08.26-18.56.42:776][434]LogModuleManager: Shutting down and abandoning module FunctionalTesting (71)
[2015.08.26-18.56.42:776][434]LogModuleManager: Shutting down and abandoning module CollisionAnalyzer (70)
[2015.08.26-18.56.42:795][434]LogModuleManager: Shutting down and abandoning module WorkspaceMenuStructure (69)
[2015.08.26-18.56.42:795][434]LogModuleManager: Shutting down and abandoning module MessageLog (68)
[2015.08.26-18.56.42:795][434]LogModuleManager: Shutting down and abandoning module Sequencer (67)
[2015.08.26-18.56.42:813][434]LogModuleManager: Shutting down and abandoning module AssetTools (66)
[2015.08.26-18.56.42:829][434]LogModuleManager: Shutting down and abandoning module UMGEditor (65)
[2015.08.26-18.56.42:844][434]LogModuleManager: Shutting down and abandoning module UMG (64)
[2015.08.26-18.56.42:858][434]LogModuleManager: Shutting down and abandoning module Slate (63)
[2015.08.26-18.56.42:858][434]LogModuleManager: Shutting down and abandoning module EditorStyle (62)
[2015.08.26-18.56.42:861][434]LogModuleManager: Shutting down and abandoning module SessionServices (61)
[2015.08.26-18.56.42:861][434]LogModuleManager: Shutting down and abandoning module SourceCodeAccess (60)
[2015.08.26-18.56.42:861][434]LogModuleManager: Shutting down and abandoning module HeadMountedDisplay (59)
[2015.08.26-18.56.42:861][434]LogModuleManager: Shutting down and abandoning module XAudio2 (58)
[2015.08.26-18.56.42:861][434]LogModuleManager: Shutting down and abandoning module Networking (56)
[2015.08.26-18.56.42:861][434]LogModuleManager: Shutting down and abandoning module Core (55)
[2015.08.26-18.56.42:861][434]LogModuleManager: Shutting down and abandoning module KismetCompiler (54)
[2015.08.26-18.56.42:861][434]LogModuleManager: Shutting down and abandoning module PhysXFormats (53)
[2015.08.26-18.56.42:861][434]LogModuleManager: Shutting down and abandoning module MeshUtilities (52)
[2015.08.26-18.56.42:872][434]LogModuleManager: Shutting down and abandoning module DerivedDataCache (51)
[2015.08.26-18.56.42:888][434]LogDerivedDataCache: Shutdown
[2015.08.26-18.56.42:888][434]LogModuleManager: Shutting down and abandoning module ShaderFormatOpenGL (50)
[2015.08.26-18.56.42:897][434]LogModuleManager: Shutting down and abandoning module ShaderFormatD3D (49)
[2015.08.26-18.56.42:897][434]LogModuleManager: Shutting down and abandoning module MetalShaderFormat (48)
[2015.08.26-18.56.42:905][434]LogModuleManager: Shutting down and abandoning module TextureFormatUncompressed (47)
[2015.08.26-18.56.42:905][434]LogModuleManager: Shutting down and abandoning module TextureFormatPVR (46)
[2015.08.26-18.56.42:905][434]LogModuleManager: Shutting down and abandoning module TextureFormatIntelISPCTexComp (45)
[2015.08.26-18.56.42:905][434]LogModuleManager: Shutting down and abandoning module TextureFormatDXT (44)
[2015.08.26-18.56.42:905][434]LogModuleManager: Shutting down and abandoning module ImageWrapper (43)
[2015.08.26-18.56.42:905][434]LogModuleManager: Shutting down and abandoning module TextureFormatASTC (42)
[2015.08.26-18.56.42:905][434]LogModuleManager: Shutting down and abandoning module TextureFormatAndroid (41)
[2015.08.26-18.56.42:905][434]LogModuleManager: Shutting down and abandoning module AudioFormatOpus (40)
[2015.08.26-18.56.42:905][434]LogModuleManager: Shutting down and abandoning module AudioFormatOgg (39)
[2015.08.26-18.56.42:905][434]LogModuleManager: Shutting down and abandoning module AudioFormatADPCM (38)
[2015.08.26-18.56.42:905][434]LogModuleManager: Shutting down and abandoning module LinuxTargetPlatform (37)
[2015.08.26-18.56.42:905][434]LogModuleManager: Shutting down and abandoning module LinuxServerTargetPlatform (36)
[2015.08.26-18.56.42:905][434]LogModuleManager: Shutting down and abandoning module LinuxNoEditorTargetPlatform (35)
[2015.08.26-18.56.42:905][434]LogModuleManager: Shutting down and abandoning module Messaging (34)
[2015.08.26-18.56.42:905][434]LogModuleManager: Shutting down and abandoning module IOSTargetPlatform (33)
[2015.08.26-18.56.42:905][434]LogModuleManager: Shutting down and abandoning module HTML5TargetPlatform (32)
[2015.08.26-18.56.42:905][434]LogModuleManager: Shutting down and abandoning module Android_PVRTCTargetPlatform (31)
[2015.08.26-18.56.42:905][434]LogModuleManager: Shutting down and abandoning module Android_ETC2TargetPlatform (30)
[2015.08.26-18.56.42:905][434]LogModuleManager: Shutting down and abandoning module Android_ETC1TargetPlatform (29)
[2015.08.26-18.56.42:905][434]LogModuleManager: Shutting down and abandoning module Android_ES31TargetPlatform (28)
[2015.08.26-18.56.42:905][434]LogModuleManager: Shutting down and abandoning module Android_DXTTargetPlatform (27)
[2015.08.26-18.56.42:905][434]LogModuleManager: Shutting down and abandoning module Android_ATCTargetPlatform (26)
[2015.08.26-18.56.42:905][434]LogModuleManager: Shutting down and abandoning module AndroidTargetPlatform (25)
[2015.08.26-18.56.42:905][434]LogModuleManager: Shutting down and abandoning module WindowsTargetPlatform (24)
[2015.08.26-18.56.42:905][434]LogModuleManager: Shutting down and abandoning module WindowsServerTargetPlatform (23)
[2015.08.26-18.56.42:905][434]LogModuleManager: Shutting down and abandoning module WindowsNoEditorTargetPlatform (22)
[2015.08.26-18.56.42:905][434]LogModuleManager: Shutting down and abandoning module WindowsClientTargetPlatform (21)
[2015.08.26-18.56.42:905][434]LogModuleManager: Shutting down and abandoning module TargetPlatform (20)
[2015.08.26-18.56.42:905][434]LogModuleManager: Shutting down and abandoning module InputCore (19)
[2015.08.26-18.56.42:905][434]LogModuleManager: Shutting down and abandoning module Settings (18)
[2015.08.26-18.56.42:905][434]LogModuleManager: Shutting down and abandoning module OnlineSubsystem (16)
[2015.08.26-18.56.42:905][434]LogModuleManager: Shutting down and abandoning module OculusRift (15)
[2015.08.26-18.56.42:905][434]LogModuleManager: Shutting down and abandoning module ExampleDeviceProfileSelector (14)
[2015.08.26-18.56.42:905][434]LogModuleManager: Shutting down and abandoning module TextureCompressor (13)
[2015.08.26-18.56.42:905][434]LogModuleManager: Shutting down and abandoning module ShaderCore (12)
[2015.08.26-18.56.42:905][434]LogModuleManager: Shutting down and abandoning module Landscape (11)
[2015.08.26-18.56.42:905][434]LogModuleManager: Shutting down and abandoning module SlateRHIRenderer (10)
[2015.08.26-18.56.42:907][434]LogModuleManager: Shutting down and abandoning module OpenGLDrv (9)
[2015.08.26-18.56.42:907][434]LogModuleManager: Shutting down and abandoning module D3D11RHI (8)
[2015.08.26-18.56.42:907][434]LogModuleManager: Shutting down and abandoning module Renderer (7)
[2015.08.26-18.56.42:907][434]LogModuleManager: Shutting down and abandoning module Engine (6)
[2015.08.26-18.56.42:907][434]LogModuleManager: Shutting down and abandoning module CoreUObject (5)
[2015.08.26-18.56.42:907][434]LogModuleManager: Shutting down and abandoning module NetworkFile (4)
[2015.08.26-18.56.42:907][434]LogModuleManager: Shutting down and abandoning module StreamingFile (3)
[2015.08.26-18.56.42:907][434]LogModuleManager: Shutting down and abandoning module SandboxFile (2)
[2015.08.26-18.56.42:907][434]LogModuleManager: Shutting down and abandoning module PakFile (1)
[2015.08.26-18.56.42:921][434]LogExit: Exiting.
[2015.08.26-18.56.42:935][434]Log file closed, 08/26/15 14:56:42
