Log file open, 08/31/15 14:19:26
LogInit:Display: Running engine for game: Minuit
LogInit: Version: 4.7.6-2513093+++depot+UE4-Releases+4.7
LogInit: API Version: 2455222
LogInit: Compiled (64-bit): Apr 15 2015 12:09:54
LogInit: Compiled with Visual C++: 18.00.21005.01
LogInit: Build Configuration: Development
LogInit: Branch Name: ++depot+UE4-Releases+4.7
LogInit: Command line:  
LogInit: Base directory: E:/Program Files/Unreal Engine/4.7/Engine/Binaries/Win64/
LogInit: Rocket: 1
[2015.08.31-18.19.26:593][  0]LogTaskGraph: Started task graph with 3 named threads and 6 total threads.
[2015.08.31-18.19.26:661][  0]LogOnline:Warning: No default platform service specified for OnlineSubsystem
[2015.08.31-18.19.26:751][  0]LogInit: Presizing for 0 objects not considered by GC, pre-allocating 0 bytes.
[2015.08.31-18.19.26:915][  0]LogInit: Object subsystem initialized
[2015.08.31-18.19.26:989][  0]LogConsoleResponse:Warning: Skipping Unknown console variable: 'TranslucentSortAxis = (X=0.000000,Y=-1.000000,Z=0.000000)'
[2015.08.31-18.19.26:989][  0]LogConsoleResponse:Warning:   Found in ini file 'E:/documents/3d/minuit/MinuitGame/Minuit/Saved/Config/Windows/Engine.ini', in section '[/Script/Engine.RendererSettings]'
[2015.08.31-18.19.26:989][  0]LogConsoleResponse:Warning: Skipping Unknown console variable: 'UIScaleRule = ShortestSide'
[2015.08.31-18.19.26:989][  0]LogConsoleResponse:Warning:   Found in ini file 'E:/documents/3d/minuit/MinuitGame/Minuit/Saved/Config/Windows/Engine.ini', in section '[/Script/Engine.RendererSettings]'
[2015.08.31-18.19.26:989][  0]LogConsoleResponse:Warning: Skipping Unknown console variable: 'UIScaleCurve = (EditorCurveData=(Keys=),ExternalCurve=None)'
[2015.08.31-18.19.26:989][  0]LogConsoleResponse:Warning:   Found in ini file 'E:/documents/3d/minuit/MinuitGame/Minuit/Saved/Config/Windows/Engine.ini', in section '[/Script/Engine.RendererSettings]'
[2015.08.31-18.19.27:030][  0]LogInit: Selected Device Profile: [Windows]
[2015.08.31-18.19.27:031][  0]LogInit: Applying CVar settings loaded from the selected device profile: [Windows]
[2015.08.31-18.19.27:100][  0]LogInit: Computer: ETT_
[2015.08.31-18.19.27:100][  0]LogInit: User: ETt
[2015.08.31-18.19.27:100][  0]LogInit: CPU Page size=4096, Cores=4
[2015.08.31-18.19.27:100][  0]LogInit: High frequency timer resolution =3.318437 MHz
[2015.08.31-18.19.27:100][  0]LogMemory: Memory total: Physical=7.9GB (8GB approx) Virtual=8192.0GB
[2015.08.31-18.19.27:101][  0]LogMemory: Platform Memory Stats for Windows
[2015.08.31-18.19.27:101][  0]LogMemory: Process Physical Memory: 47.85 MB used, 47.85 MB peak
[2015.08.31-18.19.27:101][  0]LogMemory: Process Virtual Memory: 23.79 MB used, 23.79 MB peak
[2015.08.31-18.19.27:101][  0]LogMemory: Physical Memory: 3303.05 MB used, 8130.77 MB total
[2015.08.31-18.19.27:101][  0]LogMemory: Virtual Memory: 277.04 MB used, 8388608.00 MB total
[2015.08.31-18.19.27:183][  0]LogD3D11RHI: Found D3D11 adapter 0: NVIDIA GeForce GTX 770 (Feature Level 11_0)
[2015.08.31-18.19.27:183][  0]LogD3D11RHI: Adapter has 1990MB of dedicated video memory, 0MB of dedicated system memory, and 2048MB of shared system memory, 2 output[s]
[2015.08.31-18.19.27:183][  0]LogD3D11RHI: Chosen D3D11 Adapter Id = 0
[2015.08.31-18.19.27:188][  0]LogRHI: Texture pool is 1361 MB (70% of 1945 MB)
[2015.08.31-18.19.27:195][  0]LogD3D11RHI: Async texture creation enabled
[2015.08.31-18.19.28:170][  0]LogTextLocalizationManager: The requested culture ('fr_FR') has no localization data; falling back to 'en' for localization and internationalization data.
[2015.08.31-18.19.28:288][  0]LogTextLocalizationManager:Warning: Loading localization resources contain conflicting entries for (Namespace:UICommands, Key:Save_ToolTip):
Resource: (E:/Program Files/Unreal Engine/4.7/Engine/Content/Localization/Editor/en/Editor.locres) Hash: (-29098895) String: (Saves the current level to disk)
Resource: (E:/Program Files/Unreal Engine/4.7/Engine/Content/Localization/Engine/en/Engine.locres) Hash: (-1280300587) String: (Save selected data to vlog file)
[2015.08.31-18.19.28:288][  0]LogTextLocalizationManager:Warning: Loading localization resources contain conflicting entries for (Namespace:ContentBrowser, Key:ImportAssetToolTip):
Resource: (E:/Program Files/Unreal Engine/4.7/Engine/Content/Localization/Editor/en/Editor.locres) Hash: (-630476809) String: (Import to {0}...)
Resource: (E:/Program Files/Unreal Engine/4.7/Engine/Content/Localization/Editor/en/Editor.locres) Hash: (1271782899) String: (Imports an asset from file to this folder.)
[2015.08.31-18.19.28:392][  0]LogContentStreaming: Texture pool size is 0.000000MB
[2015.08.31-18.19.32:294][  0]LogTargetPlatformManager:Display: Building Assets For Windows
[2015.08.31-18.19.33:156][  0]LogTargetPlatformManager:Display: Building Assets For Windows
[2015.08.31-18.19.33:252][  0]LogDerivedDataCache:Display: Max Cache Size: 512 MB
[2015.08.31-18.19.33:381][  0]LogDerivedDataCache: Loaded boot cache 0.13s 39MB C:/Users/ETt/AppData/Local/UnrealEngine/4.7/DerivedDataCache/Boot.ddc.
[2015.08.31-18.19.33:381][  0]LogDerivedDataCache:Display: Loaded Boot cache: C:/Users/ETt/AppData/Local/UnrealEngine/4.7/DerivedDataCache/Boot.ddc
[2015.08.31-18.19.33:381][  0]LogDerivedDataCache: FDerivedDataBackendGraph:  Pak pak cache file ../../../../../../documents/3d/minuit/MinuitGame/Minuit/DerivedDataCache/DDC.ddp not found, will not use a pak cache.
[2015.08.31-18.19.33:381][  0]LogDerivedDataCache: Unable to find inner node Pak for hierarchical cache Hierarchy.
[2015.08.31-18.19.33:513][  0]LogDerivedDataCache:Display: Pak cache opened for reading ../../../Engine/DerivedDataCache/Compressed.ddp.
[2015.08.31-18.19.33:525][  0]LogDerivedDataCache: Using Local data cache path C:/Users/ETt/AppData/Local/UnrealEngine/Common/DerivedDataCache: Writable
[2015.08.31-18.19.38:987][  0]LogMeshUtilities: No automatic mesh reduction module available
[2015.08.31-18.19.38:987][  0]LogMeshUtilities: No automatic mesh merging module available
[2015.08.31-18.19.41:388][  0]LogInit: WinSock: version 1.1 (2.2), MaxSocks=32767, MaxUdp=65467
[2015.08.31-18.19.41:666][  0]LogSlate:Warning: Failed to load font data from '../../../Engine/Content/Slate/Fonts/Roboto-Italic.ttf'
[2015.08.31-18.19.50:957][  0]UdpMessaging: Initializing bridge on interface 0.0.0.0:0 to multicast group 230.0.0.1:6666.
[2015.08.31-18.19.51:656][  0]SourceControl: Info Source control is disabled
[2015.08.31-18.19.51:667][  0]SourceControl: Info Source control is disabled
[2015.08.31-18.19.51:667][  0]SourceControl: Info Source control is disabled
[2015.08.31-18.19.51:667][  0]LogSourceControl: RunCommandInternalRaw: 'git version'
[2015.08.31-18.19.51:667][  0]LogSourceControl: RunCommandInternalRaw: ExecProcess ReturnCode=2 OutResults=''
[2015.08.31-18.19.51:677][  0]SourceControl: Info Source control is disabled
[2015.08.31-18.19.52:541][  0]LogObj: 24232 objects as part of root set at end of initial load.
[2015.08.31-18.19.52:541][  0]LogUObjectAllocator: 5137168 out of 0 bytes used by permanent object pool.
[2015.08.31-18.19.53:029][  0]LogEngine: Initializing Engine...
[2015.08.31-18.19.55:461][  0]LogInit: XAudio2 using 'Speakers (Realtek High Definition Audio)' : 2 channels at 48 kHz using 32 bits per sample (channel mask 0x3)
[2015.08.31-18.19.55:485][  0]LogInit: FAudioDevice initialized.
[2015.08.31-18.19.55:837][  0]LogAIModule: Creating AISystem for world NewWorld
[2015.08.31-18.19.55:900][  0]LogDerivedDataCache: Saved boot cache 0.02s 39MB C:/Users/ETt/AppData/Local/UnrealEngine/4.7/DerivedDataCache/Boot.ddc.
[2015.08.31-18.19.55:902][  0]LogInit: Texture streaming: Enabled
[2015.08.31-18.19.56:398][  0]LogAnalytics: Creating configured Analytics provider AnalyticsET
[2015.08.31-18.19.56:398][  0]LogAnalytics: ET APIKey = Rocket.Release. APIServer = http://et2.epicgames.com/ET2/. AppVersion = 4.7.6-2513093+++depot+UE4-Releases+4.7
[2015.08.31-18.19.56:398][  0]LogAnalytics: ET APIKey = Rocket.Release. DataRouterUploadURL = https://datarouter-public-service-gamedev.ol.epicgames.net/datarouter/api/v1/public/data. AppVersion = 4.7.6-2513093+++depot+UE4-Releases+4.7
[2015.08.31-18.19.56:398][  0]LogAnalytics: SetUserId 2d8f9b434cd97107b008209c3b4c51aa|e67cdf50177141fe8e020345bd104ee2|091128b7-7c0a-4bff-8890-6bc6add436c4
[2015.08.31-18.19.56:416][  0]LogAnalytics: AnalyticsET::StartSession [Rocket.Release]
[2015.08.31-18.19.56:562][  0]LogInit: Transaction tracking system initialized
[2015.08.31-18.19.59:371][  0]BlueprintLog: New page: Editor Load
[2015.08.31-18.19.59:659][  0]LogAssetRegistry: FAssetRegistry took 0.0768 seconds to start up
[2015.08.31-18.19.59:659][  0]LogDirectoryWatcher:Warning: Failed to begin reading directory changes for ../../../Engine/Plugins/Experimental/CharacterAI/Content/. Error: 0
[2015.08.31-18.20.04:483][  0]LogTargetPlatformManager:Display: Building Assets For Windows
[2015.08.31-18.20.05:065][  0]LogTargetPlatformManager:Display: Building Assets For Windows
[2015.08.31-18.20.07:979][  0]LogSlate:Warning: Failed to load font data from '../../../Engine/Content/Editor/Slate/Fonts/Roboto-Regular.ttf'
[2015.08.31-18.20.08:014][  0]LogSlate:Warning: Failed to load font data from '../../../Engine/Content/Editor/Slate/Fonts/Roboto-Bold.ttf'
[2015.08.31-18.20.08:097][  0]LogConsoleResponse:Display: 
[2015.08.31-18.20.11:058][  0]LogCook:Display: Done creating registry. It took  0.00s.
[2015.08.31-18.20.13:486][  0]SourceControl: Info Source control is disabled
[2015.08.31-18.20.13:576][  0]Cmd: MAP LOAD FILE="../../../../../../documents/3d/minuit/MinuitGame/Minuit/Content/StarterContent/Maps/M_Master.umap" TEMPLATE=0 SHOWPROGRESS=1 FEATURELEVEL=3
[2015.08.31-18.20.13:660][  0]LightingResults: New page: Lighting Build
[2015.08.31-18.20.13:834][  0]MapCheck: New page: Map Check
[2015.08.31-18.20.13:834][  0]LightingResults: New page: Lighting Build
[2015.08.31-18.20.14:042][  0]LogParticles: Destroying 0 GPU particle simulations for FXSystem 0x0000000013B22980
[2015.08.31-18.20.17:469][  0]LogEditorServer: Finished looking for orphan Actors (0.000 secs)
[2015.08.31-18.20.17:491][  0]LogAIModule: Creating AISystem for world M_Master
[2015.08.31-18.20.17:508][  0]Cmd: MAP CHECKDEP
[2015.08.31-18.20.17:541][  0]MapCheck: New page: M_Master - Aug 31, 2015, 10:20:17 AM
[2015.08.31-18.20.17:661][  0]MapCheck: Info Map check complete: 0 Error(s), 0 Warning(s), took 152.832ms to complete.
[2015.08.31-18.20.17:661][  0]LogFileHelpers: Loading map 'M_Master' took 4.126
[2015.08.31-18.20.19:158][  0]LogCollectionManager: Loaded 0 collections in 0.001499 seconds
[2015.08.31-18.20.19:182][  0]LogContentBrowser: Native class hierarchy populated in 0.0243 seconds. Added 1696 classes and 261 folders.
[2015.08.31-18.20.19:391][  0]LogContentBrowser: Native class hierarchy updated for 'SceneOutliner' in 0.0015 seconds. Added 1 classes and 2 folders.
[2015.08.31-18.20.19:912][  0]LogCrashTracker: Crashtracker disabled due to settings.
[2015.08.31-18.20.19:948][  0]LogSlate:Warning: Failed to load font data from 'Veranda'
[2015.08.31-18.20.19:998][  0]LogUObjectGlobals:Warning: Failed to find object 'Class None.'
[2015.08.31-18.20.20:061][  0]LogLoad: Full Startup: 60.26 seconds (BP compile: 0.44 seconds)
[2015.08.31-18.20.20:159][  0]LogContentBrowser:Verbose: The content browser source was changed by the sources view to '/Game/StarterContent/Architecture'
[2015.08.31-18.20.20:762][  0]LogRenderer:Warning: Reallocating scene render targets to support 32x32 (Frame:2).
[2015.08.31-18.20.21:130][  0]LogRenderer:Warning: Reallocating scene render targets to support 1248x656 (Frame:3).
[2015.08.31-18.20.21:190][  1]Cmd: UpdateLandscapeEditorData -warnings
[2015.08.31-18.20.21:277][  1]Cmd: UpdateLandscapeEditorData
[2015.08.31-18.20.22:292][  4]LogAssetRegistry: Asset discovery search completed in 22.7101 seconds
[2015.08.31-18.20.39:973][624]LogEditorViewport: Clicking on Actor (LMB): StaticMeshActor (Blocking)
[2015.08.31-18.20.42:799][882]LogEditorViewport: Clicking on Actor (LMB): StaticMeshActor (Blocking)
[2015.08.31-18.20.48:076][483]LogEditorViewport: Clicking on Actor (LMB): Landscape (Landscape1)
[2015.08.31-18.20.53:135][ 64]LogEditorViewport: Clicking on Actor (LMB): StaticMeshActor (Blocking)
[2015.08.31-18.21.01:821][ 75]LogEditorViewport: Clicking on Actor (LMB): Landscape (Landscape1)
[2015.08.31-18.21.07:215][627]LogMaterial: 0.001923 seconds spent updating 1 materials, 1 interfaces, 1 instances, 1 with static permutations.
[2015.08.31-18.21.07:227][627]LogMaterial: 0.001697 seconds spent updating 1 materials, 1 interfaces, 1 instances, 1 with static permutations.
[2015.08.31-18.21.07:241][627]LogTexture:Display: Building textures: Texture2D_2 (G8)
[2015.08.31-18.21.24:681][604]LogEditorViewport: Clicking on Actor (double click): StaticMeshActor (Blocking)
[2015.08.31-18.21.36:920][  3]LogEditorViewport: Clicking on Actor (LMB): StaticMeshActor (Blocking)
[2015.08.31-18.21.38:382][166]LogEditorViewport: Clicking on Actor (LMB): Landscape (Landscape1)
[2015.08.31-18.22.07:567][441]LogContentBrowser: Native class hierarchy updated for 'WorldBrowser' in 0.0021 seconds. Added 1 classes and 3 folders.
[2015.08.31-18.23.00:933][576]Cmd: TRANSACTION UNDO
[2015.08.31-18.23.00:933][576]LogEditorTransaction: Undo Landscape Editing: Sculpt
[2015.08.31-18.23.00:963][576]LogTexture:Display: Building textures: Texture2D_5 (BGRA8)
[2015.08.31-18.23.01:015][576]PIE:Warning: Warning AttachTo: '/Game/StarterContent/Maps/M_Master.M_Master:PersistentLevel.LandscapeGizmoActiveActor_0.GizmoRendererComponent0' is not static , cannot attach '/Game/StarterContent/Maps/M_Master.M_Master:PersistentLevel.LandscapeGizmoActiveActor_0.RootComponent0' which is static to it. Aborting.
[2015.08.31-18.23.23:222][ 72]Cmd: TRANSACTION UNDO
[2015.08.31-18.23.23:222][ 72]LogEditorTransaction: Undo Landscape Editing: Sculpt
[2015.08.31-18.23.23:231][ 72]LogTexture:Display: Building textures: Texture2D_5 (BGRA8)
[2015.08.31-18.23.23:247][ 72]PIE:Warning: Warning AttachTo: '/Game/StarterContent/Maps/M_Master.M_Master:PersistentLevel.LandscapeGizmoActiveActor_0.GizmoRendererComponent0' is not static , cannot attach '/Game/StarterContent/Maps/M_Master.M_Master:PersistentLevel.LandscapeGizmoActiveActor_0.RootComponent0' which is static to it. Aborting.
[2015.08.31-18.23.23:518][ 85]Cmd: TRANSACTION UNDO
[2015.08.31-18.23.23:518][ 85]LogEditorTransaction: Undo Landscape Editing: Sculpt
[2015.08.31-18.23.23:526][ 85]LogTexture:Display: Building textures: Texture2D_5 (BGRA8)
[2015.08.31-18.23.23:542][ 85]PIE:Warning: Warning AttachTo: '/Game/StarterContent/Maps/M_Master.M_Master:PersistentLevel.LandscapeGizmoActiveActor_0.GizmoRendererComponent0' is not static , cannot attach '/Game/StarterContent/Maps/M_Master.M_Master:PersistentLevel.LandscapeGizmoActiveActor_0.RootComponent0' which is static to it. Aborting.
[2015.08.31-18.23.23:743][ 89]Cmd: TRANSACTION UNDO
[2015.08.31-18.23.23:743][ 89]LogEditorTransaction: Undo Landscape Editing: Sculpt
[2015.08.31-18.23.23:750][ 89]LogTexture:Display: Building textures: Texture2D_5 (BGRA8)
[2015.08.31-18.23.23:766][ 89]PIE:Warning: Warning AttachTo: '/Game/StarterContent/Maps/M_Master.M_Master:PersistentLevel.LandscapeGizmoActiveActor_0.GizmoRendererComponent0' is not static , cannot attach '/Game/StarterContent/Maps/M_Master.M_Master:PersistentLevel.LandscapeGizmoActiveActor_0.RootComponent0' which is static to it. Aborting.
[2015.08.31-18.23.24:058][118]Cmd: TRANSACTION UNDO
[2015.08.31-18.23.24:058][118]LogEditorTransaction: Undo Landscape Editing: Sculpt
[2015.08.31-18.23.24:066][118]LogTexture:Display: Building textures: Texture2D_5 (BGRA8)
[2015.08.31-18.23.24:083][118]PIE:Warning: Warning AttachTo: '/Game/StarterContent/Maps/M_Master.M_Master:PersistentLevel.LandscapeGizmoActiveActor_0.GizmoRendererComponent0' is not static , cannot attach '/Game/StarterContent/Maps/M_Master.M_Master:PersistentLevel.LandscapeGizmoActiveActor_0.RootComponent0' which is static to it. Aborting.
[2015.08.31-18.23.32:749][121]Cmd: TRANSACTION UNDO
[2015.08.31-18.23.32:749][121]LogEditorTransaction: Undo Landscape Editing: Sculpt
[2015.08.31-18.23.32:769][121]PIE:Warning: Warning AttachTo: '/Game/StarterContent/Maps/M_Master.M_Master:PersistentLevel.LandscapeGizmoActiveActor_0.GizmoRendererComponent0' is not static , cannot attach '/Game/StarterContent/Maps/M_Master.M_Master:PersistentLevel.LandscapeGizmoActiveActor_0.RootComponent0' which is static to it. Aborting.
[2015.08.31-18.23.41:267][ 33]Cmd: TRANSACTION UNDO
[2015.08.31-18.23.41:267][ 33]LogEditorTransaction: Undo Landscape Editing: Sculpt
[2015.08.31-18.23.41:276][ 33]LogTexture:Display: Building textures: Texture2D_5 (BGRA8)
[2015.08.31-18.23.41:292][ 33]PIE:Warning: Warning AttachTo: '/Game/StarterContent/Maps/M_Master.M_Master:PersistentLevel.LandscapeGizmoActiveActor_0.GizmoRendererComponent0' is not static , cannot attach '/Game/StarterContent/Maps/M_Master.M_Master:PersistentLevel.LandscapeGizmoActiveActor_0.RootComponent0' which is static to it. Aborting.
[2015.08.31-18.23.43:070][211]Cmd: TRANSACTION UNDO
[2015.08.31-18.23.43:070][211]LogEditorTransaction: Undo Landscape Editing: Sculpt
[2015.08.31-18.23.43:087][211]PIE:Warning: Warning AttachTo: '/Game/StarterContent/Maps/M_Master.M_Master:PersistentLevel.LandscapeGizmoActiveActor_0.GizmoRendererComponent0' is not static , cannot attach '/Game/StarterContent/Maps/M_Master.M_Master:PersistentLevel.LandscapeGizmoActiveActor_0.RootComponent0' which is static to it. Aborting.
[2015.08.31-18.27.08:817][762]Cmd: TRANSACTION UNDO
[2015.08.31-18.27.08:817][762]LogEditorTransaction: Undo Landscape Editing: Sculpt
[2015.08.31-18.27.08:828][762]LogTexture:Display: Building textures: Texture2D_5 (BGRA8)
[2015.08.31-18.27.08:847][762]PIE:Warning: Warning AttachTo: '/Game/StarterContent/Maps/M_Master.M_Master:PersistentLevel.LandscapeGizmoActiveActor_0.GizmoRendererComponent0' is not static , cannot attach '/Game/StarterContent/Maps/M_Master.M_Master:PersistentLevel.LandscapeGizmoActiveActor_0.RootComponent0' which is static to it. Aborting.
[2015.08.31-18.36.11:884][750]LogEditorViewport: Clicking on Actor (double click): Landscape (Landscape1)
[2015.08.31-18.36.12:445][812]LogEditorViewport: Clicking on Actor (double click): Landscape (Landscape1)
[2015.08.31-18.36.14:035][998]LogEditorViewport: Clicking on Actor (double click): Landscape (Landscape1)
[2015.08.31-18.37.00:242][346]LogEditorViewport: Clicking on Actor (LMB): DirectionalLight (DirectionalLight)
[2015.08.31-18.37.01:098][439]LogEditorViewport: Clicking on Actor (CTRL LMB): ExponentialHeightFog (ExponentialHeightFog)
[2015.08.31-18.37.02:033][546]LogEditorViewport: Clicking on Actor (CTRL LMB): BP_Sky_Sphere_C (Sky Sphere)
[2015.08.31-18.37.03:744][748]LogEditorViewport: Clicking on Actor (LMB): PlayerStart (Player Start)
[2015.08.31-18.37.04:945][890]LogEditorViewport: Clicking on Actor (CTRL LMB): DirectionalLight (DirectionalLight)
[2015.08.31-18.37.05:964][ 10]LogEditorViewport: Clicking on Actor (CTRL LMB): ExponentialHeightFog (ExponentialHeightFog)
[2015.08.31-18.37.07:083][142]LogEditorViewport: Clicking on Actor (CTRL LMB): SkyLight (SkyLight)
[2015.08.31-18.37.12:440][762]LogNavigationPoint: PostEditMove Clear paths rebuilt
[2015.08.31-18.37.16:548][223]LogNavigationPoint: PostEditMove Clear paths rebuilt
[2015.08.31-18.37.21:818][833]LogEditorViewport: Clicking on Actor (LMB): ExponentialHeightFog (ExponentialHeightFog)
[2015.08.31-18.37.24:425][139]LogEditorViewport: Clicking on Actor (LMB): DirectionalLight (DirectionalLight)
[2015.08.31-18.37.27:024][424]LogEditorViewport: Clicking on Actor (LMB): SkyLight (SkyLight)
[2015.08.31-18.37.38:536][761]LogEditorViewport: Clicking on Actor (LMB): PlayerStart (Player Start)
[2015.08.31-18.37.39:996][934]LogNavigationPoint: PostEditMove Clear paths rebuilt
[2015.08.31-18.37.41:721][140]LogNavigationPoint: PostEditMove Clear paths rebuilt
[2015.08.31-18.37.42:901][272]LogPlayLevel: PIE:  No blueprints needed recompiling
[2015.08.31-18.37.42:919][272]PIE: New page: PIE session: M_Master (Aug 31, 2015, 10:37:42 AM)
[2015.08.31-18.37.42:924][272]LogPlayLevel: PIE: StaticDuplicateObject took: (0.005078s)
[2015.08.31-18.37.42:925][272]LogPlayLevel: PIE: World Init took: (0.000400s)
[2015.08.31-18.37.42:925][272]LogPlayLevel: PIE: Created PIE world by copying editor world from /Game/StarterContent/Maps/M_Master.M_Master to /Game/StarterContent/Maps/UEDPIE_0_M_Master.M_Master (0.005670s)
[2015.08.31-18.37.43:004][272]LogWorld: Game class is 'GameMode'
[2015.08.31-18.37.43:011][272]LogWorld: PIE: Copying PIE streaming level from /Game/StarterContent/Maps/M_Forest_Bas.M_Forest_Bas to /Game/StarterContent/Maps/UEDPIE_0_M_Forest_Bas.M_Forest_Bas. OwningWorld: /Game/StarterContent/Maps/UEDPIE_0_M_Master.M_Master
[2015.08.31-18.37.43:058][272]LogWorld: PIE: Copying PIE streaming level from /Game/StarterContent/Maps/M_Greybox.M_Greybox to /Game/StarterContent/Maps/UEDPIE_0_M_Greybox.M_Greybox. OwningWorld: /Game/StarterContent/Maps/UEDPIE_0_M_Master.M_Master
[2015.08.31-18.37.43:070][272]LogWorld: PIE: Copying PIE streaming level from /Game/StarterContent/Maps/M_Maison.M_Maison to /Game/StarterContent/Maps/UEDPIE_0_M_Maison.M_Maison. OwningWorld: /Game/StarterContent/Maps/UEDPIE_0_M_Master.M_Master
[2015.08.31-18.37.43:070][272]LogWorld: PIE: Copying PIE streaming level from /Game/StarterContent/Maps/M_Lighting.M_Lighting to /Game/StarterContent/Maps/UEDPIE_0_M_Lighting.M_Lighting. OwningWorld: /Game/StarterContent/Maps/UEDPIE_0_M_Master.M_Master
[2015.08.31-18.37.43:071][272]LogWorld: PIE: Copying PIE streaming level from /Game/StarterContent/Maps/M_Forest_Haut.M_Forest_Haut to /Game/StarterContent/Maps/UEDPIE_0_M_Forest_Haut.M_Forest_Haut. OwningWorld: /Game/StarterContent/Maps/UEDPIE_0_M_Master.M_Master
[2015.08.31-18.37.43:150][272]LogAIModule: Creating AISystem for world M_Master
[2015.08.31-18.37.43:151][272]LogWorld: Bringing World /Game/StarterContent/Maps/UEDPIE_0_M_Master.M_Master up for play (max tick rate 0) at 2015.08.31-14.37.43
[2015.08.31-18.37.43:162][272]LogWorld: Bringing up level for play took: 0.011559
[2015.08.31-18.37.43:219][272]PIE: Info Play in editor start time for /Game/StarterContent/Maps/UEDPIE_0_M_Master 0.612
[2015.08.31-18.38.19:692][610]LogParticles: Destroying 0 GPU particle simulations for FXSystem 0x0000000020BED300
[2015.08.31-18.38.30:187][803]LogSavePackage: Save=25.328793ms
[2015.08.31-18.38.30:187][803]LogSavePackage: Moving '../../../../../../documents/3d/minuit/MinuitGame/Minuit/Saved/M_MasterB31B6DA4460B89A5CC4DA4A7EA5B86FC.tmp' to '../../../../../../documents/3d/minuit/MinuitGame/Minuit/Content/StarterContent/Maps/M_Master.umap'
[2015.08.31-18.38.30:319][803]LogFileHelpers: Saving map 'M_Master' took 0.277
[2015.08.31-18.38.30:443][803]LogTexture:Display: Building textures: Texture2D_5 (BGRA8)
[2015.08.31-18.38.30:625][803]LogSavePackage: Save=187.329453ms
[2015.08.31-18.38.30:625][803]LogSavePackage: Moving '../../../../../../documents/3d/minuit/MinuitGame/Minuit/Saved/M_Greybox6955F77844A6E3C606835886319BC3D5.tmp' to '../../../../../../documents/3d/minuit/MinuitGame/Minuit/Content/StarterContent/Maps/M_Greybox.umap'
[2015.08.31-18.38.30:629][803]LogFileHelpers: Saving map 'M_Greybox' took 0.305
[2015.08.31-18.38.30:743][803]LogSavePackage: Save=8.811679ms
[2015.08.31-18.38.30:743][803]LogSavePackage: Moving '../../../../../../documents/3d/minuit/MinuitGame/Minuit/Saved/M_Lighting96732F6C4AEA65594CC738973A46639B.tmp' to '../../../../../../documents/3d/minuit/MinuitGame/Minuit/Content/StarterContent/Maps/M_Lighting.umap'
[2015.08.31-18.38.30:746][803]LogFileHelpers: Saving map 'M_Lighting' took 0.116
[2015.08.31-18.38.34:135][185]LogEditorViewport: Clicking on Actor (LMB): Landscape (Landscape1)
[2015.08.31-18.38.54:605][953]LogEditorActor: Deleted Actor: Landscape
[2015.08.31-18.38.54:642][953]LogEditorActor: Deleted 1 Actors (0.053 secs)
[2015.08.31-18.38.54:769][953]LogTexture:Display: Building textures: Texture2D_3 (BGRA8)
[2015.08.31-18.38.54:771][953]LogTexture:Display: Building textures: Texture2D_4 (BGRA8)
[2015.08.31-18.38.54:773][953]LogTexture:Display: Building textures: Texture2D_5 (BGRA8)
[2015.08.31-18.38.54:775][953]LogTexture:Display: Building textures: Texture2D_6 (BGRA8)
[2015.08.31-18.38.54:776][953]LogTexture:Display: Building textures: Texture2D_7 (BGRA8)
[2015.08.31-18.38.54:778][953]LogTexture:Display: Building textures: Texture2D_8 (BGRA8)
[2015.08.31-18.38.54:780][953]LogTexture:Display: Building textures: Texture2D_9 (BGRA8)
[2015.08.31-18.38.54:781][953]LogTexture:Display: Building textures: Texture2D_10 (BGRA8)
[2015.08.31-18.38.54:784][953]LogTexture:Display: Building textures: Texture2D_11 (BGRA8)
[2015.08.31-18.38.54:786][953]LogTexture:Display: Building textures: Texture2D_12 (BGRA8)
[2015.08.31-18.38.54:787][953]LogTexture:Display: Building textures: Texture2D_13 (BGRA8)
[2015.08.31-18.38.54:790][953]LogTexture:Display: Building textures: Texture2D_14 (BGRA8)
[2015.08.31-18.38.54:792][953]LogTexture:Display: Building textures: Texture2D_15 (BGRA8)
[2015.08.31-18.38.54:794][953]LogTexture:Display: Building textures: Texture2D_16 (BGRA8)
[2015.08.31-18.38.54:796][953]LogTexture:Display: Building textures: Texture2D_17 (BGRA8)
[2015.08.31-18.38.54:797][953]LogTexture:Display: Building textures: Texture2D_18 (BGRA8)
[2015.08.31-18.38.54:799][953]LogTexture:Display: Building textures: Texture2D_19 (BGRA8)
[2015.08.31-18.38.54:801][953]LogTexture:Display: Building textures: Texture2D_20 (BGRA8)
[2015.08.31-18.38.54:803][953]LogTexture:Display: Building textures: Texture2D_21 (BGRA8)
[2015.08.31-18.38.54:805][953]LogTexture:Display: Building textures: Texture2D_22 (BGRA8)
[2015.08.31-18.38.54:807][953]LogTexture:Display: Building textures: Texture2D_23 (BGRA8)
[2015.08.31-18.38.54:809][953]LogTexture:Display: Building textures: Texture2D_24 (BGRA8)
[2015.08.31-18.38.54:811][953]LogTexture:Display: Building textures: Texture2D_25 (BGRA8)
[2015.08.31-18.38.54:813][953]LogTexture:Display: Building textures: Texture2D_26 (BGRA8)
[2015.08.31-18.38.54:815][953]LogTexture:Display: Building textures: Texture2D_27 (BGRA8)
[2015.08.31-18.38.54:816][953]LogTexture:Display: Building textures: Texture2D_28 (BGRA8)
[2015.08.31-18.38.54:819][953]LogTexture:Display: Building textures: Texture2D_29 (BGRA8)
[2015.08.31-18.38.54:821][953]LogTexture:Display: Building textures: Texture2D_30 (BGRA8)
[2015.08.31-18.38.54:823][953]LogTexture:Display: Building textures: Texture2D_31 (BGRA8)
[2015.08.31-18.38.54:824][953]LogTexture:Display: Building textures: Texture2D_31 (BGRA8)
[2015.08.31-18.38.54:825][953]LogTexture:Display: Building textures: Texture2D_31 (BGRA8)
[2015.08.31-18.38.54:828][953]LogTexture:Display: Building textures: Texture2D_32 (BGRA8)
[2015.08.31-18.38.54:830][953]LogTexture:Display: Building textures: Texture2D_33 (BGRA8)
[2015.08.31-18.38.54:831][953]LogTexture:Display: Building textures: Texture2D_33 (BGRA8)
[2015.08.31-18.38.54:832][953]LogTexture:Display: Building textures: Texture2D_33 (BGRA8)
[2015.08.31-18.38.54:835][953]LogTexture:Display: Building textures: Texture2D_34 (BGRA8)
[2015.08.31-18.38.54:837][953]LogTexture:Display: Building textures: Texture2D_35 (BGRA8)
[2015.08.31-18.38.54:839][953]LogTexture:Display: Building textures: Texture2D_36 (BGRA8)
[2015.08.31-18.38.54:840][953]LogTexture:Display: Building textures: Texture2D_37 (BGRA8)
[2015.08.31-18.38.54:842][953]LogTexture:Display: Building textures: Texture2D_38 (BGRA8)
[2015.08.31-18.38.54:844][953]LogTexture:Display: Building textures: Texture2D_39 (BGRA8)
[2015.08.31-18.38.54:846][953]LogTexture:Display: Building textures: Texture2D_40 (BGRA8)
[2015.08.31-18.38.54:849][953]LogTexture:Display: Building textures: Texture2D_31 (BGRA8)
[2015.08.31-18.38.54:851][953]LogTexture:Display: Building textures: Texture2D_41 (BGRA8)
[2015.08.31-18.38.54:854][953]LogTexture:Display: Building textures: Texture2D_42 (BGRA8)
[2015.08.31-18.38.54:855][953]LogTexture:Display: Building textures: Texture2D_42 (BGRA8)
[2015.08.31-18.38.54:856][953]LogTexture:Display: Building textures: Texture2D_42 (BGRA8)
[2015.08.31-18.38.54:858][953]LogTexture:Display: Building textures: Texture2D_43 (BGRA8)
[2015.08.31-18.38.54:859][953]LogTexture:Display: Building textures: Texture2D_44 (BGRA8)
[2015.08.31-18.38.54:861][953]LogTexture:Display: Building textures: Texture2D_45 (BGRA8)
[2015.08.31-18.38.54:863][953]LogTexture:Display: Building textures: Texture2D_46 (BGRA8)
[2015.08.31-18.38.54:865][953]LogTexture:Display: Building textures: Texture2D_47 (BGRA8)
[2015.08.31-18.38.54:866][953]LogTexture:Display: Building textures: Texture2D_48 (BGRA8)
[2015.08.31-18.38.54:868][953]LogTexture:Display: Building textures: Texture2D_49 (BGRA8)
[2015.08.31-18.38.54:870][953]LogTexture:Display: Building textures: Texture2D_42 (BGRA8)
[2015.08.31-18.38.54:871][953]LogTexture:Display: Building textures: Texture2D_50 (BGRA8)
[2015.08.31-18.38.54:873][953]LogTexture:Display: Building textures: Texture2D_51 (BGRA8)
[2015.08.31-18.38.54:875][953]LogTexture:Display: Building textures: Texture2D_52 (BGRA8)
[2015.08.31-18.38.54:877][953]LogTexture:Display: Building textures: Texture2D_53 (BGRA8)
[2015.08.31-18.38.54:878][953]LogTexture:Display: Building textures: Texture2D_54 (BGRA8)
[2015.08.31-18.38.54:880][953]LogTexture:Display: Building textures: Texture2D_55 (BGRA8)
[2015.08.31-18.38.54:882][953]LogTexture:Display: Building textures: Texture2D_56 (BGRA8)
[2015.08.31-18.38.54:884][953]LogTexture:Display: Building textures: Texture2D_57 (BGRA8)
[2015.08.31-18.38.54:886][953]LogTexture:Display: Building textures: Texture2D_33 (BGRA8)
[2015.08.31-18.38.54:888][953]LogTexture:Display: Building textures: Texture2D_58 (BGRA8)
[2015.08.31-18.38.54:890][953]LogTexture:Display: Building textures: Texture2D_59 (BGRA8)
[2015.08.31-18.38.54:891][953]LogTexture:Display: Building textures: Texture2D_60 (BGRA8)
[2015.08.31-18.38.54:893][953]LogTexture:Display: Building textures: Texture2D_61 (BGRA8)
[2015.08.31-18.38.54:894][953]LogTexture:Display: Building textures: Texture2D_62 (BGRA8)
[2015.08.31-18.38.54:896][953]LogTexture:Display: Building textures: Texture2D_63 (BGRA8)
[2015.08.31-18.38.54:898][953]LogTexture:Display: Building textures: Texture2D_64 (BGRA8)
[2015.08.31-18.38.54:900][953]LogTexture:Display: Building textures: Texture2D_65 (BGRA8)
[2015.08.31-18.38.54:902][953]LogTexture:Display: Building textures: Texture2D_66 (BGRA8)
[2015.08.31-18.38.54:904][953]LogTexture:Display: Building textures: Texture2D_67 (BGRA8)
[2015.08.31-18.38.54:906][953]LogTexture:Display: Building textures: Texture2D_68 (BGRA8)
[2015.08.31-18.38.54:907][953]LogTexture:Display: Building textures: Texture2D_69 (BGRA8)
[2015.08.31-18.38.54:964][953]LogMaterial: 0.001008 seconds spent updating 1 materials, 1 interfaces, 1 instances, 1 with static permutations.
[2015.08.31-18.38.54:966][953]LogMaterial: 0.000925 seconds spent updating 1 materials, 1 interfaces, 1 instances, 1 with static permutations.
[2015.08.31-18.38.54:975][953]LogMaterial: 0.001129 seconds spent updating 1 materials, 1 interfaces, 1 instances, 1 with static permutations.
[2015.08.31-18.38.55:068][954]Cmd: UpdateLandscapeEditorData
[2015.08.31-18.38.57:150][174]LogSavePackage: Save=162.917358ms
[2015.08.31-18.38.57:150][174]LogSavePackage: Moving '../../../../../../documents/3d/minuit/MinuitGame/Minuit/Saved/M_Forest_Bas5697BA4B461DA3F2C216CA90692CE770.tmp' to '../../../../../../documents/3d/minuit/MinuitGame/Minuit/Content/StarterContent/Maps/M_Forest_Bas.umap'
[2015.08.31-18.38.57:427][187]LogSavePackage: Save=67.155113ms
[2015.08.31-18.38.57:427][187]LogSavePackage: Moving '../../../../../../documents/3d/minuit/MinuitGame/Minuit/Saved/M_Greybox377F71D8469B9BD2C5A407A2DAE86D82.tmp' to '../../../../../../documents/3d/minuit/MinuitGame/Minuit/Content/StarterContent/Maps/M_Greybox.umap'
[2015.08.31-18.39.00:452][544]LogEditorViewport: Clicking on Actor (LMB): StaticMeshActor (Blocking)
[2015.08.31-18.43.41:786][874]Cmd: QUIT_EDITOR
[2015.08.31-18.43.42:026][874]LogExit: Preparing to exit.
[2015.08.31-18.43.43:188][874]LogExit: Editor shut down
[2015.08.31-18.43.43:189][874]LogExit: Transaction tracking system shut down
[2015.08.31-18.43.43:189][874]LogParticles: Destroying 0 GPU particle simulations for FXSystem 0x000000000E027B00
[2015.08.31-18.43.43:190][874]LogParticles: Destroying 0 GPU particle simulations for FXSystem 0x000000001A45BBA0
[2015.08.31-18.43.43:190][874]LogParticles: Destroying 0 GPU particle simulations for FXSystem 0x000000001A6BFBA0
[2015.08.31-18.43.43:190][874]LogParticles: Destroying 0 GPU particle simulations for FXSystem 0x000000000F640C20
[2015.08.31-18.43.43:458][874]LogExit: Object subsystem successfully closed.
[2015.08.31-18.43.43:573][874]LogModuleManager: Shutting down and abandoning module WorldBrowser (178)
[2015.08.31-18.43.43:573][874]LogModuleManager: Shutting down and abandoning module CrashTracker (177)
[2015.08.31-18.43.43:573][874]LogModuleManager: Shutting down and abandoning module SuperSearch (176)
[2015.08.31-18.43.43:573][874]LogModuleManager: Shutting down and abandoning module SceneOutliner (175)
[2015.08.31-18.43.43:573][874]LogModuleManager: Shutting down and abandoning module EditorWidgets (174)
[2015.08.31-18.43.43:573][874]LogModuleManager: Shutting down and abandoning module CollectionManager (173)
[2015.08.31-18.43.43:582][874]LogModuleManager: Shutting down and abandoning module StatsViewer (172)
[2015.08.31-18.43.43:582][874]LogModuleManager: Shutting down and abandoning module FoliageEdit (171)
[2015.08.31-18.43.43:582][874]LogModuleManager: Shutting down and abandoning module LandscapeEditor (170)
[2015.08.31-18.43.43:582][874]LogModuleManager: Shutting down and abandoning module MeshPaint (169)
[2015.08.31-18.43.43:582][874]LogModuleManager: Shutting down and abandoning module ActorPickerMode (168)
[2015.08.31-18.43.43:582][874]LogModuleManager: Shutting down and abandoning module GeometryMode (167)
[2015.08.31-18.43.43:582][874]LogModuleManager: Shutting down and abandoning module TextureAlignMode (166)
[2015.08.31-18.43.43:582][874]LogModuleManager: Shutting down and abandoning module BspMode (165)
[2015.08.31-18.43.43:582][874]LogModuleManager: Shutting down and abandoning module PlacementMode (164)
[2015.08.31-18.43.43:582][874]LogModuleManager: Shutting down and abandoning module AutomationWorker (163)
[2015.08.31-18.43.43:582][874]LogModuleManager: Shutting down and abandoning module CharacterAI (162)
[2015.08.31-18.43.43:582][874]LogModuleManager: Shutting down and abandoning module SmartSnapping (161)
[2015.08.31-18.43.43:582][874]LogModuleManager: Shutting down and abandoning module ViewportSnapping (160)
[2015.08.31-18.43.43:582][874]LogModuleManager: Shutting down and abandoning module LogVisualizer (159)
[2015.08.31-18.43.43:582][874]LogModuleManager: Shutting down and abandoning module GameProjectGeneration (158)
[2015.08.31-18.43.43:597][874]LogModuleManager: Shutting down and abandoning module IntroTutorials (157)
[2015.08.31-18.43.43:620][874]LogModuleManager: Shutting down and abandoning module EditorLiveStreaming (156)
[2015.08.31-18.43.43:620][874]LogModuleManager: Shutting down and abandoning module HardwareTargeting (155)
[2015.08.31-18.43.43:620][874]LogModuleManager: Shutting down and abandoning module DeviceProfileEditor (154)
[2015.08.31-18.43.43:620][874]LogModuleManager: Shutting down and abandoning module UndoHistory (153)
[2015.08.31-18.43.43:620][874]LogModuleManager: Shutting down and abandoning module GameplayTagsEditor (152)
[2015.08.31-18.43.43:620][874]LogModuleManager: Shutting down and abandoning module UserFeedback (151)
[2015.08.31-18.43.43:620][874]LogModuleManager: Shutting down and abandoning module XmlParser (150)
[2015.08.31-18.43.43:620][874]LogModuleManager: Shutting down and abandoning module Blutility (149)
[2015.08.31-18.43.43:620][874]LogModuleManager: Shutting down and abandoning module IOSPlatformEditor (148)
[2015.08.31-18.43.43:620][874]LogModuleManager: Shutting down and abandoning module IOSRuntimeSettings (147)
[2015.08.31-18.43.43:620][874]LogModuleManager: Shutting down and abandoning module AndroidDeviceDetection (146)
[2015.08.31-18.43.44:506][874]LogModuleManager: Shutting down and abandoning module AndroidPlatformEditor (145)
[2015.08.31-18.43.44:506][874]LogModuleManager: Shutting down and abandoning module AndroidRuntimeSettings (144)
[2015.08.31-18.43.44:506][874]LogModuleManager: Shutting down and abandoning module ProjectTargetPlatformEditor (143)
[2015.08.31-18.43.44:506][874]LogModuleManager: Shutting down and abandoning module ProjectSettingsViewer (142)
[2015.08.31-18.43.44:506][874]LogModuleManager: Shutting down and abandoning module InputBindingEditor (141)
[2015.08.31-18.43.44:506][874]LogModuleManager: Shutting down and abandoning module EditorSettingsViewer (140)
[2015.08.31-18.43.44:506][874]LogModuleManager: Shutting down and abandoning module SettingsEditor (139)
[2015.08.31-18.43.44:531][874]LogModuleManager: Shutting down and abandoning module ProjectLauncher (138)
[2015.08.31-18.43.44:531][874]LogModuleManager: Shutting down and abandoning module SessionFrontend (137)
[2015.08.31-18.43.44:531][874]LogModuleManager: Shutting down and abandoning module ProfilerClient (136)
[2015.08.31-18.43.44:543][874]LogModuleManager: Shutting down and abandoning module TargetDeviceServices (135)
[2015.08.31-18.43.44:543][874]LogModuleManager: Shutting down and abandoning module DeviceManager (134)
[2015.08.31-18.43.44:543][874]LogModuleManager: Shutting down and abandoning module AutomationController (133)
[2015.08.31-18.43.44:543][874]LogModuleManager: Shutting down and abandoning module AutomationWindow (132)
[2015.08.31-18.43.44:555][874]LogModuleManager: Shutting down and abandoning module Layers (131)
[2015.08.31-18.43.44:555][874]LogModuleManager: Shutting down and abandoning module ComponentVisualizers (130)
[2015.08.31-18.43.44:555][874]LogModuleManager: Shutting down and abandoning module DetailCustomizations (129)
[2015.08.31-18.43.44:555][874]LogModuleManager: Shutting down and abandoning module PackagesDialog (128)
[2015.08.31-18.43.44:556][874]LogModuleManager: Shutting down and abandoning module AssetRegistry (127)
[2015.08.31-18.43.44:648][874]LogModuleManager: Shutting down and abandoning module Persona (126)
[2015.08.31-18.43.44:662][874]LogModuleManager: Shutting down and abandoning module SlateReflector (125)
[2015.08.31-18.43.44:673][874]LogModuleManager: Shutting down and abandoning module LevelEditor (124)
[2015.08.31-18.43.44:674][874]LogModuleManager: Shutting down and abandoning module Kismet (123)
[2015.08.31-18.43.44:674][874]LogModuleManager: Shutting down and abandoning module GraphEditor (122)
[2015.08.31-18.43.44:706][874]LogModuleManager: Shutting down and abandoning module ClassViewer (121)
[2015.08.31-18.43.44:706][874]LogModuleManager: Shutting down and abandoning module Toolbox (120)
[2015.08.31-18.43.44:706][874]LogModuleManager: Shutting down and abandoning module ModuleUI (119)
[2015.08.31-18.43.44:715][874]LogModuleManager: Shutting down and abandoning module MovieSceneTools (118)
[2015.08.31-18.43.44:723][874]LogModuleManager: Shutting down and abandoning module OutputLog (117)
[2015.08.31-18.43.44:723][874]LogModuleManager: Shutting down and abandoning module GammaUI (116)
[2015.08.31-18.43.44:734][874]LogModuleManager: Shutting down and abandoning module Documentation (115)
[2015.08.31-18.43.44:734][874]LogModuleManager: Shutting down and abandoning module GameLiveStreaming (114)
[2015.08.31-18.43.44:734][874]LogModuleManager: Shutting down and abandoning module StreamingPauseRendering (113)
[2015.08.31-18.43.44:734][874]LogModuleManager: Shutting down and abandoning module HTTP (112)
[2015.08.31-18.43.44:734][874]LogModuleManager: Shutting down and abandoning module AnalyticsET (111)
[2015.08.31-18.43.44:734][874]LogModuleManager: Shutting down and abandoning module Analytics (110)
[2015.08.31-18.43.44:734][874]LogModuleManager: Shutting down and abandoning module AITestSuite (109)
[2015.08.31-18.43.44:734][874]LogModuleManager: Shutting down and abandoning module GameplayDebugger (108)
[2015.08.31-18.43.44:734][874]LogModuleManager: Shutting down and abandoning module AIModule (107)
[2015.08.31-18.43.44:734][874]LogModuleManager: Shutting down and abandoning module ProfilerService (106)
[2015.08.31-18.43.44:808][874]LogModuleManager: Shutting down and abandoning module TaskGraph (105)
[2015.08.31-18.43.44:825][874]LogModuleManager: Shutting down and abandoning module SlateRemote (104)
[2015.08.31-18.43.44:825][874]LogModuleManager: Shutting down and abandoning module ScriptEditorPlugin (103)
[2015.08.31-18.43.44:825][874]LogModuleManager: Shutting down and abandoning module CustomMeshComponent (102)
[2015.08.31-18.43.44:825][874]LogModuleManager: Shutting down and abandoning module CableComponent (101)
[2015.08.31-18.43.44:825][874]LogModuleManager: Shutting down and abandoning module MessagingDebugger (100)
[2015.08.31-18.43.44:843][874]LogModuleManager: Shutting down and abandoning module MediaPlayerEditor (99)
[2015.08.31-18.43.44:854][874]LogModuleManager: Shutting down and abandoning module SpeedTreeImporter (98)
[2015.08.31-18.43.44:854][874]LogModuleManager: Shutting down and abandoning module PluginsEditor (97)
[2015.08.31-18.43.44:854][874]LogModuleManager: Shutting down and abandoning module MainFrame (96)
[2015.08.31-18.43.44:854][874]LogModuleManager: Shutting down and abandoning module EpicSurvey (95)
[2015.08.31-18.43.44:854][874]LogModuleManager: Shutting down and abandoning module DesktopPlatform (94)
[2015.08.31-18.43.44:854][874]LogModuleManager: Shutting down and abandoning module DirectoryWatcher (93)
[2015.08.31-18.43.44:855][874]LogModuleManager: Shutting down and abandoning module HotReload (92)
[2015.08.31-18.43.44:855][874]LogModuleManager: Shutting down and abandoning module VisualStudioSourceCodeAccess (91)
[2015.08.31-18.43.44:855][874]LogModuleManager: Shutting down and abandoning module UObjectPlugin (90)
[2015.08.31-18.43.44:855][874]LogModuleManager: Shutting down and abandoning module SubversionSourceControl (89)
[2015.08.31-18.43.44:855][874]LogModuleManager: Shutting down and abandoning module PerforceSourceControl (88)
[2015.08.31-18.43.44:866][874]LogModuleManager: Shutting down and abandoning module SourceControl (87)
[2015.08.31-18.43.44:866][874]LogModuleManager: Shutting down and abandoning module GitSourceControl (86)
[2015.08.31-18.43.44:866][874]LogModuleManager: Shutting down and abandoning module BlankPlugin (85)
[2015.08.31-18.43.44:866][874]LogModuleManager: Shutting down and abandoning module PaperTiledImporter (84)
[2015.08.31-18.43.44:866][874]LogModuleManager: Shutting down and abandoning module PaperJsonImporter (83)
[2015.08.31-18.43.44:866][874]LogModuleManager: Shutting down and abandoning module ContentBrowser (82)
[2015.08.31-18.43.44:866][874]LogModuleManager: Shutting down and abandoning module Paper2DEditor (81)
[2015.08.31-18.43.44:866][874]LogModuleManager: Shutting down and abandoning module ScriptPlugin (80)
[2015.08.31-18.43.44:871][874]LogModuleManager: Shutting down and abandoning module UdpMessaging (79)
[2015.08.31-18.43.44:971][874]LogModuleManager: Shutting down and abandoning module Paper2D (78)
[2015.08.31-18.43.44:971][874]LogModuleManager: Shutting down and abandoning module WindowsMoviePlayer (77)
[2015.08.31-18.43.44:973][874]LogModuleManager: Shutting down and abandoning module Media (76)
[2015.08.31-18.43.44:973][874]LogModuleManager: Shutting down and abandoning module WmfMedia (75)
[2015.08.31-18.43.44:974][874]LogModuleManager: Shutting down and abandoning module OnlineBlueprintSupport (74)
[2015.08.31-18.43.44:974][874]LogModuleManager: Shutting down and abandoning module PropertyEditor (73)
[2015.08.31-18.43.44:974][874]LogModuleManager: Shutting down and abandoning module BehaviorTreeEditor (72)
[2015.08.31-18.43.44:995][874]LogModuleManager: Shutting down and abandoning module FunctionalTesting (71)
[2015.08.31-18.43.44:995][874]LogModuleManager: Shutting down and abandoning module CollisionAnalyzer (70)
[2015.08.31-18.43.45:014][874]LogModuleManager: Shutting down and abandoning module WorkspaceMenuStructure (69)
[2015.08.31-18.43.45:014][874]LogModuleManager: Shutting down and abandoning module MessageLog (68)
[2015.08.31-18.43.45:014][874]LogModuleManager: Shutting down and abandoning module Sequencer (67)
[2015.08.31-18.43.45:032][874]LogModuleManager: Shutting down and abandoning module AssetTools (66)
[2015.08.31-18.43.45:046][874]LogModuleManager: Shutting down and abandoning module UMGEditor (65)
[2015.08.31-18.43.45:064][874]LogModuleManager: Shutting down and abandoning module UMG (64)
[2015.08.31-18.43.45:077][874]LogModuleManager: Shutting down and abandoning module Slate (63)
[2015.08.31-18.43.45:077][874]LogModuleManager: Shutting down and abandoning module EditorStyle (62)
[2015.08.31-18.43.45:080][874]LogModuleManager: Shutting down and abandoning module SessionServices (61)
[2015.08.31-18.43.45:080][874]LogModuleManager: Shutting down and abandoning module SourceCodeAccess (60)
[2015.08.31-18.43.45:080][874]LogModuleManager: Shutting down and abandoning module HeadMountedDisplay (59)
[2015.08.31-18.43.45:080][874]LogModuleManager: Shutting down and abandoning module XAudio2 (58)
[2015.08.31-18.43.45:080][874]LogModuleManager: Shutting down and abandoning module Networking (56)
[2015.08.31-18.43.45:080][874]LogModuleManager: Shutting down and abandoning module Core (55)
[2015.08.31-18.43.45:080][874]LogModuleManager: Shutting down and abandoning module KismetCompiler (54)
[2015.08.31-18.43.45:080][874]LogModuleManager: Shutting down and abandoning module PhysXFormats (53)
[2015.08.31-18.43.45:080][874]LogModuleManager: Shutting down and abandoning module MeshUtilities (52)
[2015.08.31-18.43.45:092][874]LogModuleManager: Shutting down and abandoning module DerivedDataCache (51)
[2015.08.31-18.43.45:107][874]LogDerivedDataCache: Shutdown
[2015.08.31-18.43.45:107][874]LogModuleManager: Shutting down and abandoning module ShaderFormatOpenGL (50)
[2015.08.31-18.43.45:116][874]LogModuleManager: Shutting down and abandoning module ShaderFormatD3D (49)
[2015.08.31-18.43.45:116][874]LogModuleManager: Shutting down and abandoning module MetalShaderFormat (48)
[2015.08.31-18.43.45:124][874]LogModuleManager: Shutting down and abandoning module TextureFormatUncompressed (47)
[2015.08.31-18.43.45:124][874]LogModuleManager: Shutting down and abandoning module TextureFormatPVR (46)
[2015.08.31-18.43.45:124][874]LogModuleManager: Shutting down and abandoning module TextureFormatIntelISPCTexComp (45)
[2015.08.31-18.43.45:124][874]LogModuleManager: Shutting down and abandoning module TextureFormatDXT (44)
[2015.08.31-18.43.45:124][874]LogModuleManager: Shutting down and abandoning module ImageWrapper (43)
[2015.08.31-18.43.45:124][874]LogModuleManager: Shutting down and abandoning module TextureFormatASTC (42)
[2015.08.31-18.43.45:124][874]LogModuleManager: Shutting down and abandoning module TextureFormatAndroid (41)
[2015.08.31-18.43.45:124][874]LogModuleManager: Shutting down and abandoning module AudioFormatOpus (40)
[2015.08.31-18.43.45:124][874]LogModuleManager: Shutting down and abandoning module AudioFormatOgg (39)
[2015.08.31-18.43.45:124][874]LogModuleManager: Shutting down and abandoning module AudioFormatADPCM (38)
[2015.08.31-18.43.45:124][874]LogModuleManager: Shutting down and abandoning module LinuxTargetPlatform (37)
[2015.08.31-18.43.45:124][874]LogModuleManager: Shutting down and abandoning module LinuxServerTargetPlatform (36)
[2015.08.31-18.43.45:124][874]LogModuleManager: Shutting down and abandoning module LinuxNoEditorTargetPlatform (35)
[2015.08.31-18.43.45:124][874]LogModuleManager: Shutting down and abandoning module Messaging (34)
[2015.08.31-18.43.45:124][874]LogModuleManager: Shutting down and abandoning module IOSTargetPlatform (33)
[2015.08.31-18.43.45:124][874]LogModuleManager: Shutting down and abandoning module HTML5TargetPlatform (32)
[2015.08.31-18.43.45:124][874]LogModuleManager: Shutting down and abandoning module Android_PVRTCTargetPlatform (31)
[2015.08.31-18.43.45:124][874]LogModuleManager: Shutting down and abandoning module Android_ETC2TargetPlatform (30)
[2015.08.31-18.43.45:124][874]LogModuleManager: Shutting down and abandoning module Android_ETC1TargetPlatform (29)
[2015.08.31-18.43.45:124][874]LogModuleManager: Shutting down and abandoning module Android_ES31TargetPlatform (28)
[2015.08.31-18.43.45:124][874]LogModuleManager: Shutting down and abandoning module Android_DXTTargetPlatform (27)
[2015.08.31-18.43.45:124][874]LogModuleManager: Shutting down and abandoning module Android_ATCTargetPlatform (26)
[2015.08.31-18.43.45:124][874]LogModuleManager: Shutting down and abandoning module AndroidTargetPlatform (25)
[2015.08.31-18.43.45:124][874]LogModuleManager: Shutting down and abandoning module WindowsTargetPlatform (24)
[2015.08.31-18.43.45:124][874]LogModuleManager: Shutting down and abandoning module WindowsServerTargetPlatform (23)
[2015.08.31-18.43.45:124][874]LogModuleManager: Shutting down and abandoning module WindowsNoEditorTargetPlatform (22)
[2015.08.31-18.43.45:124][874]LogModuleManager: Shutting down and abandoning module WindowsClientTargetPlatform (21)
[2015.08.31-18.43.45:124][874]LogModuleManager: Shutting down and abandoning module TargetPlatform (20)
[2015.08.31-18.43.45:124][874]LogModuleManager: Shutting down and abandoning module InputCore (19)
[2015.08.31-18.43.45:124][874]LogModuleManager: Shutting down and abandoning module Settings (18)
[2015.08.31-18.43.45:124][874]LogModuleManager: Shutting down and abandoning module OnlineSubsystem (16)
[2015.08.31-18.43.45:124][874]LogModuleManager: Shutting down and abandoning module OculusRift (15)
[2015.08.31-18.43.45:124][874]LogModuleManager: Shutting down and abandoning module ExampleDeviceProfileSelector (14)
[2015.08.31-18.43.45:124][874]LogModuleManager: Shutting down and abandoning module TextureCompressor (13)
[2015.08.31-18.43.45:124][874]LogModuleManager: Shutting down and abandoning module ShaderCore (12)
[2015.08.31-18.43.45:124][874]LogModuleManager: Shutting down and abandoning module Landscape (11)
[2015.08.31-18.43.45:124][874]LogModuleManager: Shutting down and abandoning module SlateRHIRenderer (10)
[2015.08.31-18.43.45:126][874]LogModuleManager: Shutting down and abandoning module OpenGLDrv (9)
[2015.08.31-18.43.45:126][874]LogModuleManager: Shutting down and abandoning module D3D11RHI (8)
[2015.08.31-18.43.45:126][874]LogModuleManager: Shutting down and abandoning module Renderer (7)
[2015.08.31-18.43.45:126][874]LogModuleManager: Shutting down and abandoning module Engine (6)
[2015.08.31-18.43.45:126][874]LogModuleManager: Shutting down and abandoning module CoreUObject (5)
[2015.08.31-18.43.45:126][874]LogModuleManager: Shutting down and abandoning module NetworkFile (4)
[2015.08.31-18.43.45:126][874]LogModuleManager: Shutting down and abandoning module StreamingFile (3)
[2015.08.31-18.43.45:126][874]LogModuleManager: Shutting down and abandoning module SandboxFile (2)
[2015.08.31-18.43.45:126][874]LogModuleManager: Shutting down and abandoning module PakFile (1)
[2015.08.31-18.43.45:132][874]LogExit: Exiting.
[2015.08.31-18.43.45:136][874]Log file closed, 08/31/15 14:43:45
