Log file open, 12/01/15 13:06:24
LogInit:Display: Running engine for game: Minuit
LogInit: Version: 4.7.6-2513093+++depot+UE4-Releases+4.7
LogInit: API Version: 2455222
LogInit: Compiled (64-bit): Apr 15 2015 12:09:54
LogInit: Compiled with Visual C++: 18.00.21005.01
LogInit: Build Configuration: Development
LogInit: Branch Name: ++depot+UE4-Releases+4.7
LogInit: Command line:  
LogInit: Base directory: E:/Program Files/Unreal Engine/4.7/Engine/Binaries/Win64/
LogInit: Rocket: 1
[2015.12.01-18.06.24:912][  0]LogTaskGraph: Started task graph with 3 named threads and 6 total threads.
[2015.12.01-18.06.24:964][  0]LogOnline:Warning: No default platform service specified for OnlineSubsystem
[2015.12.01-18.06.24:977][  0]LogInit: Presizing for 0 objects not considered by GC, pre-allocating 0 bytes.
[2015.12.01-18.06.24:985][  0]LogInit: Object subsystem initialized
[2015.12.01-18.06.24:986][  0]LogConsoleResponse:Warning: Skipping Unknown console variable: 'TranslucentSortAxis = (X=0.000000,Y=-1.000000,Z=0.000000)'
[2015.12.01-18.06.24:986][  0]LogConsoleResponse:Warning:   Found in ini file 'E:/documents/3d/minuit/MinuitGame/Minuit/Saved/Config/Windows/Engine.ini', in section '[/Script/Engine.RendererSettings]'
[2015.12.01-18.06.24:986][  0]LogConsoleResponse:Warning: Skipping Unknown console variable: 'UIScaleRule = ShortestSide'
[2015.12.01-18.06.24:986][  0]LogConsoleResponse:Warning:   Found in ini file 'E:/documents/3d/minuit/MinuitGame/Minuit/Saved/Config/Windows/Engine.ini', in section '[/Script/Engine.RendererSettings]'
[2015.12.01-18.06.24:986][  0]LogConsoleResponse:Warning: Skipping Unknown console variable: 'UIScaleCurve = (EditorCurveData=(Keys=),ExternalCurve=None)'
[2015.12.01-18.06.24:986][  0]LogConsoleResponse:Warning:   Found in ini file 'E:/documents/3d/minuit/MinuitGame/Minuit/Saved/Config/Windows/Engine.ini', in section '[/Script/Engine.RendererSettings]'
[2015.12.01-18.06.24:986][  0]LogInit: Selected Device Profile: [Windows]
[2015.12.01-18.06.24:987][  0]LogInit: Applying CVar settings loaded from the selected device profile: [Windows]
[2015.12.01-18.06.24:991][  0]LogInit: Computer: ETT_
[2015.12.01-18.06.24:991][  0]LogInit: User: ETt
[2015.12.01-18.06.24:991][  0]LogInit: CPU Page size=4096, Cores=4
[2015.12.01-18.06.24:991][  0]LogInit: High frequency timer resolution =3.318427 MHz
[2015.12.01-18.06.24:991][  0]LogMemory: Memory total: Physical=7.9GB (8GB approx) Virtual=8192.0GB
[2015.12.01-18.06.24:992][  0]LogMemory: Platform Memory Stats for Windows
[2015.12.01-18.06.24:992][  0]LogMemory: Process Physical Memory: 49.08 MB used, 49.08 MB peak
[2015.12.01-18.06.24:992][  0]LogMemory: Process Virtual Memory: 28.84 MB used, 28.84 MB peak
[2015.12.01-18.06.24:992][  0]LogMemory: Physical Memory: 2922.18 MB used, 8130.77 MB total
[2015.12.01-18.06.24:992][  0]LogMemory: Virtual Memory: 282.99 MB used, 8388608.00 MB total
[2015.12.01-18.06.25:024][  0]LogD3D11RHI: Found D3D11 adapter 0: NVIDIA GeForce GTX 770 (Feature Level 11_0)
[2015.12.01-18.06.25:024][  0]LogD3D11RHI: Adapter has 1990MB of dedicated video memory, 0MB of dedicated system memory, and 2048MB of shared system memory, 2 output[s]
[2015.12.01-18.06.25:024][  0]LogD3D11RHI: Chosen D3D11 Adapter Id = 0
[2015.12.01-18.06.25:029][  0]LogRHI: Texture pool is 1361 MB (70% of 1945 MB)
[2015.12.01-18.06.25:038][  0]LogD3D11RHI: Async texture creation enabled
[2015.12.01-18.06.25:093][  0]LogTextLocalizationManager: The requested culture ('fr_FR') has no localization data; falling back to 'en' for localization and internationalization data.
[2015.12.01-18.06.25:163][  0]LogTextLocalizationManager:Warning: Loading localization resources contain conflicting entries for (Namespace:UICommands, Key:Save_ToolTip):
Resource: (E:/Program Files/Unreal Engine/4.7/Engine/Content/Localization/Editor/en/Editor.locres) Hash: (-29098895) String: (Saves the current level to disk)
Resource: (E:/Program Files/Unreal Engine/4.7/Engine/Content/Localization/Engine/en/Engine.locres) Hash: (-1280300587) String: (Save selected data to vlog file)
[2015.12.01-18.06.25:163][  0]LogTextLocalizationManager:Warning: Loading localization resources contain conflicting entries for (Namespace:ContentBrowser, Key:ImportAssetToolTip):
Resource: (E:/Program Files/Unreal Engine/4.7/Engine/Content/Localization/Editor/en/Editor.locres) Hash: (-630476809) String: (Import to {0}...)
Resource: (E:/Program Files/Unreal Engine/4.7/Engine/Content/Localization/Editor/en/Editor.locres) Hash: (1271782899) String: (Imports an asset from file to this folder.)
[2015.12.01-18.06.25:234][  0]LogContentStreaming: Texture pool size is 0.000000MB
[2015.12.01-18.06.27:108][  0]LogTargetPlatformManager:Display: Building Assets For Windows
[2015.12.01-18.06.27:521][  0]LogTargetPlatformManager:Display: Building Assets For Windows
[2015.12.01-18.06.27:577][  0]LogDerivedDataCache:Display: Max Cache Size: 512 MB
[2015.12.01-18.06.27:611][  0]LogDerivedDataCache: Loaded boot cache 0.03s 39MB C:/Users/ETt/AppData/Local/UnrealEngine/4.7/DerivedDataCache/Boot.ddc.
[2015.12.01-18.06.27:611][  0]LogDerivedDataCache:Display: Loaded Boot cache: C:/Users/ETt/AppData/Local/UnrealEngine/4.7/DerivedDataCache/Boot.ddc
[2015.12.01-18.06.27:611][  0]LogDerivedDataCache: FDerivedDataBackendGraph:  Pak pak cache file ../../../../../../documents/3d/minuit/MinuitGame/Minuit/DerivedDataCache/DDC.ddp not found, will not use a pak cache.
[2015.12.01-18.06.27:611][  0]LogDerivedDataCache: Unable to find inner node Pak for hierarchical cache Hierarchy.
[2015.12.01-18.06.27:713][  0]LogDerivedDataCache:Display: Pak cache opened for reading ../../../Engine/DerivedDataCache/Compressed.ddp.
[2015.12.01-18.06.27:724][  0]LogDerivedDataCache: Using Local data cache path C:/Users/ETt/AppData/Local/UnrealEngine/Common/DerivedDataCache: Writable
[2015.12.01-18.06.27:974][  0]LogMeshUtilities: No automatic mesh reduction module available
[2015.12.01-18.06.27:974][  0]LogMeshUtilities: No automatic mesh merging module available
[2015.12.01-18.06.28:260][  0]LogInit: WinSock: version 1.1 (2.2), MaxSocks=32767, MaxUdp=65467
[2015.12.01-18.06.28:328][  0]LogSlate:Warning: Failed to load font data from '../../../Engine/Content/Slate/Fonts/Roboto-Italic.ttf'
[2015.12.01-18.06.29:010][  0]UdpMessaging: Initializing bridge on interface 0.0.0.0:0 to multicast group 230.0.0.1:6666.
[2015.12.01-18.06.29:198][  0]SourceControl: Info Source control is disabled
[2015.12.01-18.06.29:198][  0]SourceControl: Info Source control is disabled
[2015.12.01-18.06.29:198][  0]SourceControl: Info Source control is disabled
[2015.12.01-18.06.29:198][  0]LogSourceControl: RunCommandInternalRaw: 'git version'
[2015.12.01-18.06.29:198][  0]LogSourceControl: RunCommandInternalRaw: ExecProcess ReturnCode=2 OutResults=''
[2015.12.01-18.06.29:208][  0]SourceControl: Info Source control is disabled
[2015.12.01-18.06.29:383][  0]LogObj: 24232 objects as part of root set at end of initial load.
[2015.12.01-18.06.29:383][  0]LogUObjectAllocator: 5137168 out of 0 bytes used by permanent object pool.
[2015.12.01-18.06.29:452][  0]LogEngine: Initializing Engine...
[2015.12.01-18.06.32:611][  0]LogInit: XAudio2 using 'Speakers (Realtek High Definition Audio)' : 2 channels at 48 kHz using 32 bits per sample (channel mask 0x3)
[2015.12.01-18.06.32:620][  0]LogInit: FAudioDevice initialized.
[2015.12.01-18.06.32:657][  0]LogAIModule: Creating AISystem for world NewWorld
[2015.12.01-18.06.32:677][  0]LogDerivedDataCache: Saved boot cache 0.02s 39MB C:/Users/ETt/AppData/Local/UnrealEngine/4.7/DerivedDataCache/Boot.ddc.
[2015.12.01-18.06.32:680][  0]LogInit: Texture streaming: Enabled
[2015.12.01-18.06.32:758][  0]LogAnalytics: Creating configured Analytics provider AnalyticsET
[2015.12.01-18.06.32:758][  0]LogAnalytics: ET APIKey = Rocket.Release. APIServer = http://et2.epicgames.com/ET2/. AppVersion = 4.7.6-2513093+++depot+UE4-Releases+4.7
[2015.12.01-18.06.32:758][  0]LogAnalytics: ET APIKey = Rocket.Release. DataRouterUploadURL = https://datarouter-public-service-gamedev.ol.epicgames.net/datarouter/api/v1/public/data. AppVersion = 4.7.6-2513093+++depot+UE4-Releases+4.7
[2015.12.01-18.06.32:758][  0]LogAnalytics: SetUserId 2d8f9b434cd97107b008209c3b4c51aa|e67cdf50177141fe8e020345bd104ee2|091128b7-7c0a-4bff-8890-6bc6add436c4
[2015.12.01-18.06.32:758][  0]LogAnalytics: AnalyticsET::StartSession [Rocket.Release]
[2015.12.01-18.06.32:780][  0]LogInit: Transaction tracking system initialized
[2015.12.01-18.06.32:962][  0]BlueprintLog: New page: Editor Load
[2015.12.01-18.06.32:997][  0]LogAssetRegistry: FAssetRegistry took 0.0128 seconds to start up
[2015.12.01-18.06.33:000][  0]LogDirectoryWatcher:Warning: Failed to begin reading directory changes for ../../../Engine/Plugins/Experimental/CharacterAI/Content/. Error: 0
[2015.12.01-18.06.33:562][  0]LogTargetPlatformManager:Display: Building Assets For Windows
[2015.12.01-18.06.34:000][  0]LogTargetPlatformManager:Display: Building Assets For Windows
[2015.12.01-18.06.34:339][  0]LogSlate:Warning: Failed to load font data from '../../../Engine/Content/Editor/Slate/Fonts/Roboto-Regular.ttf'
[2015.12.01-18.06.34:339][  0]LogSlate:Warning: Failed to load font data from '../../../Engine/Content/Editor/Slate/Fonts/Roboto-Bold.ttf'
[2015.12.01-18.06.34:343][  0]LogConsoleResponse:Display: 
[2015.12.01-18.06.34:647][  0]LogCook:Display: Done creating registry. It took  0.00s.
[2015.12.01-18.06.34:794][  0]SourceControl: Info Source control is disabled
[2015.12.01-18.06.34:794][  0]Cmd: MAP LOAD FILE="../../../../../../documents/3d/minuit/MinuitGame/Minuit/Content/StarterContent/Maps/M_Master.umap" TEMPLATE=0 SHOWPROGRESS=1 FEATURELEVEL=3
[2015.12.01-18.06.34:794][  0]LightingResults: New page: Lighting Build
[2015.12.01-18.06.34:806][  0]MapCheck: New page: Map Check
[2015.12.01-18.06.34:806][  0]LightingResults: New page: Lighting Build
[2015.12.01-18.06.34:815][  0]LogParticles: Destroying 0 GPU particle simulations for FXSystem 0x0000000012632980
[2015.12.01-18.06.35:052][  0]LogLinker:Warning: Asset '../../../Engine/Content/Functions/Engine_MaterialFunctions01/SpeedTree/SpeedTreeColorVariation.uasset' has been saved with empty engine version. The asset will be loaded but may be incompatible.
[2015.12.01-18.06.35:840][  0]LogMaterial: Missing cached shader map for material M_Terrain, compiling. 
[2015.12.01-18.06.37:948][  0]LogMaterial:Warning: Material /Game/StarterContent/Materials/M_Grass.M_Grass needed to have new flag set bUsedWithInstancedStaticMeshes !
[2015.12.01-18.06.37:950][  0]LogMaterial: Missing cached shader map for material M_Grass, compiling. 
[2015.12.01-18.06.37:986][  0]LogMaterial: 0.000239 seconds spent updating 1 materials, 1 interfaces, 0 instances, 0 with static permutations.
[2015.12.01-18.06.37:990][  0]LogRenderer: Adding SpeedTree wind for static mesh Test
[2015.12.01-18.06.37:990][  0]LogRenderer: Adding SpeedTree wind for static mesh White_Birch2
[2015.12.01-18.06.37:990][  0]LogMaterial:Warning: Material /Game/StarterContent/Materials/M_Plante1.M_Plante1 needed to have new flag set bUsedWithInstancedStaticMeshes !
[2015.12.01-18.06.37:992][  0]LogMaterial: Missing cached shader map for material M_Plante1, compiling. 
[2015.12.01-18.06.38:035][  0]LogMaterial: 0.026445 seconds spent updating 1 materials, 1 interfaces, 0 instances, 0 with static permutations.
[2015.12.01-18.06.38:036][  0]LogRenderer: Adding SpeedTree wind for static mesh White_Birch
[2015.12.01-18.06.38:036][  0]LogRenderer: Adding SpeedTree wind for static mesh Arbre1
[2015.12.01-18.06.38:036][  0]LogMaterial:Warning: Material /Game/FirstPersonBP/Meshes/Forest/Speedtree/Arbre1_Branches_Mat.Arbre1_Branches_Mat needed to have new flag set bUsedWithInstancedStaticMeshes !
[2015.12.01-18.06.38:038][  0]LogMaterial: Missing cached shader map for material Arbre1_Branches_Mat, compiling. 
[2015.12.01-18.06.38:065][  0]LogMaterial: 0.002193 seconds spent updating 1 materials, 1 interfaces, 0 instances, 0 with static permutations.
[2015.12.01-18.06.38:065][  0]LogMaterial:Warning: Material /Game/FirstPersonBP/Meshes/Forest/Speedtree/Arbre1_Branches_2_Mat.Arbre1_Branches_2_Mat needed to have new flag set bUsedWithInstancedStaticMeshes !
[2015.12.01-18.06.38:088][  0]LogMaterial: Missing cached shader map for material Arbre1_Branches_2_Mat, compiling. 
[2015.12.01-18.06.38:103][  0]LogMaterial: 0.000232 seconds spent updating 1 materials, 1 interfaces, 0 instances, 0 with static permutations.
[2015.12.01-18.06.38:158][  0]LogRenderer: Adding SpeedTree wind for static mesh Arbre2
[2015.12.01-18.06.38:382][  0]LogEditorServer: Finished looking for orphan Actors (0.000 secs)
[2015.12.01-18.06.38:500][  0]LogAIModule: Creating AISystem for world M_Master
[2015.12.01-18.06.38:623][  0]Cmd: MAP CHECKDEP
[2015.12.01-18.06.38:623][  0]MapCheck: New page: M_Master - Dec 1, 2015, 8:06:38 AM
[2015.12.01-18.06.39:022][  0]MapCheck: Info Map check complete: 0 Error(s), 0 Warning(s), took 399.426ms to complete.
[2015.12.01-18.06.39:022][  0]LogFileHelpers: Loading map 'M_Master' took 4.229
[2015.12.01-18.06.40:262][  0]LogCollectionManager: Loaded 0 collections in 0.001682 seconds
[2015.12.01-18.06.40:270][  0]LogContentBrowser: Native class hierarchy populated in 0.0078 seconds. Added 1696 classes and 261 folders.
[2015.12.01-18.06.40:381][  0]LogContentBrowser: Native class hierarchy updated for 'SceneOutliner' in 0.0013 seconds. Added 1 classes and 2 folders.
[2015.12.01-18.06.40:498][  0]LogCrashTracker: Crashtracker disabled due to settings.
[2015.12.01-18.06.40:499][  0]LogSlate:Warning: Failed to load font data from 'Veranda'
[2015.12.01-18.06.40:686][  0]LogUObjectGlobals:Warning: Failed to find object 'Class None.'
[2015.12.01-18.06.40:734][  0]LogLoad: Full Startup: 17.57 seconds (BP compile: 0.09 seconds)
[2015.12.01-18.06.40:787][  0]LogContentBrowser:Verbose: The content browser source was changed by the sources view to '/Game/FirstPersonBP/Meshes/Forest/Speedtree'
[2015.12.01-18.06.40:928][  0]LogRenderer:Warning: Reallocating scene render targets to support 32x32 (Frame:2).
[2015.12.01-18.06.41:325][  0]LogRenderer:Warning: Reallocating scene render targets to support 1208x600 (Frame:23).
[2015.12.01-18.06.41:393][  1]Cmd: UpdateLandscapeEditorData -warnings
[2015.12.01-18.06.41:402][  1]Cmd: UpdateLandscapeEditorData
[2015.12.01-18.06.45:809][  2]LogShaderCompilers:Warning: Failed to compile Material /Game/StarterContent/Materials/M_Terrain.M_Terrain for platform PCD3D_SM5, Default Material will be used in game.
[2015.12.01-18.06.46:997][  5]LogEditorViewport: Clicking on Actor (LMB): BP_Sky_Sphere_C (Sky Sphere)
[2015.12.01-18.06.47:539][  5]LogAssetRegistry: Asset discovery search completed in 14.5555 seconds
[2015.12.01-18.07.01:758][700]LogRenderer:Warning: Reallocating scene render targets to support 1480x768 (Frame:1455).
[2015.12.01-18.07.01:853][701]LogRenderer:Warning: Reallocating scene render targets to support 1920x1040 (Frame:1459).
[2015.12.01-18.07.09:203][189]LogEditorFactories: Performing atomic reimport of [E:/Program Files/SpeedTree for Unreal Engine 4 Subscription v7.1.2/samples/trees/White_Birch2.srt]
[2015.12.01-18.07.09:203][189]LogFactory: FactoryCreateBinary: StaticMesh with ReimportSpeedTreeFactory (0 0 E:/Program Files/SpeedTree for Unreal Engine 4 Subscription v7.1.2/samples/trees/White_Birch2.srt)
[2015.12.01-18.07.10:376][189]LogTexture:Display: Building textures: White_Birch2_Atlas_Tex (AutoDXT)
[2015.12.01-18.07.10:569][189]LogTexture:Display: Building textures: White_Birch2_Atlas_Normal_Tex (BC5)
[2015.12.01-18.07.10:596][189]LogWindows:Error: Windows GetLastError: The operation completed successfully. (0)
[2015.12.01-18.07.10:596][189]LogCrashTracker: 


[2015.12.01-18.07.13:335][189]LogCrashTracker: 


[2015.12.01-18.07.13:335][189]LogWindows: === Critical error: ===
Assertion failed: Reference != 0 [File:D:\BuildFarm\buildmachine_++depot+UE4-Releases+4.7\Engine\Source\Runtime\Core\Public\Templates\ScopedPointer.h] [Line: 73] 



KERNELBASE.dll!UnknownFunction (0x000007fefc21b3dd) + 0 bytes [UnknownFile:0]
UE4Editor-Core.dll!FOutputDeviceWindowsError::Serialize() (0x000007fee6ef8074) + 0 bytes [d:\buildfarm\buildmachine_++depot+ue4-releases+4.7\engine\source\runtime\core\private\windows\windowsplatformoutputdevices.cpp:95]
UE4Editor-Core.dll!FOutputDevice::Logf__VA() (0x000007fee6d77878) + 159 bytes [d:\buildfarm\buildmachine_++depot+ue4-releases+4.7\engine\source\runtime\core\private\misc\outputdevice.cpp:144]
UE4Editor-Core.dll!FDebug::AssertFailed() (0x000007fee6d58b17) + 62 bytes [d:\buildfarm\buildmachine_++depot+ue4-releases+4.7\engine\source\runtime\core\private\misc\outputdevice.cpp:224]
UE4Editor-Engine.dll!UStaticMeshComponent::OnUnregister() (0x000007fee4be8eff) + 90 bytes [d:\buildfarm\buildmachine_++depot+ue4-releases+4.7\engine\source\runtime\engine\private\staticmeshcomponent.cpp:477]
UE4Editor-Engine.dll!UActorComponent::ExecuteUnregisterEvents() (0x000007fee44728a9) + 0 bytes [d:\buildfarm\buildmachine_++depot+ue4-releases+4.7\engine\source\runtime\engine\private\actorcomponent.cpp:982]
UE4Editor-Engine.dll!FComponentReregisterContextBase::UnRegister() (0x000007fee44c458c) + 0 bytes [d:\buildfarm\buildmachine_++depot+ue4-releases+4.7\engine\source\runtime\engine\public\componentreregistercontext.h:34]
UE4Editor-Engine.dll!FGlobalComponentReregisterContext::FGlobalComponentReregisterContext() (0x000007fee43ff1d0) + 36 bytes [d:\buildfarm\buildmachine_++depot+ue4-releases+4.7\engine\source\runtime\engine\private\actorcomponent.cpp:34]
UE4Editor-SpeedTreeImporter.dll!CreateSpeedTreeMaterial() (0x000007fed7a8aa63) + 10 bytes [d:\buildfarm\buildmachine_++depot+ue4-releases+4.7\engine\plugins\editor\speedtreeimporter\source\speedtreeimporter\private\speedtreeimportfactory.cpp:822]
UE4Editor-SpeedTreeImporter.dll!USpeedTreeImportFactory::FactoryCreateBinary() (0x000007fed7a8d2ae) + 120 bytes [d:\buildfarm\buildmachine_++depot+ue4-releases+4.7\engine\plugins\editor\speedtreeimporter\source\speedtreeimporter\private\speedtreeimportfactory.cpp:1270]
UE4Editor-UnrealEd.dll!UFactory::FactoryCreateBinary() (0x000007fee1f367e2) + 114 bytes [d:\buildfarm\buildmachine_++depot+ue4-releases+4.7\engine\source\editor\unrealed\classes\factories\factory.h:133]
UE4Editor-UnrealEd.dll!UFactory::StaticImportObject() (0x000007fee28739b3) + 284 bytes [d:\buildfarm\buildmachine_++depot+ue4-releases+4.7\engine\source\editor\unrealed\private\factories\factory.cpp:288]
UE4Editor-UnrealEd.dll!UFactory::StaticImportObject() (0x000007fee2873ce7) + 0 bytes [d:\buildfarm\buildmachine_++depot+ue4-releases+4.7\engine\source\editor\unrealed\private\factories\factory.cpp:182]
UE4Editor-SpeedTreeImporter.dll!UReimportSpeedTreeFactory::Reimport() (0x000007fed7a98c55) + 142 bytes [d:\buildfarm\buildmachine_++depot+ue4-releases+4.7\engine\plugins\editor\speedtreeimporter\source\speedtreeimporter\private\reimportspeedtreefactory.cpp:77]
UE4Editor-UnrealEd.dll!FReimportManager::Reimport() (0x000007fee20cfd5f) + 0 bytes [d:\buildfarm\buildmachine_++depot+ue4-releases+4.7\engine\source\editor\unrealed\private\editor.cpp:2657]
UE4Editor-ContentBrowser.dll!FAssetContextMenu::ExecuteReimport() (0x000007fed84f907c) + 0 bytes [d:\buildfarm\buildmachine_++depot+ue4-releases+4.7\engine\source\editor\contentbrowser\private\assetcontextmenu.cpp:837]
UE4Editor-ContentBrowser.dll!TBaseSPMethodDelegateInstance<0,FAssetContextMenu,0,TTypeWrapper<void> __cdecl(void)>::Execute() (0x000007fed84e73fc) + 11 bytes [d:\buildfarm\buildmachine_++depot+ue4-releases+4.7\engine\source\runtime\core\public\delegates\delegateinstancesimpl_variadics.inl:282]
UE4Editor-ContentBrowser.dll!TBaseSPMethodDelegateInstance<0,FAssetContextMenu,0,void __cdecl(void)>::ExecuteIfSafe() (0x000007fed84f38d6) + 8 bytes [d:\buildfarm\buildmachine_++depot+ue4-releases+4.7\engine\source\runtime\core\public\delegates\delegateinstancesimpl_variadics.inl:388]
UE4Editor-Slate.dll!SMenuEntryBlock::OnClicked() (0x000007fee3fd8413) + 0 bytes [d:\buildfarm\buildmachine_++depot+ue4-releases+4.7\engine\source\runtime\slate\private\framework\multibox\smenuentryblock.cpp:892]
UE4Editor-Slate.dll!SMenuEntryBlock::OnMenuItemButtonClicked() (0x000007fee3fdd308) + 0 bytes [d:\buildfarm\buildmachine_++depot+ue4-releases+4.7\engine\source\runtime\slate\private\framework\multibox\smenuentryblock.cpp:842]
UE4Editor-Slate.dll!TMemberFunctionCaller<SMenuEntryBlock,FReply (__cdecl SMenuEntryBlock::*)(void) __ptr64>::operator()<>() (0x000007fee3f57be7) + 16 bytes [d:\buildfarm\buildmachine_++depot+ue4-releases+4.7\engine\source\runtime\core\public\delegates\delegateinstanceinterface_variadics.h:161]
UE4Editor-Slate.dll!TTupleImpl<TIntegerSequence<> >::ApplyAfter_ExplicitReturnType<FReply,TMemberFunctionCaller<SMenuEntryBlock,FReply (__cdecl SMenuEntryBlock::*)(void) __ptr64> >() (0x000007fee3f590d9) + 19 bytes [d:\buildfarm\buildmachine_++depot+ue4-releases+4.7\engine\source\runtime\core\public\delegates\tuple.h:113]
UE4Editor-Slate.dll!TBaseSPMethodDelegateInstance<0,SMenuEntryBlock,0,FReply __cdecl(void)>::Execute() (0x000007fee3fbec39) + 36 bytes [d:\buildfarm\buildmachine_++depot+ue4-releases+4.7\engine\source\runtime\core\public\delegates\delegateinstancesimpl_variadics.inl:282]
UE4Editor-Slate.dll!TBaseDelegate<FReply>::Execute() (0x000007fee407153a) + 6 bytes [d:\buildfarm\buildmachine_++depot+ue4-releases+4.7\engine\source\runtime\core\public\delegates\delegatesignatureimpl_variadics.inl:439]
UE4Editor-Slate.dll!SButton::OnMouseButtonUp() (0x000007fee409fd63) + 17 bytes [d:\buildfarm\buildmachine_++depot+ue4-releases+4.7\engine\source\runtime\slate\private\widgets\input\sbutton.cpp:228]
UE4Editor-Slate.dll!<lambda_de96dc3471181973108233c6db1f9843>::operator()() (0x000007fee3ebdd7c) + 24 bytes [d:\buildfarm\buildmachine_++depot+ue4-releases+4.7\engine\source\runtime\slate\private\framework\application\slateapplication.cpp:3985]
UE4Editor-Slate.dll!FEventRouter::Route<FReply,FEventRouter::FToLeafmostPolicy,FPointerEvent,<lambda_de96dc3471181973108233c6db1f9843> >() (0x000007fee3e78407) + 21 bytes [d:\buildfarm\buildmachine_++depot+ue4-releases+4.7\engine\source\runtime\slate\private\framework\application\slateapplication.cpp:202]
UE4Editor-Slate.dll!FSlateApplication::ProcessMouseButtonUpEvent() (0x000007fee3f24f29) + 75 bytes [d:\buildfarm\buildmachine_++depot+ue4-releases+4.7\engine\source\runtime\slate\private\framework\application\slateapplication.cpp:3988]
UE4Editor-Slate.dll!FSlateApplication::OnMouseUp() (0x000007fee3f14926) + 16 bytes [d:\buildfarm\buildmachine_++depot+ue4-releases+4.7\engine\source\runtime\slate\private\framework\application\slateapplication.cpp:3949]
UE4Editor-Core.dll!FWindowsApplication::ProcessDeferredMessage() (0x000007fee6e53975) + 12 bytes [d:\buildfarm\buildmachine_++depot+ue4-releases+4.7\engine\source\runtime\core\private\windows\windowsapplication.cpp:1373]
UE4Editor-Core.dll!FWindowsApplication::DeferMessage() (0x000007fee6e45d2e) + 74 bytes [d:\buildfarm\buildmachine_++depot+ue4-releases+4.7\engine\source\runtime\core\private\windows\windowsapplication.cpp:1669]
UE4Editor-Core.dll!FWindowsApplication::ProcessMessage() (0x000007fee6e54d50) + 41 bytes [d:\buildfarm\buildmachine_++depot+ue4-releases+4.7\engine\source\runtime\core\private\windows\windowsapplication.cpp:742]
UE4Editor-Core.dll!FWindowsApplication::AppWndProc() (0x000007fee6e43192) + 0 bytes [d:\buildfarm\buildmachine_++depot+ue4-releases+4.7\engine\source\runtime\core\private\windows\windowsapplication.cpp:604]
USER32.dll!UnknownFunction (0x00000000773cc3c1) + 0 bytes [UnknownFile:0]
USER32.dll!UnknownFunction (0x00000000773cc60a) + 0 bytes [UnknownFile:0]
UE4Editor-Core.dll!FWindowsPlatformMisc::PumpMessages() (0x000007fee6ef3ec6) + 48 bytes [d:\buildfarm\buildmachine_++depot+ue4-releases+4.7\engine\source\runtime\core\private\windows\windowsplatformmisc.cpp:774]
UE4Editor.exe!FEngineLoop::Tick() (0x000000013fa300a9) + 8 bytes [d:\buildfarm\buildmachine_++depot+ue4-releases+4.7\engine\source\runtime\launch\private\launchengineloop.cpp:2233]
UE4Editor.exe!GuardedMain() (0x000000013fa2267c) + 0 bytes [d:\buildfarm\buildmachine_++depot+ue4-releases+4.7\engine\source\runtime\launch\private\launch.cpp:142]
UE4Editor.exe!GuardedMainWrapper() (0x000000013fa226ea) + 5 bytes [d:\buildfarm\buildmachine_++depot+ue4-releases+4.7\engine\source\runtime\launch\private\windows\launchwindows.cpp:126]
UE4Editor.exe!WinMain() (0x000000013fa32219) + 17 bytes [d:\buildfarm\buildmachine_++depot+ue4-releases+4.7\engine\source\runtime\launch\private\windows\launchwindows.cpp:202]
UE4Editor.exe!__tmainCRTStartup() (0x000000013fa33159) + 21 bytes [f:\dd\vctools\crt\crtw32\dllstuff\crtexe.c:618]
kernel32.dll!UnknownFunction (0x00000000772a5a4d) + 0 bytes [UnknownFile:0]
ntdll.dll!UnknownFunction (0x00000000774db831) + 0 bytes [UnknownFile:0]
ntdll.dll!UnknownFunction (0x00000000774db831) + 0 bytes [UnknownFile:0]


[2015.12.01-18.07.13:448][189]LogExit: Executing StaticShutdownAfterError
[2015.12.01-18.07.13:454][189]LogWindows: FPlatformMisc::RequestExit(1)
[2015.12.01-18.07.13:454][189]Log file closed, 12/01/15 13:07:13
