Log file open, 11/03/15 16:15:47
LogInit:Display: Running engine for game: Minuit
LogInit: Version: 4.7.6-2513093+++depot+UE4-Releases+4.7
LogInit: API Version: 2455222
LogInit: Compiled (64-bit): Apr 15 2015 12:09:54
LogInit: Compiled with Visual C++: 18.00.21005.01
LogInit: Build Configuration: Development
LogInit: Branch Name: ++depot+UE4-Releases+4.7
LogInit: Command line:  
LogInit: Base directory: E:/Program Files/Unreal Engine/4.7/Engine/Binaries/Win64/
LogInit: Rocket: 1
[2015.11.03-21.15.47:906][  0]LogTaskGraph: Started task graph with 3 named threads and 6 total threads.
[2015.11.03-21.15.47:957][  0]LogOnline:Warning: No default platform service specified for OnlineSubsystem
[2015.11.03-21.15.47:969][  0]LogInit: Presizing for 0 objects not considered by GC, pre-allocating 0 bytes.
[2015.11.03-21.15.47:976][  0]LogInit: Object subsystem initialized
[2015.11.03-21.15.47:978][  0]LogConsoleResponse:Warning: Skipping Unknown console variable: 'TranslucentSortAxis = (X=0.000000,Y=-1.000000,Z=0.000000)'
[2015.11.03-21.15.47:978][  0]LogConsoleResponse:Warning:   Found in ini file 'E:/documents/3d/minuit/MinuitGame/Minuit/Saved/Config/Windows/Engine.ini', in section '[/Script/Engine.RendererSettings]'
[2015.11.03-21.15.47:978][  0]LogConsoleResponse:Warning: Skipping Unknown console variable: 'UIScaleRule = ShortestSide'
[2015.11.03-21.15.47:978][  0]LogConsoleResponse:Warning:   Found in ini file 'E:/documents/3d/minuit/MinuitGame/Minuit/Saved/Config/Windows/Engine.ini', in section '[/Script/Engine.RendererSettings]'
[2015.11.03-21.15.47:978][  0]LogConsoleResponse:Warning: Skipping Unknown console variable: 'UIScaleCurve = (EditorCurveData=(Keys=),ExternalCurve=None)'
[2015.11.03-21.15.47:978][  0]LogConsoleResponse:Warning:   Found in ini file 'E:/documents/3d/minuit/MinuitGame/Minuit/Saved/Config/Windows/Engine.ini', in section '[/Script/Engine.RendererSettings]'
[2015.11.03-21.15.47:978][  0]LogInit: Selected Device Profile: [Windows]
[2015.11.03-21.15.47:978][  0]LogInit: Applying CVar settings loaded from the selected device profile: [Windows]
[2015.11.03-21.15.47:983][  0]LogInit: Computer: ETT_
[2015.11.03-21.15.47:983][  0]LogInit: User: ETt
[2015.11.03-21.15.47:983][  0]LogInit: CPU Page size=4096, Cores=4
[2015.11.03-21.15.47:983][  0]LogInit: High frequency timer resolution =3.318437 MHz
[2015.11.03-21.15.47:983][  0]LogMemory: Memory total: Physical=7.9GB (8GB approx) Virtual=8192.0GB
[2015.11.03-21.15.47:983][  0]LogMemory: Platform Memory Stats for Windows
[2015.11.03-21.15.47:983][  0]LogMemory: Process Physical Memory: 48.02 MB used, 48.02 MB peak
[2015.11.03-21.15.47:983][  0]LogMemory: Process Virtual Memory: 27.73 MB used, 27.73 MB peak
[2015.11.03-21.15.47:983][  0]LogMemory: Physical Memory: 4092.97 MB used, 8130.77 MB total
[2015.11.03-21.15.47:983][  0]LogMemory: Virtual Memory: 281.00 MB used, 8388608.00 MB total
[2015.11.03-21.15.48:010][  0]LogD3D11RHI: Found D3D11 adapter 0: NVIDIA GeForce GTX 770 (Feature Level 11_0)
[2015.11.03-21.15.48:010][  0]LogD3D11RHI: Adapter has 1990MB of dedicated video memory, 0MB of dedicated system memory, and 2048MB of shared system memory, 2 output[s]
[2015.11.03-21.15.48:010][  0]LogD3D11RHI: Chosen D3D11 Adapter Id = 0
[2015.11.03-21.15.48:015][  0]LogRHI: Texture pool is 1361 MB (70% of 1945 MB)
[2015.11.03-21.15.48:025][  0]LogD3D11RHI: Async texture creation enabled
[2015.11.03-21.15.48:080][  0]LogTextLocalizationManager: The requested culture ('fr_FR') has no localization data; falling back to 'en' for localization and internationalization data.
[2015.11.03-21.15.48:147][  0]LogTextLocalizationManager:Warning: Loading localization resources contain conflicting entries for (Namespace:UICommands, Key:Save_ToolTip):
Resource: (E:/Program Files/Unreal Engine/4.7/Engine/Content/Localization/Editor/en/Editor.locres) Hash: (-29098895) String: (Saves the current level to disk)
Resource: (E:/Program Files/Unreal Engine/4.7/Engine/Content/Localization/Engine/en/Engine.locres) Hash: (-1280300587) String: (Save selected data to vlog file)
[2015.11.03-21.15.48:147][  0]LogTextLocalizationManager:Warning: Loading localization resources contain conflicting entries for (Namespace:ContentBrowser, Key:ImportAssetToolTip):
Resource: (E:/Program Files/Unreal Engine/4.7/Engine/Content/Localization/Editor/en/Editor.locres) Hash: (-630476809) String: (Import to {0}...)
Resource: (E:/Program Files/Unreal Engine/4.7/Engine/Content/Localization/Editor/en/Editor.locres) Hash: (1271782899) String: (Imports an asset from file to this folder.)
[2015.11.03-21.15.48:217][  0]LogContentStreaming: Texture pool size is 0.000000MB
[2015.11.03-21.15.50:161][  0]LogTargetPlatformManager:Display: Building Assets For Windows
[2015.11.03-21.15.50:645][  0]LogTargetPlatformManager:Display: Building Assets For Windows
[2015.11.03-21.15.50:700][  0]LogDerivedDataCache:Display: Max Cache Size: 512 MB
[2015.11.03-21.15.50:734][  0]LogDerivedDataCache: Loaded boot cache 0.03s 39MB C:/Users/ETt/AppData/Local/UnrealEngine/4.7/DerivedDataCache/Boot.ddc.
[2015.11.03-21.15.50:734][  0]LogDerivedDataCache:Display: Loaded Boot cache: C:/Users/ETt/AppData/Local/UnrealEngine/4.7/DerivedDataCache/Boot.ddc
[2015.11.03-21.15.50:734][  0]LogDerivedDataCache: FDerivedDataBackendGraph:  Pak pak cache file ../../../../../../documents/3d/minuit/MinuitGame/Minuit/DerivedDataCache/DDC.ddp not found, will not use a pak cache.
[2015.11.03-21.15.50:734][  0]LogDerivedDataCache: Unable to find inner node Pak for hierarchical cache Hierarchy.
[2015.11.03-21.15.50:834][  0]LogDerivedDataCache:Display: Pak cache opened for reading ../../../Engine/DerivedDataCache/Compressed.ddp.
[2015.11.03-21.15.50:845][  0]LogDerivedDataCache: Using Local data cache path C:/Users/ETt/AppData/Local/UnrealEngine/Common/DerivedDataCache: Writable
[2015.11.03-21.15.51:088][  0]LogMeshUtilities: No automatic mesh reduction module available
[2015.11.03-21.15.51:088][  0]LogMeshUtilities: No automatic mesh merging module available
[2015.11.03-21.15.51:395][  0]LogInit: WinSock: version 1.1 (2.2), MaxSocks=32767, MaxUdp=65467
[2015.11.03-21.15.51:464][  0]LogSlate:Warning: Failed to load font data from '../../../Engine/Content/Slate/Fonts/Roboto-Italic.ttf'
[2015.11.03-21.15.52:130][  0]UdpMessaging: Initializing bridge on interface 0.0.0.0:0 to multicast group 230.0.0.1:6666.
[2015.11.03-21.15.52:312][  0]SourceControl: Info Source control is disabled
[2015.11.03-21.15.52:312][  0]SourceControl: Info Source control is disabled
[2015.11.03-21.15.52:312][  0]SourceControl: Info Source control is disabled
[2015.11.03-21.15.52:312][  0]LogSourceControl: RunCommandInternalRaw: 'git version'
[2015.11.03-21.15.52:312][  0]LogSourceControl: RunCommandInternalRaw: ExecProcess ReturnCode=2 OutResults=''
[2015.11.03-21.15.52:320][  0]SourceControl: Info Source control is disabled
[2015.11.03-21.15.52:489][  0]LogObj: 24232 objects as part of root set at end of initial load.
[2015.11.03-21.15.52:489][  0]LogUObjectAllocator: 5137176 out of 0 bytes used by permanent object pool.
[2015.11.03-21.15.52:557][  0]LogEngine: Initializing Engine...
[2015.11.03-21.15.54:683][  0]LogInit: XAudio2 using 'Speakers (Realtek High Definition Audio)' : 2 channels at 48 kHz using 32 bits per sample (channel mask 0x3)
[2015.11.03-21.15.54:693][  0]LogInit: FAudioDevice initialized.
[2015.11.03-21.15.54:726][  0]LogAIModule: Creating AISystem for world NewWorld
[2015.11.03-21.15.54:746][  0]LogDerivedDataCache: Saved boot cache 0.02s 39MB C:/Users/ETt/AppData/Local/UnrealEngine/4.7/DerivedDataCache/Boot.ddc.
[2015.11.03-21.15.54:748][  0]LogInit: Texture streaming: Enabled
[2015.11.03-21.15.54:822][  0]LogAnalytics: Creating configured Analytics provider AnalyticsET
[2015.11.03-21.15.54:822][  0]LogAnalytics: ET APIKey = Rocket.Release. APIServer = http://et2.epicgames.com/ET2/. AppVersion = 4.7.6-2513093+++depot+UE4-Releases+4.7
[2015.11.03-21.15.54:822][  0]LogAnalytics: ET APIKey = Rocket.Release. DataRouterUploadURL = https://datarouter-public-service-gamedev.ol.epicgames.net/datarouter/api/v1/public/data. AppVersion = 4.7.6-2513093+++depot+UE4-Releases+4.7
[2015.11.03-21.15.54:822][  0]LogAnalytics: SetUserId 2d8f9b434cd97107b008209c3b4c51aa|e67cdf50177141fe8e020345bd104ee2|091128b7-7c0a-4bff-8890-6bc6add436c4
[2015.11.03-21.15.54:822][  0]LogAnalytics: AnalyticsET::StartSession [Rocket.Release]
[2015.11.03-21.15.54:843][  0]LogInit: Transaction tracking system initialized
[2015.11.03-21.15.54:992][  0]BlueprintLog: New page: Editor Load
[2015.11.03-21.15.55:024][  0]LogAssetRegistry: FAssetRegistry took 0.0095 seconds to start up
[2015.11.03-21.15.55:024][  0]LogDirectoryWatcher:Warning: Failed to begin reading directory changes for ../../../Engine/Plugins/Experimental/CharacterAI/Content/. Error: 0
[2015.11.03-21.15.55:539][  0]LogTargetPlatformManager:Display: Building Assets For Windows
[2015.11.03-21.15.55:963][  0]LogTargetPlatformManager:Display: Building Assets For Windows
[2015.11.03-21.15.56:189][  0]LogSlate:Warning: Failed to load font data from '../../../Engine/Content/Editor/Slate/Fonts/Roboto-Regular.ttf'
[2015.11.03-21.15.56:189][  0]LogSlate:Warning: Failed to load font data from '../../../Engine/Content/Editor/Slate/Fonts/Roboto-Bold.ttf'
[2015.11.03-21.15.56:193][  0]LogConsoleResponse:Display: 
[2015.11.03-21.15.56:370][  0]LogCook:Display: Done creating registry. It took  0.00s.
[2015.11.03-21.15.56:495][  0]SourceControl: Info Source control is disabled
[2015.11.03-21.15.56:495][  0]Cmd: MAP LOAD FILE="../../../../../../documents/3d/minuit/MinuitGame/Minuit/Content/StarterContent/Maps/M_Master.umap" TEMPLATE=0 SHOWPROGRESS=1 FEATURELEVEL=3
[2015.11.03-21.15.56:496][  0]LightingResults: New page: Lighting Build
[2015.11.03-21.15.56:507][  0]MapCheck: New page: Map Check
[2015.11.03-21.15.56:507][  0]LightingResults: New page: Lighting Build
[2015.11.03-21.15.56:513][  0]LogParticles: Destroying 0 GPU particle simulations for FXSystem 0x0000000013D4A980
[2015.11.03-21.15.56:644][  0]LogLinker:Warning: Asset '../../../Engine/Content/Functions/Engine_MaterialFunctions01/SpeedTree/SpeedTreeColorVariation.uasset' has been saved with empty engine version. The asset will be loaded but may be incompatible.
[2015.11.03-21.15.58:687][  0]LogRenderer: Adding SpeedTree wind for static mesh Test
[2015.11.03-21.15.58:687][  0]LogRenderer: Adding SpeedTree wind for static mesh White_Birch2
[2015.11.03-21.15.58:692][  0]LogEditorServer: Finished looking for orphan Actors (0.000 secs)
[2015.11.03-21.15.58:715][  0]LogAIModule: Creating AISystem for world M_Master
[2015.11.03-21.15.58:717][  0]Cmd: MAP CHECKDEP
[2015.11.03-21.15.58:717][  0]MapCheck: New page: M_Master - Nov 3, 2015, 11:15:58 AM
[2015.11.03-21.15.58:830][  0]MapCheck: Info Map check complete: 0 Error(s), 0 Warning(s), took 113.401ms to complete.
[2015.11.03-21.15.58:830][  0]LogFileHelpers: Loading map 'M_Master' took 2.335
[2015.11.03-21.15.58:957][  0]LogCollectionManager: Loaded 0 collections in 0.001447 seconds
[2015.11.03-21.15.58:964][  0]LogContentBrowser: Native class hierarchy populated in 0.0069 seconds. Added 1696 classes and 261 folders.
[2015.11.03-21.15.58:998][  0]LogContentBrowser: Native class hierarchy updated for 'SceneOutliner' in 0.0013 seconds. Added 1 classes and 2 folders.
[2015.11.03-21.15.59:042][  0]LogCrashTracker: Crashtracker disabled due to settings.
[2015.11.03-21.15.59:043][  0]LogSlate:Warning: Failed to load font data from 'Veranda'
[2015.11.03-21.15.59:046][  0]LogUObjectGlobals:Warning: Failed to find object 'Class None.'
[2015.11.03-21.15.59:070][  0]LogLoad: Full Startup: 12.95 seconds (BP compile: 0.07 seconds)
[2015.11.03-21.15.59:103][  0]LogContentBrowser:Verbose: The content browser source was changed by the sources view to '/Game/StarterContent/Materials'
[2015.11.03-21.15.59:207][  0]LogRenderer:Warning: Reallocating scene render targets to support 32x32 (Frame:2).
[2015.11.03-21.15.59:372][  0]LogRenderer:Warning: Reallocating scene render targets to support 1176x584 (Frame:21).
[2015.11.03-21.15.59:416][  1]Cmd: UpdateLandscapeEditorData -warnings
[2015.11.03-21.15.59:424][  1]Cmd: UpdateLandscapeEditorData
[2015.11.03-21.15.59:606][  4]LogAssetRegistry: Asset discovery search completed in 4.5918 seconds
[2015.11.03-21.16.10:866][276]LogRenderer:Warning: Reallocating scene render targets to support 1304x664 (Frame:1326).
[2015.11.03-21.16.10:957][277]LogRenderer:Warning: Reallocating scene render targets to support 1920x1040 (Frame:1328).
[2015.11.03-21.16.15:350][623]LogEditorViewport: Clicking on Actor (LMB): StaticMeshActor (SM_Fern6)
[2015.11.03-21.16.16:154][687]Cmd: DELETE
[2015.11.03-21.16.16:154][687]Cmd: ACTOR DELETE
[2015.11.03-21.16.16:158][687]LogWindows:Error: Windows GetLastError: The operation completed successfully. (0)
[2015.11.03-21.16.16:234][687]LogCrashTracker: 


[2015.11.03-21.16.19:520][687]LogEditorViewport: Clicking on Actor (context menu): Landscape (Landscape)
[2015.11.03-21.16.19:569][687]LogEditorViewport: Clicking on Actor (context menu): Landscape (Landscape)
[2015.11.03-21.16.19:653][687]LogCrashTracker: 


[2015.11.03-21.16.19:654][687]LogWindows: === Critical error: ===
Assertion failed: Component [File:D:\BuildFarm\buildmachine_++depot+UE4-Releases+4.7\Engine\Source\Runtime\Engine\Private\InstancedFoliage.cpp] [Line: 410] 



KERNELBASE.dll!UnknownFunction (0x000007fefc4eb3dd) + 0 bytes [UnknownFile:0]
UE4Editor-Core.dll!FOutputDeviceWindowsError::Serialize() (0x000007fed17a8074) + 0 bytes [d:\buildfarm\buildmachine_++depot+ue4-releases+4.7\engine\source\runtime\core\private\windows\windowsplatformoutputdevices.cpp:95]
UE4Editor-Core.dll!FOutputDevice::Logf__VA() (0x000007fed1627878) + 159 bytes [d:\buildfarm\buildmachine_++depot+ue4-releases+4.7\engine\source\runtime\core\private\misc\outputdevice.cpp:144]
UE4Editor-Core.dll!FDebug::AssertFailed() (0x000007fed1608b17) + 62 bytes [d:\buildfarm\buildmachine_++depot+ue4-releases+4.7\engine\source\runtime\core\private\misc\outputdevice.cpp:224]
UE4Editor-Engine.dll!FFoliageMeshInfo::RemoveInstances() (0x000007fece18ae30) + 0 bytes [d:\buildfarm\buildmachine_++depot+ue4-releases+4.7\engine\source\runtime\engine\private\instancedfoliage.cpp:411]
UE4Editor-Engine.dll!AInstancedFoliageActor::DeleteInstancesForComponent() (0x000007fece1523ae) + 29 bytes [d:\buildfarm\buildmachine_++depot+ue4-releases+4.7\engine\source\runtime\engine\private\instancedfoliage.cpp:835]
UE4Editor-UnrealEd.dll!UUnrealEdEngine::edactDeleteSelected() (0x000007fecc0f78d3) + 0 bytes [d:\buildfarm\buildmachine_++depot+ue4-releases+4.7\engine\source\editor\unrealed\private\editoractor.cpp:829]
UE4Editor-UnrealEd.dll!UUnrealEdEngine::Exec_Actor() (0x000007fecc555a77) + 19 bytes [d:\buildfarm\buildmachine_++depot+ue4-releases+4.7\engine\source\editor\unrealed\private\unrealedsrv.cpp:2564]
UE4Editor-UnrealEd.dll!UUnrealEdEngine::Exec() (0x000007fecc55059e) + 20 bytes [d:\buildfarm\buildmachine_++depot+ue4-releases+4.7\engine\source\editor\unrealed\private\unrealedsrv.cpp:820]
UE4Editor-UnrealEd.dll!UEditorEngine::Exec() (0x000007fecc1c8f1d) + 21 bytes [d:\buildfarm\buildmachine_++depot+ue4-releases+4.7\engine\source\editor\unrealed\private\editorserver.cpp:5197]
UE4Editor-UnrealEd.dll!UUnrealEdEngine::Exec() (0x000007fecc550301) + 17 bytes [d:\buildfarm\buildmachine_++depot+ue4-releases+4.7\engine\source\editor\unrealed\private\unrealedsrv.cpp:742]
UE4Editor-LevelEditor.dll!FLevelEditorActionCallbacks::ExecuteExecCommand() (0x000007fec1ce02fe) + 89 bytes [d:\buildfarm\buildmachine_++depot+ue4-releases+4.7\engine\source\editor\leveleditor\private\leveleditoractions.cpp:1561]
UE4Editor-LevelEditor.dll!TBaseStaticDelegateInstance<void __cdecl(void),FString>::ExecuteIfSafe() (0x000007fec1ce148f) + 0 bytes [d:\buildfarm\buildmachine_++depot+ue4-releases+4.7\engine\source\runtime\core\public\delegates\delegateinstancesimpl_variadics.inl:921]
UE4Editor-Slate.dll!FUICommandList::ConditionalProcessCommandBindings() (0x000007fed0ca66d6) + 8 bytes [d:\buildfarm\buildmachine_++depot+ue4-releases+4.7\engine\source\runtime\slate\private\framework\commands\uicommandlist.cpp:192]
UE4Editor-Slate.dll!FUICommandList::ProcessCommandBindings() (0x000007fed0cf317c) + 0 bytes [d:\buildfarm\buildmachine_++depot+ue4-releases+4.7\engine\source\runtime\slate\private\framework\commands\uicommandlist.cpp:136]
UE4Editor-UnrealEd.dll!SEditorViewport::OnKeyDown() (0x000007fecc4af5c7) + 75 bytes [d:\buildfarm\buildmachine_++depot+ue4-releases+4.7\engine\source\editor\unrealed\private\seditorviewport.cpp:84]
UE4Editor-LevelEditor.dll!SLevelViewport::OnKeyDown() (0x000007fec1e0a977) + 20 bytes [d:\buildfarm\buildmachine_++depot+ue4-releases+4.7\engine\source\editor\leveleditor\private\slevelviewport.cpp:413]
UE4Editor-Slate.dll!<lambda_01b95f45d99b75c93c453dee9d82570e>::operator()() (0x000007fed0c8c872) + 38 bytes [d:\buildfarm\buildmachine_++depot+ue4-releases+4.7\engine\source\runtime\slate\private\framework\application\slateapplication.cpp:3581]
UE4Editor-Slate.dll!FEventRouter::Route<FReply,FEventRouter::FBubblePolicy,FKeyEvent,<lambda_01b95f45d99b75c93c453dee9d82570e> >() (0x000007fed0c46e4d) + 21 bytes [d:\buildfarm\buildmachine_++depot+ue4-releases+4.7\engine\source\runtime\slate\private\framework\application\slateapplication.cpp:202]
UE4Editor-Slate.dll!FEventRouter::RouteAlongFocusPath<FEventRouter::FBubblePolicy,<lambda_01b95f45d99b75c93c453dee9d82570e>,FKeyEvent>() (0x000007fed0c4894a) + 52 bytes [d:\buildfarm\buildmachine_++depot+ue4-releases+4.7\engine\source\runtime\slate\private\framework\application\slateapplication.cpp:184]
UE4Editor-Slate.dll!FSlateApplication::ProcessKeyDownEvent() (0x000007fed0cf3e6d) + 93 bytes [d:\buildfarm\buildmachine_++depot+ue4-releases+4.7\engine\source\runtime\slate\private\framework\application\slateapplication.cpp:3582]
UE4Editor-Slate.dll!FSlateApplication::OnKeyDown() (0x000007fed0ce3798) + 14 bytes [d:\buildfarm\buildmachine_++depot+ue4-releases+4.7\engine\source\runtime\slate\private\framework\application\slateapplication.cpp:3517]
UE4Editor-Core.dll!FWindowsApplication::ProcessDeferredMessage() (0x000007fed1703650) + 0 bytes [d:\buildfarm\buildmachine_++depot+ue4-releases+4.7\engine\source\runtime\core\private\windows\windowsapplication.cpp:1229]
UE4Editor-Core.dll!FWindowsApplication::DeferMessage() (0x000007fed16f5d2e) + 74 bytes [d:\buildfarm\buildmachine_++depot+ue4-releases+4.7\engine\source\runtime\core\private\windows\windowsapplication.cpp:1669]
UE4Editor-Core.dll!FWindowsApplication::ProcessMessage() (0x000007fed1704d50) + 41 bytes [d:\buildfarm\buildmachine_++depot+ue4-releases+4.7\engine\source\runtime\core\private\windows\windowsapplication.cpp:742]
UE4Editor-Core.dll!FWindowsApplication::AppWndProc() (0x000007fed16f3192) + 0 bytes [d:\buildfarm\buildmachine_++depot+ue4-releases+4.7\engine\source\runtime\core\private\windows\windowsapplication.cpp:604]
USER32.dll!UnknownFunction (0x000000007763c3c1) + 0 bytes [UnknownFile:0]
USER32.dll!UnknownFunction (0x000000007763c60a) + 0 bytes [UnknownFile:0]
UE4Editor-Core.dll!FWindowsPlatformMisc::PumpMessages() (0x000007fed17a3ec6) + 48 bytes [d:\buildfarm\buildmachine_++depot+ue4-releases+4.7\engine\source\runtime\core\private\windows\windowsplatformmisc.cpp:774]
UE4Editor.exe!FEngineLoop::Tick() (0x000000013f0b00a9) + 8 bytes [d:\buildfarm\buildmachine_++depot+ue4-releases+4.7\engine\source\runtime\launch\private\launchengineloop.cpp:2233]
UE4Editor.exe!GuardedMain() (0x000000013f0a267c) + 0 bytes [d:\buildfarm\buildmachine_++depot+ue4-releases+4.7\engine\source\runtime\launch\private\launch.cpp:142]
UE4Editor.exe!GuardedMainWrapper() (0x000000013f0a26ea) + 5 bytes [d:\buildfarm\buildmachine_++depot+ue4-releases+4.7\engine\source\runtime\launch\private\windows\launchwindows.cpp:126]
UE4Editor.exe!WinMain() (0x000000013f0b2219) + 17 bytes [d:\buildfarm\buildmachine_++depot+ue4-releases+4.7\engine\source\runtime\launch\private\windows\launchwindows.cpp:202]
UE4Editor.exe!__tmainCRTStartup() (0x000000013f0b3159) + 21 bytes [f:\dd\vctools\crt\crtw32\dllstuff\crtexe.c:618]
kernel32.dll!UnknownFunction (0x0000000077515a4d) + 0 bytes [UnknownFile:0]
ntdll.dll!UnknownFunction (0x000000007774b831) + 0 bytes [UnknownFile:0]
ntdll.dll!UnknownFunction (0x000000007774b831) + 0 bytes [UnknownFile:0]


[2015.11.03-21.16.19:744][687]LogExit: Executing StaticShutdownAfterError
[2015.11.03-21.16.19:750][687]LogWindows: FPlatformMisc::RequestExit(1)
[2015.11.03-21.16.19:750][687]Log file closed, 11/03/15 16:16:19
